10.9500 	DEBUG 	Fullscreen settings ignored as running in pilot mode.
10.9507 	INFO 	Loaded monitor calibration from ['2024_05_09 12:12']
11.8718 	EXP 	Created window1 = Window(allowGUI=False, allowStencil=False, autoLog=True, backendConf=UNKNOWN, backgroundFit=<method-wrapper '__getattribute__' of attributeSetter object at 0x0000021EF4B49640>, backgroundImage=<method-wrapper '__getattribute__' of attributeSetter object at 0x0000021EF4B495E0>, bitsMode=UNKNOWN, blendMode='avg', bpc=(8, 8, 8), color=array([0, 0, 0]), colorSpace='rgb', depthBits=8, fullscr=False, gamma=None, gammaErrorPolicy='raise', infoMsg=UNKNOWN, lms=UNKNOWN, monitor=<psychopy.monitors.calibTools.Monitor object at 0x0000021EF4C85B20>, multiSample=False, name='window1', numSamples=2, pos=[560.0, 240.0], screen=0, size=array([800, 600]), stencilBits=0, stereo=False, title='PsychoPy', units='height', useFBO=True, useRetina=False, viewOri=0.0, viewPos=None, viewScale=None, waitBlanking=True, winType='pyglet')
11.8718 	EXP 	window1: backgroundImage = ''
11.8719 	EXP 	window1: backgroundFit = 'none'
11.9380 	DEBUG 	TextBox2 loaded 1 chars with 0 blanks and 1 valid
11.9394 	DEBUG 	TextBox2 loaded 1 chars with 0 blanks and 1 valid
11.9406 	DEBUG 	TextBox2 loaded 1 chars with 0 blanks and 1 valid
11.9421 	DEBUG 	TextBox2 loaded 1 chars with 0 blanks and 1 valid
11.9438 	DEBUG 	TextBox2 loaded 1 chars with 0 blanks and 1 valid
11.9449 	DEBUG 	TextBox2 loaded 1 chars with 0 blanks and 1 valid
11.9462 	DEBUG 	TextBox2 loaded 1 chars with 0 blanks and 1 valid
11.9477 	DEBUG 	TextBox2 loaded 1 chars with 0 blanks and 1 valid
11.9485 	DEBUG 	TextBox2 loaded 1 chars with 0 blanks and 1 valid
11.9494 	DEBUG 	TextBox2 loaded 1 chars with 0 blanks and 1 valid
11.9506 	DEBUG 	TextBox2 loaded 1 chars with 0 blanks and 1 valid
11.9519 	DEBUG 	TextBox2 loaded 1 chars with 0 blanks and 1 valid
11.9530 	DEBUG 	TextBox2 loaded 1 chars with 0 blanks and 1 valid
11.9543 	DEBUG 	TextBox2 loaded 1 chars with 0 blanks and 1 valid
11.9554 	DEBUG 	TextBox2 loaded 1 chars with 0 blanks and 1 valid
11.9566 	DEBUG 	TextBox2 loaded 1 chars with 0 blanks and 1 valid
11.9579 	DEBUG 	TextBox2 loaded 1 chars with 0 blanks and 1 valid
11.9588 	DEBUG 	TextBox2 loaded 1 chars with 0 blanks and 1 valid
11.9598 	DEBUG 	TextBox2 loaded 1 chars with 0 blanks and 1 valid
11.9613 	DEBUG 	TextBox2 loaded 1 chars with 0 blanks and 1 valid
11.9622 	DEBUG 	TextBox2 loaded 1 chars with 0 blanks and 1 valid
11.9638 	DEBUG 	Uploading Texture Font fontname to graphics card
11.9673 	DEBUG 	Upload of Texture Font fontname complete
11.9740 	DEBUG 	TextBox2 loaded 1 chars with 0 blanks and 1 valid
11.9756 	DEBUG 	TextBox2 loaded 1 chars with 0 blanks and 1 valid
11.9770 	DEBUG 	TextBox2 loaded 1 chars with 0 blanks and 1 valid
11.9772 	DEBUG 	Uploading Texture Font fontname to graphics card
11.9786 	DEBUG 	Upload of Texture Font fontname complete
11.9808 	EXP 	window1: Attempting to measure frame rate of screen (0) ...
11.9808 	EXP 	window1: recordFrameIntervals = False
12.1441 	EXP 	window1: recordFrameIntervals = True
12.3270 	EXP 	Screen (0) actual frame rate measured at 60.17Hz
12.3271 	EXP 	window1: recordFrameIntervals = False
12.3326 	DEBUG 	TextBox2 loaded 1 chars with 0 blanks and 1 valid
12.3336 	DEBUG 	TextBox2 loaded 1 chars with 0 blanks and 1 valid
12.3350 	DEBUG 	TextBox2 loaded 1 chars with 0 blanks and 1 valid
12.3367 	DEBUG 	TextBox2 loaded 1 chars with 0 blanks and 1 valid
12.3384 	DEBUG 	TextBox2 loaded 1 chars with 0 blanks and 1 valid
12.3400 	DEBUG 	TextBox2 loaded 1 chars with 0 blanks and 1 valid
12.3410 	DEBUG 	TextBox2 loaded 1 chars with 0 blanks and 1 valid
12.3424 	DEBUG 	TextBox2 loaded 1 chars with 0 blanks and 1 valid
12.3440 	DEBUG 	TextBox2 loaded 1 chars with 0 blanks and 1 valid
12.3455 	DEBUG 	TextBox2 loaded 1 chars with 0 blanks and 1 valid
12.3460 	DEBUG 	Uploading Texture Font fontname to graphics card
12.3465 	DEBUG 	Upload of Texture Font fontname complete
12.4910 	WARNING 	launchHubServer: If using the iohub mouse or eyetracker devices, fullScr should be True.
15.9564 	INFO 	keyboard.Keyboard is using iohub backend.
15.9565 	INFO 	keyboard.Keyboard is using iohub backend.
15.9565 	INFO 	keyboard.Keyboard is using iohub backend.
15.9565 	INFO 	keyboard.Keyboard is using iohub backend.
15.9566 	INFO 	keyboard.Keyboard is using iohub backend.
15.9566 	INFO 	keyboard.Keyboard is using iohub backend.
15.9566 	EXP 	FunctionalLocalizer: status = STARTED
16.5215 	EXP 	Created instr_text = TextStim(__class__=<class 'psychopy.visual.text.TextStim'>, alignHoriz=method-wrapper(...), alignText='center', alignVert=method-wrapper(...), anchorHoriz='center', anchorVert='center', antialias=True, autoDraw=False, autoLog=True, bold=False, color=array([1., 1., 1.]), colorSpace='rgb', contrast=1.0, depth=-1.0, draggable=False, flipHoriz=False, flipVert=False, font='Arial', fontFiles=[], height=0.05, italic=False, languageStyle='LTR', name='instr_text', opacity=1, ori=0.0, pos=array([0., 0.]), rgb=UNKNOWN, text=str(...), units='height', win=Window(...), wrapWidth=1)
16.5272 	EXP 	Created text_2 = TextStim(__class__=<class 'psychopy.visual.text.TextStim'>, alignHoriz=method-wrapper(...), alignText='center', alignVert=method-wrapper(...), anchorHoriz='center', anchorVert='center', antialias=True, autoDraw=False, autoLog=True, bold=False, color=array([1., 1., 1.]), colorSpace='rgb', contrast=1.0, depth=0.0, draggable=False, flipHoriz=False, flipVert=False, font='Arial', fontFiles=[], height=0.05, italic=False, languageStyle='LTR', name='text_2', opacity=1, ori=0.0, pos=array([0., 0.]), rgb=UNKNOWN, text='Vérifier eeg\n', units='height', win=Window(...), wrapWidth=1)
16.5317 	EXP 	Created text_3 = TextStim(__class__=<class 'psychopy.visual.text.TextStim'>, alignHoriz=method-wrapper(...), alignText='center', alignVert=method-wrapper(...), anchorHoriz='center', anchorVert='center', antialias=True, autoDraw=False, autoLog=True, bold=False, color=array([1., 1., 1.]), colorSpace='rgb', contrast=1.0, depth=-1.0, draggable=False, flipHoriz=False, flipVert=False, font='Arial', fontFiles=[], height=0.15, italic=False, languageStyle='LTR', name='text_3', opacity=1, ori=0.0, pos=array([0., 0.]), rgb=UNKNOWN, text='+', units='height', win=Window(...), wrapWidth=1)
16.5333 	EXP 	Created fixation = TextStim(__class__=<class 'psychopy.visual.text.TextStim'>, alignHoriz=method-wrapper(...), alignText='center', alignVert=method-wrapper(...), anchorHoriz='center', anchorVert='center', antialias=True, autoDraw=False, autoLog=True, bold=False, color=array([1., 1., 1.]), colorSpace='rgb', contrast=1.0, depth=-1.0, draggable=False, flipHoriz=False, flipVert=False, font='Arial', fontFiles=[], height=0.15, italic=False, languageStyle='LTR', name='fixation', opacity=1, ori=0.0, pos=array([0., 0.]), rgb=UNKNOWN, text='+', units='height', win=Window(...), wrapWidth=1)
16.5828 	EXP 	Created stim_image = ImageStim(__class__=<class 'psychopy.visual.image.ImageStim'>, anchor=('center', 'center'), autoLog=True, color=array([1., 1., 1.]), colorSpace='rgb', contrast=1.0, depth=0.0, draggable=False, flipHoriz=False, flipVert=False, image='default.png', interpolate=True, mask=None, maskParams=None, name='stim_image', opacity=1, ori=0.0, pos=array([0., 0.]), size=array([0.5, 0.5]), texRes=128.0, units='height', win=Window(...))
16.5844 	EXP 	Created stim_word = TextStim(__class__=<class 'psychopy.visual.text.TextStim'>, alignHoriz=method-wrapper(...), alignText='center', alignVert=method-wrapper(...), anchorHoriz='center', anchorVert='center', antialias=True, autoDraw=False, autoLog=True, bold=False, color=array([1., 1., 1.]), colorSpace='rgb', contrast=1.0, depth=0.0, draggable=False, flipHoriz=False, flipVert=False, font='Arial', fontFiles=[], height=0.1, italic=False, languageStyle='LTR', name='stim_word', opacity=1, ori=0.0, pos=array([0., 0.]), rgb=UNKNOWN, text='', units='height', win=Window(...), wrapWidth=1)
16.5855 	EXP 	Created blank_interval = TextStim(__class__=<class 'psychopy.visual.text.TextStim'>, alignHoriz=method-wrapper(...), alignText='center', alignVert=method-wrapper(...), anchorHoriz='center', anchorVert='center', antialias=True, autoDraw=False, autoLog=True, bold=False, color=array([1., 1., 1.]), colorSpace='rgb', contrast=1.0, depth=-1.0, draggable=False, flipHoriz=False, flipVert=False, font='Arial', fontFiles=[], height=0.05, italic=False, languageStyle='LTR', name='blank_interval', opacity=1, ori=0.0, pos=array([0., 0.]), rgb=UNKNOWN, text='', units='height', win=Window(...), wrapWidth=1)
16.5862 	EXP 	Created text = TextStim(__class__=<class 'psychopy.visual.text.TextStim'>, alignHoriz=method-wrapper(...), alignText='center', alignVert=method-wrapper(...), anchorHoriz='center', anchorVert='center', antialias=True, autoDraw=False, autoLog=True, bold=False, color=array([1., 1., 1.]), colorSpace='rgb', contrast=1.0, depth=-3.0, draggable=False, flipHoriz=False, flipVert=False, font='Arial', fontFiles=[], height=0.05, italic=False, languageStyle='LTR', name='text', opacity=1, ori=0.0, pos=array([0., 0.]), rgb=UNKNOWN, text='', units='height', win=Window(...), wrapWidth=1)
16.5868 	EXP 	Created feedback_text_display = TextStim(__class__=<class 'psychopy.visual.text.TextStim'>, alignHoriz=method-wrapper(...), alignText='center', alignVert=method-wrapper(...), anchorHoriz='center', anchorVert='center', antialias=True, autoDraw=False, autoLog=True, bold=False, color=array([1., 1., 1.]), colorSpace='rgb', contrast=1.0, depth=0.0, draggable=False, flipHoriz=False, flipVert=False, font='Arial', fontFiles=[], height=0.05, italic=False, languageStyle='LTR', name='feedback_text_display', opacity=1, ori=0.0, pos=array([0., 0.]), rgb=UNKNOWN, text='', units='height', win=Window(...), wrapWidth=1)
16.5877 	EXP 	Created iti_fixation = TextStim(__class__=<class 'psychopy.visual.text.TextStim'>, alignHoriz=method-wrapper(...), alignText='center', alignVert=method-wrapper(...), anchorHoriz='center', anchorVert='center', antialias=True, autoDraw=False, autoLog=True, bold=False, color=array([1., 1., 1.]), colorSpace='rgb', contrast=1.0, depth=0.0, draggable=False, flipHoriz=False, flipVert=False, font='Arial', fontFiles=[], height=0.05, italic=False, languageStyle='LTR', name='iti_fixation', opacity=1, ori=0.0, pos=array([0., 0.]), rgb=UNKNOWN, text='', units='height', win=Window(...), wrapWidth=1)
16.5985 	EXP 	Created timer_text = TextStim(__class__=<class 'psychopy.visual.text.TextStim'>, alignHoriz=method-wrapper(...), alignText='center', alignVert=method-wrapper(...), anchorHoriz='center', anchorVert='center', antialias=True, autoDraw=False, autoLog=True, bold=False, color=array([1., 1., 1.]), colorSpace='rgb', contrast=1.0, depth=-1.0, draggable=False, flipHoriz=False, flipVert=False, font='Arial', fontFiles=[], height=0.05, italic=False, languageStyle='LTR', name='timer_text', opacity=1, ori=0.0, pos=array([0., 0.]), rgb=UNKNOWN, text='Break in progress, press space to continue', units='height', win=Window(...), wrapWidth=1)
16.6062 	EXP 	Created end_text = TextStim(__class__=<class 'psychopy.visual.text.TextStim'>, alignHoriz=method-wrapper(...), alignText='center', alignVert=method-wrapper(...), anchorHoriz='center', anchorVert='center', antialias=True, autoDraw=False, autoLog=True, bold=False, color=array([1., 1., 1.]), colorSpace='rgb', contrast=1.0, depth=0.0, draggable=False, flipHoriz=False, flipVert=False, font='Arial', fontFiles=[], height=0.05, italic=False, languageStyle='LTR', name='end_text', opacity=1, ori=0.0, pos=array([0., 0.]), rgb=UNKNOWN, text=str(...), units='height', win=Window(...), wrapWidth=1)
0.0218 	INFO 	Keyboard events cleared
0.0215 	EXP 	instr_text: autoDraw = True
2.8426 	DATA 	Keypress: space
2.8543 	INFO 	Keyboard events cleared
2.8540 	EXP 	instr_text: autoDraw = False
2.8540 	EXP 	text_2: autoDraw = True
3.6360 	DEBUG 	Read csv file with pandas: output_localizers_eff_v2/localizer_conditions_5.csv
3.6714 	DEBUG 	Clearing unnamed columns from output_localizers_eff_v2/localizer_conditions_5.csv
3.6788 	EXP 	Imported output_localizers_eff_v2/localizer_conditions_5.csv as conditions, 288 conditions, 6 params
3.6896 	EXP 	New trial (rep=0, index=0): <Trial 0 (0 in rep 0) data={'image_file': 'stimuli/ciseau.png', 'presented_word': 'zèbre', 'is_match': 'mismatch', 'blank_duration': 1.86, 'iti_duration': 1.43, 'corrAns': 1, 'thisN': 0, 'thisTrialN': 0, 'thisRepN': 0}>
3.6897 	EXP 	window1: recordFrameIntervals = False
3.6914 	DATA 	Keypress: space
3.7038 	EXP 	text_2: autoDraw = False
3.7038 	EXP 	text_3: autoDraw = True
3.7068 	DEPRECATION 	Couldn't find image stimuli/ciseau.png; check path? (tried: C:\Users\cbant\OneDrive\Bureau\git\replay_pain\replay_pilot\stimuli\ciseau.png)
3.7810 	DEBUG 	Saving data for FunctionalLocalizer ExperimentHandler
3.7925 	INFO 	saved data to C:\Users\cbant\OneDrive\Bureau\git\replay_pain\replay_pilot\data/sub-005/func_loc/sub-005_FunctionalLocalizer_2025-06-16_09h59.44.603.psydat
3.7938 	INFO 	saved data to 'C:\\Users\\cbant\\OneDrive\\Bureau\\git\\replay_pain\\replay_pilot\\data/sub-005/func_loc/sub-005_FunctionalLocalizer_2025-06-16_09h59.44.603.csv'
