11.0394 	DEBUG 	Fullscreen settings ignored as running in pilot mode.
11.0402 	INFO 	Loaded monitor calibration from ['2024_05_09 12:12']
12.0615 	EXP 	Created window1 = Window(allowGUI=False, allowStencil=False, autoLog=True, backendConf=UNKNOWN, backgroundFit=<method-wrapper '__getattribute__' of attributeSetter object at 0x00000224024515B0>, backgroundImage=<method-wrapper '__getattribute__' of attributeSetter object at 0x0000022402451550>, bitsMode=UNKNOWN, blendMode='avg', bpc=(8, 8, 8), color=array([0, 0, 0]), colorSpace='rgb', depthBits=8, fullscr=False, gamma=None, gammaErrorPolicy='raise', infoMsg=UNKNOWN, lms=UNKNOWN, monitor=<psychopy.monitors.calibTools.Monitor object at 0x00000224024EDA90>, multiSample=False, name='window1', numSamples=2, pos=[560.0, 240.0], screen=0, size=array([800, 600]), stencilBits=0, stereo=False, title='PsychoPy', units='height', useFBO=True, useRetina=False, viewOri=0.0, viewPos=None, viewScale=None, waitBlanking=True, winType='pyglet')
12.0615 	EXP 	window1: backgroundImage = ''
12.0615 	EXP 	window1: backgroundFit = 'none'
12.1276 	DEBUG 	TextBox2 loaded 1 chars with 0 blanks and 1 valid
12.1289 	DEBUG 	TextBox2 loaded 1 chars with 0 blanks and 1 valid
12.1303 	DEBUG 	TextBox2 loaded 1 chars with 0 blanks and 1 valid
12.1320 	DEBUG 	TextBox2 loaded 1 chars with 0 blanks and 1 valid
12.1336 	DEBUG 	TextBox2 loaded 1 chars with 0 blanks and 1 valid
12.1346 	DEBUG 	TextBox2 loaded 1 chars with 0 blanks and 1 valid
12.1359 	DEBUG 	TextBox2 loaded 1 chars with 0 blanks and 1 valid
12.1375 	DEBUG 	TextBox2 loaded 1 chars with 0 blanks and 1 valid
12.1385 	DEBUG 	TextBox2 loaded 1 chars with 0 blanks and 1 valid
12.1394 	DEBUG 	TextBox2 loaded 1 chars with 0 blanks and 1 valid
12.1407 	DEBUG 	TextBox2 loaded 1 chars with 0 blanks and 1 valid
12.1420 	DEBUG 	TextBox2 loaded 1 chars with 0 blanks and 1 valid
12.1437 	DEBUG 	TextBox2 loaded 1 chars with 0 blanks and 1 valid
12.1455 	DEBUG 	TextBox2 loaded 1 chars with 0 blanks and 1 valid
12.1471 	DEBUG 	TextBox2 loaded 1 chars with 0 blanks and 1 valid
12.1484 	DEBUG 	TextBox2 loaded 1 chars with 0 blanks and 1 valid
12.1497 	DEBUG 	TextBox2 loaded 1 chars with 0 blanks and 1 valid
12.1506 	DEBUG 	TextBox2 loaded 1 chars with 0 blanks and 1 valid
12.1516 	DEBUG 	TextBox2 loaded 1 chars with 0 blanks and 1 valid
12.1532 	DEBUG 	TextBox2 loaded 1 chars with 0 blanks and 1 valid
12.1541 	DEBUG 	TextBox2 loaded 1 chars with 0 blanks and 1 valid
12.1559 	DEBUG 	Uploading Texture Font fontname to graphics card
12.1594 	DEBUG 	Upload of Texture Font fontname complete
12.1666 	DEBUG 	TextBox2 loaded 1 chars with 0 blanks and 1 valid
12.1682 	DEBUG 	TextBox2 loaded 1 chars with 0 blanks and 1 valid
12.1698 	DEBUG 	TextBox2 loaded 1 chars with 0 blanks and 1 valid
12.1701 	DEBUG 	Uploading Texture Font fontname to graphics card
12.1713 	DEBUG 	Upload of Texture Font fontname complete
12.1737 	EXP 	window1: Attempting to measure frame rate of screen (0) ...
12.1738 	EXP 	window1: recordFrameIntervals = False
12.3554 	EXP 	window1: recordFrameIntervals = True
12.5388 	EXP 	Screen (0) actual frame rate measured at 60.00Hz
12.5388 	EXP 	window1: recordFrameIntervals = False
12.5448 	DEBUG 	TextBox2 loaded 1 chars with 0 blanks and 1 valid
12.5458 	DEBUG 	TextBox2 loaded 1 chars with 0 blanks and 1 valid
12.5473 	DEBUG 	TextBox2 loaded 1 chars with 0 blanks and 1 valid
12.5491 	DEBUG 	TextBox2 loaded 1 chars with 0 blanks and 1 valid
12.5508 	DEBUG 	TextBox2 loaded 1 chars with 0 blanks and 1 valid
12.5524 	DEBUG 	TextBox2 loaded 1 chars with 0 blanks and 1 valid
12.5534 	DEBUG 	TextBox2 loaded 1 chars with 0 blanks and 1 valid
12.5550 	DEBUG 	TextBox2 loaded 1 chars with 0 blanks and 1 valid
12.5566 	DEBUG 	TextBox2 loaded 1 chars with 0 blanks and 1 valid
12.5581 	DEBUG 	TextBox2 loaded 1 chars with 0 blanks and 1 valid
12.5585 	DEBUG 	Uploading Texture Font fontname to graphics card
12.5590 	DEBUG 	Upload of Texture Font fontname complete
12.7107 	WARNING 	launchHubServer: If using the iohub mouse or eyetracker devices, fullScr should be True.
16.3087 	INFO 	keyboard.Keyboard is using iohub backend.
16.3088 	INFO 	keyboard.Keyboard is using iohub backend.
16.3088 	INFO 	keyboard.Keyboard is using iohub backend.
16.3088 	INFO 	keyboard.Keyboard is using iohub backend.
16.3089 	EXP 	0.0 train_func: status = STARTED
16.3300 	DEBUG 	Saving data for 0.0 train_func ExperimentHandler
16.3307 	INFO 	saved data to C:\Users\cbant\OneDrive\Bureau\git\replay_pain\replay_pilot\data/sub-002/train/sub-002_0.0 train_func_2025-06-19_11h00.46.956.psydat
16.3315 	INFO 	saved data to 'C:\\Users\\cbant\\OneDrive\\Bureau\\git\\replay_pain\\replay_pilot\\data/sub-002/train/sub-002_0.0 train_func_2025-06-19_11h00.46.956.csv'
