2.5260 	WARNING 	Failed to set VLC plugins path. This is only important for MovieStim2 movies (the OpenCV backend)
13.5866 	INFO 	Loaded monitor calibration from ['2023_05_19 22:50']
13.7272 	EXP 	Created window1 = Window(allowGUI=False, allowStencil=False, autoLog=True, backendConf=UNKNOWN, backgroundFit=<method-wrapper '__getattribute__' of attributeSetter object at 0x000002E135D4C0A0>, backgroundImage=<method-wrapper '__getattribute__' of attributeSetter object at 0x000002E135D4C040>, bitsMode=UNKNOWN, blendMode='avg', bpc=(8, 8, 8), color=array([0, 0, 0]), colorSpace='rgb', depthBits=8, fullscr=True, gamma=None, gammaErrorPolicy='raise', infoMsg=UNKNOWN, lms=UNKNOWN, monitor=<psychopy.monitors.calibTools.Monitor object at 0x000002E137815C40>, multiSample=False, name='window1', numSamples=2, pos=[0.0, 0.0], screen=0, size=array([1920, 1080]), stencilBits=0, stereo=False, title='PsychoPy', units='height', useFBO=True, useRetina=False, viewOri=0.0, viewPos=None, viewScale=None, waitBlanking=True, winType='pyglet')
13.7273 	EXP 	window1: backgroundImage = ''
13.7273 	EXP 	window1: backgroundFit = 'none'
13.7669 	EXP 	window1: Attempting to measure frame rate of screen (0) ...
13.7670 	EXP 	window1: recordFrameIntervals = False
13.9353 	EXP 	window1: recordFrameIntervals = True
14.0560 	EXP 	Screen (0) actual frame rate measured at 120.57Hz
14.0560 	EXP 	window1: recordFrameIntervals = False
15.8379 	INFO 	keyboard.Keyboard is using iohub backend.
15.8379 	INFO 	keyboard.Keyboard is using iohub backend.
15.8380 	INFO 	keyboard.Keyboard is using iohub backend.
15.8380 	INFO 	keyboard.Keyboard is using iohub backend.
15.8380 	INFO 	keyboard.Keyboard is using iohub backend.
15.8380 	INFO 	keyboard.Keyboard is using iohub backend.
15.8380 	INFO 	keyboard.Keyboard is using iohub backend.
15.8380 	INFO 	keyboard.Keyboard is using iohub backend.
15.8380 	INFO 	keyboard.Keyboard is using iohub backend.
15.8381 	EXP 	learn_probe: status = STARTED
22.0676 	INFO 	saved data to C:\Users\labmp-psychopy\Desktop\replay_pilot\data/sub-098/learn_prob/sub-098_learn_probe_2025-06-25_14h36.15.554.psydat
22.0679 	INFO 	saved data to 'C:\\Users\\labmp-psychopy\\Desktop\\replay_pilot\\data/sub-098/learn_prob/sub-098_learn_probe_2025-06-25_14h36.15.554.csv'
