2.4783 	WARNING 	Failed to set VLC plugins path. This is only important for MovieStim2 movies (the OpenCV backend)
5.7571 	INFO 	Loaded monitor calibration from ['2023_05_19 22:50']
5.8895 	EXP 	Created window1 = Window(allowGUI=False, allowStencil=False, autoLog=True, backendConf=UNKNOWN, backgroundFit=<method-wrapper '__getattribute__' of attributeSetter object at 0x000002C659769100>, backgroundImage=<method-wrapper '__getattribute__' of attributeSetter object at 0x000002C6597690A0>, bitsMode=UNKNOWN, blendMode='avg', bpc=(8, 8, 8), color=array([0, 0, 0]), colorSpace='rgb', depthBits=8, fullscr=True, gamma=None, gammaErrorPolicy='raise', infoMsg=UNKNOWN, lms=UNKNOWN, monitor=<psychopy.monitors.calibTools.Monitor object at 0x000002C65AB16D00>, multiSample=False, name='window1', numSamples=2, pos=[0.0, 0.0], screen=0, size=array([1920, 1080]), stencilBits=0, stereo=False, title='PsychoPy', units='height', useFBO=True, useRetina=False, viewOri=0.0, viewPos=None, viewScale=None, waitBlanking=True, winType='pyglet')
5.8895 	EXP 	window1: backgroundImage = ''
5.8895 	EXP 	window1: backgroundFit = 'none'
5.9309 	EXP 	window1: Attempting to measure frame rate of screen (0) ...
5.9309 	EXP 	window1: recordFrameIntervals = False
6.0842 	EXP 	window1: recordFrameIntervals = True
6.2359 	EXP 	Screen (0) actual frame rate measured at 240.49Hz
6.2359 	EXP 	window1: recordFrameIntervals = False
8.0074 	INFO 	keyboard.Keyboard is using iohub backend.
8.0074 	INFO 	keyboard.Keyboard is using iohub backend.
8.0075 	INFO 	keyboard.Keyboard is using iohub backend.
8.0075 	INFO 	keyboard.Keyboard is using iohub backend.
8.0075 	INFO 	keyboard.Keyboard is using iohub backend.
8.0075 	INFO 	keyboard.Keyboard is using iohub backend.
8.0075 	INFO 	keyboard.Keyboard is using iohub backend.
8.0075 	INFO 	keyboard.Keyboard is using iohub backend.
8.0075 	INFO 	keyboard.Keyboard is using iohub backend.
8.0076 	EXP 	learn_probe: status = STARTED
10.2070 	INFO 	RCS Recorder app is now OPEN
10.2478 	INFO 	RCS Recorder State is now IDLE
10.3393 	INFO 	RCS Acq is now STOPPED
22.0257 	INFO 	RCS Acq is now ERROR
22.0257 	INFO 	RCS Acq is now STOPPED
31.9782 	WARNING 	RCS recordingState not achieved: expected states ['Monitoring'] but state is Idle
41.9794 	WARNING 	RCS acquisitionState not achieved: expected states ['Running'] but state is Stopped
44.0489 	EXP 	Created instructions_main = TextStim(__class__=<class 'psychopy.visual.text.TextStim'>, alignHoriz=method-wrapper(...), alignText='center', alignVert=method-wrapper(...), anchorHoriz='center', anchorVert='center', antialias=True, autoDraw=False, autoLog=True, bold=False, color=array([1., 1., 1.]), colorSpace='rgb', contrast=1.0, depth=-1.0, draggable=False, flipHoriz=False, flipVert=False, font='Arial', fontFiles=[], height=0.05, italic=False, languageStyle='LTR', name='instructions_main', opacity=1, ori=0.0, pos=array([0., 0.]), rgb=UNKNOWN, text=str(...), units='height', win=Window(...), wrapWidth=1)
44.0526 	EXP 	Created eeg_start_text = TextStim(__class__=<class 'psychopy.visual.text.TextStim'>, alignHoriz=method-wrapper(...), alignText='center', alignVert=method-wrapper(...), anchorHoriz='center', anchorVert='center', antialias=True, autoDraw=False, autoLog=True, bold=False, color=array([1., 1., 1.]), colorSpace='rgb', contrast=1.0, depth=0.0, draggable=False, flipHoriz=False, flipVert=False, font='Arial', fontFiles=[], height=0.05, italic=False, languageStyle='LTR', name='eeg_start_text', opacity=1, ori=0.0, pos=array([0., 0.]), rgb=UNKNOWN, text='Vérifier EEG', units='height', win=Window(...), wrapWidth=1)
44.2071 	INFO 	saved data to C:\Users\labmp-psychopy\Desktop\replay_pilot\data/sub-098/learn_prob/sub-098_learn_probe_2025-06-25_14h42.25.067.psydat
44.2074 	INFO 	saved data to 'C:\\Users\\labmp-psychopy\\Desktop\\replay_pilot\\data/sub-098/learn_prob/sub-098_learn_probe_2025-06-25_14h42.25.067.csv'
