6.6742 	DEBUG 	Fullscreen settings ignored as running in pilot mode.
6.6749 	INFO 	Loaded monitor calibration from ['2024_05_09 12:12']
6.9382 	EXP 	Created window1 = Window(allowGUI=False, allowStencil=False, autoLog=True, backendConf=UNKNOWN, backgroundFit=<method-wrapper '__getattribute__' of attributeSetter object at 0x0000024272ABA760>, backgroundImage=<method-wrapper '__getattribute__' of attributeSetter object at 0x0000024272ABA700>, bitsMode=UNKNOWN, blendMode='avg', bpc=(8, 8, 8), color=array([0, 0, 0]), colorSpace='rgb', depthBits=8, fullscr=False, gamma=None, gammaErrorPolicy='raise', infoMsg=UNKNOWN, lms=UNKNOWN, monitor=<psychopy.monitors.calibTools.Monitor object at 0x0000024272BC7C40>, multiSample=False, name='window1', numSamples=2, pos=[560.0, 240.0], screen=0, size=array([800, 600]), stencilBits=0, stereo=False, title='PsychoPy', units='height', useFBO=True, useRetina=False, viewOri=0.0, viewPos=None, viewScale=None, waitBlanking=True, winType='pyglet')
6.9383 	EXP 	window1: backgroundImage = ''
6.9383 	EXP 	window1: backgroundFit = 'none'
6.9464 	DEBUG 	TextBox2 loaded 1 chars with 0 blanks and 1 valid
6.9476 	DEBUG 	TextBox2 loaded 1 chars with 0 blanks and 1 valid
6.9489 	DEBUG 	TextBox2 loaded 1 chars with 0 blanks and 1 valid
6.9510 	DEBUG 	TextBox2 loaded 1 chars with 0 blanks and 1 valid
6.9525 	DEBUG 	TextBox2 loaded 1 chars with 0 blanks and 1 valid
6.9534 	DEBUG 	TextBox2 loaded 1 chars with 0 blanks and 1 valid
6.9547 	DEBUG 	TextBox2 loaded 1 chars with 0 blanks and 1 valid
6.9562 	DEBUG 	TextBox2 loaded 1 chars with 0 blanks and 1 valid
6.9570 	DEBUG 	TextBox2 loaded 1 chars with 0 blanks and 1 valid
6.9578 	DEBUG 	TextBox2 loaded 1 chars with 0 blanks and 1 valid
6.9591 	DEBUG 	TextBox2 loaded 1 chars with 0 blanks and 1 valid
6.9603 	DEBUG 	TextBox2 loaded 1 chars with 0 blanks and 1 valid
6.9615 	DEBUG 	TextBox2 loaded 1 chars with 0 blanks and 1 valid
6.9627 	DEBUG 	TextBox2 loaded 1 chars with 0 blanks and 1 valid
6.9639 	DEBUG 	TextBox2 loaded 1 chars with 0 blanks and 1 valid
6.9651 	DEBUG 	TextBox2 loaded 1 chars with 0 blanks and 1 valid
6.9664 	DEBUG 	TextBox2 loaded 1 chars with 0 blanks and 1 valid
6.9674 	DEBUG 	TextBox2 loaded 1 chars with 0 blanks and 1 valid
6.9684 	DEBUG 	TextBox2 loaded 1 chars with 0 blanks and 1 valid
6.9698 	DEBUG 	TextBox2 loaded 1 chars with 0 blanks and 1 valid
6.9707 	DEBUG 	TextBox2 loaded 1 chars with 0 blanks and 1 valid
6.9711 	DEBUG 	Uploading Texture Font fontname to graphics card
6.9731 	DEBUG 	Upload of Texture Font fontname complete
6.9796 	DEBUG 	TextBox2 loaded 1 chars with 0 blanks and 1 valid
6.9811 	DEBUG 	TextBox2 loaded 1 chars with 0 blanks and 1 valid
6.9825 	DEBUG 	TextBox2 loaded 1 chars with 0 blanks and 1 valid
6.9828 	DEBUG 	Uploading Texture Font fontname to graphics card
6.9839 	DEBUG 	Upload of Texture Font fontname complete
6.9859 	EXP 	window1: Attempting to measure frame rate of screen (0) ...
6.9859 	EXP 	window1: recordFrameIntervals = False
7.1511 	EXP 	window1: recordFrameIntervals = True
7.3346 	EXP 	Screen (0) actual frame rate measured at 59.95Hz
7.3346 	EXP 	window1: recordFrameIntervals = False
7.3402 	DEBUG 	TextBox2 loaded 1 chars with 0 blanks and 1 valid
7.3412 	DEBUG 	TextBox2 loaded 1 chars with 0 blanks and 1 valid
7.3426 	DEBUG 	TextBox2 loaded 1 chars with 0 blanks and 1 valid
7.3447 	DEBUG 	TextBox2 loaded 1 chars with 0 blanks and 1 valid
7.3464 	DEBUG 	TextBox2 loaded 1 chars with 0 blanks and 1 valid
7.3480 	DEBUG 	TextBox2 loaded 1 chars with 0 blanks and 1 valid
7.3491 	DEBUG 	TextBox2 loaded 1 chars with 0 blanks and 1 valid
7.3506 	DEBUG 	TextBox2 loaded 1 chars with 0 blanks and 1 valid
7.3522 	DEBUG 	TextBox2 loaded 1 chars with 0 blanks and 1 valid
7.3537 	DEBUG 	TextBox2 loaded 1 chars with 0 blanks and 1 valid
7.3540 	DEBUG 	Uploading Texture Font fontname to graphics card
7.3545 	DEBUG 	Upload of Texture Font fontname complete
7.4326 	WARNING 	launchHubServer: If using the iohub mouse or eyetracker devices, fullScr should be True.
10.0355 	INFO 	keyboard.Keyboard is using iohub backend.
10.0355 	INFO 	keyboard.Keyboard is using iohub backend.
10.0355 	INFO 	keyboard.Keyboard is using iohub backend.
10.0356 	INFO 	keyboard.Keyboard is using iohub backend.
10.0356 	INFO 	keyboard.Keyboard is using iohub backend.
10.0356 	INFO 	keyboard.Keyboard is using iohub backend.
10.0356 	INFO 	keyboard.Keyboard is using iohub backend.
10.0357 	INFO 	keyboard.Keyboard is using iohub backend.
10.0357 	EXP 	learn_probe: status = STARTED
10.0565 	DEBUG 	Saving data for learn_probe ExperimentHandler
10.0573 	INFO 	saved data to C:\Users\cbant\OneDrive\Bureau\git\replay_pain\replay_pilot\data/sub-005/learn_prob/sub-005_learn_probe_2025-06-16_10h14.56.812.psydat
10.0579 	INFO 	saved data to 'C:\\Users\\cbant\\OneDrive\\Bureau\\git\\replay_pain\\replay_pilot\\data/sub-005/learn_prob/sub-005_learn_probe_2025-06-16_10h14.56.812.csv'
