6.3728 	DEBUG 	Fullscreen settings ignored as running in pilot mode.
6.3735 	INFO 	Loaded monitor calibration from ['2024_05_09 12:12']
6.6444 	EXP 	Created window1 = Window(allowGUI=False, allowStencil=False, autoLog=True, backendConf=UNKNOWN, backgroundFit=<method-wrapper '__getattribute__' of attributeSetter object at 0x0000027B466AA580>, backgroundImage=<method-wrapper '__getattribute__' of attributeSetter object at 0x0000027B466AA520>, bitsMode=UNKNOWN, blendMode='avg', bpc=(8, 8, 8), color=array([0, 0, 0]), colorSpace='rgb', depthBits=8, fullscr=False, gamma=None, gammaErrorPolicy='raise', infoMsg=UNKNOWN, lms=UNKNOWN, monitor=<psychopy.monitors.calibTools.Monitor object at 0x0000027B467F6A60>, multiSample=False, name='window1', numSamples=2, pos=[560.0, 240.0], screen=0, size=array([800, 600]), stencilBits=0, stereo=False, title='PsychoPy', units='height', useFBO=True, useRetina=False, viewOri=0.0, viewPos=None, viewScale=None, waitBlanking=True, winType='pyglet')
6.6445 	EXP 	window1: backgroundImage = ''
6.6445 	EXP 	window1: backgroundFit = 'none'
6.6525 	DEBUG 	TextBox2 loaded 1 chars with 0 blanks and 1 valid
6.6538 	DEBUG 	TextBox2 loaded 1 chars with 0 blanks and 1 valid
6.6551 	DEBUG 	TextBox2 loaded 1 chars with 0 blanks and 1 valid
6.6567 	DEBUG 	TextBox2 loaded 1 chars with 0 blanks and 1 valid
6.6583 	DEBUG 	TextBox2 loaded 1 chars with 0 blanks and 1 valid
6.6593 	DEBUG 	TextBox2 loaded 1 chars with 0 blanks and 1 valid
6.6606 	DEBUG 	TextBox2 loaded 1 chars with 0 blanks and 1 valid
6.6620 	DEBUG 	TextBox2 loaded 1 chars with 0 blanks and 1 valid
6.6628 	DEBUG 	TextBox2 loaded 1 chars with 0 blanks and 1 valid
6.6636 	DEBUG 	TextBox2 loaded 1 chars with 0 blanks and 1 valid
6.6649 	DEBUG 	TextBox2 loaded 1 chars with 0 blanks and 1 valid
6.6661 	DEBUG 	TextBox2 loaded 1 chars with 0 blanks and 1 valid
6.6673 	DEBUG 	TextBox2 loaded 1 chars with 0 blanks and 1 valid
6.6686 	DEBUG 	TextBox2 loaded 1 chars with 0 blanks and 1 valid
6.6697 	DEBUG 	TextBox2 loaded 1 chars with 0 blanks and 1 valid
6.6710 	DEBUG 	TextBox2 loaded 1 chars with 0 blanks and 1 valid
6.6722 	DEBUG 	TextBox2 loaded 1 chars with 0 blanks and 1 valid
6.6731 	DEBUG 	TextBox2 loaded 1 chars with 0 blanks and 1 valid
6.6741 	DEBUG 	TextBox2 loaded 1 chars with 0 blanks and 1 valid
6.6756 	DEBUG 	TextBox2 loaded 1 chars with 0 blanks and 1 valid
6.6765 	DEBUG 	TextBox2 loaded 1 chars with 0 blanks and 1 valid
6.6768 	DEBUG 	Uploading Texture Font fontname to graphics card
6.6786 	DEBUG 	Upload of Texture Font fontname complete
6.6850 	DEBUG 	TextBox2 loaded 1 chars with 0 blanks and 1 valid
6.6865 	DEBUG 	TextBox2 loaded 1 chars with 0 blanks and 1 valid
6.6879 	DEBUG 	TextBox2 loaded 1 chars with 0 blanks and 1 valid
6.6882 	DEBUG 	Uploading Texture Font fontname to graphics card
6.6890 	DEBUG 	Upload of Texture Font fontname complete
6.6909 	EXP 	window1: Attempting to measure frame rate of screen (0) ...
6.6909 	EXP 	window1: recordFrameIntervals = False
6.8524 	EXP 	window1: recordFrameIntervals = True
7.0359 	EXP 	Screen (0) actual frame rate measured at 59.95Hz
7.0359 	EXP 	window1: recordFrameIntervals = False
7.0418 	DEBUG 	TextBox2 loaded 1 chars with 0 blanks and 1 valid
7.0428 	DEBUG 	TextBox2 loaded 1 chars with 0 blanks and 1 valid
7.0442 	DEBUG 	TextBox2 loaded 1 chars with 0 blanks and 1 valid
7.0460 	DEBUG 	TextBox2 loaded 1 chars with 0 blanks and 1 valid
7.0477 	DEBUG 	TextBox2 loaded 1 chars with 0 blanks and 1 valid
7.0494 	DEBUG 	TextBox2 loaded 1 chars with 0 blanks and 1 valid
7.0505 	DEBUG 	TextBox2 loaded 1 chars with 0 blanks and 1 valid
7.0520 	DEBUG 	TextBox2 loaded 1 chars with 0 blanks and 1 valid
7.0537 	DEBUG 	TextBox2 loaded 1 chars with 0 blanks and 1 valid
7.0552 	DEBUG 	TextBox2 loaded 1 chars with 0 blanks and 1 valid
7.0556 	DEBUG 	Uploading Texture Font fontname to graphics card
7.0561 	DEBUG 	Upload of Texture Font fontname complete
7.1317 	WARNING 	launchHubServer: If using the iohub mouse or eyetracker devices, fullScr should be True.
9.7392 	INFO 	keyboard.Keyboard is using iohub backend.
9.7393 	INFO 	keyboard.Keyboard is using iohub backend.
9.7393 	INFO 	keyboard.Keyboard is using iohub backend.
9.7393 	INFO 	keyboard.Keyboard is using iohub backend.
9.7394 	INFO 	keyboard.Keyboard is using iohub backend.
9.7394 	INFO 	keyboard.Keyboard is using iohub backend.
9.7394 	INFO 	keyboard.Keyboard is using iohub backend.
9.7394 	INFO 	keyboard.Keyboard is using iohub backend.
9.7395 	EXP 	learn_probe: status = STARTED
9.7922 	EXP 	Created instructions_main = TextStim(__class__=<class 'psychopy.visual.text.TextStim'>, alignHoriz=method-wrapper(...), alignText='center', alignVert=method-wrapper(...), anchorHoriz='center', anchorVert='center', antialias=True, autoDraw=False, autoLog=True, bold=False, color=array([1., 1., 1.]), colorSpace='rgb', contrast=1.0, depth=0.0, draggable=False, flipHoriz=False, flipVert=False, font='Arial', fontFiles=[], height=0.05, italic=False, languageStyle='LTR', name='instructions_main', opacity=1, ori=0.0, pos=array([0., 0.]), rgb=UNKNOWN, text='Add instructions here\n\nspace to end', units='height', win=Window(...), wrapWidth=1)
9.7974 	EXP 	Created eeg_start_text = TextStim(__class__=<class 'psychopy.visual.text.TextStim'>, alignHoriz=method-wrapper(...), alignText='center', alignVert=method-wrapper(...), anchorHoriz='center', anchorVert='center', antialias=True, autoDraw=False, autoLog=True, bold=False, color=array([1., 1., 1.]), colorSpace='rgb', contrast=1.0, depth=0.0, draggable=False, flipHoriz=False, flipVert=False, font='Arial', fontFiles=[], height=0.05, italic=False, languageStyle='LTR', name='eeg_start_text', opacity=1, ori=0.0, pos=array([0., 0.]), rgb=UNKNOWN, text='Vérifier EEG', units='height', win=Window(...), wrapWidth=1)
9.7980 	EXP 	Created text = TextStim(__class__=<class 'psychopy.visual.text.TextStim'>, alignHoriz=method-wrapper(...), alignText='center', alignVert=method-wrapper(...), anchorHoriz='center', anchorVert='center', antialias=True, autoDraw=False, autoLog=True, bold=False, color=array([1., 1., 1.]), colorSpace='rgb', contrast=1.0, depth=0.0, draggable=False, flipHoriz=False, flipVert=False, font='Arial', fontFiles=[], height=0.05, italic=False, languageStyle='LTR', name='text', opacity=1, ori=0.0, pos=array([0., 0.]), rgb=UNKNOWN, text='', units='height', win=Window(...), wrapWidth=1)
9.8014 	EXP 	Created Image_load_text = TextStim(__class__=<class 'psychopy.visual.text.TextStim'>, alignHoriz=method-wrapper(...), alignText='center', alignVert=method-wrapper(...), anchorHoriz='center', anchorVert='center', antialias=True, autoDraw=False, autoLog=True, bold=False, color=array([1., 1., 1.]), colorSpace='rgb', contrast=1.0, depth=0.0, draggable=False, flipHoriz=False, flipVert=False, font='Arial', fontFiles=[], height=0.15, italic=False, languageStyle='LTR', name='Image_load_text', opacity=1, ori=0.0, pos=array([0., 0.]), rgb=UNKNOWN, text='+', units='height', win=Window(...), wrapWidth=1)
9.8034 	EXP 	Created fix_learn_cross = TextStim(__class__=<class 'psychopy.visual.text.TextStim'>, alignHoriz=method-wrapper(...), alignText='center', alignVert=method-wrapper(...), anchorHoriz='center', anchorVert='center', antialias=True, autoDraw=False, autoLog=True, bold=False, color=array([1., 1., 1.]), colorSpace='rgb', contrast=1.0, depth=0.0, draggable=False, flipHoriz=False, flipVert=False, font='Arial', fontFiles=[], height=0.15, italic=False, languageStyle='LTR', name='fix_learn_cross', opacity=1, ori=0.0, pos=array([0., 0.]), rgb=UNKNOWN, text='+', units='height', win=Window(...), wrapWidth=1)
9.8085 	EXP 	Created first_of_pair = ImageStim(__class__=<class 'psychopy.visual.image.ImageStim'>, anchor=('center', 'center'), autoLog=True, color=array([1., 1., 1.]), colorSpace='rgb', contrast=1.0, depth=0.0, draggable=False, flipHoriz=False, flipVert=False, image='default.png', interpolate=True, mask=None, maskParams=None, name='first_of_pair', opacity=1, ori=0.0, pos=array([0., 0.]), size=array([0.5, 0.5]), texRes=128.0, units='height', win=Window(...))
9.8095 	EXP 	Created break_random = TextStim(__class__=<class 'psychopy.visual.text.TextStim'>, alignHoriz=method-wrapper(...), alignText='center', alignVert=method-wrapper(...), anchorHoriz='center', anchorVert='center', antialias=True, autoDraw=False, autoLog=True, bold=False, color=array([1., 1., 1.]), colorSpace='rgb', contrast=1.0, depth=-1.0, draggable=False, flipHoriz=False, flipVert=False, font='Arial', fontFiles=[], height=0.05, italic=False, languageStyle='LTR', name='break_random', opacity=1, ori=0.0, pos=array([0., 0.]), rgb=UNKNOWN, text='', units='height', win=Window(...), wrapWidth=1)
9.8142 	EXP 	Created second_of_pair = ImageStim(__class__=<class 'psychopy.visual.image.ImageStim'>, anchor=('center', 'center'), autoLog=True, color=array([1., 1., 1.]), colorSpace='rgb', contrast=1.0, depth=0.0, draggable=False, flipHoriz=False, flipVert=False, image='default.png', interpolate=True, mask=None, maskParams=None, name='second_of_pair', opacity=1, ori=0.0, pos=array([0., 0.]), size=array([0.5, 0.5]), texRes=128.0, units='height', win=Window(...))
9.8151 	EXP 	Created five_s_break = TextStim(__class__=<class 'psychopy.visual.text.TextStim'>, alignHoriz=method-wrapper(...), alignText='center', alignVert=method-wrapper(...), anchorHoriz='center', anchorVert='center', antialias=True, autoDraw=False, autoLog=True, bold=False, color=array([1., 1., 1.]), colorSpace='rgb', contrast=1.0, depth=0.0, draggable=False, flipHoriz=False, flipVert=False, font='Arial', fontFiles=[], height=0.05, italic=False, languageStyle='LTR', name='five_s_break', opacity=1, ori=0.0, pos=array([0., 0.]), rgb=UNKNOWN, text='', units='height', win=Window(...), wrapWidth=1)
9.8308 	EXP 	Created probe_instr_text = TextStim(__class__=<class 'psychopy.visual.text.TextStim'>, alignHoriz=method-wrapper(...), alignText='center', alignVert=method-wrapper(...), anchorHoriz='center', anchorVert='center', antialias=True, autoDraw=False, autoLog=True, bold=False, color=array([1., 1., 1.]), colorSpace='rgb', contrast=1.0, depth=0.0, draggable=False, flipHoriz=False, flipVert=False, font='Arial', fontFiles=[], height=0.05, italic=False, languageStyle='LTR', name='probe_instr_text', opacity=1, ori=0.0, pos=array([0., 0.]), rgb=UNKNOWN, text=str(...), units='height', win=Window(...), wrapWidth=1)
9.8325 	EXP 	Created empty_text = TextStim(__class__=<class 'psychopy.visual.text.TextStim'>, alignHoriz=method-wrapper(...), alignText='center', alignVert=method-wrapper(...), anchorHoriz='center', anchorVert='center', antialias=True, autoDraw=False, autoLog=True, bold=False, color=array([1., 1., 1.]), colorSpace='rgb', contrast=1.0, depth=0.0, draggable=False, flipHoriz=False, flipVert=False, font='Arial', fontFiles=[], height=0.15, italic=False, languageStyle='LTR', name='empty_text', opacity=1, ori=0.0, pos=array([0., 0.]), rgb=UNKNOWN, text='+', units='height', win=Window(...), wrapWidth=1)
9.8371 	EXP 	Created probe_cue_1 = ImageStim(__class__=<class 'psychopy.visual.image.ImageStim'>, anchor=('center', 'center'), autoLog=True, color=array([1., 1., 1.]), colorSpace='rgb', contrast=1.0, depth=0.0, draggable=False, flipHoriz=False, flipVert=False, image='default.png', interpolate=True, mask=None, maskParams=None, name='probe_cue_1', opacity=1, ori=0.0, pos=array([0., 0.]), size=array([0.5, 0.5]), texRes=128.0, units='height', win=Window(...))
9.8381 	EXP 	Created imagination_woot = TextStim(__class__=<class 'psychopy.visual.text.TextStim'>, alignHoriz=method-wrapper(...), alignText='center', alignVert=method-wrapper(...), anchorHoriz='center', anchorVert='center', antialias=True, autoDraw=False, autoLog=True, bold=False, color=array([1., 1., 1.]), colorSpace='rgb', contrast=1.0, depth=-1.0, draggable=False, flipHoriz=False, flipVert=False, font='Arial', fontFiles=[], height=0.05, italic=False, languageStyle='LTR', name='imagination_woot', opacity=1, ori=0.0, pos=array([0., 0.]), rgb=UNKNOWN, text='', units='height', win=Window(...), wrapWidth=1)
9.8421 	EXP 	Created prob_test_img = ImageStim(__class__=<class 'psychopy.visual.image.ImageStim'>, anchor=('center', 'center'), autoLog=True, color=array([1., 1., 1.]), colorSpace='rgb', contrast=1.0, depth=0.0, draggable=False, flipHoriz=False, flipVert=False, image='default.png', interpolate=True, mask=None, maskParams=None, name='prob_test_img', opacity=1, ori=0.0, pos=array([0., 0.]), size=array([0.5, 0.5]), texRes=128.0, units='height', win=Window(...))
9.8459 	EXP 	Created text_4 = TextStim(__class__=<class 'psychopy.visual.text.TextStim'>, alignHoriz=method-wrapper(...), alignText='center', alignVert=method-wrapper(...), anchorHoriz='center', anchorVert='center', antialias=True, autoDraw=False, autoLog=True, bold=False, color=array([1., 1., 1.]), colorSpace='rgb', contrast=1.0, depth=-1.0, draggable=False, flipHoriz=False, flipVert=False, font='Arial', fontFiles=[], height=0.05, italic=False, languageStyle='LTR', name='text_4', opacity=1, ori=0.0, pos=array([0., 0.]), rgb=UNKNOWN, text='answer', units='height', win=Window(...), wrapWidth=1)
9.8469 	EXP 	Created text_2 = TextStim(__class__=<class 'psychopy.visual.text.TextStim'>, alignHoriz=method-wrapper(...), alignText='center', alignVert=method-wrapper(...), anchorHoriz='center', anchorVert='center', antialias=True, autoDraw=False, autoLog=True, bold=False, color=array([1., 1., 1.]), colorSpace='rgb', contrast=1.0, depth=-1.0, draggable=False, flipHoriz=False, flipVert=False, font='Arial', fontFiles=[], height=0.05, italic=False, languageStyle='LTR', name='text_2', opacity=1, ori=0.0, pos=array([0., 0.]), rgb=UNKNOWN, text='', units='height', win=Window(...), wrapWidth=1)
9.8519 	EXP 	Created text_3 = TextStim(__class__=<class 'psychopy.visual.text.TextStim'>, alignHoriz=method-wrapper(...), alignText='center', alignVert=method-wrapper(...), anchorHoriz='center', anchorVert='center', antialias=True, autoDraw=False, autoLog=True, bold=False, color=array([1., 1., 1.]), colorSpace='rgb', contrast=1.0, depth=0.0, draggable=False, flipHoriz=False, flipVert=False, font='Arial', fontFiles=[], height=0.05, italic=False, languageStyle='LTR', name='text_3', opacity=1, ori=0.0, pos=array([0., 0.]), rgb=UNKNOWN, text='End of block text\n\nSpace to quit', units='height', win=Window(...), wrapWidth=1)
9.8561 	EXP 	Created text_end = TextStim(__class__=<class 'psychopy.visual.text.TextStim'>, alignHoriz=method-wrapper(...), alignText='center', alignVert=method-wrapper(...), anchorHoriz='center', anchorVert='center', antialias=True, autoDraw=False, autoLog=True, bold=False, color=array([1., 1., 1.]), colorSpace='rgb', contrast=1.0, depth=0.0, draggable=False, flipHoriz=False, flipVert=False, font='Arial', fontFiles=[], height=0.05, italic=False, languageStyle='LTR', name='text_end', opacity=1, ori=0.0, pos=array([0., 0.]), rgb=UNKNOWN, text='Thank you for participating! ', units='height', win=Window(...), wrapWidth=1)
0.0302 	INFO 	Keyboard events cleared
0.0299 	EXP 	instructions_main: autoDraw = True
0.8873 	DATA 	Keypress: space
0.8971 	INFO 	Keyboard events cleared
0.8969 	EXP 	instructions_main: autoDraw = False
0.8969 	EXP 	eeg_start_text: autoDraw = True
1.2561 	EXP 	New trial (rep=0, index=0): <Trial 0 (0 in rep 0) data={'thisN': 0, 'thisTrialN': 0, 'thisRepN': 0}>
1.2593 	DATA 	Keypress: space
1.2637 	INFO 	Keyboard events cleared
1.2634 	EXP 	eeg_start_text: autoDraw = False
1.2634 	EXP 	text: height = 0.05
1.2634 	EXP 	text: height = 0.05
1.2634 	EXP 	text: height = 0.05
1.2634 	EXP 	text: text = 'add learning instr here'
1.2634 	EXP 	text: autoDraw = True
1.6704 	DEBUG 	Read csv file with pandas: conditions_learning/learning_conditions_5.csv
1.6710 	DEBUG 	Clearing unnamed columns from conditions_learning/learning_conditions_5.csv
1.6713 	EXP 	Imported conditions_learning/learning_conditions_5.csv as conditions, 3 conditions, 3 params
1.6715 	EXP 	New trial (rep=0, index=0): <Trial 0 (0 in rep 0) data={'pair_name': 'A_B', 'stim1_img': 'stimuli/face.png', 'stim2_img': 'stimuli/ciseau.png', 'thisN': 0, 'thisTrialN': 0, 'thisRepN': 0}>
1.6716 	EXP 	window1: recordFrameIntervals = False
1.6730 	DATA 	Keypress: space
1.6801 	EXP 	text: autoDraw = False
1.6801 	EXP 	Image_load_text: autoDraw = True
1.7091 	EXP 	window1: recordFrameIntervals = False
1.9627 	EXP 	first_of_pair: image = 'stimuli/face.png'
1.9627 	EXP 	break_random: text = ''
1.9627 	EXP 	second_of_pair: image = 'stimuli/ciseau.png'
1.9801 	EXP 	Image_load_text: autoDraw = False
1.9801 	EXP 	Image_load_text: autoDraw = False
1.9801 	EXP 	fix_learn_cross: autoDraw = True
2.2800 	EXP 	fix_learn_cross: autoDraw = False
2.2800 	EXP 	fix_learn_cross: autoDraw = False
2.2800 	EXP 	first_of_pair: autoDraw = True
3.7803 	EXP 	first_of_pair: autoDraw = False
3.7803 	EXP 	first_of_pair: autoDraw = False
3.7803 	EXP 	break_random: autoDraw = True
6.4299 	EXP 	break_random: autoDraw = False
6.4299 	EXP 	break_random: autoDraw = False
6.4299 	EXP 	second_of_pair: autoDraw = True
7.9299 	EXP 	second_of_pair: autoDraw = False
7.9299 	EXP 	second_of_pair: autoDraw = False
7.9299 	EXP 	five_s_break: autoDraw = True
12.9157 	EXP 	New trial (rep=0, index=1): <Trial 1 (1 in rep 0) data={'pair_name': 'C_D', 'stim1_img': 'stimuli/zèbre.png', 'stim2_img': 'stimuli/banane.png', 'thisN': 1, 'thisTrialN': 1, 'thisRepN': 0}>
12.9158 	EXP 	window1: recordFrameIntervals = False
12.9298 	EXP 	five_s_break: autoDraw = False
12.9298 	EXP 	five_s_break: autoDraw = False
12.9298 	EXP 	Image_load_text: autoDraw = True
12.9428 	EXP 	window1: recordFrameIntervals = False
13.2138 	EXP 	first_of_pair: image = 'stimuli/zèbre.png'
13.2138 	EXP 	break_random: text = ''
13.2138 	EXP 	second_of_pair: image = 'stimuli/banane.png'
13.2297 	EXP 	Image_load_text: autoDraw = False
13.2297 	EXP 	fix_learn_cross: autoDraw = True
13.5299 	EXP 	fix_learn_cross: autoDraw = False
13.5299 	EXP 	fix_learn_cross: autoDraw = False
13.5299 	EXP 	first_of_pair: autoDraw = True
15.0297 	EXP 	first_of_pair: autoDraw = False
15.0297 	EXP 	first_of_pair: autoDraw = False
15.0297 	EXP 	break_random: autoDraw = True
15.6827 	DATA 	Keypress: escape
15.7658 	EXP 	learn_probe: status = STOPPED
15.7796 	EXP 	break_random: autoDraw = False
15.7819 	EXP 	learn_probe: status = STOPPED
15.7850 	INFO 	saved data to 'C:\\Users\\cbant\\OneDrive\\Bureau\\git\\replay_pain\\replay_pilot\\data/sub-005/learn_prob/sub-005_learn_probe_2025-06-16_10h15.44.641.csv'
15.7857 	INFO 	saved data to C:\Users\cbant\OneDrive\Bureau\git\replay_pain\replay_pilot\data/sub-005/learn_prob/sub-005_learn_probe_2025-06-16_10h15.44.641.psydat
16.3073 	DEBUG 	Saving data for learn_probe ExperimentHandler
