2.5470 	WARNING 	Failed to set VLC plugins path. This is only important for MovieStim2 movies (the OpenCV backend)
88.9797 	INFO 	Loaded monitor calibration from ['2023_05_19 22:50']
89.1143 	EXP 	Created window1 = Window(allowGUI=False, allowStencil=False, autoLog=True, backendConf=UNKNOWN, backgroundFit=<method-wrapper '__getattribute__' of attributeSetter object at 0x000001F11A0CAF40>, backgroundImage=<method-wrapper '__getattribute__' of attributeSetter object at 0x000001F11A0CAEE0>, bitsMode=UNKNOWN, blendMode='avg', bpc=(8, 8, 8), color=array([0, 0, 0]), colorSpace='rgb', depthBits=8, fullscr=True, gamma=None, gammaErrorPolicy='raise', infoMsg=UNKNOWN, lms=UNKNOWN, monitor=<psychopy.monitors.calibTools.Monitor object at 0x000001F11CF6AAF0>, multiSample=False, name='window1', numSamples=2, pos=[0.0, 0.0], screen=0, size=array([1920, 1080]), stencilBits=0, stereo=False, title='PsychoPy', units='height', useFBO=True, useRetina=False, viewOri=0.0, viewPos=None, viewScale=None, waitBlanking=True, winType='pyglet')
89.1144 	EXP 	window1: backgroundImage = ''
89.1144 	EXP 	window1: backgroundFit = 'none'
89.1523 	EXP 	window1: Attempting to measure frame rate of screen (0) ...
89.1523 	EXP 	window1: recordFrameIntervals = False
89.3609 	EXP 	window1: recordFrameIntervals = True
89.4602 	EXP 	Screen (0) actual frame rate measured at 113.22Hz
89.4603 	EXP 	window1: recordFrameIntervals = False
91.2375 	INFO 	keyboard.Keyboard is using iohub backend.
91.2376 	INFO 	keyboard.Keyboard is using iohub backend.
91.2376 	INFO 	keyboard.Keyboard is using iohub backend.
91.2376 	EXP 	2. rest_state: status = STARTED
91.2777 	EXP 	Created instr_rest_state = TextStim(__class__=<class 'psychopy.visual.text.TextStim'>, alignHoriz=method-wrapper(...), alignText='center', alignVert=method-wrapper(...), anchorHoriz='center', anchorVert='center', antialias=True, autoDraw=False, autoLog=True, bold=False, color=array([1., 1., 1.]), colorSpace='rgb', contrast=1.0, depth=0.0, draggable=False, flipHoriz=False, flipVert=False, font='Arial', fontFiles=[], height=0.05, italic=False, languageStyle='LTR', name='instr_rest_state', opacity=1, ori=0.0, pos=array([0., 0.]), rgb=UNKNOWN, text=str(...), units='height', win=Window(...), wrapWidth=1)
93.4767 	INFO 	RCS Recorder app is now OPEN
93.6006 	INFO 	RCS Recorder State is now IDLE
93.7927 	INFO 	RCS Acq is now STOPPED
104.9044 	INFO 	RCS Recorder State is now MONITORING
105.3100 	INFO 	RCS Acq is now RUNNING
107.3271 	EXP 	Created check_eeg = TextStim(__class__=<class 'psychopy.visual.text.TextStim'>, alignHoriz=method-wrapper(...), alignText='center', alignVert=method-wrapper(...), anchorHoriz='center', anchorVert='center', antialias=True, autoDraw=False, autoLog=True, bold=False, color=array([1., 1., 1.]), colorSpace='rgb', contrast=1.0, depth=-1.0, draggable=False, flipHoriz=False, flipVert=False, font='Arial', fontFiles=[], height=0.05, italic=False, languageStyle='LTR', name='check_eeg', opacity=1, ori=0.0, pos=array([0., 0.]), rgb=UNKNOWN, text='Vérifier EEG', units='height', win=Window(...), wrapWidth=1)
107.3281 	EXP 	Created text = TextStim(__class__=<class 'psychopy.visual.text.TextStim'>, alignHoriz=method-wrapper(...), alignText='center', alignVert=method-wrapper(...), anchorHoriz='center', anchorVert='center', antialias=True, autoDraw=False, autoLog=True, bold=False, color=array([1., 1., 1.]), colorSpace='rgb', contrast=1.0, depth=0.0, draggable=False, flipHoriz=False, flipVert=False, font='Arial', fontFiles=[], height=0.05, italic=False, languageStyle='LTR', name='text', opacity=1, ori=0.0, pos=array([0., 0.]), rgb=UNKNOWN, text='', units='height', win=Window(...), wrapWidth=1)
107.3365 	EXP 	Created text_2 = TextStim(__class__=<class 'psychopy.visual.text.TextStim'>, alignHoriz=method-wrapper(...), alignText='center', alignVert=method-wrapper(...), anchorHoriz='center', anchorVert='center', antialias=True, autoDraw=False, autoLog=True, bold=False, color=array([1., 1., 1.]), colorSpace='rgb', contrast=1.0, depth=0.0, draggable=False, flipHoriz=False, flipVert=False, font='Arial', fontFiles=[], height=0.05, italic=False, languageStyle='LTR', name='text_2', opacity=1, ori=0.0, pos=array([0., 0.]), rgb=UNKNOWN, text='Merci !', units='height', win=Window(...), wrapWidth=1)
0.0759 	INFO 	Keyboard events cleared
0.0757 	EXP 	instr_rest_state: autoDraw = True
3.1693 	INFO 	RCS Recorder State is now RECORDING
3.1828 	DATA 	Keypress: space
3.1930 	INFO 	Keyboard events cleared
3.1926 	EXP 	instr_rest_state: autoDraw = False
3.1926 	EXP 	check_eeg: autoDraw = True
4.0186 	DATA 	Keypress: space
4.0258 	EXP 	check_eeg: autoDraw = False
4.0258 	EXP 	text: autoDraw = True
304.0228 	EXP 	text: autoDraw = False
304.0228 	EXP 	text: autoDraw = False
304.0228 	EXP 	text_2: autoDraw = True
309.5153 	DATA 	Keypress: space
320.7652 	DATA 	Keypress: escape
320.9231 	EXP 	2. rest_state: status = STOPPED
320.9310 	EXP 	text_2: autoDraw = False
320.9311 	EXP 	2. rest_state: status = STOPPED
321.0428 	INFO 	saved data to 'C:\\Users\\labmp-psychopy\\Desktop\\replay_pilot\\data/sub-098_2. rest_state_2025-06-25_13h43.59.221.csv'
321.0437 	INFO 	saved data to C:\Users\labmp-psychopy\Desktop\replay_pilot\data/sub-098_2. rest_state_2025-06-25_13h43.59.221.psydat
