2.3310 	WARNING 	Failed to set VLC plugins path. This is only important for MovieStim2 movies (the OpenCV backend)
4.4276 	DEBUG 	Fullscreen settings ignored as running in pilot mode.
4.4280 	INFO 	Loaded monitor calibration from ['2023_05_19 22:50']
4.5324 	EXP 	Created window1 = Window(allowGUI=False, allowStencil=False, autoLog=True, backendConf=UNKNOWN, backgroundFit=<method-wrapper '__getattribute__' of attributeSetter object at 0x00000137AA91CDF0>, backgroundImage=<method-wrapper '__getattribute__' of attributeSetter object at 0x00000137AA91CD90>, bitsMode=UNKNOWN, blendMode='avg', bpc=(8, 8, 8), color=array([0, 0, 0]), colorSpace='rgb', depthBits=8, fullscr=False, gamma=None, gammaErrorPolicy='raise', infoMsg=UNKNOWN, lms=UNKNOWN, monitor=<psychopy.monitors.calibTools.Monitor object at 0x00000137AD32B9D0>, multiSample=False, name='window1', numSamples=2, pos=[560.0, 240.0], screen=0, size=array([800, 600]), stencilBits=0, stereo=False, title='PsychoPy', units='height', useFBO=True, useRetina=False, viewOri=0.0, viewPos=None, viewScale=None, waitBlanking=True, winType='pyglet')
4.5324 	EXP 	window1: backgroundImage = ''
4.5324 	EXP 	window1: backgroundFit = 'none'
4.5367 	DEBUG 	TextBox2 loaded 1 chars with 0 blanks and 1 valid
4.5374 	DEBUG 	TextBox2 loaded 1 chars with 0 blanks and 1 valid
4.5381 	DEBUG 	TextBox2 loaded 1 chars with 0 blanks and 1 valid
4.5389 	DEBUG 	TextBox2 loaded 1 chars with 0 blanks and 1 valid
4.5397 	DEBUG 	TextBox2 loaded 1 chars with 0 blanks and 1 valid
4.5402 	DEBUG 	TextBox2 loaded 1 chars with 0 blanks and 1 valid
4.5408 	DEBUG 	TextBox2 loaded 1 chars with 0 blanks and 1 valid
4.5416 	DEBUG 	TextBox2 loaded 1 chars with 0 blanks and 1 valid
4.5420 	DEBUG 	TextBox2 loaded 1 chars with 0 blanks and 1 valid
4.5425 	DEBUG 	TextBox2 loaded 1 chars with 0 blanks and 1 valid
4.5431 	DEBUG 	TextBox2 loaded 1 chars with 0 blanks and 1 valid
4.5438 	DEBUG 	TextBox2 loaded 1 chars with 0 blanks and 1 valid
4.5444 	DEBUG 	TextBox2 loaded 1 chars with 0 blanks and 1 valid
4.5450 	DEBUG 	TextBox2 loaded 1 chars with 0 blanks and 1 valid
4.5457 	DEBUG 	TextBox2 loaded 1 chars with 0 blanks and 1 valid
4.5464 	DEBUG 	TextBox2 loaded 1 chars with 0 blanks and 1 valid
4.5470 	DEBUG 	TextBox2 loaded 1 chars with 0 blanks and 1 valid
4.5476 	DEBUG 	TextBox2 loaded 1 chars with 0 blanks and 1 valid
4.5481 	DEBUG 	TextBox2 loaded 1 chars with 0 blanks and 1 valid
4.5489 	DEBUG 	TextBox2 loaded 1 chars with 0 blanks and 1 valid
4.5494 	DEBUG 	TextBox2 loaded 1 chars with 0 blanks and 1 valid
4.5497 	DEBUG 	Uploading Texture Font fontname to graphics card
4.5530 	DEBUG 	Upload of Texture Font fontname complete
4.5569 	DEBUG 	TextBox2 loaded 1 chars with 0 blanks and 1 valid
4.5578 	DEBUG 	TextBox2 loaded 1 chars with 0 blanks and 1 valid
4.5586 	DEBUG 	TextBox2 loaded 1 chars with 0 blanks and 1 valid
4.5588 	DEBUG 	Uploading Texture Font fontname to graphics card
4.5601 	DEBUG 	Upload of Texture Font fontname complete
4.5613 	EXP 	window1: Attempting to measure frame rate of screen (0) ...
4.5613 	EXP 	window1: recordFrameIntervals = False
4.7255 	EXP 	window1: recordFrameIntervals = True
4.9083 	EXP 	Screen (0) actual frame rate measured at 60.07Hz
4.9084 	EXP 	window1: recordFrameIntervals = False
4.9148 	DEBUG 	TextBox2 loaded 1 chars with 0 blanks and 1 valid
4.9154 	DEBUG 	TextBox2 loaded 1 chars with 0 blanks and 1 valid
4.9161 	DEBUG 	TextBox2 loaded 1 chars with 0 blanks and 1 valid
4.9169 	DEBUG 	TextBox2 loaded 1 chars with 0 blanks and 1 valid
4.9177 	DEBUG 	TextBox2 loaded 1 chars with 0 blanks and 1 valid
4.9185 	DEBUG 	TextBox2 loaded 1 chars with 0 blanks and 1 valid
4.9191 	DEBUG 	TextBox2 loaded 1 chars with 0 blanks and 1 valid
4.9198 	DEBUG 	TextBox2 loaded 1 chars with 0 blanks and 1 valid
4.9206 	DEBUG 	TextBox2 loaded 1 chars with 0 blanks and 1 valid
4.9214 	DEBUG 	TextBox2 loaded 1 chars with 0 blanks and 1 valid
4.9216 	DEBUG 	Uploading Texture Font fontname to graphics card
4.9223 	DEBUG 	Upload of Texture Font fontname complete
4.9348 	WARNING 	launchHubServer: If using the iohub mouse or eyetracker devices, fullScr should be True.
6.4962 	INFO 	keyboard.Keyboard is using iohub backend.
6.4962 	INFO 	keyboard.Keyboard is using iohub backend.
6.4963 	INFO 	keyboard.Keyboard is using iohub backend.
6.4963 	INFO 	keyboard.Keyboard is using iohub backend.
6.4963 	INFO 	keyboard.Keyboard is using iohub backend.
6.4963 	INFO 	keyboard.Keyboard is using iohub backend.
6.4963 	EXP 	cued_mental_stim: status = STARTED
6.5090 	EXP 	Created task_instr_text = TextStim(__class__=<class 'psychopy.visual.text.TextStim'>, alignHoriz=method-wrapper(...), alignText='center', alignVert=method-wrapper(...), anchorHoriz='center', anchorVert='center', antialias=True, autoDraw=False, autoLog=True, bold=False, color=array([1., 1., 1.]), colorSpace='rgb', contrast=1.0, depth=-1.0, draggable=False, flipHoriz=False, flipVert=False, font='Arial', fontFiles=[], height=0.05, italic=False, languageStyle='LTR', name='task_instr_text', opacity=1, ori=0.0, pos=array([0., 0.]), rgb=UNKNOWN, text='', units='height', win=Window(...), wrapWidth=1)
6.5097 	EXP 	Created cue_stim = TextStim(__class__=<class 'psychopy.visual.text.TextStim'>, alignHoriz=method-wrapper(...), alignText='center', alignVert=method-wrapper(...), anchorHoriz='center', anchorVert='center', antialias=True, autoDraw=False, autoLog=True, bold=False, color=array([1., 1., 1.]), colorSpace='rgb', contrast=1.0, depth=0.0, draggable=False, flipHoriz=False, flipVert=False, font='Arial', fontFiles=[], height=0.05, italic=False, languageStyle='LTR', name='cue_stim', opacity=1, ori=0.0, pos=array([0., 0.]), rgb=UNKNOWN, text='', units='height', win=Window(...), wrapWidth=1)
6.5287 	EXP 	Created fixation_stim = TextStim(__class__=<class 'psychopy.visual.text.TextStim'>, alignHoriz=method-wrapper(...), alignText='center', alignVert=method-wrapper(...), anchorHoriz='center', anchorVert='center', antialias=True, autoDraw=False, autoLog=True, bold=False, color=array([1., 1., 1.]), colorSpace='rgb', contrast=1.0, depth=-1.0, draggable=False, flipHoriz=False, flipVert=False, font='Arial', fontFiles=[], height=0.05, italic=False, languageStyle='LTR', name='fixation_stim', opacity=1, ori=0.0, pos=array([0., 0.]), rgb=UNKNOWN, text='+', units='height', win=Window(...), wrapWidth=1)
6.5325 	EXP 	Created probe_image = ImageStim(__class__=<class 'psychopy.visual.image.ImageStim'>, anchor=('center', 'center'), autoLog=True, color=array([1., 1., 1.]), colorSpace='rgb', contrast=1.0, depth=-2.0, draggable=False, flipHoriz=False, flipVert=False, image='default.png', interpolate=True, mask=None, maskParams=None, name='probe_image', opacity=1, ori=0.0, pos=array([0., 0.]), size=array([0.5, 0.5]), texRes=128.0, units='height', win=Window(...))
6.5431 	DEBUG 	TextBox2 loaded 1 chars with 0 blanks and 1 valid
6.5432 	DEBUG 	Uploading Texture Font fontname to graphics card
6.5436 	DEBUG 	Upload of Texture Font fontname complete
6.5518 	DEBUG 	TextBox2 loaded 1 chars with 0 blanks and 1 valid
6.5520 	DEBUG 	Uploading Texture Font fontname to graphics card
6.5529 	DEBUG 	Upload of Texture Font fontname complete
6.5585 	DEBUG 	TextBox2 loaded 1 chars with 0 blanks and 1 valid
6.5587 	DEBUG 	Uploading Texture Font fontname to graphics card
6.5604 	DEBUG 	Upload of Texture Font fontname complete
6.5783 	EXP 	Created rating_vividness = Slider(__class__=<class 'psychopy.visual.slider.Slider'>, autoDraw=False, autoLog=True, borderColor=None, color=None, colorSpace='rgb', depth=0, fillColor=None, flip=False, font='Open Sans', granularity=0.0, labelColor=None, labelHeight=0.05, labelWrapWidth=None, labels=['Not at all', 'Slightly', 'Moderately', 'Very'], lineColor=None, markerColor=None, name='rating_vividness', opacity=None, ori=0.0, pos=array([ 0. , -0.1]), readOnly=True, self=UNKNOWN, size=array([1. , 0.1]), startValue=None, style='rating', styleTweaks=[], ticks=array([1, 2, 3, 4]), units='height', win=Window(...))
6.5858 	EXP 	Created text_rating_question = TextStim(__class__=<class 'psychopy.visual.text.TextStim'>, alignHoriz=method-wrapper(...), alignText='center', alignVert=method-wrapper(...), anchorHoriz='center', anchorVert='center', antialias=True, autoDraw=False, autoLog=True, bold=False, color=array([1., 1., 1.]), colorSpace='rgb', contrast=1.0, depth=-1.0, draggable=False, flipHoriz=False, flipVert=False, font='Arial', fontFiles=[], height=0.05, italic=False, languageStyle='LTR', name='text_rating_question', opacity=1, ori=0.0, pos=array([0. , 0.2]), rgb=UNKNOWN, text='How vivid was your mental simulation?', units='height', win=Window(...), wrapWidth=1)
6.5865 	EXP 	Created block_break_text = TextStim(__class__=<class 'psychopy.visual.text.TextStim'>, alignHoriz=method-wrapper(...), alignText='center', alignVert=method-wrapper(...), anchorHoriz='center', anchorVert='center', antialias=True, autoDraw=False, autoLog=True, bold=False, color=array([1., 1., 1.]), colorSpace='rgb', contrast=1.0, depth=0.0, draggable=False, flipHoriz=False, flipVert=False, font='Arial', fontFiles=[], height=0.05, italic=False, languageStyle='LTR', name='block_break_text', opacity=1, ori=0.0, pos=array([0., 0.]), rgb=UNKNOWN, text='', units='height', win=Window(...), wrapWidth=1)
6.5894 	EXP 	Created end_text = TextStim(__class__=<class 'psychopy.visual.text.TextStim'>, alignHoriz=method-wrapper(...), alignText='center', alignVert=method-wrapper(...), anchorHoriz='center', anchorVert='center', antialias=True, autoDraw=False, autoLog=True, bold=False, color=array([1., 1., 1.]), colorSpace='rgb', contrast=1.0, depth=0.0, draggable=False, flipHoriz=False, flipVert=False, font='Arial', fontFiles=[], height=0.05, italic=False, languageStyle='LTR', name='end_text', opacity=1, ori=0.0, pos=array([0., 0.]), rgb=UNKNOWN, text='Thank you text ', units='height', win=Window(...), wrapWidth=1)
0.0169 	EXP 	rating_vividness: autoLog = True
0.0169 	EXP 	rating_vividness: styleTweaks = []
0.0169 	EXP 	rating_vividness: styleTweaks = []
0.0169 	EXP 	rating_vividness: styleTweaks = []
0.0169 	EXP 	rating_vividness: styleTweaks = []
0.0169 	EXP 	rating_vividness: contrast = 1.0
0.0169 	EXP 	rating_vividness: markerPos = None
0.0169 	EXP 	rating_vividness: autoLog = True
0.0504 	INFO 	Keyboard events cleared
0.0502 	EXP 	task_instr_text: height = 0.05
0.0502 	EXP 	task_instr_text: height = 0.05
0.0502 	EXP 	task_instr_text: height = 0.05
0.0502 	EXP 	task_instr_text: text = 'Un indice apparaîtra pour vous guider dans la mentalisation de la séquence: si vous voyez "1 - 4", imaginez les images dans cet ordre de 1 à 4 ; si "4 - 1", imaginez-les de 4 à 1. Ensuite, une image sera présenté et vous devrez décider si elle fait partie de la séquence que vous venez de visualiser mentalement : appuyez sur 2 si elle en fait partie, et sur 1 sinon. Après votre réponse, évaluez la vivacité de votre mentalisation sur une échelle de 1 à 5, où 1 signifie "Très peu vive" et 5 "Très vive". Appuyez sur la barre espace pour commencer.'
0.0502 	EXP 	task_instr_text: autoDraw = True
0.5384 	DEBUG 	Read csv file with pandas: conditions/p1_mental_sim_conditions.csv
0.5390 	DEBUG 	Clearing unnamed columns from conditions/p1_mental_sim_conditions.csv
0.5401 	EXP 	Imported conditions/p1_mental_sim_conditions.csv as conditions, 96 conditions, 5 params
0.5405 	EXP 	New trial (rep=0, index=0): <Trial 0 (0 in rep 0) data={'block': 3, 'cue_direction': 'backward', 'cue_text': '<- 4', 'probe_image_file': 'stimuli/zebra_lure.png', 'correct_response': 1, 'thisN': 0, 'thisTrialN': 0, 'thisRepN': 0}>
0.5550 	DATA 	Keypress: space
0.5621 	EXP 	task_instr_text: autoDraw = False
0.5621 	EXP 	cue_stim: height = 0.05
0.5621 	EXP 	cue_stim: height = 0.05
0.5621 	EXP 	cue_stim: height = 0.05
0.5621 	EXP 	cue_stim: text = '<- 4'
0.5621 	EXP 	probe_image: image = 'stimuli/zebra_lure.png'
0.5621 	EXP 	cue_stim: autoDraw = True
2.5377 	EXP 	fixation_stim: autoDraw = True
2.5709 	EXP 	cue_stim: autoDraw = False
12.5369 	EXP 	fixation_stim: autoDraw = False
13.7377 	INFO 	Keyboard events cleared
13.7374 	EXP 	probe_image: autoDraw = True
15.3396 	DATA 	Keypress: escape
15.4064 	EXP 	cued_mental_stim: status = STOPPED
15.4201 	EXP 	probe_image: autoDraw = False
15.4222 	EXP 	cued_mental_stim: status = STOPPED
15.4496 	INFO 	saved data to 'E:\\replay_pilot_eeg\\replay_pilot\\data/sub-001/cued_mental_stim/sub-001_cued_mental_stim_2025-06-10_11h33.18.342.csv'
15.4673 	INFO 	saved data to E:\replay_pilot_eeg\replay_pilot\data/sub-001/cued_mental_stim/sub-001_cued_mental_stim_2025-06-10_11h33.18.342.psydat
15.7933 	DEBUG 	Saving data for cued_mental_stim ExperimentHandler
