2.2830 	WARNING 	Failed to set VLC plugins path. This is only important for MovieStim2 movies (the OpenCV backend)
5.0230 	DEBUG 	Fullscreen settings ignored as running in pilot mode.
5.0235 	INFO 	Loaded monitor calibration from ['2023_05_19 22:50']
5.1431 	EXP 	Created window1 = Window(allowGUI=False, allowStencil=False, autoLog=True, backendConf=UNKNOWN, backgroundFit=<method-wrapper '__getattribute__' of attributeSetter object at 0x000001F2948DFE20>, backgroundImage=<method-wrapper '__getattribute__' of attributeSetter object at 0x000001F2948DFDC0>, bitsMode=UNKNOWN, blendMode='avg', bpc=(8, 8, 8), color=array([0, 0, 0]), colorSpace='rgb', depthBits=8, fullscr=False, gamma=None, gammaErrorPolicy='raise', infoMsg=UNKNOWN, lms=UNKNOWN, monitor=<psychopy.monitors.calibTools.Monitor object at 0x000001F297DB0A30>, multiSample=False, name='window1', numSamples=2, pos=[560.0, 240.0], screen=0, size=array([800, 600]), stencilBits=0, stereo=False, title='PsychoPy', units='height', useFBO=True, useRetina=False, viewOri=0.0, viewPos=None, viewScale=None, waitBlanking=True, winType='pyglet')
5.1432 	EXP 	window1: backgroundImage = ''
5.1432 	EXP 	window1: backgroundFit = 'none'
5.1478 	DEBUG 	TextBox2 loaded 1 chars with 0 blanks and 1 valid
5.1485 	DEBUG 	TextBox2 loaded 1 chars with 0 blanks and 1 valid
5.1492 	DEBUG 	TextBox2 loaded 1 chars with 0 blanks and 1 valid
5.1500 	DEBUG 	TextBox2 loaded 1 chars with 0 blanks and 1 valid
5.1507 	DEBUG 	TextBox2 loaded 1 chars with 0 blanks and 1 valid
5.1513 	DEBUG 	TextBox2 loaded 1 chars with 0 blanks and 1 valid
5.1519 	DEBUG 	TextBox2 loaded 1 chars with 0 blanks and 1 valid
5.1527 	DEBUG 	TextBox2 loaded 1 chars with 0 blanks and 1 valid
5.1532 	DEBUG 	TextBox2 loaded 1 chars with 0 blanks and 1 valid
5.1537 	DEBUG 	TextBox2 loaded 1 chars with 0 blanks and 1 valid
5.1543 	DEBUG 	TextBox2 loaded 1 chars with 0 blanks and 1 valid
5.1550 	DEBUG 	TextBox2 loaded 1 chars with 0 blanks and 1 valid
5.1556 	DEBUG 	TextBox2 loaded 1 chars with 0 blanks and 1 valid
5.1563 	DEBUG 	TextBox2 loaded 1 chars with 0 blanks and 1 valid
5.1569 	DEBUG 	TextBox2 loaded 1 chars with 0 blanks and 1 valid
5.1576 	DEBUG 	TextBox2 loaded 1 chars with 0 blanks and 1 valid
5.1583 	DEBUG 	TextBox2 loaded 1 chars with 0 blanks and 1 valid
5.1588 	DEBUG 	TextBox2 loaded 1 chars with 0 blanks and 1 valid
5.1593 	DEBUG 	TextBox2 loaded 1 chars with 0 blanks and 1 valid
5.1601 	DEBUG 	TextBox2 loaded 1 chars with 0 blanks and 1 valid
5.1606 	DEBUG 	TextBox2 loaded 1 chars with 0 blanks and 1 valid
5.1609 	DEBUG 	Uploading Texture Font fontname to graphics card
5.1650 	DEBUG 	Upload of Texture Font fontname complete
5.1689 	DEBUG 	TextBox2 loaded 1 chars with 0 blanks and 1 valid
5.1698 	DEBUG 	TextBox2 loaded 1 chars with 0 blanks and 1 valid
5.1706 	DEBUG 	TextBox2 loaded 1 chars with 0 blanks and 1 valid
5.1708 	DEBUG 	Uploading Texture Font fontname to graphics card
5.1714 	DEBUG 	Upload of Texture Font fontname complete
5.1727 	EXP 	window1: Attempting to measure frame rate of screen (0) ...
5.1727 	EXP 	window1: recordFrameIntervals = False
5.3420 	EXP 	window1: recordFrameIntervals = True
5.5255 	EXP 	Screen (0) actual frame rate measured at 60.01Hz
5.5256 	EXP 	window1: recordFrameIntervals = False
5.5320 	DEBUG 	TextBox2 loaded 1 chars with 0 blanks and 1 valid
5.5327 	DEBUG 	TextBox2 loaded 1 chars with 0 blanks and 1 valid
5.5335 	DEBUG 	TextBox2 loaded 1 chars with 0 blanks and 1 valid
5.5344 	DEBUG 	TextBox2 loaded 1 chars with 0 blanks and 1 valid
5.5352 	DEBUG 	TextBox2 loaded 1 chars with 0 blanks and 1 valid
5.5360 	DEBUG 	TextBox2 loaded 1 chars with 0 blanks and 1 valid
5.5365 	DEBUG 	TextBox2 loaded 1 chars with 0 blanks and 1 valid
5.5373 	DEBUG 	TextBox2 loaded 1 chars with 0 blanks and 1 valid
5.5381 	DEBUG 	TextBox2 loaded 1 chars with 0 blanks and 1 valid
5.5392 	DEBUG 	TextBox2 loaded 1 chars with 0 blanks and 1 valid
5.5394 	DEBUG 	Uploading Texture Font fontname to graphics card
5.5400 	DEBUG 	Upload of Texture Font fontname complete
5.5520 	WARNING 	launchHubServer: If using the iohub mouse or eyetracker devices, fullScr should be True.
7.1126 	INFO 	keyboard.Keyboard is using iohub backend.
7.1126 	INFO 	keyboard.Keyboard is using iohub backend.
7.1126 	INFO 	keyboard.Keyboard is using iohub backend.
7.1126 	INFO 	keyboard.Keyboard is using iohub backend.
7.1127 	INFO 	keyboard.Keyboard is using iohub backend.
7.1127 	INFO 	keyboard.Keyboard is using iohub backend.
7.1127 	EXP 	cued_mental_stim: status = STARTED
7.1250 	EXP 	Created task_instr_text = TextStim(__class__=<class 'psychopy.visual.text.TextStim'>, alignHoriz=method-wrapper(...), alignText='center', alignVert=method-wrapper(...), anchorHoriz='center', anchorVert='center', antialias=True, autoDraw=False, autoLog=True, bold=False, color=array([1., 1., 1.]), colorSpace='rgb', contrast=1.0, depth=-1.0, draggable=False, flipHoriz=False, flipVert=False, font='Arial', fontFiles=[], height=0.05, italic=False, languageStyle='LTR', name='task_instr_text', opacity=1, ori=0.0, pos=array([0., 0.]), rgb=UNKNOWN, text='', units='height', win=Window(...), wrapWidth=1)
7.1256 	EXP 	Created cue_stim = TextStim(__class__=<class 'psychopy.visual.text.TextStim'>, alignHoriz=method-wrapper(...), alignText='center', alignVert=method-wrapper(...), anchorHoriz='center', anchorVert='center', antialias=True, autoDraw=False, autoLog=True, bold=False, color=array([1., 1., 1.]), colorSpace='rgb', contrast=1.0, depth=0.0, draggable=False, flipHoriz=False, flipVert=False, font='Arial', fontFiles=[], height=0.05, italic=False, languageStyle='LTR', name='cue_stim', opacity=1, ori=0.0, pos=array([0., 0.]), rgb=UNKNOWN, text='', units='height', win=Window(...), wrapWidth=1)
7.1439 	EXP 	Created fixation_stim = TextStim(__class__=<class 'psychopy.visual.text.TextStim'>, alignHoriz=method-wrapper(...), alignText='center', alignVert=method-wrapper(...), anchorHoriz='center', anchorVert='center', antialias=True, autoDraw=False, autoLog=True, bold=False, color=array([1., 1., 1.]), colorSpace='rgb', contrast=1.0, depth=-1.0, draggable=False, flipHoriz=False, flipVert=False, font='Arial', fontFiles=[], height=0.05, italic=False, languageStyle='LTR', name='fixation_stim', opacity=1, ori=0.0, pos=array([0., 0.]), rgb=UNKNOWN, text='+', units='height', win=Window(...), wrapWidth=1)
7.1507 	EXP 	Created probe_image = ImageStim(__class__=<class 'psychopy.visual.image.ImageStim'>, anchor=('center', 'center'), autoLog=True, color=array([1., 1., 1.]), colorSpace='rgb', contrast=1.0, depth=-2.0, draggable=False, flipHoriz=False, flipVert=False, image='default.png', interpolate=True, mask=None, maskParams=None, name='probe_image', opacity=1, ori=0.0, pos=array([0., 0.]), size=array([0.5, 0.5]), texRes=128.0, units='height', win=Window(...))
7.1615 	DEBUG 	TextBox2 loaded 1 chars with 0 blanks and 1 valid
7.1616 	DEBUG 	Uploading Texture Font fontname to graphics card
7.1621 	DEBUG 	Upload of Texture Font fontname complete
7.1705 	DEBUG 	TextBox2 loaded 1 chars with 0 blanks and 1 valid
7.1706 	DEBUG 	Uploading Texture Font fontname to graphics card
7.1734 	DEBUG 	Upload of Texture Font fontname complete
7.1788 	DEBUG 	TextBox2 loaded 1 chars with 0 blanks and 1 valid
7.1789 	DEBUG 	Uploading Texture Font fontname to graphics card
7.1797 	DEBUG 	Upload of Texture Font fontname complete
7.1947 	EXP 	Created rating_vividness = Slider(__class__=<class 'psychopy.visual.slider.Slider'>, autoDraw=False, autoLog=True, borderColor=None, color=None, colorSpace='rgb', depth=0, fillColor=None, flip=False, font='Open Sans', granularity=0.0, labelColor=None, labelHeight=0.05, labelWrapWidth=None, labels=['Not at all', 'Slightly', 'Moderately', 'Very'], lineColor=None, markerColor=None, name='rating_vividness', opacity=None, ori=0.0, pos=array([ 0. , -0.1]), readOnly=True, self=UNKNOWN, size=array([1. , 0.1]), startValue=None, style='rating', styleTweaks=[], ticks=array([1, 2, 3, 4]), units='height', win=Window(...))
7.2031 	EXP 	Created text_rating_question = TextStim(__class__=<class 'psychopy.visual.text.TextStim'>, alignHoriz=method-wrapper(...), alignText='center', alignVert=method-wrapper(...), anchorHoriz='center', anchorVert='center', antialias=True, autoDraw=False, autoLog=True, bold=False, color=array([1., 1., 1.]), colorSpace='rgb', contrast=1.0, depth=-1.0, draggable=False, flipHoriz=False, flipVert=False, font='Arial', fontFiles=[], height=0.05, italic=False, languageStyle='LTR', name='text_rating_question', opacity=1, ori=0.0, pos=array([0. , 0.2]), rgb=UNKNOWN, text='How vivid was your mental simulation?', units='height', win=Window(...), wrapWidth=1)
7.2038 	EXP 	Created block_break_text = TextStim(__class__=<class 'psychopy.visual.text.TextStim'>, alignHoriz=method-wrapper(...), alignText='center', alignVert=method-wrapper(...), anchorHoriz='center', anchorVert='center', antialias=True, autoDraw=False, autoLog=True, bold=False, color=array([1., 1., 1.]), colorSpace='rgb', contrast=1.0, depth=0.0, draggable=False, flipHoriz=False, flipVert=False, font='Arial', fontFiles=[], height=0.05, italic=False, languageStyle='LTR', name='block_break_text', opacity=1, ori=0.0, pos=array([0., 0.]), rgb=UNKNOWN, text='', units='height', win=Window(...), wrapWidth=1)
7.2068 	EXP 	Created end_text = TextStim(__class__=<class 'psychopy.visual.text.TextStim'>, alignHoriz=method-wrapper(...), alignText='center', alignVert=method-wrapper(...), anchorHoriz='center', anchorVert='center', antialias=True, autoDraw=False, autoLog=True, bold=False, color=array([1., 1., 1.]), colorSpace='rgb', contrast=1.0, depth=0.0, draggable=False, flipHoriz=False, flipVert=False, font='Arial', fontFiles=[], height=0.05, italic=False, languageStyle='LTR', name='end_text', opacity=1, ori=0.0, pos=array([0., 0.]), rgb=UNKNOWN, text='Thank you text ', units='height', win=Window(...), wrapWidth=1)
0.0192 	EXP 	rating_vividness: autoLog = True
0.0192 	EXP 	rating_vividness: styleTweaks = []
0.0192 	EXP 	rating_vividness: styleTweaks = []
0.0192 	EXP 	rating_vividness: styleTweaks = []
0.0192 	EXP 	rating_vividness: styleTweaks = []
0.0192 	EXP 	rating_vividness: contrast = 1.0
0.0192 	EXP 	rating_vividness: markerPos = None
0.0192 	EXP 	rating_vividness: autoLog = True
0.0514 	INFO 	Keyboard events cleared
0.0512 	EXP 	task_instr_text: height = 0.05
0.0512 	EXP 	task_instr_text: height = 0.05
0.0512 	EXP 	task_instr_text: height = 0.05
0.0512 	EXP 	task_instr_text: text = 'Un indice apparaîtra pour vous guider dans la mentalisation de la séquence: si vous voyez "1 - 4", imaginez les images dans cet ordre de 1 à 4 ; si "4 - 1", imaginez-les de 4 à 1. Ensuite, une image sera présenté et vous devrez décider si elle fait partie de la séquence que vous venez de visualiser mentalement : appuyez sur 2 si elle en fait partie, et sur 1 sinon. Après votre réponse, évaluez la vivacité de votre mentalisation sur une échelle de 1 à 5, où 1 signifie "Très peu vive" et 5 "Très vive". Appuyez sur la barre espace pour commencer.'
0.0512 	EXP 	task_instr_text: autoDraw = True
1.9682 	DEBUG 	Read csv file with pandas: conditions/p1_mental_sim_conditions.csv
1.9688 	DEBUG 	Clearing unnamed columns from conditions/p1_mental_sim_conditions.csv
1.9701 	EXP 	Imported conditions/p1_mental_sim_conditions.csv as conditions, 96 conditions, 5 params
1.9705 	EXP 	New trial (rep=0, index=0): <Trial 0 (0 in rep 0) data={'block': 1, 'cue_direction': 'forward', 'cue_text': '1 ->', 'probe_image': 'stimuli/scissor.png', 'correct_response': 2, 'thisN': 0, 'thisTrialN': 0, 'thisRepN': 0}>
1.9722 	DEPRECATION 	Couldn't make sense of requested image.
2.0218 	DEBUG 	Saving data for cued_mental_stim ExperimentHandler
2.0379 	INFO 	saved data to E:\replay_pilot_eeg\replay_pilot\data/sub-001/cued_mental_stim/sub-001_cued_mental_stim_2025-06-10_11h28.44.656.psydat
2.0555 	INFO 	saved data to 'E:\\replay_pilot_eeg\\replay_pilot\\data/sub-001/cued_mental_stim/sub-001_cued_mental_stim_2025-06-10_11h28.44.656.csv'
