3.1806 	DEBUG 	Fullscreen settings ignored as running in pilot mode.
3.1812 	INFO 	Loaded monitor calibration from ['2025_05_21 13:58']
3.4561 	EXP 	Created window1 = Window(allowGUI=False, allowStencil=False, autoLog=True, backendConf=UNKNOWN, backgroundFit=<method-wrapper '__getattribute__' of attributeSetter object at 0x000001A585CD3400>, backgroundImage=<method-wrapper '__getattribute__' of attributeSetter object at 0x000001A585CD3DC0>, bitsMode=UNKNOWN, blendMode='avg', bpc=(8, 8, 8), color=array([0, 0, 0]), colorSpace='rgb', depthBits=8, fullscr=False, gamma=None, gammaErrorPolicy='raise', infoMsg=UNKNOWN, lms=UNKNOWN, monitor=<psychopy.monitors.calibTools.Monitor object at 0x000001A585D74910>, multiSample=False, name='window1', numSamples=2, pos=[560.0, 240.0], screen=0, size=array([800, 600]), stencilBits=0, stereo=False, title='PsychoPy', units='height', useFBO=True, useRetina=False, viewOri=0.0, viewPos=None, viewScale=None, waitBlanking=True, winType='pyglet')
3.4561 	EXP 	window1: backgroundImage = ''
3.4561 	EXP 	window1: backgroundFit = 'none'
3.4599 	DEBUG 	TextBox2 loaded 1 chars with 0 blanks and 1 valid
3.4604 	DEBUG 	TextBox2 loaded 1 chars with 0 blanks and 1 valid
3.4607 	DEBUG 	TextBox2 loaded 1 chars with 0 blanks and 1 valid
3.4612 	DEBUG 	TextBox2 loaded 1 chars with 0 blanks and 1 valid
3.4619 	DEBUG 	TextBox2 loaded 1 chars with 0 blanks and 1 valid
3.4623 	DEBUG 	TextBox2 loaded 1 chars with 0 blanks and 1 valid
3.4627 	DEBUG 	TextBox2 loaded 1 chars with 0 blanks and 1 valid
3.4632 	DEBUG 	TextBox2 loaded 1 chars with 0 blanks and 1 valid
3.4633 	DEBUG 	TextBox2 loaded 1 chars with 0 blanks and 1 valid
3.4635 	DEBUG 	TextBox2 loaded 1 chars with 0 blanks and 1 valid
3.4639 	DEBUG 	TextBox2 loaded 1 chars with 0 blanks and 1 valid
3.4642 	DEBUG 	TextBox2 loaded 1 chars with 0 blanks and 1 valid
3.4645 	DEBUG 	TextBox2 loaded 1 chars with 0 blanks and 1 valid
3.4649 	DEBUG 	TextBox2 loaded 1 chars with 0 blanks and 1 valid
3.4652 	DEBUG 	TextBox2 loaded 1 chars with 0 blanks and 1 valid
3.4656 	DEBUG 	TextBox2 loaded 1 chars with 0 blanks and 1 valid
3.4660 	DEBUG 	TextBox2 loaded 1 chars with 0 blanks and 1 valid
3.4662 	DEBUG 	TextBox2 loaded 1 chars with 0 blanks and 1 valid
3.4664 	DEBUG 	TextBox2 loaded 1 chars with 0 blanks and 1 valid
3.4669 	DEBUG 	TextBox2 loaded 1 chars with 0 blanks and 1 valid
3.4671 	DEBUG 	TextBox2 loaded 1 chars with 0 blanks and 1 valid
3.4673 	DEBUG 	Uploading Texture Font fontname to graphics card
3.4683 	DEBUG 	Upload of Texture Font fontname complete
3.4713 	DEBUG 	TextBox2 loaded 1 chars with 0 blanks and 1 valid
3.4719 	DEBUG 	TextBox2 loaded 1 chars with 0 blanks and 1 valid
3.4724 	DEBUG 	TextBox2 loaded 1 chars with 0 blanks and 1 valid
3.4726 	DEBUG 	Uploading Texture Font fontname to graphics card
3.4730 	DEBUG 	Upload of Texture Font fontname complete
3.4739 	EXP 	window1: Attempting to measure frame rate of screen (0) ...
3.4739 	EXP 	window1: recordFrameIntervals = False
3.5457 	EXP 	window1: recordFrameIntervals = True
3.6223 	EXP 	Screen (0) actual frame rate measured at 143.57Hz
3.6224 	EXP 	window1: recordFrameIntervals = False
3.6259 	DEBUG 	TextBox2 loaded 1 chars with 0 blanks and 1 valid
3.6262 	DEBUG 	TextBox2 loaded 1 chars with 0 blanks and 1 valid
3.6267 	DEBUG 	TextBox2 loaded 1 chars with 0 blanks and 1 valid
3.6272 	DEBUG 	TextBox2 loaded 1 chars with 0 blanks and 1 valid
3.6277 	DEBUG 	TextBox2 loaded 1 chars with 0 blanks and 1 valid
3.6285 	DEBUG 	TextBox2 loaded 1 chars with 0 blanks and 1 valid
3.6288 	DEBUG 	TextBox2 loaded 1 chars with 0 blanks and 1 valid
3.6293 	DEBUG 	TextBox2 loaded 1 chars with 0 blanks and 1 valid
3.6298 	DEBUG 	TextBox2 loaded 1 chars with 0 blanks and 1 valid
3.6303 	DEBUG 	TextBox2 loaded 1 chars with 0 blanks and 1 valid
3.6304 	DEBUG 	Uploading Texture Font fontname to graphics card
3.6307 	DEBUG 	Upload of Texture Font fontname complete
3.6371 	WARNING 	launchHubServer: If using the iohub mouse or eyetracker devices, fullScr should be True.
5.0923 	INFO 	keyboard.Keyboard is using iohub backend.
5.0924 	INFO 	keyboard.Keyboard is using iohub backend.
5.0924 	INFO 	keyboard.Keyboard is using iohub backend.
5.0924 	INFO 	keyboard.Keyboard is using iohub backend.
5.0924 	INFO 	keyboard.Keyboard is using iohub backend.
5.0924 	INFO 	keyboard.Keyboard is using iohub backend.
5.0924 	EXP 	cued_mental_stim: status = STARTED
5.1043 	EXP 	Created task_instr_text = TextStim(__class__=<class 'psychopy.visual.text.TextStim'>, alignHoriz=method-wrapper(...), alignText='center', alignVert=method-wrapper(...), anchorHoriz='center', anchorVert='center', antialias=True, autoDraw=False, autoLog=True, bold=False, color=array([1., 1., 1.]), colorSpace='rgb', contrast=1.0, depth=-1.0, draggable=False, flipHoriz=False, flipVert=False, font='Arial', fontFiles=[], height=0.05, italic=False, languageStyle='LTR', name='task_instr_text', opacity=1, ori=0.0, pos=array([0., 0.]), rgb=UNKNOWN, text='', units='height', win=Window(...), wrapWidth=1)
5.1047 	EXP 	Created cue_stim = TextStim(__class__=<class 'psychopy.visual.text.TextStim'>, alignHoriz=method-wrapper(...), alignText='center', alignVert=method-wrapper(...), anchorHoriz='center', anchorVert='center', antialias=True, autoDraw=False, autoLog=True, bold=False, color=array([1., 1., 1.]), colorSpace='rgb', contrast=1.0, depth=0.0, draggable=False, flipHoriz=False, flipVert=False, font='Arial', fontFiles=[], height=0.05, italic=False, languageStyle='LTR', name='cue_stim', opacity=1, ori=0.0, pos=array([0., 0.]), rgb=UNKNOWN, text='', units='height', win=Window(...), wrapWidth=1)
5.1312 	EXP 	Created fixation_stim = TextStim(__class__=<class 'psychopy.visual.text.TextStim'>, alignHoriz=method-wrapper(...), alignText='center', alignVert=method-wrapper(...), anchorHoriz='center', anchorVert='center', antialias=True, autoDraw=False, autoLog=True, bold=False, color=array([1., 1., 1.]), colorSpace='rgb', contrast=1.0, depth=-1.0, draggable=False, flipHoriz=False, flipVert=False, font='Arial', fontFiles=[], height=0.05, italic=False, languageStyle='LTR', name='fixation_stim', opacity=1, ori=0.0, pos=array([0., 0.]), rgb=UNKNOWN, text='+', units='height', win=Window(...), wrapWidth=1)
5.1342 	EXP 	Created probe_image = ImageStim(__class__=<class 'psychopy.visual.image.ImageStim'>, anchor=('center', 'center'), autoLog=True, color=array([1., 1., 1.]), colorSpace='rgb', contrast=1.0, depth=-2.0, draggable=False, flipHoriz=False, flipVert=False, image='default.png', interpolate=True, mask=None, maskParams=None, name='probe_image', opacity=1, ori=0.0, pos=array([0., 0.]), size=array([0.5, 0.5]), texRes=128.0, units='height', win=Window(...))
5.1420 	DEBUG 	TextBox2 loaded 1 chars with 0 blanks and 1 valid
5.1421 	DEBUG 	Uploading Texture Font fontname to graphics card
5.1424 	DEBUG 	Upload of Texture Font fontname complete
5.1485 	DEBUG 	TextBox2 loaded 1 chars with 0 blanks and 1 valid
5.1487 	DEBUG 	Uploading Texture Font fontname to graphics card
5.1495 	DEBUG 	Upload of Texture Font fontname complete
5.1542 	DEBUG 	TextBox2 loaded 1 chars with 0 blanks and 1 valid
5.1544 	DEBUG 	Uploading Texture Font fontname to graphics card
5.1548 	DEBUG 	Upload of Texture Font fontname complete
5.1662 	EXP 	Created rating_vividness = Slider(__class__=<class 'psychopy.visual.slider.Slider'>, autoDraw=False, autoLog=True, borderColor=None, color=None, colorSpace='rgb', depth=0, fillColor=None, flip=False, font='Open Sans', granularity=0.0, labelColor=None, labelHeight=0.05, labelWrapWidth=None, labels=['Not at all', 'Slightly', 'Moderately', 'Very'], lineColor=None, markerColor=None, name='rating_vividness', opacity=None, ori=0.0, pos=array([ 0. , -0.1]), readOnly=True, self=UNKNOWN, size=array([1. , 0.1]), startValue=None, style='rating', styleTweaks=[], ticks=array([1, 2, 3, 4]), units='height', win=Window(...))
5.1701 	EXP 	Created text_rating_question = TextStim(__class__=<class 'psychopy.visual.text.TextStim'>, alignHoriz=method-wrapper(...), alignText='center', alignVert=method-wrapper(...), anchorHoriz='center', anchorVert='center', antialias=True, autoDraw=False, autoLog=True, bold=False, color=array([1., 1., 1.]), colorSpace='rgb', contrast=1.0, depth=-1.0, draggable=False, flipHoriz=False, flipVert=False, font='Arial', fontFiles=[], height=0.05, italic=False, languageStyle='LTR', name='text_rating_question', opacity=1, ori=0.0, pos=array([0. , 0.2]), rgb=UNKNOWN, text='How vivid was your mental simulation?', units='height', win=Window(...), wrapWidth=1)
5.1706 	EXP 	Created block_break_text = TextStim(__class__=<class 'psychopy.visual.text.TextStim'>, alignHoriz=method-wrapper(...), alignText='center', alignVert=method-wrapper(...), anchorHoriz='center', anchorVert='center', antialias=True, autoDraw=False, autoLog=True, bold=False, color=array([1., 1., 1.]), colorSpace='rgb', contrast=1.0, depth=0.0, draggable=False, flipHoriz=False, flipVert=False, font='Arial', fontFiles=[], height=0.05, italic=False, languageStyle='LTR', name='block_break_text', opacity=1, ori=0.0, pos=array([0., 0.]), rgb=UNKNOWN, text='', units='height', win=Window(...), wrapWidth=1)
5.1724 	EXP 	Created end_text = TextStim(__class__=<class 'psychopy.visual.text.TextStim'>, alignHoriz=method-wrapper(...), alignText='center', alignVert=method-wrapper(...), anchorHoriz='center', anchorVert='center', antialias=True, autoDraw=False, autoLog=True, bold=False, color=array([1., 1., 1.]), colorSpace='rgb', contrast=1.0, depth=0.0, draggable=False, flipHoriz=False, flipVert=False, font='Arial', fontFiles=[], height=0.05, italic=False, languageStyle='LTR', name='end_text', opacity=1, ori=0.0, pos=array([0., 0.]), rgb=UNKNOWN, text='Thank you text ', units='height', win=Window(...), wrapWidth=1)
0.0013 	EXP 	rating_vividness: autoLog = True
0.0013 	EXP 	rating_vividness: styleTweaks = []
0.0013 	EXP 	rating_vividness: styleTweaks = []
0.0013 	EXP 	rating_vividness: styleTweaks = []
0.0013 	EXP 	rating_vividness: styleTweaks = []
0.0013 	EXP 	rating_vividness: contrast = 1.0
0.0013 	EXP 	rating_vividness: markerPos = None
0.0013 	EXP 	rating_vividness: autoLog = True
0.0140 	INFO 	Keyboard events cleared
0.0138 	EXP 	task_instr_text: height = 0.05
0.0138 	EXP 	task_instr_text: height = 0.05
0.0138 	EXP 	task_instr_text: height = 0.05
0.0138 	EXP 	task_instr_text: text = 'Un indice apparaîtra pour vous guider dans la mentalisation de la séquence: si vous voyez "1 - 4", imaginez les images dans cet ordre de 1 à 4 ; si "4 - 1", imaginez-les de 4 à 1. Ensuite, une image sera présenté et vous devrez décider si elle fait partie de la séquence que vous venez de visualiser mentalement : appuyez sur 2 si elle en fait partie, et sur 1 sinon. Après votre réponse, évaluez la vivacité de votre mentalisation sur une échelle de 1 à 5, où 1 signifie "Très peu vive" et 5 "Très vive". Appuyez sur la barre espace pour commencer.'
0.0138 	EXP 	task_instr_text: autoDraw = True
0.4135 	DEBUG 	Read csv file with pandas: conditions/p1_mental_sim_conditions.csv
0.4140 	DEBUG 	Clearing unnamed columns from conditions/p1_mental_sim_conditions.csv
0.4151 	EXP 	Imported conditions/p1_mental_sim_conditions.csv as conditions, 96 conditions, 5 params
0.4154 	EXP 	New trial (rep=0, index=0): <Trial 0 (0 in rep 0) data={'block': 3, 'cue_direction': 'forward', 'cue_text': '1 ->', 'probe_image': 'stimuli/scissor.png', 'correct_response': 2, 'thisN': 0, 'thisTrialN': 0, 'thisRepN': 0}>
0.4177 	DEPRECATION 	Couldn't make sense of requested image.
0.4328 	DEBUG 	Saving data for cued_mental_stim ExperimentHandler
0.4347 	INFO 	saved data to C:\Users\labmp\Desktop\git\replay_pain\replay_pilot\data/sub-001/cued_mental_stim/sub-001_cued_mental_stim_2025-06-10_10h59.48.290.psydat
0.4351 	INFO 	saved data to 'C:\\Users\\labmp\\Desktop\\git\\replay_pain\\replay_pilot\\data/sub-001/cued_mental_stim/sub-001_cued_mental_stim_2025-06-10_10h59.48.290.csv'
