2.3099 	WARNING 	Failed to set VLC plugins path. This is only important for MovieStim2 movies (the OpenCV backend)
4.6896 	DEBUG 	Fullscreen settings ignored as running in pilot mode.
4.6901 	INFO 	Loaded monitor calibration from ['2023_05_19 22:50']
4.7991 	EXP 	Created window1 = Window(allowGUI=False, allowStencil=False, autoLog=True, backendConf=UNKNOWN, backgroundFit=<method-wrapper '__getattribute__' of attributeSetter object at 0x000002161BF880A0>, backgroundImage=<method-wrapper '__getattribute__' of attributeSetter object at 0x000002161BF88040>, bitsMode=UNKNOWN, blendMode='avg', bpc=(8, 8, 8), color=array([0, 0, 0]), colorSpace='rgb', depthBits=8, fullscr=False, gamma=None, gammaErrorPolicy='raise', infoMsg=UNKNOWN, lms=UNKNOWN, monitor=<psychopy.monitors.calibTools.Monitor object at 0x000002161E873C10>, multiSample=False, name='window1', numSamples=2, pos=[560.0, 240.0], screen=0, size=array([800, 600]), stencilBits=0, stereo=False, title='PsychoPy', units='height', useFBO=True, useRetina=False, viewOri=0.0, viewPos=None, viewScale=None, waitBlanking=True, winType='pyglet')
4.7992 	EXP 	window1: backgroundImage = ''
4.7992 	EXP 	window1: backgroundFit = 'none'
4.8035 	DEBUG 	TextBox2 loaded 1 chars with 0 blanks and 1 valid
4.8043 	DEBUG 	TextBox2 loaded 1 chars with 0 blanks and 1 valid
4.8050 	DEBUG 	TextBox2 loaded 1 chars with 0 blanks and 1 valid
4.8059 	DEBUG 	TextBox2 loaded 1 chars with 0 blanks and 1 valid
4.8067 	DEBUG 	TextBox2 loaded 1 chars with 0 blanks and 1 valid
4.8072 	DEBUG 	TextBox2 loaded 1 chars with 0 blanks and 1 valid
4.8079 	DEBUG 	TextBox2 loaded 1 chars with 0 blanks and 1 valid
4.8087 	DEBUG 	TextBox2 loaded 1 chars with 0 blanks and 1 valid
4.8092 	DEBUG 	TextBox2 loaded 1 chars with 0 blanks and 1 valid
4.8096 	DEBUG 	TextBox2 loaded 1 chars with 0 blanks and 1 valid
4.8103 	DEBUG 	TextBox2 loaded 1 chars with 0 blanks and 1 valid
4.8110 	DEBUG 	TextBox2 loaded 1 chars with 0 blanks and 1 valid
4.8116 	DEBUG 	TextBox2 loaded 1 chars with 0 blanks and 1 valid
4.8123 	DEBUG 	TextBox2 loaded 1 chars with 0 blanks and 1 valid
4.8130 	DEBUG 	TextBox2 loaded 1 chars with 0 blanks and 1 valid
4.8136 	DEBUG 	TextBox2 loaded 1 chars with 0 blanks and 1 valid
4.8143 	DEBUG 	TextBox2 loaded 1 chars with 0 blanks and 1 valid
4.8149 	DEBUG 	TextBox2 loaded 1 chars with 0 blanks and 1 valid
4.8155 	DEBUG 	TextBox2 loaded 1 chars with 0 blanks and 1 valid
4.8164 	DEBUG 	TextBox2 loaded 1 chars with 0 blanks and 1 valid
4.8169 	DEBUG 	TextBox2 loaded 1 chars with 0 blanks and 1 valid
4.8172 	DEBUG 	Uploading Texture Font fontname to graphics card
4.8218 	DEBUG 	Upload of Texture Font fontname complete
4.8260 	DEBUG 	TextBox2 loaded 1 chars with 0 blanks and 1 valid
4.8269 	DEBUG 	TextBox2 loaded 1 chars with 0 blanks and 1 valid
4.8277 	DEBUG 	TextBox2 loaded 1 chars with 0 blanks and 1 valid
4.8279 	DEBUG 	Uploading Texture Font fontname to graphics card
4.8287 	DEBUG 	Upload of Texture Font fontname complete
4.8301 	EXP 	window1: Attempting to measure frame rate of screen (0) ...
4.8301 	EXP 	window1: recordFrameIntervals = False
4.9920 	EXP 	window1: recordFrameIntervals = True
5.1739 	EXP 	Screen (0) actual frame rate measured at 60.80Hz
5.1740 	EXP 	window1: recordFrameIntervals = False
5.1785 	DEBUG 	TextBox2 loaded 1 chars with 0 blanks and 1 valid
5.1791 	DEBUG 	TextBox2 loaded 1 chars with 0 blanks and 1 valid
5.1798 	DEBUG 	TextBox2 loaded 1 chars with 0 blanks and 1 valid
5.1807 	DEBUG 	TextBox2 loaded 1 chars with 0 blanks and 1 valid
5.1814 	DEBUG 	TextBox2 loaded 1 chars with 0 blanks and 1 valid
5.1823 	DEBUG 	TextBox2 loaded 1 chars with 0 blanks and 1 valid
5.1828 	DEBUG 	TextBox2 loaded 1 chars with 0 blanks and 1 valid
5.1836 	DEBUG 	TextBox2 loaded 1 chars with 0 blanks and 1 valid
5.1844 	DEBUG 	TextBox2 loaded 1 chars with 0 blanks and 1 valid
5.1851 	DEBUG 	TextBox2 loaded 1 chars with 0 blanks and 1 valid
5.1853 	DEBUG 	Uploading Texture Font fontname to graphics card
5.1857 	DEBUG 	Upload of Texture Font fontname complete
5.1983 	WARNING 	launchHubServer: If using the iohub mouse or eyetracker devices, fullScr should be True.
6.7528 	INFO 	keyboard.Keyboard is using iohub backend.
6.7529 	INFO 	keyboard.Keyboard is using iohub backend.
6.7529 	INFO 	keyboard.Keyboard is using iohub backend.
6.7529 	INFO 	keyboard.Keyboard is using iohub backend.
6.7529 	INFO 	keyboard.Keyboard is using iohub backend.
6.7529 	INFO 	keyboard.Keyboard is using iohub backend.
6.7529 	INFO 	keyboard.Keyboard is using iohub backend.
6.7530 	INFO 	keyboard.Keyboard is using iohub backend.
6.7530 	EXP 	learn_probe: status = STARTED
8.4144 	DEBUG 	RCS received 'O:OK'
8.9634 	INFO 	RCS Recorder app is now OPEN
9.0204 	INFO 	RCS Recorder State is now IDLE
9.0444 	DEBUG 	RCS received 'VM:2'
9.0958 	INFO 	RCS Acq is now STOPPED
11.0764 	DEBUG 	RCS received '1:C:/Users/labmp-eeg/Desktop/antoine_cognitivemaps/antoine_cognitivemaps.rwksp:OK'
11.0883 	DEBUG 	RCS received '3:sub-001_2025-06-10_11h43.27.533:OK'
11.0944 	DEBUG 	RCS received '2:cmapsfuncloc:OK'
20.3043 	INFO 	RCS Recorder State is now MONITORING
20.3563 	DEBUG 	RCS received 'M:OK'
20.7157 	INFO 	RCS Acq is now RUNNING
22.7622 	EXP 	Created instructions_main = TextStim(__class__=<class 'psychopy.visual.text.TextStim'>, alignHoriz=method-wrapper(...), alignText='center', alignVert=method-wrapper(...), anchorHoriz='center', anchorVert='center', antialias=True, autoDraw=False, autoLog=True, bold=False, color=array([1., 1., 1.]), colorSpace='rgb', contrast=1.0, depth=-1.0, draggable=False, flipHoriz=False, flipVert=False, font='Arial', fontFiles=[], height=0.05, italic=False, languageStyle='LTR', name='instructions_main', opacity=1, ori=0.0, pos=array([0., 0.]), rgb=UNKNOWN, text='Add instructions here\n\nspace to end', units='height', win=Window(...), wrapWidth=1)
22.7666 	EXP 	Created eeg_start_text = TextStim(__class__=<class 'psychopy.visual.text.TextStim'>, alignHoriz=method-wrapper(...), alignText='center', alignVert=method-wrapper(...), anchorHoriz='center', anchorVert='center', antialias=True, autoDraw=False, autoLog=True, bold=False, color=array([1., 1., 1.]), colorSpace='rgb', contrast=1.0, depth=0.0, draggable=False, flipHoriz=False, flipVert=False, font='Arial', fontFiles=[], height=0.05, italic=False, languageStyle='LTR', name='eeg_start_text', opacity=1, ori=0.0, pos=array([0., 0.]), rgb=UNKNOWN, text='Vérifier EEG', units='height', win=Window(...), wrapWidth=1)
22.7982 	DEBUG 	RCS received 'S:OK'
22.8843 	INFO 	RCS Recorder State is now RECORDING
22.8938 	EXP 	Created text = TextStim(__class__=<class 'psychopy.visual.text.TextStim'>, alignHoriz=method-wrapper(...), alignText='center', alignVert=method-wrapper(...), anchorHoriz='center', anchorVert='center', antialias=True, autoDraw=False, autoLog=True, bold=False, color=array([1., 1., 1.]), colorSpace='rgb', contrast=1.0, depth=0.0, draggable=False, flipHoriz=False, flipVert=False, font='Arial', fontFiles=[], height=0.05, italic=False, languageStyle='LTR', name='text', opacity=1, ori=0.0, pos=array([0., 0.]), rgb=UNKNOWN, text='', units='height', win=Window(...), wrapWidth=1)
22.8997 	EXP 	Created fix_learn_cross = TextStim(__class__=<class 'psychopy.visual.text.TextStim'>, alignHoriz=method-wrapper(...), alignText='center', alignVert=method-wrapper(...), anchorHoriz='center', anchorVert='center', antialias=True, autoDraw=False, autoLog=True, bold=False, color=array([1., 1., 1.]), colorSpace='rgb', contrast=1.0, depth=0.0, draggable=False, flipHoriz=False, flipVert=False, font='Arial', fontFiles=[], height=0.05, italic=False, languageStyle='LTR', name='fix_learn_cross', opacity=1, ori=0.0, pos=array([0., 0.]), rgb=UNKNOWN, text='+', units='height', win=Window(...), wrapWidth=1)
22.9081 	EXP 	Created first_of_pair = ImageStim(__class__=<class 'psychopy.visual.image.ImageStim'>, anchor=('center', 'center'), autoLog=True, color=array([1., 1., 1.]), colorSpace='rgb', contrast=1.0, depth=-1.0, draggable=False, flipHoriz=False, flipVert=False, image='default.png', interpolate=True, mask=None, maskParams=None, name='first_of_pair', opacity=1, ori=0.0, pos=array([0., 0.]), size=array([0.5, 0.5]), texRes=128.0, units='height', win=Window(...))
22.9088 	EXP 	Created break_random = TextStim(__class__=<class 'psychopy.visual.text.TextStim'>, alignHoriz=method-wrapper(...), alignText='center', alignVert=method-wrapper(...), anchorHoriz='center', anchorVert='center', antialias=True, autoDraw=False, autoLog=True, bold=False, color=array([1., 1., 1.]), colorSpace='rgb', contrast=1.0, depth=-2.0, draggable=False, flipHoriz=False, flipVert=False, font='Arial', fontFiles=[], height=0.05, italic=False, languageStyle='LTR', name='break_random', opacity=1, ori=0.0, pos=array([0., 0.]), rgb=UNKNOWN, text='', units='height', win=Window(...), wrapWidth=1)
22.9134 	EXP 	Created second_of_pair = ImageStim(__class__=<class 'psychopy.visual.image.ImageStim'>, anchor=('center', 'center'), autoLog=True, color=array([1., 1., 1.]), colorSpace='rgb', contrast=1.0, depth=0.0, draggable=False, flipHoriz=False, flipVert=False, image='default.png', interpolate=True, mask=None, maskParams=None, name='second_of_pair', opacity=1, ori=0.0, pos=array([0., 0.]), size=array([0.5, 0.5]), texRes=128.0, units='height', win=Window(...))
22.9141 	EXP 	Created five_s_break = TextStim(__class__=<class 'psychopy.visual.text.TextStim'>, alignHoriz=method-wrapper(...), alignText='center', alignVert=method-wrapper(...), anchorHoriz='center', anchorVert='center', antialias=True, autoDraw=False, autoLog=True, bold=False, color=array([1., 1., 1.]), colorSpace='rgb', contrast=1.0, depth=0.0, draggable=False, flipHoriz=False, flipVert=False, font='Arial', fontFiles=[], height=0.05, italic=False, languageStyle='LTR', name='five_s_break', opacity=1, ori=0.0, pos=array([0., 0.]), rgb=UNKNOWN, text='', units='height', win=Window(...), wrapWidth=1)
22.9237 	EXP 	Created probe_instr_text = TextStim(__class__=<class 'psychopy.visual.text.TextStim'>, alignHoriz=method-wrapper(...), alignText='center', alignVert=method-wrapper(...), anchorHoriz='center', anchorVert='center', antialias=True, autoDraw=False, autoLog=True, bold=False, color=array([1., 1., 1.]), colorSpace='rgb', contrast=1.0, depth=0.0, draggable=False, flipHoriz=False, flipVert=False, font='Arial', fontFiles=[], height=0.05, italic=False, languageStyle='LTR', name='probe_instr_text', opacity=1, ori=0.0, pos=array([0., 0.]), rgb=UNKNOWN, text=str(...), units='height', win=Window(...), wrapWidth=1)
22.9295 	EXP 	Created probe_cue_1 = ImageStim(__class__=<class 'psychopy.visual.image.ImageStim'>, anchor=('center', 'center'), autoLog=True, color=array([1., 1., 1.]), colorSpace='rgb', contrast=1.0, depth=0.0, draggable=False, flipHoriz=False, flipVert=False, image='default.png', interpolate=True, mask=None, maskParams=None, name='probe_cue_1', opacity=1, ori=0.0, pos=array([0., 0.]), size=array([0.5, 0.5]), texRes=128.0, units='height', win=Window(...))
22.9301 	EXP 	Created imagination_woot = TextStim(__class__=<class 'psychopy.visual.text.TextStim'>, alignHoriz=method-wrapper(...), alignText='center', alignVert=method-wrapper(...), anchorHoriz='center', anchorVert='center', antialias=True, autoDraw=False, autoLog=True, bold=False, color=array([1., 1., 1.]), colorSpace='rgb', contrast=1.0, depth=-1.0, draggable=False, flipHoriz=False, flipVert=False, font='Arial', fontFiles=[], height=0.05, italic=False, languageStyle='LTR', name='imagination_woot', opacity=1, ori=0.0, pos=array([0., 0.]), rgb=UNKNOWN, text='', units='height', win=Window(...), wrapWidth=1)
22.9351 	EXP 	Created prob_test_img = ImageStim(__class__=<class 'psychopy.visual.image.ImageStim'>, anchor=('center', 'center'), autoLog=True, color=array([1., 1., 1.]), colorSpace='rgb', contrast=1.0, depth=0.0, draggable=False, flipHoriz=False, flipVert=False, image='default.png', interpolate=True, mask=None, maskParams=None, name='prob_test_img', opacity=1, ori=0.0, pos=array([0., 0.]), size=array([0.5, 0.5]), texRes=128.0, units='height', win=Window(...))
22.9372 	EXP 	Created text_4 = TextStim(__class__=<class 'psychopy.visual.text.TextStim'>, alignHoriz=method-wrapper(...), alignText='center', alignVert=method-wrapper(...), anchorHoriz='center', anchorVert='center', antialias=True, autoDraw=False, autoLog=True, bold=False, color=array([1., 1., 1.]), colorSpace='rgb', contrast=1.0, depth=-2.0, draggable=False, flipHoriz=False, flipVert=False, font='Arial', fontFiles=[], height=0.05, italic=False, languageStyle='LTR', name='text_4', opacity=1, ori=0.0, pos=array([0., 0.]), rgb=UNKNOWN, text='answer', units='height', win=Window(...), wrapWidth=1)
22.9377 	EXP 	Created text_2 = TextStim(__class__=<class 'psychopy.visual.text.TextStim'>, alignHoriz=method-wrapper(...), alignText='center', alignVert=method-wrapper(...), anchorHoriz='center', anchorVert='center', antialias=True, autoDraw=False, autoLog=True, bold=False, color=array([1., 1., 1.]), colorSpace='rgb', contrast=1.0, depth=-1.0, draggable=False, flipHoriz=False, flipVert=False, font='Arial', fontFiles=[], height=0.05, italic=False, languageStyle='LTR', name='text_2', opacity=1, ori=0.0, pos=array([0., 0.]), rgb=UNKNOWN, text='', units='height', win=Window(...), wrapWidth=1)
22.9410 	EXP 	Created text_3 = TextStim(__class__=<class 'psychopy.visual.text.TextStim'>, alignHoriz=method-wrapper(...), alignText='center', alignVert=method-wrapper(...), anchorHoriz='center', anchorVert='center', antialias=True, autoDraw=False, autoLog=True, bold=False, color=array([1., 1., 1.]), colorSpace='rgb', contrast=1.0, depth=0.0, draggable=False, flipHoriz=False, flipVert=False, font='Arial', fontFiles=[], height=0.05, italic=False, languageStyle='LTR', name='text_3', opacity=1, ori=0.0, pos=array([0., 0.]), rgb=UNKNOWN, text='End of block text\n\nSpace to quit', units='height', win=Window(...), wrapWidth=1)
22.9440 	EXP 	Created text_end = TextStim(__class__=<class 'psychopy.visual.text.TextStim'>, alignHoriz=method-wrapper(...), alignText='center', alignVert=method-wrapper(...), anchorHoriz='center', anchorVert='center', antialias=True, autoDraw=False, autoLog=True, bold=False, color=array([1., 1., 1.]), colorSpace='rgb', contrast=1.0, depth=0.0, draggable=False, flipHoriz=False, flipVert=False, font='Arial', fontFiles=[], height=0.05, italic=False, languageStyle='LTR', name='text_end', opacity=1, ori=0.0, pos=array([0., 0.]), rgb=UNKNOWN, text='Thank you for participating! ', units='height', win=Window(...), wrapWidth=1)
0.0330 	INFO 	Keyboard events cleared
0.0324 	EXP 	instructions_main: autoDraw = True
4.7722 	DATA 	Keypress: space
4.7831 	INFO 	Keyboard events cleared
4.7827 	EXP 	instructions_main: autoDraw = False
4.7827 	EXP 	eeg_start_text: autoDraw = True
6.3186 	EXP 	New trial (rep=0, index=0): <Trial 0 (0 in rep 0) data={'thisN': 0, 'thisTrialN': 0, 'thisRepN': 0}>
6.3221 	DATA 	Keypress: space
6.3332 	INFO 	Keyboard events cleared
6.3328 	EXP 	eeg_start_text: autoDraw = False
6.3328 	EXP 	text: height = 0.05
6.3328 	EXP 	text: height = 0.05
6.3328 	EXP 	text: height = 0.05
6.3328 	EXP 	text: text = 'add learning instr here'
6.3328 	EXP 	text: autoDraw = True
7.4039 	DEBUG 	Read csv file with pandas: conditions_learning/learning_conditions_1.csv
7.4048 	DEBUG 	Clearing unnamed columns from conditions_learning/learning_conditions_1.csv
7.4050 	EXP 	Imported conditions_learning/learning_conditions_1.csv as conditions, 3 conditions, 3 params
7.4052 	EXP 	New trial (rep=0, index=0): <Trial 0 (0 in rep 0) data={'pair_name': 'B_C', 'stim1_img': 'stimuli/zebra.png', 'stim2_img': 'stimuli/banana.png', 'thisN': 0, 'thisTrialN': 0, 'thisRepN': 0}>
7.4064 	DATA 	Keypress: space
7.4157 	EXP 	text: autoDraw = False
7.4157 	EXP 	fix_learn_cross: autoDraw = True
7.7243 	EXP 	Created unnamed Rect = Rect(__class__=<class 'psychopy.visual.rect.Rect'>, anchor=('center', 'center'), autoDraw=False, autoLog=True, closeShape=True, color=method-wrapper(...), colorSpace='rgb', contrast=None, depth=0, draggable=False, fillColor=array([1, 1, 1]), fillColorSpace='rgb', fillRGB=array([1, 1, 1]), interpolate=True, lineColor=array([1., 1., 1.]), lineColorSpace='rgb', lineRGB=array([1, 1, 1]), lineWidth=1.5, name='unnamed Rect', opacity=1, ori=0.0, pos=array([-375., -275.]), size=array([50., 50.]), units='pix', vertices=ndarray(...), win=Window(...))
7.7338 	EXP 	fix_learn_cross: autoDraw = False
7.7338 	EXP 	first_of_pair: image = 'stimuli/zebra.png'
7.7338 	EXP 	first_of_pair: autoDraw = True
7.7338 	EXP 	unnamed Rect: autoDraw = True
7.7492 	EXP 	unnamed Rect: autoDraw = True
7.7671 	EXP 	unnamed Rect: autoDraw = True
7.7827 	EXP 	unnamed Rect: autoDraw = True
7.7995 	EXP 	unnamed Rect: autoDraw = True
7.8162 	EXP 	unnamed Rect: autoDraw = True
7.8332 	EXP 	unnamed Rect: autoDraw = True
7.8493 	EXP 	unnamed Rect: autoDraw = True
7.8701 	EXP 	unnamed Rect: autoDraw = True
7.8835 	EXP 	unnamed Rect: autoDraw = True
7.8995 	EXP 	unnamed Rect: autoDraw = True
7.9161 	EXP 	unnamed Rect: autoDraw = True
7.9326 	EXP 	unnamed Rect: autoDraw = True
7.9484 	EXP 	unnamed Rect: autoDraw = True
7.9660 	EXP 	unnamed Rect: autoDraw = True
7.9828 	EXP 	unnamed Rect: autoDraw = True
7.9988 	EXP 	unnamed Rect: autoDraw = True
8.0157 	EXP 	unnamed Rect: autoDraw = True
8.0327 	EXP 	unnamed Rect: autoDraw = True
8.0488 	EXP 	unnamed Rect: autoDraw = True
8.0656 	EXP 	unnamed Rect: autoDraw = True
8.0826 	EXP 	unnamed Rect: autoDraw = True
8.0986 	EXP 	unnamed Rect: autoDraw = True
8.1150 	EXP 	unnamed Rect: autoDraw = True
8.1324 	EXP 	unnamed Rect: autoDraw = True
8.1489 	EXP 	unnamed Rect: autoDraw = True
8.1656 	EXP 	unnamed Rect: autoDraw = True
8.1824 	EXP 	unnamed Rect: autoDraw = True
8.1986 	EXP 	unnamed Rect: autoDraw = True
8.2151 	EXP 	unnamed Rect: autoDraw = True
8.2325 	EXP 	unnamed Rect: autoDraw = True
8.2495 	EXP 	unnamed Rect: autoDraw = True
8.2659 	EXP 	unnamed Rect: autoDraw = True
8.2823 	EXP 	unnamed Rect: autoDraw = True
8.2986 	EXP 	unnamed Rect: autoDraw = True
8.3156 	EXP 	unnamed Rect: autoDraw = True
8.3329 	EXP 	unnamed Rect: autoDraw = True
8.3494 	EXP 	unnamed Rect: autoDraw = True
8.3658 	EXP 	unnamed Rect: autoDraw = True
8.3822 	EXP 	unnamed Rect: autoDraw = True
8.3994 	EXP 	unnamed Rect: autoDraw = True
8.4162 	EXP 	unnamed Rect: autoDraw = True
8.4325 	EXP 	unnamed Rect: autoDraw = True
8.4491 	EXP 	unnamed Rect: autoDraw = True
8.4656 	EXP 	unnamed Rect: autoDraw = True
8.4827 	EXP 	unnamed Rect: autoDraw = True
8.4989 	EXP 	unnamed Rect: autoDraw = True
8.5157 	EXP 	unnamed Rect: autoDraw = True
8.5318 	EXP 	unnamed Rect: autoDraw = True
8.5489 	EXP 	unnamed Rect: autoDraw = True
8.5658 	EXP 	unnamed Rect: autoDraw = True
8.5826 	EXP 	unnamed Rect: autoDraw = True
8.5986 	EXP 	unnamed Rect: autoDraw = True
8.6159 	EXP 	unnamed Rect: autoDraw = True
8.6328 	EXP 	unnamed Rect: autoDraw = True
8.6488 	EXP 	unnamed Rect: autoDraw = True
8.6660 	EXP 	unnamed Rect: autoDraw = True
8.6827 	EXP 	unnamed Rect: autoDraw = True
8.6985 	EXP 	unnamed Rect: autoDraw = True
8.7153 	EXP 	unnamed Rect: autoDraw = True
8.7323 	EXP 	unnamed Rect: autoDraw = True
8.7495 	EXP 	unnamed Rect: autoDraw = True
8.7656 	EXP 	unnamed Rect: autoDraw = True
8.7825 	EXP 	unnamed Rect: autoDraw = True
8.7991 	EXP 	unnamed Rect: autoDraw = True
8.8156 	EXP 	unnamed Rect: autoDraw = True
8.8327 	EXP 	unnamed Rect: autoDraw = True
8.8492 	EXP 	unnamed Rect: autoDraw = True
8.8657 	EXP 	unnamed Rect: autoDraw = True
8.8858 	EXP 	unnamed Rect: autoDraw = True
8.9003 	EXP 	unnamed Rect: autoDraw = True
8.9157 	EXP 	unnamed Rect: autoDraw = True
8.9319 	EXP 	unnamed Rect: autoDraw = True
8.9486 	EXP 	unnamed Rect: autoDraw = True
8.9659 	EXP 	unnamed Rect: autoDraw = True
8.9825 	EXP 	unnamed Rect: autoDraw = True
8.9990 	EXP 	unnamed Rect: autoDraw = True
9.0156 	EXP 	unnamed Rect: autoDraw = True
9.0325 	EXP 	unnamed Rect: autoDraw = True
9.0480 	EXP 	unnamed Rect: autoDraw = True
9.0661 	EXP 	unnamed Rect: autoDraw = True
9.0823 	EXP 	unnamed Rect: autoDraw = True
9.0991 	EXP 	unnamed Rect: autoDraw = True
9.1154 	EXP 	unnamed Rect: autoDraw = True
9.1323 	EXP 	unnamed Rect: autoDraw = True
9.1492 	EXP 	unnamed Rect: autoDraw = True
9.1665 	EXP 	unnamed Rect: autoDraw = True
9.1830 	EXP 	unnamed Rect: autoDraw = True
9.1995 	EXP 	unnamed Rect: autoDraw = True
9.2178 	EXP 	first_of_pair: autoDraw = False
9.2178 	EXP 	unnamed Rect: autoDraw = False
9.2178 	EXP 	break_random: text = ''
9.2178 	EXP 	break_random: autoDraw = True
11.2795 	EXP 	Created unnamed Rect = Rect(__class__=<class 'psychopy.visual.rect.Rect'>, anchor=('center', 'center'), autoDraw=False, autoLog=True, closeShape=True, color=method-wrapper(...), colorSpace='rgb', contrast=None, depth=0, draggable=False, fillColor=array([1, 1, 1]), fillColorSpace='rgb', fillRGB=array([1, 1, 1]), interpolate=True, lineColor=array([1., 1., 1.]), lineColorSpace='rgb', lineRGB=array([1, 1, 1]), lineWidth=1.5, name='unnamed Rect', opacity=1, ori=0.0, pos=array([-375., -275.]), size=array([50., 50.]), units='pix', vertices=ndarray(...), win=Window(...))
11.2990 	EXP 	break_random: autoDraw = False
11.2990 	EXP 	break_random: autoDraw = False
11.2990 	EXP 	second_of_pair: image = 'stimuli/banana.png'
11.2990 	EXP 	second_of_pair: autoDraw = True
11.2990 	EXP 	unnamed Rect: autoDraw = True
11.3158 	EXP 	unnamed Rect: autoDraw = True
11.3323 	EXP 	unnamed Rect: autoDraw = True
11.3493 	EXP 	unnamed Rect: autoDraw = True
11.3661 	EXP 	unnamed Rect: autoDraw = True
11.3827 	EXP 	unnamed Rect: autoDraw = True
11.3989 	EXP 	unnamed Rect: autoDraw = True
11.4158 	EXP 	unnamed Rect: autoDraw = True
11.4323 	EXP 	unnamed Rect: autoDraw = True
11.4490 	EXP 	unnamed Rect: autoDraw = True
11.4656 	EXP 	unnamed Rect: autoDraw = True
11.4824 	EXP 	unnamed Rect: autoDraw = True
11.4987 	EXP 	unnamed Rect: autoDraw = True
11.5157 	EXP 	unnamed Rect: autoDraw = True
11.5327 	EXP 	unnamed Rect: autoDraw = True
11.5489 	EXP 	unnamed Rect: autoDraw = True
11.5658 	EXP 	unnamed Rect: autoDraw = True
11.5826 	EXP 	unnamed Rect: autoDraw = True
11.5990 	EXP 	unnamed Rect: autoDraw = True
11.6158 	EXP 	unnamed Rect: autoDraw = True
11.6325 	EXP 	unnamed Rect: autoDraw = True
11.6485 	EXP 	unnamed Rect: autoDraw = True
11.6652 	EXP 	unnamed Rect: autoDraw = True
11.6821 	EXP 	unnamed Rect: autoDraw = True
11.6994 	EXP 	unnamed Rect: autoDraw = True
11.7159 	EXP 	unnamed Rect: autoDraw = True
11.7318 	EXP 	unnamed Rect: autoDraw = True
11.7480 	EXP 	unnamed Rect: autoDraw = True
11.7656 	EXP 	unnamed Rect: autoDraw = True
11.7823 	EXP 	unnamed Rect: autoDraw = True
11.7992 	EXP 	unnamed Rect: autoDraw = True
11.8158 	EXP 	unnamed Rect: autoDraw = True
11.8318 	EXP 	unnamed Rect: autoDraw = True
11.8493 	EXP 	unnamed Rect: autoDraw = True
11.8656 	EXP 	unnamed Rect: autoDraw = True
11.8866 	EXP 	unnamed Rect: autoDraw = True
11.8999 	EXP 	unnamed Rect: autoDraw = True
11.9161 	EXP 	unnamed Rect: autoDraw = True
11.9327 	EXP 	unnamed Rect: autoDraw = True
11.9494 	EXP 	unnamed Rect: autoDraw = True
11.9662 	EXP 	unnamed Rect: autoDraw = True
11.9825 	EXP 	unnamed Rect: autoDraw = True
11.9995 	EXP 	unnamed Rect: autoDraw = True
12.0159 	EXP 	unnamed Rect: autoDraw = True
12.0329 	EXP 	unnamed Rect: autoDraw = True
12.0497 	EXP 	unnamed Rect: autoDraw = True
12.0660 	EXP 	unnamed Rect: autoDraw = True
12.0830 	EXP 	unnamed Rect: autoDraw = True
12.0997 	EXP 	unnamed Rect: autoDraw = True
12.1173 	EXP 	unnamed Rect: autoDraw = True
12.1331 	EXP 	unnamed Rect: autoDraw = True
12.1504 	EXP 	unnamed Rect: autoDraw = True
12.1675 	EXP 	unnamed Rect: autoDraw = True
12.1826 	EXP 	unnamed Rect: autoDraw = True
12.1991 	EXP 	unnamed Rect: autoDraw = True
12.2158 	EXP 	unnamed Rect: autoDraw = True
12.2328 	EXP 	unnamed Rect: autoDraw = True
12.2498 	EXP 	unnamed Rect: autoDraw = True
12.2661 	EXP 	unnamed Rect: autoDraw = True
12.2829 	EXP 	unnamed Rect: autoDraw = True
12.2989 	EXP 	unnamed Rect: autoDraw = True
12.3161 	EXP 	unnamed Rect: autoDraw = True
12.3331 	EXP 	unnamed Rect: autoDraw = True
12.3499 	EXP 	unnamed Rect: autoDraw = True
12.3661 	EXP 	unnamed Rect: autoDraw = True
12.3828 	EXP 	unnamed Rect: autoDraw = True
12.3995 	EXP 	unnamed Rect: autoDraw = True
12.4170 	EXP 	unnamed Rect: autoDraw = True
12.4328 	EXP 	unnamed Rect: autoDraw = True
12.4492 	EXP 	unnamed Rect: autoDraw = True
12.4655 	EXP 	unnamed Rect: autoDraw = True
12.4828 	EXP 	unnamed Rect: autoDraw = True
12.4992 	EXP 	unnamed Rect: autoDraw = True
12.5155 	EXP 	unnamed Rect: autoDraw = True
12.5323 	EXP 	unnamed Rect: autoDraw = True
12.5490 	EXP 	unnamed Rect: autoDraw = True
12.5655 	EXP 	unnamed Rect: autoDraw = True
12.5823 	EXP 	unnamed Rect: autoDraw = True
12.5996 	EXP 	unnamed Rect: autoDraw = True
12.6162 	EXP 	unnamed Rect: autoDraw = True
12.6336 	EXP 	unnamed Rect: autoDraw = True
12.6491 	EXP 	unnamed Rect: autoDraw = True
12.6656 	EXP 	unnamed Rect: autoDraw = True
12.6825 	EXP 	unnamed Rect: autoDraw = True
12.6993 	EXP 	unnamed Rect: autoDraw = True
12.7159 	EXP 	unnamed Rect: autoDraw = True
12.7326 	EXP 	unnamed Rect: autoDraw = True
12.7509 	EXP 	unnamed Rect: autoDraw = True
12.7660 	EXP 	unnamed Rect: autoDraw = True
12.7819 	EXP 	second_of_pair: autoDraw = False
12.7819 	EXP 	unnamed Rect: autoDraw = False
12.7819 	EXP 	five_s_break: autoDraw = True
17.7673 	EXP 	New trial (rep=0, index=1): <Trial 1 (1 in rep 0) data={'pair_name': 'C_D', 'stim1_img': 'stimuli/banana.png', 'stim2_img': 'stimuli/face.png', 'thisN': 1, 'thisTrialN': 1, 'thisRepN': 0}>
17.7820 	EXP 	five_s_break: autoDraw = False
17.7820 	EXP 	five_s_break: autoDraw = False
17.7820 	EXP 	fix_learn_cross: autoDraw = True
18.0744 	EXP 	Created unnamed Rect = Rect(__class__=<class 'psychopy.visual.rect.Rect'>, anchor=('center', 'center'), autoDraw=False, autoLog=True, closeShape=True, color=method-wrapper(...), colorSpace='rgb', contrast=None, depth=0, draggable=False, fillColor=array([1, 1, 1]), fillColorSpace='rgb', fillRGB=array([1, 1, 1]), interpolate=True, lineColor=array([1., 1., 1.]), lineColorSpace='rgb', lineRGB=array([1, 1, 1]), lineWidth=1.5, name='unnamed Rect', opacity=1, ori=0.0, pos=array([-375., -275.]), size=array([50., 50.]), units='pix', vertices=ndarray(...), win=Window(...))
18.0862 	EXP 	fix_learn_cross: autoDraw = False
18.0862 	EXP 	first_of_pair: image = 'stimuli/banana.png'
18.0862 	EXP 	first_of_pair: autoDraw = True
18.0862 	EXP 	unnamed Rect: autoDraw = True
18.0989 	EXP 	unnamed Rect: autoDraw = True
18.1160 	EXP 	unnamed Rect: autoDraw = True
18.1323 	EXP 	unnamed Rect: autoDraw = True
18.1492 	EXP 	unnamed Rect: autoDraw = True
18.1651 	EXP 	unnamed Rect: autoDraw = True
18.1827 	EXP 	unnamed Rect: autoDraw = True
18.1987 	EXP 	unnamed Rect: autoDraw = True
18.2152 	EXP 	unnamed Rect: autoDraw = True
18.2324 	EXP 	unnamed Rect: autoDraw = True
18.2490 	EXP 	unnamed Rect: autoDraw = True
18.2651 	EXP 	unnamed Rect: autoDraw = True
18.2831 	EXP 	unnamed Rect: autoDraw = True
18.2990 	EXP 	unnamed Rect: autoDraw = True
18.3155 	EXP 	unnamed Rect: autoDraw = True
18.3324 	EXP 	unnamed Rect: autoDraw = True
18.3494 	EXP 	unnamed Rect: autoDraw = True
18.3658 	EXP 	unnamed Rect: autoDraw = True
18.3826 	EXP 	unnamed Rect: autoDraw = True
18.3991 	EXP 	unnamed Rect: autoDraw = True
18.4151 	EXP 	unnamed Rect: autoDraw = True
18.4314 	EXP 	unnamed Rect: autoDraw = True
18.4488 	EXP 	unnamed Rect: autoDraw = True
18.4650 	EXP 	unnamed Rect: autoDraw = True
18.4820 	EXP 	unnamed Rect: autoDraw = True
18.4987 	EXP 	unnamed Rect: autoDraw = True
18.5176 	EXP 	unnamed Rect: autoDraw = True
18.5322 	EXP 	unnamed Rect: autoDraw = True
18.5487 	EXP 	unnamed Rect: autoDraw = True
18.5661 	EXP 	unnamed Rect: autoDraw = True
18.5819 	EXP 	unnamed Rect: autoDraw = True
18.5986 	EXP 	unnamed Rect: autoDraw = True
18.6155 	EXP 	unnamed Rect: autoDraw = True
18.6320 	EXP 	unnamed Rect: autoDraw = True
18.6489 	EXP 	unnamed Rect: autoDraw = True
18.6654 	EXP 	unnamed Rect: autoDraw = True
18.6828 	EXP 	unnamed Rect: autoDraw = True
18.6987 	EXP 	unnamed Rect: autoDraw = True
18.7154 	EXP 	unnamed Rect: autoDraw = True
18.7327 	EXP 	unnamed Rect: autoDraw = True
18.7495 	EXP 	unnamed Rect: autoDraw = True
18.7645 	EXP 	unnamed Rect: autoDraw = True
18.7847 	EXP 	unnamed Rect: autoDraw = True
18.7996 	EXP 	unnamed Rect: autoDraw = True
18.8156 	EXP 	unnamed Rect: autoDraw = True
18.8321 	EXP 	unnamed Rect: autoDraw = True
18.8487 	EXP 	unnamed Rect: autoDraw = True
18.8660 	EXP 	unnamed Rect: autoDraw = True
18.8868 	EXP 	unnamed Rect: autoDraw = True
18.9001 	EXP 	unnamed Rect: autoDraw = True
18.9159 	EXP 	unnamed Rect: autoDraw = True
18.9329 	EXP 	unnamed Rect: autoDraw = True
18.9491 	EXP 	unnamed Rect: autoDraw = True
18.9657 	EXP 	unnamed Rect: autoDraw = True
18.9823 	EXP 	unnamed Rect: autoDraw = True
18.9994 	EXP 	unnamed Rect: autoDraw = True
19.0183 	EXP 	unnamed Rect: autoDraw = True
19.0330 	EXP 	unnamed Rect: autoDraw = True
19.0490 	EXP 	unnamed Rect: autoDraw = True
19.0658 	EXP 	unnamed Rect: autoDraw = True
19.0822 	EXP 	unnamed Rect: autoDraw = True
19.0994 	EXP 	unnamed Rect: autoDraw = True
19.1177 	EXP 	unnamed Rect: autoDraw = True
19.1323 	EXP 	unnamed Rect: autoDraw = True
19.1490 	EXP 	unnamed Rect: autoDraw = True
19.1660 	EXP 	unnamed Rect: autoDraw = True
19.1837 	EXP 	unnamed Rect: autoDraw = True
19.1993 	EXP 	unnamed Rect: autoDraw = True
19.2205 	EXP 	unnamed Rect: autoDraw = True
19.2326 	EXP 	unnamed Rect: autoDraw = True
19.2489 	EXP 	unnamed Rect: autoDraw = True
19.2657 	EXP 	unnamed Rect: autoDraw = True
19.2847 	EXP 	unnamed Rect: autoDraw = True
19.2988 	EXP 	unnamed Rect: autoDraw = True
19.3157 	EXP 	unnamed Rect: autoDraw = True
19.3320 	EXP 	unnamed Rect: autoDraw = True
19.3508 	EXP 	unnamed Rect: autoDraw = True
19.3658 	EXP 	unnamed Rect: autoDraw = True
19.3821 	EXP 	unnamed Rect: autoDraw = True
19.3989 	EXP 	unnamed Rect: autoDraw = True
19.4156 	EXP 	unnamed Rect: autoDraw = True
19.4327 	EXP 	unnamed Rect: autoDraw = True
19.4490 	EXP 	unnamed Rect: autoDraw = True
19.4659 	EXP 	unnamed Rect: autoDraw = True
19.4826 	EXP 	unnamed Rect: autoDraw = True
19.4990 	EXP 	unnamed Rect: autoDraw = True
19.5157 	EXP 	unnamed Rect: autoDraw = True
19.5323 	EXP 	unnamed Rect: autoDraw = True
19.5493 	EXP 	unnamed Rect: autoDraw = True
19.5650 	EXP 	unnamed Rect: autoDraw = True
19.5823 	EXP 	unnamed Rect: autoDraw = True
19.5983 	EXP 	first_of_pair: autoDraw = False
19.5983 	EXP 	unnamed Rect: autoDraw = False
19.5983 	EXP 	break_random: text = ''
19.5983 	EXP 	break_random: autoDraw = True
21.4399 	EXP 	Created unnamed Rect = Rect(__class__=<class 'psychopy.visual.rect.Rect'>, anchor=('center', 'center'), autoDraw=False, autoLog=True, closeShape=True, color=method-wrapper(...), colorSpace='rgb', contrast=None, depth=0, draggable=False, fillColor=array([1, 1, 1]), fillColorSpace='rgb', fillRGB=array([1, 1, 1]), interpolate=True, lineColor=array([1., 1., 1.]), lineColorSpace='rgb', lineRGB=array([1, 1, 1]), lineWidth=1.5, name='unnamed Rect', opacity=1, ori=0.0, pos=array([-375., -275.]), size=array([50., 50.]), units='pix', vertices=ndarray(...), win=Window(...))
21.4519 	EXP 	break_random: autoDraw = False
21.4519 	EXP 	break_random: autoDraw = False
21.4519 	EXP 	second_of_pair: image = 'stimuli/face.png'
21.4519 	EXP 	second_of_pair: autoDraw = True
21.4519 	EXP 	unnamed Rect: autoDraw = True
21.4655 	EXP 	unnamed Rect: autoDraw = True
21.4825 	EXP 	unnamed Rect: autoDraw = True
21.4994 	EXP 	unnamed Rect: autoDraw = True
21.5165 	EXP 	unnamed Rect: autoDraw = True
21.5325 	EXP 	unnamed Rect: autoDraw = True
21.5492 	EXP 	unnamed Rect: autoDraw = True
21.5659 	EXP 	unnamed Rect: autoDraw = True
21.5825 	EXP 	unnamed Rect: autoDraw = True
21.5992 	EXP 	unnamed Rect: autoDraw = True
21.6157 	EXP 	unnamed Rect: autoDraw = True
21.6328 	EXP 	unnamed Rect: autoDraw = True
21.6490 	EXP 	unnamed Rect: autoDraw = True
21.6660 	EXP 	unnamed Rect: autoDraw = True
21.6837 	EXP 	unnamed Rect: autoDraw = True
21.6992 	EXP 	unnamed Rect: autoDraw = True
21.7161 	EXP 	unnamed Rect: autoDraw = True
21.7323 	EXP 	unnamed Rect: autoDraw = True
21.7490 	EXP 	unnamed Rect: autoDraw = True
21.7660 	EXP 	unnamed Rect: autoDraw = True
21.7840 	EXP 	unnamed Rect: autoDraw = True
21.7991 	EXP 	unnamed Rect: autoDraw = True
21.8157 	EXP 	unnamed Rect: autoDraw = True
21.8323 	EXP 	unnamed Rect: autoDraw = True
21.8483 	EXP 	unnamed Rect: autoDraw = True
21.8666 	EXP 	unnamed Rect: autoDraw = True
21.8828 	EXP 	unnamed Rect: autoDraw = True
21.8996 	EXP 	unnamed Rect: autoDraw = True
21.9197 	EXP 	unnamed Rect: autoDraw = True
21.9331 	EXP 	unnamed Rect: autoDraw = True
21.9491 	EXP 	unnamed Rect: autoDraw = True
21.9656 	EXP 	unnamed Rect: autoDraw = True
21.9823 	EXP 	unnamed Rect: autoDraw = True
21.9994 	EXP 	unnamed Rect: autoDraw = True
22.0157 	EXP 	unnamed Rect: autoDraw = True
22.0321 	EXP 	unnamed Rect: autoDraw = True
22.0485 	EXP 	unnamed Rect: autoDraw = True
22.0654 	EXP 	unnamed Rect: autoDraw = True
22.0818 	EXP 	unnamed Rect: autoDraw = True
22.0990 	EXP 	unnamed Rect: autoDraw = True
22.1158 	EXP 	unnamed Rect: autoDraw = True
22.1319 	EXP 	unnamed Rect: autoDraw = True
22.1489 	EXP 	unnamed Rect: autoDraw = True
22.1658 	EXP 	unnamed Rect: autoDraw = True
22.1837 	EXP 	unnamed Rect: autoDraw = True
22.1991 	EXP 	unnamed Rect: autoDraw = True
22.2165 	EXP 	unnamed Rect: autoDraw = True
22.2330 	EXP 	unnamed Rect: autoDraw = True
22.2496 	EXP 	unnamed Rect: autoDraw = True
22.2666 	EXP 	unnamed Rect: autoDraw = True
22.2843 	EXP 	unnamed Rect: autoDraw = True
22.2986 	EXP 	unnamed Rect: autoDraw = True
22.3151 	EXP 	unnamed Rect: autoDraw = True
22.3323 	EXP 	unnamed Rect: autoDraw = True
22.3489 	EXP 	unnamed Rect: autoDraw = True
22.3653 	EXP 	unnamed Rect: autoDraw = True
22.3825 	EXP 	unnamed Rect: autoDraw = True
22.3988 	EXP 	unnamed Rect: autoDraw = True
22.4158 	EXP 	unnamed Rect: autoDraw = True
22.4323 	EXP 	unnamed Rect: autoDraw = True
22.4487 	EXP 	unnamed Rect: autoDraw = True
22.4655 	EXP 	unnamed Rect: autoDraw = True
22.4822 	EXP 	unnamed Rect: autoDraw = True
22.4990 	EXP 	unnamed Rect: autoDraw = True
22.5161 	EXP 	unnamed Rect: autoDraw = True
22.5322 	EXP 	unnamed Rect: autoDraw = True
22.5492 	EXP 	unnamed Rect: autoDraw = True
22.5657 	EXP 	unnamed Rect: autoDraw = True
22.5821 	EXP 	unnamed Rect: autoDraw = True
22.5998 	EXP 	unnamed Rect: autoDraw = True
22.6153 	EXP 	unnamed Rect: autoDraw = True
22.6319 	EXP 	unnamed Rect: autoDraw = True
22.6488 	EXP 	unnamed Rect: autoDraw = True
22.6657 	EXP 	unnamed Rect: autoDraw = True
22.6819 	EXP 	unnamed Rect: autoDraw = True
22.6988 	EXP 	unnamed Rect: autoDraw = True
22.7155 	EXP 	unnamed Rect: autoDraw = True
22.7324 	EXP 	unnamed Rect: autoDraw = True
22.7492 	EXP 	unnamed Rect: autoDraw = True
22.7655 	EXP 	unnamed Rect: autoDraw = True
22.7824 	EXP 	unnamed Rect: autoDraw = True
22.7991 	EXP 	unnamed Rect: autoDraw = True
22.8156 	EXP 	unnamed Rect: autoDraw = True
22.8324 	EXP 	unnamed Rect: autoDraw = True
22.8490 	EXP 	unnamed Rect: autoDraw = True
22.8654 	EXP 	unnamed Rect: autoDraw = True
22.8822 	EXP 	unnamed Rect: autoDraw = True
22.8993 	EXP 	unnamed Rect: autoDraw = True
22.9222 	EXP 	unnamed Rect: autoDraw = True
22.9335 	EXP 	unnamed Rect: autoDraw = True
22.9497 	EXP 	unnamed Rect: autoDraw = True
22.9660 	EXP 	second_of_pair: autoDraw = False
22.9660 	EXP 	unnamed Rect: autoDraw = False
22.9660 	EXP 	five_s_break: autoDraw = True
27.9521 	EXP 	New trial (rep=0, index=2): <Trial 2 (2 in rep 0) data={'pair_name': 'A_B', 'stim1_img': 'stimuli/scissor.png', 'stim2_img': 'stimuli/zebra.png', 'thisN': 2, 'thisTrialN': 2, 'thisRepN': 0}>
27.9659 	EXP 	five_s_break: autoDraw = False
27.9659 	EXP 	fix_learn_cross: autoDraw = True
28.2566 	EXP 	Created unnamed Rect = Rect(__class__=<class 'psychopy.visual.rect.Rect'>, anchor=('center', 'center'), autoDraw=False, autoLog=True, closeShape=True, color=method-wrapper(...), colorSpace='rgb', contrast=None, depth=0, draggable=False, fillColor=array([1, 1, 1]), fillColorSpace='rgb', fillRGB=array([1, 1, 1]), interpolate=True, lineColor=array([1., 1., 1.]), lineColorSpace='rgb', lineRGB=array([1, 1, 1]), lineWidth=1.5, name='unnamed Rect', opacity=1, ori=0.0, pos=array([-375., -275.]), size=array([50., 50.]), units='pix', vertices=ndarray(...), win=Window(...))
28.2678 	EXP 	fix_learn_cross: autoDraw = False
28.2678 	EXP 	first_of_pair: image = 'stimuli/scissor.png'
28.2678 	EXP 	first_of_pair: autoDraw = True
28.2678 	EXP 	unnamed Rect: autoDraw = True
28.2825 	EXP 	unnamed Rect: autoDraw = True
28.2987 	EXP 	unnamed Rect: autoDraw = True
28.3157 	EXP 	unnamed Rect: autoDraw = True
28.3324 	EXP 	unnamed Rect: autoDraw = True
28.3489 	EXP 	unnamed Rect: autoDraw = True
28.3653 	EXP 	unnamed Rect: autoDraw = True
28.3828 	EXP 	unnamed Rect: autoDraw = True
28.3991 	EXP 	unnamed Rect: autoDraw = True
28.4155 	EXP 	unnamed Rect: autoDraw = True
28.4318 	EXP 	unnamed Rect: autoDraw = True
28.4495 	EXP 	unnamed Rect: autoDraw = True
28.4659 	EXP 	unnamed Rect: autoDraw = True
28.4828 	EXP 	unnamed Rect: autoDraw = True
28.4989 	EXP 	unnamed Rect: autoDraw = True
28.5169 	EXP 	unnamed Rect: autoDraw = True
28.5321 	EXP 	unnamed Rect: autoDraw = True
28.5486 	EXP 	unnamed Rect: autoDraw = True
28.5656 	EXP 	unnamed Rect: autoDraw = True
28.5821 	EXP 	unnamed Rect: autoDraw = True
28.5984 	EXP 	unnamed Rect: autoDraw = True
28.6155 	EXP 	unnamed Rect: autoDraw = True
28.6325 	EXP 	unnamed Rect: autoDraw = True
28.6487 	EXP 	unnamed Rect: autoDraw = True
28.6656 	EXP 	unnamed Rect: autoDraw = True
28.6816 	EXP 	unnamed Rect: autoDraw = True
28.6982 	EXP 	unnamed Rect: autoDraw = True
28.7155 	EXP 	unnamed Rect: autoDraw = True
28.7317 	EXP 	unnamed Rect: autoDraw = True
28.7489 	EXP 	unnamed Rect: autoDraw = True
28.7647 	EXP 	unnamed Rect: autoDraw = True
28.7820 	EXP 	unnamed Rect: autoDraw = True
28.7983 	EXP 	unnamed Rect: autoDraw = True
28.8178 	EXP 	unnamed Rect: autoDraw = True
28.8321 	EXP 	unnamed Rect: autoDraw = True
28.8487 	EXP 	unnamed Rect: autoDraw = True
28.8653 	EXP 	unnamed Rect: autoDraw = True
28.8819 	EXP 	unnamed Rect: autoDraw = True
28.9032 	EXP 	unnamed Rect: autoDraw = True
28.9165 	EXP 	unnamed Rect: autoDraw = True
28.9327 	EXP 	unnamed Rect: autoDraw = True
28.9492 	EXP 	unnamed Rect: autoDraw = True
28.9672 	EXP 	unnamed Rect: autoDraw = True
28.9832 	EXP 	unnamed Rect: autoDraw = True
28.9988 	EXP 	unnamed Rect: autoDraw = True
29.0151 	EXP 	unnamed Rect: autoDraw = True
29.0320 	EXP 	unnamed Rect: autoDraw = True
29.0493 	EXP 	unnamed Rect: autoDraw = True
29.0656 	EXP 	unnamed Rect: autoDraw = True
29.0821 	EXP 	unnamed Rect: autoDraw = True
29.0986 	EXP 	unnamed Rect: autoDraw = True
29.1158 	EXP 	unnamed Rect: autoDraw = True
29.1321 	EXP 	unnamed Rect: autoDraw = True
29.1487 	EXP 	unnamed Rect: autoDraw = True
29.1654 	EXP 	unnamed Rect: autoDraw = True
29.1824 	EXP 	unnamed Rect: autoDraw = True
29.1987 	EXP 	unnamed Rect: autoDraw = True
29.2159 	EXP 	unnamed Rect: autoDraw = True
29.2319 	EXP 	unnamed Rect: autoDraw = True
29.2486 	EXP 	unnamed Rect: autoDraw = True
29.2654 	EXP 	unnamed Rect: autoDraw = True
29.2821 	EXP 	unnamed Rect: autoDraw = True
29.2981 	EXP 	unnamed Rect: autoDraw = True
29.3152 	EXP 	unnamed Rect: autoDraw = True
29.3326 	EXP 	unnamed Rect: autoDraw = True
29.3487 	EXP 	unnamed Rect: autoDraw = True
29.3654 	EXP 	unnamed Rect: autoDraw = True
29.3819 	EXP 	unnamed Rect: autoDraw = True
29.3987 	EXP 	unnamed Rect: autoDraw = True
29.4154 	EXP 	unnamed Rect: autoDraw = True
29.4320 	EXP 	unnamed Rect: autoDraw = True
29.4488 	EXP 	unnamed Rect: autoDraw = True
29.4657 	EXP 	unnamed Rect: autoDraw = True
29.4821 	EXP 	unnamed Rect: autoDraw = True
29.4985 	EXP 	unnamed Rect: autoDraw = True
29.5150 	EXP 	unnamed Rect: autoDraw = True
29.5322 	EXP 	unnamed Rect: autoDraw = True
29.5494 	EXP 	unnamed Rect: autoDraw = True
29.5655 	EXP 	unnamed Rect: autoDraw = True
29.5825 	EXP 	unnamed Rect: autoDraw = True
29.5994 	EXP 	unnamed Rect: autoDraw = True
29.6158 	EXP 	unnamed Rect: autoDraw = True
29.6324 	EXP 	unnamed Rect: autoDraw = True
29.6487 	EXP 	unnamed Rect: autoDraw = True
29.6655 	EXP 	unnamed Rect: autoDraw = True
29.6814 	EXP 	unnamed Rect: autoDraw = True
29.6985 	EXP 	unnamed Rect: autoDraw = True
29.7155 	EXP 	unnamed Rect: autoDraw = True
29.7338 	EXP 	unnamed Rect: autoDraw = True
29.7486 	EXP 	first_of_pair: autoDraw = False
29.7486 	EXP 	unnamed Rect: autoDraw = False
29.7486 	EXP 	break_random: text = ''
29.7486 	EXP 	break_random: autoDraw = True
31.7884 	EXP 	Created unnamed Rect = Rect(__class__=<class 'psychopy.visual.rect.Rect'>, anchor=('center', 'center'), autoDraw=False, autoLog=True, closeShape=True, color=method-wrapper(...), colorSpace='rgb', contrast=None, depth=0, draggable=False, fillColor=array([1, 1, 1]), fillColorSpace='rgb', fillRGB=array([1, 1, 1]), interpolate=True, lineColor=array([1., 1., 1.]), lineColorSpace='rgb', lineRGB=array([1, 1, 1]), lineWidth=1.5, name='unnamed Rect', opacity=1, ori=0.0, pos=array([-375., -275.]), size=array([50., 50.]), units='pix', vertices=ndarray(...), win=Window(...))
31.8011 	EXP 	break_random: autoDraw = False
31.8011 	EXP 	break_random: autoDraw = False
31.8011 	EXP 	second_of_pair: image = 'stimuli/zebra.png'
31.8011 	EXP 	second_of_pair: autoDraw = True
31.8011 	EXP 	unnamed Rect: autoDraw = True
31.8158 	EXP 	unnamed Rect: autoDraw = True
31.8316 	EXP 	unnamed Rect: autoDraw = True
31.8487 	EXP 	unnamed Rect: autoDraw = True
31.8657 	EXP 	unnamed Rect: autoDraw = True
31.8824 	EXP 	unnamed Rect: autoDraw = True
31.9040 	EXP 	unnamed Rect: autoDraw = True
31.9170 	EXP 	unnamed Rect: autoDraw = True
31.9325 	EXP 	unnamed Rect: autoDraw = True
31.9497 	EXP 	unnamed Rect: autoDraw = True
31.9656 	EXP 	unnamed Rect: autoDraw = True
31.9824 	EXP 	unnamed Rect: autoDraw = True
31.9987 	EXP 	unnamed Rect: autoDraw = True
32.0155 	EXP 	unnamed Rect: autoDraw = True
32.0318 	EXP 	unnamed Rect: autoDraw = True
32.0485 	EXP 	unnamed Rect: autoDraw = True
32.0655 	EXP 	unnamed Rect: autoDraw = True
32.0819 	EXP 	unnamed Rect: autoDraw = True
32.0994 	EXP 	unnamed Rect: autoDraw = True
32.1156 	EXP 	unnamed Rect: autoDraw = True
32.1321 	EXP 	unnamed Rect: autoDraw = True
32.1486 	EXP 	unnamed Rect: autoDraw = True
32.1658 	EXP 	unnamed Rect: autoDraw = True
32.1824 	EXP 	unnamed Rect: autoDraw = True
32.1990 	EXP 	unnamed Rect: autoDraw = True
32.2148 	EXP 	unnamed Rect: autoDraw = True
32.2323 	EXP 	unnamed Rect: autoDraw = True
32.2491 	EXP 	unnamed Rect: autoDraw = True
32.2658 	EXP 	unnamed Rect: autoDraw = True
32.2825 	EXP 	unnamed Rect: autoDraw = True
32.2986 	EXP 	unnamed Rect: autoDraw = True
32.3153 	EXP 	unnamed Rect: autoDraw = True
32.3319 	EXP 	unnamed Rect: autoDraw = True
32.3486 	EXP 	unnamed Rect: autoDraw = True
32.3647 	EXP 	unnamed Rect: autoDraw = True
32.3821 	EXP 	unnamed Rect: autoDraw = True
32.3986 	EXP 	unnamed Rect: autoDraw = True
32.4154 	EXP 	unnamed Rect: autoDraw = True
32.4324 	EXP 	unnamed Rect: autoDraw = True
32.4491 	EXP 	unnamed Rect: autoDraw = True
32.4655 	EXP 	unnamed Rect: autoDraw = True
32.4821 	EXP 	unnamed Rect: autoDraw = True
32.4986 	EXP 	unnamed Rect: autoDraw = True
32.5159 	EXP 	unnamed Rect: autoDraw = True
32.5325 	EXP 	unnamed Rect: autoDraw = True
32.5489 	EXP 	unnamed Rect: autoDraw = True
32.5662 	EXP 	unnamed Rect: autoDraw = True
32.5822 	EXP 	unnamed Rect: autoDraw = True
32.5988 	EXP 	unnamed Rect: autoDraw = True
32.6155 	EXP 	unnamed Rect: autoDraw = True
32.6318 	EXP 	unnamed Rect: autoDraw = True
32.6488 	EXP 	unnamed Rect: autoDraw = True
32.6653 	EXP 	unnamed Rect: autoDraw = True
32.6819 	EXP 	unnamed Rect: autoDraw = True
32.6991 	EXP 	unnamed Rect: autoDraw = True
32.7166 	EXP 	unnamed Rect: autoDraw = True
32.7324 	EXP 	unnamed Rect: autoDraw = True
32.7494 	EXP 	unnamed Rect: autoDraw = True
32.7661 	EXP 	unnamed Rect: autoDraw = True
32.7826 	EXP 	unnamed Rect: autoDraw = True
32.7986 	EXP 	unnamed Rect: autoDraw = True
32.8151 	EXP 	unnamed Rect: autoDraw = True
32.8322 	EXP 	unnamed Rect: autoDraw = True
32.8494 	EXP 	unnamed Rect: autoDraw = True
32.8656 	EXP 	unnamed Rect: autoDraw = True
32.8826 	EXP 	unnamed Rect: autoDraw = True
32.9001 	EXP 	unnamed Rect: autoDraw = True
32.9188 	EXP 	unnamed Rect: autoDraw = True
32.9361 	EXP 	unnamed Rect: autoDraw = True
32.9488 	EXP 	unnamed Rect: autoDraw = True
32.9654 	EXP 	unnamed Rect: autoDraw = True
32.9824 	EXP 	unnamed Rect: autoDraw = True
32.9985 	EXP 	unnamed Rect: autoDraw = True
33.0155 	EXP 	unnamed Rect: autoDraw = True
33.0320 	EXP 	unnamed Rect: autoDraw = True
33.0489 	EXP 	unnamed Rect: autoDraw = True
33.0657 	EXP 	unnamed Rect: autoDraw = True
33.0820 	EXP 	unnamed Rect: autoDraw = True
33.0986 	EXP 	unnamed Rect: autoDraw = True
33.1160 	EXP 	unnamed Rect: autoDraw = True
33.1320 	EXP 	unnamed Rect: autoDraw = True
33.1486 	EXP 	unnamed Rect: autoDraw = True
33.1658 	EXP 	unnamed Rect: autoDraw = True
33.1821 	EXP 	unnamed Rect: autoDraw = True
33.1987 	EXP 	unnamed Rect: autoDraw = True
33.2151 	EXP 	unnamed Rect: autoDraw = True
33.2322 	EXP 	unnamed Rect: autoDraw = True
33.2484 	EXP 	unnamed Rect: autoDraw = True
33.2652 	EXP 	unnamed Rect: autoDraw = True
33.2820 	EXP 	unnamed Rect: autoDraw = True
33.2987 	EXP 	unnamed Rect: autoDraw = True
33.3149 	EXP 	second_of_pair: autoDraw = False
33.3149 	EXP 	unnamed Rect: autoDraw = False
33.3149 	EXP 	five_s_break: autoDraw = True
38.2854 	EXP 	New trial (rep=1, index=0): <Trial 3 (0 in rep 1) data={'pair_name': 'A_B', 'stim1_img': 'stimuli/scissor.png', 'stim2_img': 'stimuli/zebra.png', 'thisN': 3, 'thisTrialN': 0, 'thisRepN': 1}>
38.2989 	EXP 	five_s_break: autoDraw = False
38.2989 	EXP 	fix_learn_cross: autoDraw = True
38.5918 	EXP 	Created unnamed Rect = Rect(__class__=<class 'psychopy.visual.rect.Rect'>, anchor=('center', 'center'), autoDraw=False, autoLog=True, closeShape=True, color=method-wrapper(...), colorSpace='rgb', contrast=None, depth=0, draggable=False, fillColor=array([1, 1, 1]), fillColorSpace='rgb', fillRGB=array([1, 1, 1]), interpolate=True, lineColor=array([1., 1., 1.]), lineColorSpace='rgb', lineRGB=array([1, 1, 1]), lineWidth=1.5, name='unnamed Rect', opacity=1, ori=0.0, pos=array([-375., -275.]), size=array([50., 50.]), units='pix', vertices=ndarray(...), win=Window(...))
38.6004 	EXP 	fix_learn_cross: autoDraw = False
38.6004 	EXP 	first_of_pair: image = 'stimuli/scissor.png'
38.6004 	EXP 	first_of_pair: autoDraw = True
38.6004 	EXP 	unnamed Rect: autoDraw = True
38.6158 	EXP 	unnamed Rect: autoDraw = True
38.6322 	EXP 	unnamed Rect: autoDraw = True
38.6488 	EXP 	unnamed Rect: autoDraw = True
38.6656 	EXP 	unnamed Rect: autoDraw = True
38.6817 	EXP 	unnamed Rect: autoDraw = True
38.6983 	EXP 	unnamed Rect: autoDraw = True
38.7155 	EXP 	unnamed Rect: autoDraw = True
38.7323 	EXP 	unnamed Rect: autoDraw = True
38.7490 	EXP 	unnamed Rect: autoDraw = True
38.7653 	EXP 	unnamed Rect: autoDraw = True
38.7821 	EXP 	unnamed Rect: autoDraw = True
38.7987 	EXP 	unnamed Rect: autoDraw = True
38.8153 	EXP 	unnamed Rect: autoDraw = True
38.8317 	EXP 	unnamed Rect: autoDraw = True
38.8487 	EXP 	unnamed Rect: autoDraw = True
38.8651 	EXP 	unnamed Rect: autoDraw = True
38.8821 	EXP 	unnamed Rect: autoDraw = True
38.8991 	EXP 	unnamed Rect: autoDraw = True
38.9156 	EXP 	unnamed Rect: autoDraw = True
38.9362 	EXP 	unnamed Rect: autoDraw = True
38.9496 	EXP 	unnamed Rect: autoDraw = True
38.9657 	EXP 	unnamed Rect: autoDraw = True
38.9820 	EXP 	unnamed Rect: autoDraw = True
38.9985 	EXP 	unnamed Rect: autoDraw = True
39.0180 	EXP 	unnamed Rect: autoDraw = True
39.0334 	EXP 	unnamed Rect: autoDraw = True
39.0493 	EXP 	unnamed Rect: autoDraw = True
39.0656 	EXP 	unnamed Rect: autoDraw = True
39.0820 	EXP 	unnamed Rect: autoDraw = True
39.0991 	EXP 	unnamed Rect: autoDraw = True
39.1152 	EXP 	unnamed Rect: autoDraw = True
39.1326 	EXP 	unnamed Rect: autoDraw = True
39.1491 	EXP 	unnamed Rect: autoDraw = True
39.1657 	EXP 	unnamed Rect: autoDraw = True
39.1823 	EXP 	unnamed Rect: autoDraw = True
39.1989 	EXP 	unnamed Rect: autoDraw = True
39.2156 	EXP 	unnamed Rect: autoDraw = True
39.2327 	EXP 	unnamed Rect: autoDraw = True
39.2490 	EXP 	unnamed Rect: autoDraw = True
39.2662 	EXP 	unnamed Rect: autoDraw = True
39.2822 	EXP 	unnamed Rect: autoDraw = True
39.2987 	EXP 	unnamed Rect: autoDraw = True
39.3153 	EXP 	unnamed Rect: autoDraw = True
39.3319 	EXP 	unnamed Rect: autoDraw = True
39.3481 	EXP 	unnamed Rect: autoDraw = True
39.3653 	EXP 	unnamed Rect: autoDraw = True
39.3818 	EXP 	unnamed Rect: autoDraw = True
39.3988 	EXP 	unnamed Rect: autoDraw = True
39.4154 	EXP 	unnamed Rect: autoDraw = True
39.4320 	EXP 	unnamed Rect: autoDraw = True
39.4487 	EXP 	unnamed Rect: autoDraw = True
39.4655 	EXP 	unnamed Rect: autoDraw = True
39.4822 	EXP 	unnamed Rect: autoDraw = True
39.4984 	EXP 	unnamed Rect: autoDraw = True
39.5152 	EXP 	unnamed Rect: autoDraw = True
39.5323 	EXP 	unnamed Rect: autoDraw = True
39.5491 	EXP 	unnamed Rect: autoDraw = True
39.5651 	EXP 	unnamed Rect: autoDraw = True
39.5817 	EXP 	unnamed Rect: autoDraw = True
39.5986 	EXP 	unnamed Rect: autoDraw = True
39.6148 	EXP 	unnamed Rect: autoDraw = True
39.6321 	EXP 	unnamed Rect: autoDraw = True
39.6489 	EXP 	unnamed Rect: autoDraw = True
39.6649 	EXP 	unnamed Rect: autoDraw = True
39.6814 	EXP 	unnamed Rect: autoDraw = True
39.6989 	EXP 	unnamed Rect: autoDraw = True
39.7152 	EXP 	unnamed Rect: autoDraw = True
39.7319 	EXP 	unnamed Rect: autoDraw = True
39.7485 	EXP 	unnamed Rect: autoDraw = True
39.7655 	EXP 	unnamed Rect: autoDraw = True
39.7816 	EXP 	unnamed Rect: autoDraw = True
39.7988 	EXP 	unnamed Rect: autoDraw = True
39.8151 	EXP 	unnamed Rect: autoDraw = True
39.8320 	EXP 	unnamed Rect: autoDraw = True
39.8481 	EXP 	unnamed Rect: autoDraw = True
39.8654 	EXP 	unnamed Rect: autoDraw = True
39.8816 	EXP 	unnamed Rect: autoDraw = True
39.8987 	EXP 	unnamed Rect: autoDraw = True
39.9166 	EXP 	unnamed Rect: autoDraw = True
39.9314 	EXP 	unnamed Rect: autoDraw = True
39.9508 	EXP 	unnamed Rect: autoDraw = True
39.9665 	EXP 	unnamed Rect: autoDraw = True
39.9824 	EXP 	unnamed Rect: autoDraw = True
39.9988 	EXP 	unnamed Rect: autoDraw = True
40.0153 	EXP 	unnamed Rect: autoDraw = True
40.0323 	EXP 	unnamed Rect: autoDraw = True
40.0486 	EXP 	unnamed Rect: autoDraw = True
40.0658 	EXP 	unnamed Rect: autoDraw = True
40.0823 	EXP 	unnamed Rect: autoDraw = True
40.0979 	EXP 	first_of_pair: autoDraw = False
40.0979 	EXP 	unnamed Rect: autoDraw = False
40.0979 	EXP 	break_random: text = ''
40.0979 	EXP 	break_random: autoDraw = True
41.1213 	EXP 	Created unnamed Rect = Rect(__class__=<class 'psychopy.visual.rect.Rect'>, anchor=('center', 'center'), autoDraw=False, autoLog=True, closeShape=True, color=method-wrapper(...), colorSpace='rgb', contrast=None, depth=0, draggable=False, fillColor=array([1, 1, 1]), fillColorSpace='rgb', fillRGB=array([1, 1, 1]), interpolate=True, lineColor=array([1., 1., 1.]), lineColorSpace='rgb', lineRGB=array([1, 1, 1]), lineWidth=1.5, name='unnamed Rect', opacity=1, ori=0.0, pos=array([-375., -275.]), size=array([50., 50.]), units='pix', vertices=ndarray(...), win=Window(...))
41.1342 	EXP 	break_random: autoDraw = False
41.1342 	EXP 	break_random: autoDraw = False
41.1342 	EXP 	second_of_pair: image = 'stimuli/zebra.png'
41.1342 	EXP 	second_of_pair: autoDraw = True
41.1342 	EXP 	unnamed Rect: autoDraw = True
41.1488 	EXP 	unnamed Rect: autoDraw = True
41.1650 	EXP 	unnamed Rect: autoDraw = True
41.1815 	EXP 	unnamed Rect: autoDraw = True
41.1988 	EXP 	unnamed Rect: autoDraw = True
41.2149 	EXP 	unnamed Rect: autoDraw = True
41.2319 	EXP 	unnamed Rect: autoDraw = True
41.2484 	EXP 	unnamed Rect: autoDraw = True
41.2653 	EXP 	unnamed Rect: autoDraw = True
41.2821 	EXP 	unnamed Rect: autoDraw = True
41.2983 	EXP 	unnamed Rect: autoDraw = True
41.3152 	EXP 	unnamed Rect: autoDraw = True
41.3324 	EXP 	unnamed Rect: autoDraw = True
41.3488 	EXP 	unnamed Rect: autoDraw = True
41.3652 	EXP 	unnamed Rect: autoDraw = True
41.3829 	EXP 	unnamed Rect: autoDraw = True
41.3989 	EXP 	unnamed Rect: autoDraw = True
41.4157 	EXP 	unnamed Rect: autoDraw = True
41.4319 	EXP 	unnamed Rect: autoDraw = True
41.4486 	EXP 	unnamed Rect: autoDraw = True
41.4652 	EXP 	unnamed Rect: autoDraw = True
41.4821 	EXP 	unnamed Rect: autoDraw = True
41.4986 	EXP 	unnamed Rect: autoDraw = True
41.5155 	EXP 	unnamed Rect: autoDraw = True
41.5319 	EXP 	unnamed Rect: autoDraw = True
41.5487 	EXP 	unnamed Rect: autoDraw = True
41.5658 	EXP 	unnamed Rect: autoDraw = True
41.5820 	EXP 	unnamed Rect: autoDraw = True
41.5989 	EXP 	unnamed Rect: autoDraw = True
41.6152 	EXP 	unnamed Rect: autoDraw = True
41.6313 	EXP 	unnamed Rect: autoDraw = True
41.6488 	EXP 	unnamed Rect: autoDraw = True
41.6659 	EXP 	unnamed Rect: autoDraw = True
41.6819 	EXP 	unnamed Rect: autoDraw = True
41.6988 	EXP 	unnamed Rect: autoDraw = True
41.7145 	EXP 	unnamed Rect: autoDraw = True
41.7320 	EXP 	unnamed Rect: autoDraw = True
41.7487 	EXP 	unnamed Rect: autoDraw = True
41.7654 	EXP 	unnamed Rect: autoDraw = True
41.7820 	EXP 	unnamed Rect: autoDraw = True
41.7988 	EXP 	unnamed Rect: autoDraw = True
41.8155 	EXP 	unnamed Rect: autoDraw = True
41.8320 	EXP 	unnamed Rect: autoDraw = True
41.8485 	EXP 	unnamed Rect: autoDraw = True
41.8656 	EXP 	unnamed Rect: autoDraw = True
41.8813 	EXP 	unnamed Rect: autoDraw = True
41.8988 	EXP 	unnamed Rect: autoDraw = True
41.9163 	EXP 	unnamed Rect: autoDraw = True
41.9319 	EXP 	unnamed Rect: autoDraw = True
41.9540 	EXP 	unnamed Rect: autoDraw = True
41.9666 	EXP 	unnamed Rect: autoDraw = True
41.9820 	EXP 	unnamed Rect: autoDraw = True
41.9987 	EXP 	unnamed Rect: autoDraw = True
42.0153 	EXP 	unnamed Rect: autoDraw = True
42.0320 	EXP 	unnamed Rect: autoDraw = True
42.0489 	EXP 	unnamed Rect: autoDraw = True
42.0653 	EXP 	unnamed Rect: autoDraw = True
42.0827 	EXP 	unnamed Rect: autoDraw = True
42.1000 	EXP 	unnamed Rect: autoDraw = True
42.1159 	EXP 	unnamed Rect: autoDraw = True
42.1328 	EXP 	unnamed Rect: autoDraw = True
42.1493 	EXP 	unnamed Rect: autoDraw = True
42.1650 	EXP 	unnamed Rect: autoDraw = True
42.1824 	EXP 	unnamed Rect: autoDraw = True
42.1987 	EXP 	unnamed Rect: autoDraw = True
42.2157 	EXP 	unnamed Rect: autoDraw = True
42.2339 	EXP 	unnamed Rect: autoDraw = True
42.2491 	EXP 	unnamed Rect: autoDraw = True
42.2655 	EXP 	unnamed Rect: autoDraw = True
42.2822 	EXP 	unnamed Rect: autoDraw = True
42.2999 	EXP 	unnamed Rect: autoDraw = True
42.3158 	EXP 	unnamed Rect: autoDraw = True
42.3337 	EXP 	unnamed Rect: autoDraw = True
42.3484 	EXP 	unnamed Rect: autoDraw = True
42.3653 	EXP 	unnamed Rect: autoDraw = True
42.3842 	EXP 	unnamed Rect: autoDraw = True
42.3990 	EXP 	unnamed Rect: autoDraw = True
42.4156 	EXP 	unnamed Rect: autoDraw = True
42.4323 	EXP 	unnamed Rect: autoDraw = True
42.4491 	EXP 	unnamed Rect: autoDraw = True
42.4658 	EXP 	unnamed Rect: autoDraw = True
42.4827 	EXP 	unnamed Rect: autoDraw = True
42.4989 	EXP 	unnamed Rect: autoDraw = True
42.5156 	EXP 	unnamed Rect: autoDraw = True
42.5322 	EXP 	unnamed Rect: autoDraw = True
42.5487 	EXP 	unnamed Rect: autoDraw = True
42.5656 	EXP 	unnamed Rect: autoDraw = True
42.5820 	EXP 	unnamed Rect: autoDraw = True
42.5985 	EXP 	unnamed Rect: autoDraw = True
42.6154 	EXP 	unnamed Rect: autoDraw = True
42.6327 	EXP 	second_of_pair: autoDraw = False
42.6327 	EXP 	unnamed Rect: autoDraw = False
42.6327 	EXP 	five_s_break: autoDraw = True
47.6332 	EXP 	New trial (rep=1, index=1): <Trial 4 (1 in rep 1) data={'pair_name': 'C_D', 'stim1_img': 'stimuli/banana.png', 'stim2_img': 'stimuli/face.png', 'thisN': 4, 'thisTrialN': 1, 'thisRepN': 1}>
47.6486 	EXP 	five_s_break: autoDraw = False
47.6486 	EXP 	fix_learn_cross: autoDraw = True
47.9379 	EXP 	Created unnamed Rect = Rect(__class__=<class 'psychopy.visual.rect.Rect'>, anchor=('center', 'center'), autoDraw=False, autoLog=True, closeShape=True, color=method-wrapper(...), colorSpace='rgb', contrast=None, depth=0, draggable=False, fillColor=array([1, 1, 1]), fillColorSpace='rgb', fillRGB=array([1, 1, 1]), interpolate=True, lineColor=array([1., 1., 1.]), lineColorSpace='rgb', lineRGB=array([1, 1, 1]), lineWidth=1.5, name='unnamed Rect', opacity=1, ori=0.0, pos=array([-375., -275.]), size=array([50., 50.]), units='pix', vertices=ndarray(...), win=Window(...))
47.9503 	EXP 	fix_learn_cross: autoDraw = False
47.9503 	EXP 	first_of_pair: image = 'stimuli/banana.png'
47.9503 	EXP 	first_of_pair: autoDraw = True
47.9503 	EXP 	unnamed Rect: autoDraw = True
47.9709 	EXP 	unnamed Rect: autoDraw = True
47.9834 	EXP 	unnamed Rect: autoDraw = True
47.9990 	EXP 	unnamed Rect: autoDraw = True
48.0147 	EXP 	unnamed Rect: autoDraw = True
48.0312 	EXP 	unnamed Rect: autoDraw = True
48.0484 	EXP 	unnamed Rect: autoDraw = True
48.0651 	EXP 	unnamed Rect: autoDraw = True
48.0819 	EXP 	unnamed Rect: autoDraw = True
48.0991 	EXP 	unnamed Rect: autoDraw = True
48.1149 	EXP 	unnamed Rect: autoDraw = True
48.1315 	EXP 	unnamed Rect: autoDraw = True
48.1490 	EXP 	unnamed Rect: autoDraw = True
48.1658 	EXP 	unnamed Rect: autoDraw = True
48.1819 	EXP 	unnamed Rect: autoDraw = True
48.1985 	EXP 	unnamed Rect: autoDraw = True
48.2154 	EXP 	unnamed Rect: autoDraw = True
48.2334 	EXP 	unnamed Rect: autoDraw = True
48.2498 	EXP 	unnamed Rect: autoDraw = True
48.2663 	EXP 	unnamed Rect: autoDraw = True
48.2826 	EXP 	unnamed Rect: autoDraw = True
48.2985 	EXP 	unnamed Rect: autoDraw = True
48.3156 	EXP 	unnamed Rect: autoDraw = True
48.3317 	EXP 	unnamed Rect: autoDraw = True
48.3484 	EXP 	unnamed Rect: autoDraw = True
48.3651 	EXP 	unnamed Rect: autoDraw = True
48.3820 	EXP 	unnamed Rect: autoDraw = True
48.3984 	EXP 	unnamed Rect: autoDraw = True
48.4168 	EXP 	unnamed Rect: autoDraw = True
48.4328 	EXP 	unnamed Rect: autoDraw = True
48.4495 	EXP 	unnamed Rect: autoDraw = True
48.4653 	EXP 	unnamed Rect: autoDraw = True
48.4818 	EXP 	unnamed Rect: autoDraw = True
48.4989 	EXP 	unnamed Rect: autoDraw = True
48.5148 	EXP 	unnamed Rect: autoDraw = True
48.5321 	EXP 	unnamed Rect: autoDraw = True
48.5486 	EXP 	unnamed Rect: autoDraw = True
48.5656 	EXP 	unnamed Rect: autoDraw = True
48.5820 	EXP 	unnamed Rect: autoDraw = True
48.5995 	EXP 	unnamed Rect: autoDraw = True
48.6157 	EXP 	unnamed Rect: autoDraw = True
48.6321 	EXP 	unnamed Rect: autoDraw = True
48.6492 	EXP 	unnamed Rect: autoDraw = True
48.6655 	EXP 	unnamed Rect: autoDraw = True
48.6832 	EXP 	unnamed Rect: autoDraw = True
48.6990 	EXP 	unnamed Rect: autoDraw = True
48.7154 	EXP 	unnamed Rect: autoDraw = True
48.7320 	EXP 	unnamed Rect: autoDraw = True
48.7483 	EXP 	unnamed Rect: autoDraw = True
48.7659 	EXP 	unnamed Rect: autoDraw = True
48.7820 	EXP 	unnamed Rect: autoDraw = True
48.7990 	EXP 	unnamed Rect: autoDraw = True
48.8156 	EXP 	unnamed Rect: autoDraw = True
48.8316 	EXP 	unnamed Rect: autoDraw = True
48.8485 	EXP 	unnamed Rect: autoDraw = True
48.8648 	EXP 	unnamed Rect: autoDraw = True
48.8820 	EXP 	unnamed Rect: autoDraw = True
48.8985 	EXP 	unnamed Rect: autoDraw = True
48.9150 	EXP 	unnamed Rect: autoDraw = True
48.9321 	EXP 	unnamed Rect: autoDraw = True
48.9488 	EXP 	unnamed Rect: autoDraw = True
48.9695 	EXP 	unnamed Rect: autoDraw = True
48.9831 	EXP 	unnamed Rect: autoDraw = True
48.9985 	EXP 	unnamed Rect: autoDraw = True
49.0143 	EXP 	unnamed Rect: autoDraw = True
49.0316 	EXP 	unnamed Rect: autoDraw = True
49.0488 	EXP 	unnamed Rect: autoDraw = True
49.0645 	EXP 	unnamed Rect: autoDraw = True
49.0817 	EXP 	unnamed Rect: autoDraw = True
49.0983 	EXP 	unnamed Rect: autoDraw = True
49.1147 	EXP 	unnamed Rect: autoDraw = True
49.1315 	EXP 	unnamed Rect: autoDraw = True
49.1486 	EXP 	unnamed Rect: autoDraw = True
49.1650 	EXP 	unnamed Rect: autoDraw = True
49.1822 	EXP 	unnamed Rect: autoDraw = True
49.1997 	EXP 	unnamed Rect: autoDraw = True
49.2158 	EXP 	unnamed Rect: autoDraw = True
49.2322 	EXP 	unnamed Rect: autoDraw = True
49.2488 	EXP 	unnamed Rect: autoDraw = True
49.2660 	EXP 	unnamed Rect: autoDraw = True
49.2835 	EXP 	unnamed Rect: autoDraw = True
49.2991 	EXP 	unnamed Rect: autoDraw = True
49.3153 	EXP 	unnamed Rect: autoDraw = True
49.3321 	EXP 	unnamed Rect: autoDraw = True
49.3486 	EXP 	unnamed Rect: autoDraw = True
49.3653 	EXP 	unnamed Rect: autoDraw = True
49.3816 	EXP 	unnamed Rect: autoDraw = True
49.3986 	EXP 	unnamed Rect: autoDraw = True
49.4149 	EXP 	unnamed Rect: autoDraw = True
49.4319 	EXP 	unnamed Rect: autoDraw = True
49.4477 	EXP 	first_of_pair: autoDraw = False
49.4477 	EXP 	unnamed Rect: autoDraw = False
49.4477 	EXP 	break_random: text = ''
49.4477 	EXP 	break_random: autoDraw = True
51.5217 	EXP 	Created unnamed Rect = Rect(__class__=<class 'psychopy.visual.rect.Rect'>, anchor=('center', 'center'), autoDraw=False, autoLog=True, closeShape=True, color=method-wrapper(...), colorSpace='rgb', contrast=None, depth=0, draggable=False, fillColor=array([1, 1, 1]), fillColorSpace='rgb', fillRGB=array([1, 1, 1]), interpolate=True, lineColor=array([1., 1., 1.]), lineColorSpace='rgb', lineRGB=array([1, 1, 1]), lineWidth=1.5, name='unnamed Rect', opacity=1, ori=0.0, pos=array([-375., -275.]), size=array([50., 50.]), units='pix', vertices=ndarray(...), win=Window(...))
51.5341 	EXP 	break_random: autoDraw = False
51.5341 	EXP 	break_random: autoDraw = False
51.5341 	EXP 	second_of_pair: image = 'stimuli/face.png'
51.5341 	EXP 	second_of_pair: autoDraw = True
51.5341 	EXP 	unnamed Rect: autoDraw = True
51.5482 	EXP 	unnamed Rect: autoDraw = True
51.5655 	EXP 	unnamed Rect: autoDraw = True
51.5817 	EXP 	unnamed Rect: autoDraw = True
51.5983 	EXP 	unnamed Rect: autoDraw = True
51.6151 	EXP 	unnamed Rect: autoDraw = True
51.6317 	EXP 	unnamed Rect: autoDraw = True
51.6485 	EXP 	unnamed Rect: autoDraw = True
51.6652 	EXP 	unnamed Rect: autoDraw = True
51.6819 	EXP 	unnamed Rect: autoDraw = True
51.6981 	EXP 	unnamed Rect: autoDraw = True
51.7151 	EXP 	unnamed Rect: autoDraw = True
51.7319 	EXP 	unnamed Rect: autoDraw = True
51.7485 	EXP 	unnamed Rect: autoDraw = True
51.7655 	EXP 	unnamed Rect: autoDraw = True
51.7823 	EXP 	unnamed Rect: autoDraw = True
51.7988 	EXP 	unnamed Rect: autoDraw = True
51.8154 	EXP 	unnamed Rect: autoDraw = True
51.8332 	EXP 	unnamed Rect: autoDraw = True
51.8493 	EXP 	unnamed Rect: autoDraw = True
51.8650 	EXP 	unnamed Rect: autoDraw = True
51.8816 	EXP 	unnamed Rect: autoDraw = True
51.8983 	EXP 	unnamed Rect: autoDraw = True
51.9151 	EXP 	unnamed Rect: autoDraw = True
51.9315 	EXP 	unnamed Rect: autoDraw = True
51.9483 	EXP 	unnamed Rect: autoDraw = True
51.9650 	EXP 	unnamed Rect: autoDraw = True
51.9859 	EXP 	unnamed Rect: autoDraw = True
52.0004 	EXP 	unnamed Rect: autoDraw = True
52.0147 	EXP 	unnamed Rect: autoDraw = True
52.0317 	EXP 	unnamed Rect: autoDraw = True
52.0489 	EXP 	unnamed Rect: autoDraw = True
52.0650 	EXP 	unnamed Rect: autoDraw = True
52.0818 	EXP 	unnamed Rect: autoDraw = True
52.0987 	EXP 	unnamed Rect: autoDraw = True
52.1152 	EXP 	unnamed Rect: autoDraw = True
52.1318 	EXP 	unnamed Rect: autoDraw = True
52.1488 	EXP 	unnamed Rect: autoDraw = True
52.1655 	EXP 	unnamed Rect: autoDraw = True
52.1821 	EXP 	unnamed Rect: autoDraw = True
52.1991 	EXP 	unnamed Rect: autoDraw = True
52.2148 	EXP 	unnamed Rect: autoDraw = True
52.2316 	EXP 	unnamed Rect: autoDraw = True
52.2484 	EXP 	unnamed Rect: autoDraw = True
52.2647 	EXP 	unnamed Rect: autoDraw = True
52.2819 	EXP 	unnamed Rect: autoDraw = True
52.2982 	EXP 	unnamed Rect: autoDraw = True
52.3150 	EXP 	unnamed Rect: autoDraw = True
52.3316 	EXP 	unnamed Rect: autoDraw = True
52.3482 	EXP 	unnamed Rect: autoDraw = True
52.3654 	EXP 	unnamed Rect: autoDraw = True
52.3818 	EXP 	unnamed Rect: autoDraw = True
52.3985 	EXP 	unnamed Rect: autoDraw = True
52.4153 	EXP 	unnamed Rect: autoDraw = True
52.4320 	EXP 	unnamed Rect: autoDraw = True
52.4476 	EXP 	unnamed Rect: autoDraw = True
52.4654 	EXP 	unnamed Rect: autoDraw = True
52.4820 	EXP 	unnamed Rect: autoDraw = True
52.4985 	EXP 	unnamed Rect: autoDraw = True
52.5151 	EXP 	unnamed Rect: autoDraw = True
52.5312 	EXP 	unnamed Rect: autoDraw = True
52.5484 	EXP 	unnamed Rect: autoDraw = True
52.5656 	EXP 	unnamed Rect: autoDraw = True
52.5819 	EXP 	unnamed Rect: autoDraw = True
52.5983 	EXP 	unnamed Rect: autoDraw = True
52.6151 	EXP 	unnamed Rect: autoDraw = True
52.6321 	EXP 	unnamed Rect: autoDraw = True
52.6484 	EXP 	unnamed Rect: autoDraw = True
52.6651 	EXP 	unnamed Rect: autoDraw = True
52.6816 	EXP 	unnamed Rect: autoDraw = True
52.6986 	EXP 	unnamed Rect: autoDraw = True
52.7163 	EXP 	unnamed Rect: autoDraw = True
52.7322 	EXP 	unnamed Rect: autoDraw = True
52.7488 	EXP 	unnamed Rect: autoDraw = True
52.7655 	EXP 	unnamed Rect: autoDraw = True
52.7823 	EXP 	unnamed Rect: autoDraw = True
52.7984 	EXP 	unnamed Rect: autoDraw = True
52.8156 	EXP 	unnamed Rect: autoDraw = True
52.8317 	EXP 	unnamed Rect: autoDraw = True
52.8483 	EXP 	unnamed Rect: autoDraw = True
52.8646 	EXP 	unnamed Rect: autoDraw = True
52.8818 	EXP 	unnamed Rect: autoDraw = True
52.8991 	EXP 	unnamed Rect: autoDraw = True
52.9155 	EXP 	unnamed Rect: autoDraw = True
52.9318 	EXP 	unnamed Rect: autoDraw = True
52.9490 	EXP 	unnamed Rect: autoDraw = True
52.9652 	EXP 	unnamed Rect: autoDraw = True
52.9821 	EXP 	unnamed Rect: autoDraw = True
52.9989 	EXP 	unnamed Rect: autoDraw = True
53.0152 	EXP 	unnamed Rect: autoDraw = True
53.0363 	EXP 	unnamed Rect: autoDraw = True
53.0481 	EXP 	second_of_pair: autoDraw = False
53.0481 	EXP 	unnamed Rect: autoDraw = False
53.0481 	EXP 	five_s_break: autoDraw = True
58.0177 	EXP 	New trial (rep=1, index=2): <Trial 5 (2 in rep 1) data={'pair_name': 'B_C', 'stim1_img': 'stimuli/zebra.png', 'stim2_img': 'stimuli/banana.png', 'thisN': 5, 'thisTrialN': 2, 'thisRepN': 1}>
58.0360 	EXP 	five_s_break: autoDraw = False
58.0360 	EXP 	fix_learn_cross: autoDraw = True
58.3379 	EXP 	Created unnamed Rect = Rect(__class__=<class 'psychopy.visual.rect.Rect'>, anchor=('center', 'center'), autoDraw=False, autoLog=True, closeShape=True, color=method-wrapper(...), colorSpace='rgb', contrast=None, depth=0, draggable=False, fillColor=array([1, 1, 1]), fillColorSpace='rgb', fillRGB=array([1, 1, 1]), interpolate=True, lineColor=array([1., 1., 1.]), lineColorSpace='rgb', lineRGB=array([1, 1, 1]), lineWidth=1.5, name='unnamed Rect', opacity=1, ori=0.0, pos=array([-375., -275.]), size=array([50., 50.]), units='pix', vertices=ndarray(...), win=Window(...))
58.3511 	EXP 	fix_learn_cross: autoDraw = False
58.3511 	EXP 	first_of_pair: image = 'stimuli/zebra.png'
58.3511 	EXP 	first_of_pair: autoDraw = True
58.3511 	EXP 	unnamed Rect: autoDraw = True
58.3655 	EXP 	unnamed Rect: autoDraw = True
58.3827 	EXP 	unnamed Rect: autoDraw = True
58.3986 	EXP 	unnamed Rect: autoDraw = True
58.4158 	EXP 	unnamed Rect: autoDraw = True
58.4321 	EXP 	unnamed Rect: autoDraw = True
58.4487 	EXP 	unnamed Rect: autoDraw = True
58.4663 	EXP 	unnamed Rect: autoDraw = True
58.4817 	EXP 	unnamed Rect: autoDraw = True
58.4983 	EXP 	unnamed Rect: autoDraw = True
58.5154 	EXP 	unnamed Rect: autoDraw = True
58.5320 	EXP 	unnamed Rect: autoDraw = True
58.5480 	EXP 	unnamed Rect: autoDraw = True
58.5700 	EXP 	unnamed Rect: autoDraw = True
58.5825 	EXP 	unnamed Rect: autoDraw = True
58.5990 	EXP 	unnamed Rect: autoDraw = True
58.6152 	EXP 	unnamed Rect: autoDraw = True
58.6314 	EXP 	unnamed Rect: autoDraw = True
58.6483 	EXP 	unnamed Rect: autoDraw = True
58.6649 	EXP 	unnamed Rect: autoDraw = True
58.6818 	EXP 	unnamed Rect: autoDraw = True
58.6983 	EXP 	unnamed Rect: autoDraw = True
58.7154 	EXP 	unnamed Rect: autoDraw = True
58.7318 	EXP 	unnamed Rect: autoDraw = True
58.7493 	EXP 	unnamed Rect: autoDraw = True
58.7659 	EXP 	unnamed Rect: autoDraw = True
58.7818 	EXP 	unnamed Rect: autoDraw = True
58.7984 	EXP 	unnamed Rect: autoDraw = True
58.8176 	EXP 	unnamed Rect: autoDraw = True
58.8330 	EXP 	unnamed Rect: autoDraw = True
58.8494 	EXP 	unnamed Rect: autoDraw = True
58.8659 	EXP 	unnamed Rect: autoDraw = True
58.8819 	EXP 	unnamed Rect: autoDraw = True
58.9002 	EXP 	unnamed Rect: autoDraw = True
58.9160 	EXP 	unnamed Rect: autoDraw = True
58.9339 	EXP 	unnamed Rect: autoDraw = True
58.9488 	EXP 	unnamed Rect: autoDraw = True
58.9654 	EXP 	unnamed Rect: autoDraw = True
58.9830 	EXP 	unnamed Rect: autoDraw = True
58.9993 	EXP 	unnamed Rect: autoDraw = True
59.0163 	EXP 	unnamed Rect: autoDraw = True
59.0338 	EXP 	unnamed Rect: autoDraw = True
59.0488 	EXP 	unnamed Rect: autoDraw = True
59.0676 	EXP 	unnamed Rect: autoDraw = True
59.0855 	EXP 	unnamed Rect: autoDraw = True
59.0988 	EXP 	unnamed Rect: autoDraw = True
59.1158 	EXP 	unnamed Rect: autoDraw = True
59.1318 	EXP 	unnamed Rect: autoDraw = True
59.1493 	EXP 	unnamed Rect: autoDraw = True
59.1670 	EXP 	unnamed Rect: autoDraw = True
59.1825 	EXP 	unnamed Rect: autoDraw = True
59.1983 	EXP 	unnamed Rect: autoDraw = True
59.2146 	EXP 	unnamed Rect: autoDraw = True
59.2321 	EXP 	unnamed Rect: autoDraw = True
59.2478 	EXP 	unnamed Rect: autoDraw = True
59.2649 	EXP 	unnamed Rect: autoDraw = True
59.2812 	EXP 	unnamed Rect: autoDraw = True
59.2982 	EXP 	unnamed Rect: autoDraw = True
59.3191 	EXP 	unnamed Rect: autoDraw = True
59.3321 	EXP 	unnamed Rect: autoDraw = True
59.3479 	EXP 	unnamed Rect: autoDraw = True
59.3645 	EXP 	unnamed Rect: autoDraw = True
59.3813 	EXP 	unnamed Rect: autoDraw = True
59.3976 	EXP 	unnamed Rect: autoDraw = True
59.4154 	EXP 	unnamed Rect: autoDraw = True
59.4315 	EXP 	unnamed Rect: autoDraw = True
59.4483 	EXP 	unnamed Rect: autoDraw = True
59.4644 	EXP 	unnamed Rect: autoDraw = True
59.4812 	EXP 	unnamed Rect: autoDraw = True
59.4981 	EXP 	unnamed Rect: autoDraw = True
59.5148 	EXP 	unnamed Rect: autoDraw = True
59.5315 	EXP 	unnamed Rect: autoDraw = True
59.5484 	EXP 	unnamed Rect: autoDraw = True
59.5649 	EXP 	unnamed Rect: autoDraw = True
59.5813 	EXP 	unnamed Rect: autoDraw = True
59.5987 	EXP 	unnamed Rect: autoDraw = True
59.6156 	EXP 	unnamed Rect: autoDraw = True
59.6312 	EXP 	unnamed Rect: autoDraw = True
59.6483 	EXP 	unnamed Rect: autoDraw = True
59.6649 	EXP 	unnamed Rect: autoDraw = True
59.6815 	EXP 	unnamed Rect: autoDraw = True
59.6981 	EXP 	unnamed Rect: autoDraw = True
59.7147 	EXP 	unnamed Rect: autoDraw = True
59.7312 	EXP 	unnamed Rect: autoDraw = True
59.7480 	EXP 	unnamed Rect: autoDraw = True
59.7652 	EXP 	unnamed Rect: autoDraw = True
59.7812 	EXP 	unnamed Rect: autoDraw = True
59.7984 	EXP 	unnamed Rect: autoDraw = True
59.8155 	EXP 	unnamed Rect: autoDraw = True
59.8317 	EXP 	unnamed Rect: autoDraw = True
59.8479 	EXP 	first_of_pair: autoDraw = False
59.8479 	EXP 	unnamed Rect: autoDraw = False
59.8479 	EXP 	break_random: text = ''
59.8479 	EXP 	break_random: autoDraw = True
61.1709 	EXP 	Created unnamed Rect = Rect(__class__=<class 'psychopy.visual.rect.Rect'>, anchor=('center', 'center'), autoDraw=False, autoLog=True, closeShape=True, color=method-wrapper(...), colorSpace='rgb', contrast=None, depth=0, draggable=False, fillColor=array([1, 1, 1]), fillColorSpace='rgb', fillRGB=array([1, 1, 1]), interpolate=True, lineColor=array([1., 1., 1.]), lineColorSpace='rgb', lineRGB=array([1, 1, 1]), lineWidth=1.5, name='unnamed Rect', opacity=1, ori=0.0, pos=array([-375., -275.]), size=array([50., 50.]), units='pix', vertices=ndarray(...), win=Window(...))
61.1852 	EXP 	break_random: autoDraw = False
61.1852 	EXP 	break_random: autoDraw = False
61.1852 	EXP 	second_of_pair: image = 'stimuli/banana.png'
61.1852 	EXP 	second_of_pair: autoDraw = True
61.1852 	EXP 	unnamed Rect: autoDraw = True
61.1984 	EXP 	unnamed Rect: autoDraw = True
61.2152 	EXP 	unnamed Rect: autoDraw = True
61.2317 	EXP 	unnamed Rect: autoDraw = True
61.2489 	EXP 	unnamed Rect: autoDraw = True
61.2650 	EXP 	unnamed Rect: autoDraw = True
61.2818 	EXP 	unnamed Rect: autoDraw = True
61.2981 	EXP 	unnamed Rect: autoDraw = True
61.3151 	EXP 	unnamed Rect: autoDraw = True
61.3316 	EXP 	unnamed Rect: autoDraw = True
61.3476 	EXP 	unnamed Rect: autoDraw = True
61.3645 	EXP 	unnamed Rect: autoDraw = True
61.3813 	EXP 	unnamed Rect: autoDraw = True
61.3982 	EXP 	unnamed Rect: autoDraw = True
61.4149 	EXP 	unnamed Rect: autoDraw = True
61.4313 	EXP 	unnamed Rect: autoDraw = True
61.4484 	EXP 	unnamed Rect: autoDraw = True
61.4654 	EXP 	unnamed Rect: autoDraw = True
61.4819 	EXP 	unnamed Rect: autoDraw = True
61.4981 	EXP 	unnamed Rect: autoDraw = True
61.5149 	EXP 	unnamed Rect: autoDraw = True
61.5322 	EXP 	unnamed Rect: autoDraw = True
61.5491 	EXP 	unnamed Rect: autoDraw = True
61.5653 	EXP 	unnamed Rect: autoDraw = True
61.5834 	EXP 	unnamed Rect: autoDraw = True
61.5980 	EXP 	unnamed Rect: autoDraw = True
61.6142 	EXP 	unnamed Rect: autoDraw = True
61.6313 	EXP 	unnamed Rect: autoDraw = True
61.6484 	EXP 	unnamed Rect: autoDraw = True
61.6647 	EXP 	unnamed Rect: autoDraw = True
61.6816 	EXP 	unnamed Rect: autoDraw = True
61.6976 	EXP 	unnamed Rect: autoDraw = True
61.7149 	EXP 	unnamed Rect: autoDraw = True
61.7318 	EXP 	unnamed Rect: autoDraw = True
61.7486 	EXP 	unnamed Rect: autoDraw = True
61.7648 	EXP 	unnamed Rect: autoDraw = True
61.7813 	EXP 	unnamed Rect: autoDraw = True
61.7990 	EXP 	unnamed Rect: autoDraw = True
61.8155 	EXP 	unnamed Rect: autoDraw = True
61.8317 	EXP 	unnamed Rect: autoDraw = True
61.8492 	EXP 	unnamed Rect: autoDraw = True
61.8653 	EXP 	unnamed Rect: autoDraw = True
61.8824 	EXP 	unnamed Rect: autoDraw = True
61.8986 	EXP 	unnamed Rect: autoDraw = True
61.9146 	EXP 	unnamed Rect: autoDraw = True
61.9313 	EXP 	unnamed Rect: autoDraw = True
61.9480 	EXP 	unnamed Rect: autoDraw = True
61.9652 	EXP 	unnamed Rect: autoDraw = True
61.9813 	EXP 	unnamed Rect: autoDraw = True
61.9981 	EXP 	unnamed Rect: autoDraw = True
62.0152 	EXP 	unnamed Rect: autoDraw = True
62.0316 	EXP 	unnamed Rect: autoDraw = True
62.0524 	EXP 	unnamed Rect: autoDraw = True
62.0667 	EXP 	unnamed Rect: autoDraw = True
62.0827 	EXP 	unnamed Rect: autoDraw = True
62.0980 	EXP 	unnamed Rect: autoDraw = True
62.1156 	EXP 	unnamed Rect: autoDraw = True
62.1316 	EXP 	unnamed Rect: autoDraw = True
62.1479 	EXP 	unnamed Rect: autoDraw = True
62.1646 	EXP 	unnamed Rect: autoDraw = True
62.1815 	EXP 	unnamed Rect: autoDraw = True
62.1977 	EXP 	unnamed Rect: autoDraw = True
62.2141 	EXP 	unnamed Rect: autoDraw = True
62.2317 	EXP 	unnamed Rect: autoDraw = True
62.2484 	EXP 	unnamed Rect: autoDraw = True
62.2648 	EXP 	unnamed Rect: autoDraw = True
62.2813 	EXP 	unnamed Rect: autoDraw = True
62.2994 	EXP 	unnamed Rect: autoDraw = True
62.3157 	EXP 	unnamed Rect: autoDraw = True
62.3312 	EXP 	unnamed Rect: autoDraw = True
62.3482 	EXP 	unnamed Rect: autoDraw = True
62.3653 	EXP 	unnamed Rect: autoDraw = True
62.3812 	EXP 	unnamed Rect: autoDraw = True
62.3984 	EXP 	unnamed Rect: autoDraw = True
62.4149 	EXP 	unnamed Rect: autoDraw = True
62.4314 	EXP 	unnamed Rect: autoDraw = True
62.4480 	EXP 	unnamed Rect: autoDraw = True
62.4650 	EXP 	unnamed Rect: autoDraw = True
62.4817 	EXP 	unnamed Rect: autoDraw = True
62.4985 	EXP 	unnamed Rect: autoDraw = True
62.5152 	EXP 	unnamed Rect: autoDraw = True
62.5319 	EXP 	unnamed Rect: autoDraw = True
62.5476 	EXP 	unnamed Rect: autoDraw = True
62.5653 	EXP 	unnamed Rect: autoDraw = True
62.5824 	EXP 	unnamed Rect: autoDraw = True
62.5985 	EXP 	unnamed Rect: autoDraw = True
62.6149 	EXP 	unnamed Rect: autoDraw = True
62.6314 	EXP 	unnamed Rect: autoDraw = True
62.6488 	EXP 	unnamed Rect: autoDraw = True
62.6648 	EXP 	unnamed Rect: autoDraw = True
62.6818 	EXP 	unnamed Rect: autoDraw = True
62.6981 	EXP 	second_of_pair: autoDraw = False
62.6981 	EXP 	unnamed Rect: autoDraw = False
62.6981 	EXP 	five_s_break: autoDraw = True
67.6827 	EXP 	New trial (rep=2, index=0): <Trial 6 (0 in rep 2) data={'pair_name': 'B_C', 'stim1_img': 'stimuli/zebra.png', 'stim2_img': 'stimuli/banana.png', 'thisN': 6, 'thisTrialN': 0, 'thisRepN': 2}>
67.6983 	EXP 	five_s_break: autoDraw = False
67.6983 	EXP 	fix_learn_cross: autoDraw = True
67.9874 	EXP 	Created unnamed Rect = Rect(__class__=<class 'psychopy.visual.rect.Rect'>, anchor=('center', 'center'), autoDraw=False, autoLog=True, closeShape=True, color=method-wrapper(...), colorSpace='rgb', contrast=None, depth=0, draggable=False, fillColor=array([1, 1, 1]), fillColorSpace='rgb', fillRGB=array([1, 1, 1]), interpolate=True, lineColor=array([1., 1., 1.]), lineColorSpace='rgb', lineRGB=array([1, 1, 1]), lineWidth=1.5, name='unnamed Rect', opacity=1, ori=0.0, pos=array([-375., -275.]), size=array([50., 50.]), units='pix', vertices=ndarray(...), win=Window(...))
67.9994 	EXP 	fix_learn_cross: autoDraw = False
67.9994 	EXP 	first_of_pair: image = 'stimuli/zebra.png'
67.9994 	EXP 	first_of_pair: autoDraw = True
67.9994 	EXP 	unnamed Rect: autoDraw = True
68.0151 	EXP 	unnamed Rect: autoDraw = True
68.0324 	EXP 	unnamed Rect: autoDraw = True
68.0480 	EXP 	unnamed Rect: autoDraw = True
68.0692 	EXP 	unnamed Rect: autoDraw = True
68.0824 	EXP 	unnamed Rect: autoDraw = True
68.0984 	EXP 	unnamed Rect: autoDraw = True
68.1147 	EXP 	unnamed Rect: autoDraw = True
68.1312 	EXP 	unnamed Rect: autoDraw = True
68.1483 	EXP 	unnamed Rect: autoDraw = True
68.1649 	EXP 	unnamed Rect: autoDraw = True
68.1811 	EXP 	unnamed Rect: autoDraw = True
68.1983 	EXP 	unnamed Rect: autoDraw = True
68.2147 	EXP 	unnamed Rect: autoDraw = True
68.2325 	EXP 	unnamed Rect: autoDraw = True
68.2482 	EXP 	unnamed Rect: autoDraw = True
68.2654 	EXP 	unnamed Rect: autoDraw = True
68.2817 	EXP 	unnamed Rect: autoDraw = True
68.2980 	EXP 	unnamed Rect: autoDraw = True
68.3152 	EXP 	unnamed Rect: autoDraw = True
68.3310 	EXP 	unnamed Rect: autoDraw = True
68.3483 	EXP 	unnamed Rect: autoDraw = True
68.3649 	EXP 	unnamed Rect: autoDraw = True
68.3817 	EXP 	unnamed Rect: autoDraw = True
68.3978 	EXP 	unnamed Rect: autoDraw = True
68.4144 	EXP 	unnamed Rect: autoDraw = True
68.4314 	EXP 	unnamed Rect: autoDraw = True
68.4480 	EXP 	unnamed Rect: autoDraw = True
68.4656 	EXP 	unnamed Rect: autoDraw = True
68.4818 	EXP 	unnamed Rect: autoDraw = True
68.4984 	EXP 	unnamed Rect: autoDraw = True
68.5148 	EXP 	unnamed Rect: autoDraw = True
68.5312 	EXP 	unnamed Rect: autoDraw = True
68.5485 	EXP 	unnamed Rect: autoDraw = True
68.5650 	EXP 	unnamed Rect: autoDraw = True
68.5813 	EXP 	unnamed Rect: autoDraw = True
68.5991 	EXP 	unnamed Rect: autoDraw = True
68.6149 	EXP 	unnamed Rect: autoDraw = True
68.6318 	EXP 	unnamed Rect: autoDraw = True
68.6481 	EXP 	unnamed Rect: autoDraw = True
68.6650 	EXP 	unnamed Rect: autoDraw = True
68.6820 	EXP 	unnamed Rect: autoDraw = True
68.6987 	EXP 	unnamed Rect: autoDraw = True
68.7145 	EXP 	unnamed Rect: autoDraw = True
68.7307 	EXP 	unnamed Rect: autoDraw = True
68.7476 	EXP 	unnamed Rect: autoDraw = True
68.7648 	EXP 	unnamed Rect: autoDraw = True
68.7817 	EXP 	unnamed Rect: autoDraw = True
68.7978 	EXP 	unnamed Rect: autoDraw = True
68.8151 	EXP 	unnamed Rect: autoDraw = True
68.8309 	EXP 	unnamed Rect: autoDraw = True
68.8486 	EXP 	unnamed Rect: autoDraw = True
68.8651 	EXP 	unnamed Rect: autoDraw = True
68.8819 	EXP 	unnamed Rect: autoDraw = True
68.8980 	EXP 	unnamed Rect: autoDraw = True
68.9150 	EXP 	unnamed Rect: autoDraw = True
68.9320 	EXP 	unnamed Rect: autoDraw = True
68.9482 	EXP 	unnamed Rect: autoDraw = True
68.9645 	EXP 	unnamed Rect: autoDraw = True
68.9811 	EXP 	unnamed Rect: autoDraw = True
68.9984 	EXP 	unnamed Rect: autoDraw = True
69.0150 	EXP 	unnamed Rect: autoDraw = True
69.0314 	EXP 	unnamed Rect: autoDraw = True
69.0484 	EXP 	unnamed Rect: autoDraw = True
69.0647 	EXP 	unnamed Rect: autoDraw = True
69.0856 	EXP 	unnamed Rect: autoDraw = True
69.0990 	EXP 	unnamed Rect: autoDraw = True
69.1157 	EXP 	unnamed Rect: autoDraw = True
69.1308 	EXP 	unnamed Rect: autoDraw = True
69.1479 	EXP 	unnamed Rect: autoDraw = True
69.1647 	EXP 	unnamed Rect: autoDraw = True
69.1821 	EXP 	unnamed Rect: autoDraw = True
69.1985 	EXP 	unnamed Rect: autoDraw = True
69.2150 	EXP 	unnamed Rect: autoDraw = True
69.2318 	EXP 	unnamed Rect: autoDraw = True
69.2476 	EXP 	unnamed Rect: autoDraw = True
69.2644 	EXP 	unnamed Rect: autoDraw = True
69.2809 	EXP 	unnamed Rect: autoDraw = True
69.2984 	EXP 	unnamed Rect: autoDraw = True
69.3150 	EXP 	unnamed Rect: autoDraw = True
69.3309 	EXP 	unnamed Rect: autoDraw = True
69.3482 	EXP 	unnamed Rect: autoDraw = True
69.3652 	EXP 	unnamed Rect: autoDraw = True
69.3817 	EXP 	unnamed Rect: autoDraw = True
69.3976 	EXP 	unnamed Rect: autoDraw = True
69.4150 	EXP 	unnamed Rect: autoDraw = True
69.4314 	EXP 	unnamed Rect: autoDraw = True
69.4485 	EXP 	unnamed Rect: autoDraw = True
69.4652 	EXP 	unnamed Rect: autoDraw = True
69.4817 	EXP 	unnamed Rect: autoDraw = True
69.4976 	EXP 	first_of_pair: autoDraw = False
69.4976 	EXP 	unnamed Rect: autoDraw = False
69.4976 	EXP 	break_random: text = ''
69.4976 	EXP 	break_random: autoDraw = True
71.0215 	EXP 	Created unnamed Rect = Rect(__class__=<class 'psychopy.visual.rect.Rect'>, anchor=('center', 'center'), autoDraw=False, autoLog=True, closeShape=True, color=method-wrapper(...), colorSpace='rgb', contrast=None, depth=0, draggable=False, fillColor=array([1, 1, 1]), fillColorSpace='rgb', fillRGB=array([1, 1, 1]), interpolate=True, lineColor=array([1., 1., 1.]), lineColorSpace='rgb', lineRGB=array([1, 1, 1]), lineWidth=1.5, name='unnamed Rect', opacity=1, ori=0.0, pos=array([-375., -275.]), size=array([50., 50.]), units='pix', vertices=ndarray(...), win=Window(...))
71.0340 	EXP 	break_random: autoDraw = False
71.0340 	EXP 	break_random: autoDraw = False
71.0340 	EXP 	second_of_pair: image = 'stimuli/banana.png'
71.0340 	EXP 	second_of_pair: autoDraw = True
71.0340 	EXP 	unnamed Rect: autoDraw = True
71.0482 	EXP 	unnamed Rect: autoDraw = True
71.0645 	EXP 	unnamed Rect: autoDraw = True
71.0864 	EXP 	unnamed Rect: autoDraw = True
71.0984 	EXP 	unnamed Rect: autoDraw = True
71.1155 	EXP 	unnamed Rect: autoDraw = True
71.1323 	EXP 	unnamed Rect: autoDraw = True
71.1478 	EXP 	unnamed Rect: autoDraw = True
71.1643 	EXP 	unnamed Rect: autoDraw = True
71.1812 	EXP 	unnamed Rect: autoDraw = True
71.1978 	EXP 	unnamed Rect: autoDraw = True
71.2143 	EXP 	unnamed Rect: autoDraw = True
71.2314 	EXP 	unnamed Rect: autoDraw = True
71.2476 	EXP 	unnamed Rect: autoDraw = True
71.2646 	EXP 	unnamed Rect: autoDraw = True
71.2808 	EXP 	unnamed Rect: autoDraw = True
71.2980 	EXP 	unnamed Rect: autoDraw = True
71.3145 	EXP 	unnamed Rect: autoDraw = True
71.3308 	EXP 	unnamed Rect: autoDraw = True
71.3483 	EXP 	unnamed Rect: autoDraw = True
71.3643 	EXP 	unnamed Rect: autoDraw = True
71.3820 	EXP 	unnamed Rect: autoDraw = True
71.3982 	EXP 	unnamed Rect: autoDraw = True
71.4145 	EXP 	unnamed Rect: autoDraw = True
71.4309 	EXP 	unnamed Rect: autoDraw = True
71.4480 	EXP 	unnamed Rect: autoDraw = True
71.4641 	EXP 	unnamed Rect: autoDraw = True
71.4816 	EXP 	unnamed Rect: autoDraw = True
71.4981 	EXP 	unnamed Rect: autoDraw = True
71.5150 	EXP 	unnamed Rect: autoDraw = True
71.5313 	EXP 	unnamed Rect: autoDraw = True
71.5479 	EXP 	unnamed Rect: autoDraw = True
71.5649 	EXP 	unnamed Rect: autoDraw = True
71.5814 	EXP 	unnamed Rect: autoDraw = True
71.5981 	EXP 	unnamed Rect: autoDraw = True
71.6151 	EXP 	unnamed Rect: autoDraw = True
71.6311 	EXP 	unnamed Rect: autoDraw = True
71.6474 	EXP 	unnamed Rect: autoDraw = True
71.6633 	EXP 	unnamed Rect: autoDraw = True
71.6820 	EXP 	unnamed Rect: autoDraw = True
71.6979 	EXP 	unnamed Rect: autoDraw = True
71.7146 	EXP 	unnamed Rect: autoDraw = True
71.7310 	EXP 	unnamed Rect: autoDraw = True
71.7478 	EXP 	unnamed Rect: autoDraw = True
71.7645 	EXP 	unnamed Rect: autoDraw = True
71.7811 	EXP 	unnamed Rect: autoDraw = True
71.7975 	EXP 	unnamed Rect: autoDraw = True
71.8147 	EXP 	unnamed Rect: autoDraw = True
71.8309 	EXP 	unnamed Rect: autoDraw = True
71.8478 	EXP 	unnamed Rect: autoDraw = True
71.8649 	EXP 	unnamed Rect: autoDraw = True
71.8810 	EXP 	unnamed Rect: autoDraw = True
71.8977 	EXP 	unnamed Rect: autoDraw = True
71.9149 	EXP 	unnamed Rect: autoDraw = True
71.9311 	EXP 	unnamed Rect: autoDraw = True
71.9480 	EXP 	unnamed Rect: autoDraw = True
71.9645 	EXP 	unnamed Rect: autoDraw = True
71.9812 	EXP 	unnamed Rect: autoDraw = True
71.9978 	EXP 	unnamed Rect: autoDraw = True
72.0152 	EXP 	unnamed Rect: autoDraw = True
72.0317 	EXP 	unnamed Rect: autoDraw = True
72.0488 	EXP 	unnamed Rect: autoDraw = True
72.0668 	EXP 	unnamed Rect: autoDraw = True
72.0854 	EXP 	unnamed Rect: autoDraw = True
72.1000 	EXP 	unnamed Rect: autoDraw = True
72.1163 	EXP 	unnamed Rect: autoDraw = True
72.1316 	EXP 	unnamed Rect: autoDraw = True
72.1490 	EXP 	unnamed Rect: autoDraw = True
72.1657 	EXP 	unnamed Rect: autoDraw = True
72.1818 	EXP 	unnamed Rect: autoDraw = True
72.1980 	EXP 	unnamed Rect: autoDraw = True
72.2143 	EXP 	unnamed Rect: autoDraw = True
72.2317 	EXP 	unnamed Rect: autoDraw = True
72.2483 	EXP 	unnamed Rect: autoDraw = True
72.2649 	EXP 	unnamed Rect: autoDraw = True
72.2817 	EXP 	unnamed Rect: autoDraw = True
72.2980 	EXP 	unnamed Rect: autoDraw = True
72.3145 	EXP 	unnamed Rect: autoDraw = True
72.3315 	EXP 	unnamed Rect: autoDraw = True
72.3483 	EXP 	unnamed Rect: autoDraw = True
72.3648 	EXP 	unnamed Rect: autoDraw = True
72.3817 	EXP 	unnamed Rect: autoDraw = True
72.3985 	EXP 	unnamed Rect: autoDraw = True
72.4145 	EXP 	unnamed Rect: autoDraw = True
72.4319 	EXP 	unnamed Rect: autoDraw = True
72.4480 	EXP 	unnamed Rect: autoDraw = True
72.4646 	EXP 	unnamed Rect: autoDraw = True
72.4811 	EXP 	unnamed Rect: autoDraw = True
72.4977 	EXP 	unnamed Rect: autoDraw = True
72.5144 	EXP 	unnamed Rect: autoDraw = True
72.5318 	EXP 	unnamed Rect: autoDraw = True
72.5477 	EXP 	second_of_pair: autoDraw = False
72.5477 	EXP 	unnamed Rect: autoDraw = False
72.5477 	EXP 	five_s_break: autoDraw = True
77.5340 	EXP 	New trial (rep=2, index=1): <Trial 7 (1 in rep 2) data={'pair_name': 'C_D', 'stim1_img': 'stimuli/banana.png', 'stim2_img': 'stimuli/face.png', 'thisN': 7, 'thisTrialN': 1, 'thisRepN': 2}>
77.5481 	EXP 	five_s_break: autoDraw = False
77.5481 	EXP 	fix_learn_cross: autoDraw = True
77.8367 	EXP 	Created unnamed Rect = Rect(__class__=<class 'psychopy.visual.rect.Rect'>, anchor=('center', 'center'), autoDraw=False, autoLog=True, closeShape=True, color=method-wrapper(...), colorSpace='rgb', contrast=None, depth=0, draggable=False, fillColor=array([1, 1, 1]), fillColorSpace='rgb', fillRGB=array([1, 1, 1]), interpolate=True, lineColor=array([1., 1., 1.]), lineColorSpace='rgb', lineRGB=array([1, 1, 1]), lineWidth=1.5, name='unnamed Rect', opacity=1, ori=0.0, pos=array([-375., -275.]), size=array([50., 50.]), units='pix', vertices=ndarray(...), win=Window(...))
77.8501 	EXP 	fix_learn_cross: autoDraw = False
77.8501 	EXP 	first_of_pair: image = 'stimuli/banana.png'
77.8501 	EXP 	first_of_pair: autoDraw = True
77.8501 	EXP 	unnamed Rect: autoDraw = True
77.8645 	EXP 	unnamed Rect: autoDraw = True
77.8813 	EXP 	unnamed Rect: autoDraw = True
77.8981 	EXP 	unnamed Rect: autoDraw = True
77.9145 	EXP 	unnamed Rect: autoDraw = True
77.9313 	EXP 	unnamed Rect: autoDraw = True
77.9477 	EXP 	unnamed Rect: autoDraw = True
77.9646 	EXP 	unnamed Rect: autoDraw = True
77.9819 	EXP 	unnamed Rect: autoDraw = True
77.9985 	EXP 	unnamed Rect: autoDraw = True
78.0146 	EXP 	unnamed Rect: autoDraw = True
78.0309 	EXP 	unnamed Rect: autoDraw = True
78.0485 	EXP 	unnamed Rect: autoDraw = True
78.0649 	EXP 	unnamed Rect: autoDraw = True
78.0811 	EXP 	unnamed Rect: autoDraw = True
78.0985 	EXP 	unnamed Rect: autoDraw = True
78.1146 	EXP 	unnamed Rect: autoDraw = True
78.1357 	EXP 	unnamed Rect: autoDraw = True
78.1498 	EXP 	unnamed Rect: autoDraw = True
78.1662 	EXP 	unnamed Rect: autoDraw = True
78.1814 	EXP 	unnamed Rect: autoDraw = True
78.1992 	EXP 	unnamed Rect: autoDraw = True
78.2146 	EXP 	unnamed Rect: autoDraw = True
78.2317 	EXP 	unnamed Rect: autoDraw = True
78.2479 	EXP 	unnamed Rect: autoDraw = True
78.2645 	EXP 	unnamed Rect: autoDraw = True
78.2813 	EXP 	unnamed Rect: autoDraw = True
78.2977 	EXP 	unnamed Rect: autoDraw = True
78.3156 	EXP 	unnamed Rect: autoDraw = True
78.3309 	EXP 	unnamed Rect: autoDraw = True
78.3481 	EXP 	unnamed Rect: autoDraw = True
78.3641 	EXP 	unnamed Rect: autoDraw = True
78.3816 	EXP 	unnamed Rect: autoDraw = True
78.3978 	EXP 	unnamed Rect: autoDraw = True
78.4148 	EXP 	unnamed Rect: autoDraw = True
78.4307 	EXP 	unnamed Rect: autoDraw = True
78.4476 	EXP 	unnamed Rect: autoDraw = True
78.4645 	EXP 	unnamed Rect: autoDraw = True
78.4810 	EXP 	unnamed Rect: autoDraw = True
78.4990 	EXP 	unnamed Rect: autoDraw = True
78.5151 	EXP 	unnamed Rect: autoDraw = True
78.5309 	EXP 	unnamed Rect: autoDraw = True
78.5479 	EXP 	unnamed Rect: autoDraw = True
78.5648 	EXP 	unnamed Rect: autoDraw = True
78.5813 	EXP 	unnamed Rect: autoDraw = True
78.5977 	EXP 	unnamed Rect: autoDraw = True
78.6147 	EXP 	unnamed Rect: autoDraw = True
78.6307 	EXP 	unnamed Rect: autoDraw = True
78.6485 	EXP 	unnamed Rect: autoDraw = True
78.6648 	EXP 	unnamed Rect: autoDraw = True
78.6813 	EXP 	unnamed Rect: autoDraw = True
78.6977 	EXP 	unnamed Rect: autoDraw = True
78.7142 	EXP 	unnamed Rect: autoDraw = True
78.7311 	EXP 	unnamed Rect: autoDraw = True
78.7485 	EXP 	unnamed Rect: autoDraw = True
78.7650 	EXP 	unnamed Rect: autoDraw = True
78.7813 	EXP 	unnamed Rect: autoDraw = True
78.7976 	EXP 	unnamed Rect: autoDraw = True
78.8146 	EXP 	unnamed Rect: autoDraw = True
78.8311 	EXP 	unnamed Rect: autoDraw = True
78.8483 	EXP 	unnamed Rect: autoDraw = True
78.8644 	EXP 	unnamed Rect: autoDraw = True
78.8813 	EXP 	unnamed Rect: autoDraw = True
78.8979 	EXP 	unnamed Rect: autoDraw = True
78.9145 	EXP 	unnamed Rect: autoDraw = True
78.9314 	EXP 	unnamed Rect: autoDraw = True
78.9479 	EXP 	unnamed Rect: autoDraw = True
78.9646 	EXP 	unnamed Rect: autoDraw = True
78.9810 	EXP 	unnamed Rect: autoDraw = True
78.9985 	EXP 	unnamed Rect: autoDraw = True
79.0145 	EXP 	unnamed Rect: autoDraw = True
79.0312 	EXP 	unnamed Rect: autoDraw = True
79.0483 	EXP 	unnamed Rect: autoDraw = True
79.0650 	EXP 	unnamed Rect: autoDraw = True
79.0812 	EXP 	unnamed Rect: autoDraw = True
79.0982 	EXP 	unnamed Rect: autoDraw = True
79.1148 	EXP 	unnamed Rect: autoDraw = True
79.1356 	EXP 	unnamed Rect: autoDraw = True
79.1496 	EXP 	unnamed Rect: autoDraw = True
79.1646 	EXP 	unnamed Rect: autoDraw = True
79.1811 	EXP 	unnamed Rect: autoDraw = True
79.1979 	EXP 	unnamed Rect: autoDraw = True
79.2144 	EXP 	unnamed Rect: autoDraw = True
79.2316 	EXP 	unnamed Rect: autoDraw = True
79.2480 	EXP 	unnamed Rect: autoDraw = True
79.2643 	EXP 	unnamed Rect: autoDraw = True
79.2808 	EXP 	unnamed Rect: autoDraw = True
79.2994 	EXP 	unnamed Rect: autoDraw = True
79.3153 	EXP 	unnamed Rect: autoDraw = True
79.3314 	EXP 	first_of_pair: autoDraw = False
79.3314 	EXP 	unnamed Rect: autoDraw = False
79.3314 	EXP 	break_random: text = ''
79.3314 	EXP 	break_random: autoDraw = True
79.4828 	DATA 	Keypress: escape
79.6494 	EXP 	learn_probe: status = STOPPED
79.6649 	EXP 	break_random: autoDraw = False
79.6663 	EXP 	learn_probe: status = STOPPED
79.8032 	INFO 	saved data to 'E:\\replay_pilot_eeg\\replay_pilot\\data/sub-001/learn_prob/sub-001_learn_probe_2025-06-10_11h43.27.533.csv'
79.8214 	INFO 	saved data to E:\replay_pilot_eeg\replay_pilot\data/sub-001/learn_prob/sub-001_learn_probe_2025-06-10_11h43.27.533.psydat
80.2666 	DEBUG 	Saving data for learn_probe ExperimentHandler
