2.2973 	WARNING 	Failed to set VLC plugins path. This is only important for MovieStim2 movies (the OpenCV backend)
5.3011 	DEBUG 	Fullscreen settings ignored as running in pilot mode.
5.3016 	INFO 	Loaded monitor calibration from ['2023_05_19 22:50']
5.4125 	EXP 	Created window1 = Window(allowGUI=False, allowStencil=False, autoLog=True, backendConf=UNKNOWN, backgroundFit=<method-wrapper '__getattribute__' of attributeSetter object at 0x000002060653EEB0>, backgroundImage=<method-wrapper '__getattribute__' of attributeSetter object at 0x000002060653EE50>, bitsMode=UNKNOWN, blendMode='avg', bpc=(8, 8, 8), color=array([0, 0, 0]), colorSpace='rgb', depthBits=8, fullscr=False, gamma=None, gammaErrorPolicy='raise', infoMsg=UNKNOWN, lms=UNKNOWN, monitor=<psychopy.monitors.calibTools.Monitor object at 0x0000020609831A60>, multiSample=False, name='window1', numSamples=2, pos=[560.0, 240.0], screen=0, size=array([800, 600]), stencilBits=0, stereo=False, title='PsychoPy', units='height', useFBO=True, useRetina=False, viewOri=0.0, viewPos=None, viewScale=None, waitBlanking=True, winType='pyglet')
5.4125 	EXP 	window1: backgroundImage = ''
5.4125 	EXP 	window1: backgroundFit = 'none'
5.4173 	DEBUG 	TextBox2 loaded 1 chars with 0 blanks and 1 valid
5.4182 	DEBUG 	TextBox2 loaded 1 chars with 0 blanks and 1 valid
5.4189 	DEBUG 	TextBox2 loaded 1 chars with 0 blanks and 1 valid
5.4197 	DEBUG 	TextBox2 loaded 1 chars with 0 blanks and 1 valid
5.4206 	DEBUG 	TextBox2 loaded 1 chars with 0 blanks and 1 valid
5.4211 	DEBUG 	TextBox2 loaded 1 chars with 0 blanks and 1 valid
5.4218 	DEBUG 	TextBox2 loaded 1 chars with 0 blanks and 1 valid
5.4226 	DEBUG 	TextBox2 loaded 1 chars with 0 blanks and 1 valid
5.4231 	DEBUG 	TextBox2 loaded 1 chars with 0 blanks and 1 valid
5.4236 	DEBUG 	TextBox2 loaded 1 chars with 0 blanks and 1 valid
5.4243 	DEBUG 	TextBox2 loaded 1 chars with 0 blanks and 1 valid
5.4249 	DEBUG 	TextBox2 loaded 1 chars with 0 blanks and 1 valid
5.4256 	DEBUG 	TextBox2 loaded 1 chars with 0 blanks and 1 valid
5.4263 	DEBUG 	TextBox2 loaded 1 chars with 0 blanks and 1 valid
5.4269 	DEBUG 	TextBox2 loaded 1 chars with 0 blanks and 1 valid
5.4276 	DEBUG 	TextBox2 loaded 1 chars with 0 blanks and 1 valid
5.4283 	DEBUG 	TextBox2 loaded 1 chars with 0 blanks and 1 valid
5.4288 	DEBUG 	TextBox2 loaded 1 chars with 0 blanks and 1 valid
5.4293 	DEBUG 	TextBox2 loaded 1 chars with 0 blanks and 1 valid
5.4301 	DEBUG 	TextBox2 loaded 1 chars with 0 blanks and 1 valid
5.4306 	DEBUG 	TextBox2 loaded 1 chars with 0 blanks and 1 valid
5.4309 	DEBUG 	Uploading Texture Font fontname to graphics card
5.4345 	DEBUG 	Upload of Texture Font fontname complete
5.4386 	DEBUG 	TextBox2 loaded 1 chars with 0 blanks and 1 valid
5.4395 	DEBUG 	TextBox2 loaded 1 chars with 0 blanks and 1 valid
5.4403 	DEBUG 	TextBox2 loaded 1 chars with 0 blanks and 1 valid
5.4405 	DEBUG 	Uploading Texture Font fontname to graphics card
5.4414 	DEBUG 	Upload of Texture Font fontname complete
5.4429 	EXP 	window1: Attempting to measure frame rate of screen (0) ...
5.4429 	EXP 	window1: recordFrameIntervals = False
5.6029 	EXP 	window1: recordFrameIntervals = True
5.7854 	EXP 	Screen (0) actual frame rate measured at 60.39Hz
5.7854 	EXP 	window1: recordFrameIntervals = False
5.7908 	DEBUG 	TextBox2 loaded 1 chars with 0 blanks and 1 valid
5.7914 	DEBUG 	TextBox2 loaded 1 chars with 0 blanks and 1 valid
5.7921 	DEBUG 	TextBox2 loaded 1 chars with 0 blanks and 1 valid
5.7929 	DEBUG 	TextBox2 loaded 1 chars with 0 blanks and 1 valid
5.7937 	DEBUG 	TextBox2 loaded 1 chars with 0 blanks and 1 valid
5.7945 	DEBUG 	TextBox2 loaded 1 chars with 0 blanks and 1 valid
5.7951 	DEBUG 	TextBox2 loaded 1 chars with 0 blanks and 1 valid
5.7958 	DEBUG 	TextBox2 loaded 1 chars with 0 blanks and 1 valid
5.7966 	DEBUG 	TextBox2 loaded 1 chars with 0 blanks and 1 valid
5.7974 	DEBUG 	TextBox2 loaded 1 chars with 0 blanks and 1 valid
5.7975 	DEBUG 	Uploading Texture Font fontname to graphics card
5.7981 	DEBUG 	Upload of Texture Font fontname complete
5.8104 	WARNING 	launchHubServer: If using the iohub mouse or eyetracker devices, fullScr should be True.
7.3675 	INFO 	keyboard.Keyboard is using iohub backend.
7.3675 	INFO 	keyboard.Keyboard is using iohub backend.
7.3676 	INFO 	keyboard.Keyboard is using iohub backend.
7.3676 	INFO 	keyboard.Keyboard is using iohub backend.
7.3676 	INFO 	keyboard.Keyboard is using iohub backend.
7.3676 	INFO 	keyboard.Keyboard is using iohub backend.
7.3676 	INFO 	keyboard.Keyboard is using iohub backend.
7.3676 	INFO 	keyboard.Keyboard is using iohub backend.
7.3676 	EXP 	learn_probe: status = STARTED
7.4034 	EXP 	Created instructions_main = TextStim(__class__=<class 'psychopy.visual.text.TextStim'>, alignHoriz=method-wrapper(...), alignText='center', alignVert=method-wrapper(...), anchorHoriz='center', anchorVert='center', antialias=True, autoDraw=False, autoLog=True, bold=False, color=array([1., 1., 1.]), colorSpace='rgb', contrast=1.0, depth=0.0, draggable=False, flipHoriz=False, flipVert=False, font='Arial', fontFiles=[], height=0.05, italic=False, languageStyle='LTR', name='instructions_main', opacity=1, ori=0.0, pos=array([0., 0.]), rgb=UNKNOWN, text='Add instructions here\n\nspace to end', units='height', win=Window(...), wrapWidth=1)
7.4070 	EXP 	Created eeg_start_text = TextStim(__class__=<class 'psychopy.visual.text.TextStim'>, alignHoriz=method-wrapper(...), alignText='center', alignVert=method-wrapper(...), anchorHoriz='center', anchorVert='center', antialias=True, autoDraw=False, autoLog=True, bold=False, color=array([1., 1., 1.]), colorSpace='rgb', contrast=1.0, depth=0.0, draggable=False, flipHoriz=False, flipVert=False, font='Arial', fontFiles=[], height=0.05, italic=False, languageStyle='LTR', name='eeg_start_text', opacity=1, ori=0.0, pos=array([0., 0.]), rgb=UNKNOWN, text='Vérifier EEG', units='height', win=Window(...), wrapWidth=1)
7.4421 	DEBUG 	Saving data for learn_probe ExperimentHandler
7.4646 	INFO 	saved data to E:\replay_pilot_eeg\replay_pilot\data/sub-001/learn_prob/sub-001_learn_probe_2025-06-10_11h40.46.438.psydat
7.4822 	INFO 	saved data to 'E:\\replay_pilot_eeg\\replay_pilot\\data/sub-001/learn_prob/sub-001_learn_probe_2025-06-10_11h40.46.438.csv'
