5.6799 	DEBUG 	Fullscreen settings ignored as running in pilot mode.
5.6807 	INFO 	Loaded monitor calibration from ['2024_05_09 12:12']
6.0289 	EXP 	Created window1 = Window(allowGUI=False, allowStencil=False, autoLog=True, backendConf=UNKNOWN, backgroundFit=<method-wrapper '__getattribute__' of attributeSetter object at 0x000001BF1C141580>, backgroundImage=<method-wrapper '__getattribute__' of attributeSetter object at 0x000001BF1C141520>, bitsMode=UNKNOWN, blendMode='avg', bpc=(8, 8, 8), color=array([0, 0, 0]), colorSpace='rgb', depthBits=8, fullscr=False, gamma=None, gammaErrorPolicy='raise', infoMsg=UNKNOWN, lms=UNKNOWN, monitor=<psychopy.monitors.calibTools.Monitor object at 0x000001BF1C1BDA60>, multiSample=False, name='window1', numSamples=2, pos=[560.0, 240.0], screen=0, size=array([800, 600]), stencilBits=0, stereo=False, title='PsychoPy', units='height', useFBO=True, useRetina=False, viewOri=0.0, viewPos=None, viewScale=None, waitBlanking=True, winType='pyglet')
6.0289 	EXP 	window1: backgroundImage = ''
6.0289 	EXP 	window1: backgroundFit = 'none'
6.0367 	DEBUG 	TextBox2 loaded 1 chars with 0 blanks and 1 valid
6.0380 	DEBUG 	TextBox2 loaded 1 chars with 0 blanks and 1 valid
6.0393 	DEBUG 	TextBox2 loaded 1 chars with 0 blanks and 1 valid
6.0409 	DEBUG 	TextBox2 loaded 1 chars with 0 blanks and 1 valid
6.0427 	DEBUG 	TextBox2 loaded 1 chars with 0 blanks and 1 valid
6.0437 	DEBUG 	TextBox2 loaded 1 chars with 0 blanks and 1 valid
6.0450 	DEBUG 	TextBox2 loaded 1 chars with 0 blanks and 1 valid
6.0466 	DEBUG 	TextBox2 loaded 1 chars with 0 blanks and 1 valid
6.0474 	DEBUG 	TextBox2 loaded 1 chars with 0 blanks and 1 valid
6.0483 	DEBUG 	TextBox2 loaded 1 chars with 0 blanks and 1 valid
6.0496 	DEBUG 	TextBox2 loaded 1 chars with 0 blanks and 1 valid
6.0509 	DEBUG 	TextBox2 loaded 1 chars with 0 blanks and 1 valid
6.0521 	DEBUG 	TextBox2 loaded 1 chars with 0 blanks and 1 valid
6.0535 	DEBUG 	TextBox2 loaded 1 chars with 0 blanks and 1 valid
6.0547 	DEBUG 	TextBox2 loaded 1 chars with 0 blanks and 1 valid
6.0560 	DEBUG 	TextBox2 loaded 1 chars with 0 blanks and 1 valid
6.0573 	DEBUG 	TextBox2 loaded 1 chars with 0 blanks and 1 valid
6.0582 	DEBUG 	TextBox2 loaded 1 chars with 0 blanks and 1 valid
6.0592 	DEBUG 	TextBox2 loaded 1 chars with 0 blanks and 1 valid
6.0609 	DEBUG 	TextBox2 loaded 1 chars with 0 blanks and 1 valid
6.0622 	DEBUG 	TextBox2 loaded 1 chars with 0 blanks and 1 valid
6.0627 	DEBUG 	Uploading Texture Font fontname to graphics card
6.0650 	DEBUG 	Upload of Texture Font fontname complete
6.0719 	DEBUG 	TextBox2 loaded 1 chars with 0 blanks and 1 valid
6.0735 	DEBUG 	TextBox2 loaded 1 chars with 0 blanks and 1 valid
6.0750 	DEBUG 	TextBox2 loaded 1 chars with 0 blanks and 1 valid
6.0752 	DEBUG 	Uploading Texture Font fontname to graphics card
6.0759 	DEBUG 	Upload of Texture Font fontname complete
6.0780 	EXP 	window1: Attempting to measure frame rate of screen (0) ...
6.0780 	EXP 	window1: recordFrameIntervals = False
6.2388 	EXP 	window1: recordFrameIntervals = True
6.4225 	EXP 	Screen (0) actual frame rate measured at 59.94Hz
6.4225 	EXP 	window1: recordFrameIntervals = False
6.4282 	DEBUG 	TextBox2 loaded 1 chars with 0 blanks and 1 valid
6.4292 	DEBUG 	TextBox2 loaded 1 chars with 0 blanks and 1 valid
6.4306 	DEBUG 	TextBox2 loaded 1 chars with 0 blanks and 1 valid
6.4325 	DEBUG 	TextBox2 loaded 1 chars with 0 blanks and 1 valid
6.4342 	DEBUG 	TextBox2 loaded 1 chars with 0 blanks and 1 valid
6.4358 	DEBUG 	TextBox2 loaded 1 chars with 0 blanks and 1 valid
6.4369 	DEBUG 	TextBox2 loaded 1 chars with 0 blanks and 1 valid
6.4385 	DEBUG 	TextBox2 loaded 1 chars with 0 blanks and 1 valid
6.4401 	DEBUG 	TextBox2 loaded 1 chars with 0 blanks and 1 valid
6.4416 	DEBUG 	TextBox2 loaded 1 chars with 0 blanks and 1 valid
6.4419 	DEBUG 	Uploading Texture Font fontname to graphics card
6.4424 	DEBUG 	Upload of Texture Font fontname complete
6.5185 	WARNING 	launchHubServer: If using the iohub mouse or eyetracker devices, fullScr should be True.
9.1199 	INFO 	keyboard.Keyboard is using iohub backend.
9.1200 	INFO 	keyboard.Keyboard is using iohub backend.
9.1200 	INFO 	keyboard.Keyboard is using iohub backend.
9.1200 	INFO 	keyboard.Keyboard is using iohub backend.
9.1201 	EXP 	0.0 train_func: status = STARTED
9.5690 	EXP 	Created instr_text = TextStim(__class__=<class 'psychopy.visual.text.TextStim'>, alignHoriz=method-wrapper(...), alignText='center', alignVert=method-wrapper(...), anchorHoriz='center', anchorVert='center', antialias=True, autoDraw=False, autoLog=True, bold=False, color=array([1., 1., 1.]), colorSpace='rgb', contrast=1.0, depth=-1.0, draggable=False, flipHoriz=False, flipVert=False, font='Arial', fontFiles=[], height=0.05, italic=False, languageStyle='LTR', name='instr_text', opacity=1, ori=0.0, pos=array([0., 0.]), rgb=UNKNOWN, text=str(...), units='height', win=Window(...), wrapWidth=1)
9.5720 	EXP 	Created text = TextStim(__class__=<class 'psychopy.visual.text.TextStim'>, alignHoriz=method-wrapper(...), alignText='center', alignVert=method-wrapper(...), anchorHoriz='center', anchorVert='center', antialias=True, autoDraw=False, autoLog=True, bold=False, color=array([1., 1., 1.]), colorSpace='rgb', contrast=1.0, depth=0.0, draggable=False, flipHoriz=False, flipVert=False, font='Arial', fontFiles=[], height=0.05, italic=False, languageStyle='LTR', name='text', opacity=1, ori=0.0, pos=array([0., 0.]), rgb=UNKNOWN, text="Appuyer sur la barre d'espace pour débuter", units='height', win=Window(...), wrapWidth=1)
9.5771 	EXP 	Created text_2 = TextStim(__class__=<class 'psychopy.visual.text.TextStim'>, alignHoriz=method-wrapper(...), alignText='center', alignVert=method-wrapper(...), anchorHoriz='center', anchorVert='center', antialias=True, autoDraw=False, autoLog=True, bold=False, color=array([1., 1., 1.]), colorSpace='rgb', contrast=1.0, depth=0.0, draggable=False, flipHoriz=False, flipVert=False, font='Arial', fontFiles=[], height=0.15, italic=False, languageStyle='LTR', name='text_2', opacity=1, ori=0.0, pos=array([0., 0.]), rgb=UNKNOWN, text='+', units='height', win=Window(...), wrapWidth=1)
9.5953 	DEBUG 	Saving data for 0.0 train_func ExperimentHandler
9.5960 	INFO 	saved data to C:\Users\cbant\OneDrive\Bureau\git\replay_pain\replay_pilot\data/sub-003/train/sub-003_0.0 train_func_2025-06-19_11h01.12.293.psydat
9.5971 	INFO 	saved data to 'C:\\Users\\cbant\\OneDrive\\Bureau\\git\\replay_pain\\replay_pilot\\data/sub-003/train/sub-003_0.0 train_func_2025-06-19_11h01.12.293.csv'
