5.5123 	DEBUG 	Fullscreen settings ignored as running in pilot mode.
5.5131 	INFO 	Loaded monitor calibration from ['2024_05_09 12:12']
5.8554 	EXP 	Created window1 = Window(allowGUI=False, allowStencil=False, autoLog=True, backendConf=UNKNOWN, backgroundFit=<method-wrapper '__getattribute__' of attributeSetter object at 0x0000026AED391550>, backgroundImage=<method-wrapper '__getattribute__' of attributeSetter object at 0x0000026AED3914F0>, bitsMode=UNKNOWN, blendMode='avg', bpc=(8, 8, 8), color=array([0, 0, 0]), colorSpace='rgb', depthBits=8, fullscr=False, gamma=None, gammaErrorPolicy='raise', infoMsg=UNKNOWN, lms=UNKNOWN, monitor=<psychopy.monitors.calibTools.Monitor object at 0x0000026AED40DA30>, multiSample=False, name='window1', numSamples=2, pos=[560.0, 240.0], screen=0, size=array([800, 600]), stencilBits=0, stereo=False, title='PsychoPy', units='height', useFBO=True, useRetina=False, viewOri=0.0, viewPos=None, viewScale=None, waitBlanking=True, winType='pyglet')
5.8555 	EXP 	window1: backgroundImage = ''
5.8555 	EXP 	window1: backgroundFit = 'none'
5.8636 	DEBUG 	TextBox2 loaded 1 chars with 0 blanks and 1 valid
5.8649 	DEBUG 	TextBox2 loaded 1 chars with 0 blanks and 1 valid
5.8663 	DEBUG 	TextBox2 loaded 1 chars with 0 blanks and 1 valid
5.8680 	DEBUG 	TextBox2 loaded 1 chars with 0 blanks and 1 valid
5.8696 	DEBUG 	TextBox2 loaded 1 chars with 0 blanks and 1 valid
5.8706 	DEBUG 	TextBox2 loaded 1 chars with 0 blanks and 1 valid
5.8718 	DEBUG 	TextBox2 loaded 1 chars with 0 blanks and 1 valid
5.8734 	DEBUG 	TextBox2 loaded 1 chars with 0 blanks and 1 valid
5.8742 	DEBUG 	TextBox2 loaded 1 chars with 0 blanks and 1 valid
5.8751 	DEBUG 	TextBox2 loaded 1 chars with 0 blanks and 1 valid
5.8764 	DEBUG 	TextBox2 loaded 1 chars with 0 blanks and 1 valid
5.8777 	DEBUG 	TextBox2 loaded 1 chars with 0 blanks and 1 valid
5.8789 	DEBUG 	TextBox2 loaded 1 chars with 0 blanks and 1 valid
5.8803 	DEBUG 	TextBox2 loaded 1 chars with 0 blanks and 1 valid
5.8815 	DEBUG 	TextBox2 loaded 1 chars with 0 blanks and 1 valid
5.8828 	DEBUG 	TextBox2 loaded 1 chars with 0 blanks and 1 valid
5.8841 	DEBUG 	TextBox2 loaded 1 chars with 0 blanks and 1 valid
5.8851 	DEBUG 	TextBox2 loaded 1 chars with 0 blanks and 1 valid
5.8861 	DEBUG 	TextBox2 loaded 1 chars with 0 blanks and 1 valid
5.8877 	DEBUG 	TextBox2 loaded 1 chars with 0 blanks and 1 valid
5.8886 	DEBUG 	TextBox2 loaded 1 chars with 0 blanks and 1 valid
5.8890 	DEBUG 	Uploading Texture Font fontname to graphics card
5.8912 	DEBUG 	Upload of Texture Font fontname complete
5.8978 	DEBUG 	TextBox2 loaded 1 chars with 0 blanks and 1 valid
5.8993 	DEBUG 	TextBox2 loaded 1 chars with 0 blanks and 1 valid
5.9008 	DEBUG 	TextBox2 loaded 1 chars with 0 blanks and 1 valid
5.9010 	DEBUG 	Uploading Texture Font fontname to graphics card
5.9017 	DEBUG 	Upload of Texture Font fontname complete
5.9036 	EXP 	window1: Attempting to measure frame rate of screen (0) ...
5.9036 	EXP 	window1: recordFrameIntervals = False
6.0620 	EXP 	window1: recordFrameIntervals = True
6.2448 	EXP 	Screen (0) actual frame rate measured at 60.11Hz
6.2448 	EXP 	window1: recordFrameIntervals = False
6.2511 	DEBUG 	TextBox2 loaded 1 chars with 0 blanks and 1 valid
6.2522 	DEBUG 	TextBox2 loaded 1 chars with 0 blanks and 1 valid
6.2536 	DEBUG 	TextBox2 loaded 1 chars with 0 blanks and 1 valid
6.2555 	DEBUG 	TextBox2 loaded 1 chars with 0 blanks and 1 valid
6.2572 	DEBUG 	TextBox2 loaded 1 chars with 0 blanks and 1 valid
6.2588 	DEBUG 	TextBox2 loaded 1 chars with 0 blanks and 1 valid
6.2598 	DEBUG 	TextBox2 loaded 1 chars with 0 blanks and 1 valid
6.2613 	DEBUG 	TextBox2 loaded 1 chars with 0 blanks and 1 valid
6.2629 	DEBUG 	TextBox2 loaded 1 chars with 0 blanks and 1 valid
6.2644 	DEBUG 	TextBox2 loaded 1 chars with 0 blanks and 1 valid
6.2647 	DEBUG 	Uploading Texture Font fontname to graphics card
6.2652 	DEBUG 	Upload of Texture Font fontname complete
6.3389 	WARNING 	launchHubServer: If using the iohub mouse or eyetracker devices, fullScr should be True.
8.9475 	INFO 	keyboard.Keyboard is using iohub backend.
8.9475 	INFO 	keyboard.Keyboard is using iohub backend.
8.9476 	INFO 	keyboard.Keyboard is using iohub backend.
8.9476 	INFO 	keyboard.Keyboard is using iohub backend.
8.9476 	EXP 	0.0 train_func: status = STARTED
9.0097 	EXP 	Created instr_text = TextStim(__class__=<class 'psychopy.visual.text.TextStim'>, alignHoriz=method-wrapper(...), alignText='center', alignVert=method-wrapper(...), anchorHoriz='center', anchorVert='center', antialias=True, autoDraw=False, autoLog=True, bold=False, color=array([1., 1., 1.]), colorSpace='rgb', contrast=1.0, depth=-1.0, draggable=False, flipHoriz=False, flipVert=False, font='Arial', fontFiles=[], height=0.05, italic=False, languageStyle='LTR', name='instr_text', opacity=1, ori=0.0, pos=array([0., 0.]), rgb=UNKNOWN, text=str(...), units='height', win=Window(...), wrapWidth=1)
9.0131 	EXP 	Created text = TextStim(__class__=<class 'psychopy.visual.text.TextStim'>, alignHoriz=method-wrapper(...), alignText='center', alignVert=method-wrapper(...), anchorHoriz='center', anchorVert='center', antialias=True, autoDraw=False, autoLog=True, bold=False, color=array([1., 1., 1.]), colorSpace='rgb', contrast=1.0, depth=0.0, draggable=False, flipHoriz=False, flipVert=False, font='Arial', fontFiles=[], height=0.05, italic=False, languageStyle='LTR', name='text', opacity=1, ori=0.0, pos=array([0., 0.]), rgb=UNKNOWN, text="Appuyer sur la barre d'espace pour débuter", units='height', win=Window(...), wrapWidth=1)
9.0181 	EXP 	Created text_2 = TextStim(__class__=<class 'psychopy.visual.text.TextStim'>, alignHoriz=method-wrapper(...), alignText='center', alignVert=method-wrapper(...), anchorHoriz='center', anchorVert='center', antialias=True, autoDraw=False, autoLog=True, bold=False, color=array([1., 1., 1.]), colorSpace='rgb', contrast=1.0, depth=0.0, draggable=False, flipHoriz=False, flipVert=False, font='Arial', fontFiles=[], height=0.15, italic=False, languageStyle='LTR', name='text_2', opacity=1, ori=0.0, pos=array([0., 0.]), rgb=UNKNOWN, text='+', units='height', win=Window(...), wrapWidth=1)
9.0916 	EXP 	Created image_train = ImageStim(__class__=<class 'psychopy.visual.image.ImageStim'>, anchor=('center', 'center'), autoLog=True, color=array([1., 1., 1.]), colorSpace='rgb', contrast=1.0, depth=0.0, draggable=False, flipHoriz=False, flipVert=False, image='default.png', interpolate=True, mask=None, maskParams=None, name='image_train', opacity=1, ori=0.0, pos=array([0., 0.]), size=array([0.5, 0.5]), texRes=128.0, units='height', win=Window(...))
9.0925 	EXP 	Created word_train = TextStim(__class__=<class 'psychopy.visual.text.TextStim'>, alignHoriz=method-wrapper(...), alignText='center', alignVert=method-wrapper(...), anchorHoriz='center', anchorVert='center', antialias=True, autoDraw=False, autoLog=True, bold=False, color=array([1., 1., 1.]), colorSpace='rgb', contrast=1.0, depth=0.0, draggable=False, flipHoriz=False, flipVert=False, font='Arial', fontFiles=[], height=0.05, italic=False, languageStyle='LTR', name='word_train', opacity=1, ori=0.0, pos=array([0., 0.]), rgb=UNKNOWN, text='', units='height', win=Window(...), wrapWidth=1)
9.0936 	EXP 	Created blank_interval = TextStim(__class__=<class 'psychopy.visual.text.TextStim'>, alignHoriz=method-wrapper(...), alignText='center', alignVert=method-wrapper(...), anchorHoriz='center', anchorVert='center', antialias=True, autoDraw=False, autoLog=True, bold=False, color=array([1., 1., 1.]), colorSpace='rgb', contrast=1.0, depth=-1.0, draggable=False, flipHoriz=False, flipVert=False, font='Arial', fontFiles=[], height=0.05, italic=False, languageStyle='LTR', name='blank_interval', opacity=1, ori=0.0, pos=array([0., 0.]), rgb=UNKNOWN, text='', units='height', win=Window(...), wrapWidth=1)
9.0943 	EXP 	Created text_3 = TextStim(__class__=<class 'psychopy.visual.text.TextStim'>, alignHoriz=method-wrapper(...), alignText='center', alignVert=method-wrapper(...), anchorHoriz='center', anchorVert='center', antialias=True, autoDraw=False, autoLog=True, bold=False, color=array([1., 1., 1.]), colorSpace='rgb', contrast=1.0, depth=-1.0, draggable=False, flipHoriz=False, flipVert=False, font='Arial', fontFiles=[], height=0.05, italic=False, languageStyle='LTR', name='text_3', opacity=1, ori=0.0, pos=array([0., 0.]), rgb=UNKNOWN, text='', units='height', win=Window(...), wrapWidth=1)
0.0356 	INFO 	Keyboard events cleared
0.0354 	EXP 	instr_text: autoDraw = True
3.2550 	DATA 	Keypress: space
3.2672 	INFO 	Keyboard events cleared
3.2669 	EXP 	instr_text: autoDraw = False
3.2669 	EXP 	text: autoDraw = True
4.3066 	DEBUG 	Read csv file with pandas: train_cond/train_cond.csv
4.3073 	DEBUG 	Clearing unnamed columns from train_cond/train_cond.csv
4.3077 	EXP 	Imported train_cond/train_cond.csv as conditions, 20 conditions, 3 params
4.3279 	DEBUG 	Saving data for 0.0 train_func ExperimentHandler
4.3288 	INFO 	saved data to C:\Users\cbant\OneDrive\Bureau\git\replay_pain\replay_pilot\data/sub-003/train/sub-003_0.0 train_func_2025-06-19_11h02.24.123.psydat
4.3296 	INFO 	saved data to 'C:\\Users\\cbant\\OneDrive\\Bureau\\git\\replay_pain\\replay_pilot\\data/sub-003/train/sub-003_0.0 train_func_2025-06-19_11h02.24.123.csv'
