6.2365 	DEBUG 	Fullscreen settings ignored as running in pilot mode.
6.2373 	INFO 	Loaded monitor calibration from ['2024_05_09 12:12']
6.6044 	EXP 	Created window1 = Window(allowGUI=False, allowStencil=False, autoLog=True, backendConf=UNKNOWN, backgroundFit=<method-wrapper '__getattribute__' of attributeSetter object at 0x000001C9655F1580>, backgroundImage=<method-wrapper '__getattribute__' of attributeSetter object at 0x000001C9655F1520>, bitsMode=UNKNOWN, blendMode='avg', bpc=(8, 8, 8), color=array([0, 0, 0]), colorSpace='rgb', depthBits=8, fullscr=False, gamma=None, gammaErrorPolicy='raise', infoMsg=UNKNOWN, lms=UNKNOWN, monitor=<psychopy.monitors.calibTools.Monitor object at 0x000001C96566DA60>, multiSample=False, name='window1', numSamples=2, pos=[560.0, 240.0], screen=0, size=array([800, 600]), stencilBits=0, stereo=False, title='PsychoPy', units='height', useFBO=True, useRetina=False, viewOri=0.0, viewPos=None, viewScale=None, waitBlanking=True, winType='pyglet')
6.6044 	EXP 	window1: backgroundImage = ''
6.6045 	EXP 	window1: backgroundFit = 'none'
6.6126 	DEBUG 	TextBox2 loaded 1 chars with 0 blanks and 1 valid
6.6140 	DEBUG 	TextBox2 loaded 1 chars with 0 blanks and 1 valid
6.6155 	DEBUG 	TextBox2 loaded 1 chars with 0 blanks and 1 valid
6.6174 	DEBUG 	TextBox2 loaded 1 chars with 0 blanks and 1 valid
6.6189 	DEBUG 	TextBox2 loaded 1 chars with 0 blanks and 1 valid
6.6200 	DEBUG 	TextBox2 loaded 1 chars with 0 blanks and 1 valid
6.6213 	DEBUG 	TextBox2 loaded 1 chars with 0 blanks and 1 valid
6.6232 	DEBUG 	TextBox2 loaded 1 chars with 0 blanks and 1 valid
6.6241 	DEBUG 	TextBox2 loaded 1 chars with 0 blanks and 1 valid
6.6249 	DEBUG 	TextBox2 loaded 1 chars with 0 blanks and 1 valid
6.6262 	DEBUG 	TextBox2 loaded 1 chars with 0 blanks and 1 valid
6.6275 	DEBUG 	TextBox2 loaded 1 chars with 0 blanks and 1 valid
6.6287 	DEBUG 	TextBox2 loaded 1 chars with 0 blanks and 1 valid
6.6300 	DEBUG 	TextBox2 loaded 1 chars with 0 blanks and 1 valid
6.6312 	DEBUG 	TextBox2 loaded 1 chars with 0 blanks and 1 valid
6.6326 	DEBUG 	TextBox2 loaded 1 chars with 0 blanks and 1 valid
6.6339 	DEBUG 	TextBox2 loaded 1 chars with 0 blanks and 1 valid
6.6349 	DEBUG 	TextBox2 loaded 1 chars with 0 blanks and 1 valid
6.6359 	DEBUG 	TextBox2 loaded 1 chars with 0 blanks and 1 valid
6.6375 	DEBUG 	TextBox2 loaded 1 chars with 0 blanks and 1 valid
6.6385 	DEBUG 	TextBox2 loaded 1 chars with 0 blanks and 1 valid
6.6389 	DEBUG 	Uploading Texture Font fontname to graphics card
6.6404 	DEBUG 	Upload of Texture Font fontname complete
6.6476 	DEBUG 	TextBox2 loaded 1 chars with 0 blanks and 1 valid
6.6493 	DEBUG 	TextBox2 loaded 1 chars with 0 blanks and 1 valid
6.6508 	DEBUG 	TextBox2 loaded 1 chars with 0 blanks and 1 valid
6.6511 	DEBUG 	Uploading Texture Font fontname to graphics card
6.6520 	DEBUG 	Upload of Texture Font fontname complete
6.6544 	EXP 	window1: Attempting to measure frame rate of screen (0) ...
6.6544 	EXP 	window1: recordFrameIntervals = False
6.8157 	EXP 	window1: recordFrameIntervals = True
6.9994 	EXP 	Screen (0) actual frame rate measured at 59.98Hz
6.9995 	EXP 	window1: recordFrameIntervals = False
7.0053 	DEBUG 	TextBox2 loaded 1 chars with 0 blanks and 1 valid
7.0064 	DEBUG 	TextBox2 loaded 1 chars with 0 blanks and 1 valid
7.0079 	DEBUG 	TextBox2 loaded 1 chars with 0 blanks and 1 valid
7.0097 	DEBUG 	TextBox2 loaded 1 chars with 0 blanks and 1 valid
7.0115 	DEBUG 	TextBox2 loaded 1 chars with 0 blanks and 1 valid
7.0131 	DEBUG 	TextBox2 loaded 1 chars with 0 blanks and 1 valid
7.0142 	DEBUG 	TextBox2 loaded 1 chars with 0 blanks and 1 valid
7.0157 	DEBUG 	TextBox2 loaded 1 chars with 0 blanks and 1 valid
7.0173 	DEBUG 	TextBox2 loaded 1 chars with 0 blanks and 1 valid
7.0194 	DEBUG 	TextBox2 loaded 1 chars with 0 blanks and 1 valid
7.0197 	DEBUG 	Uploading Texture Font fontname to graphics card
7.0203 	DEBUG 	Upload of Texture Font fontname complete
7.1077 	WARNING 	launchHubServer: If using the iohub mouse or eyetracker devices, fullScr should be True.
9.8181 	INFO 	keyboard.Keyboard is using iohub backend.
9.8181 	INFO 	keyboard.Keyboard is using iohub backend.
9.8182 	INFO 	keyboard.Keyboard is using iohub backend.
9.8182 	INFO 	keyboard.Keyboard is using iohub backend.
9.8182 	EXP 	0.0 train_func: status = STARTED
9.8788 	EXP 	Created instr_text = TextStim(__class__=<class 'psychopy.visual.text.TextStim'>, alignHoriz=method-wrapper(...), alignText='center', alignVert=method-wrapper(...), anchorHoriz='center', anchorVert='center', antialias=True, autoDraw=False, autoLog=True, bold=False, color=array([1., 1., 1.]), colorSpace='rgb', contrast=1.0, depth=-1.0, draggable=False, flipHoriz=False, flipVert=False, font='Arial', fontFiles=[], height=0.05, italic=False, languageStyle='LTR', name='instr_text', opacity=1, ori=0.0, pos=array([0., 0.]), rgb=UNKNOWN, text=str(...), units='height', win=Window(...), wrapWidth=1)
9.8817 	EXP 	Created text = TextStim(__class__=<class 'psychopy.visual.text.TextStim'>, alignHoriz=method-wrapper(...), alignText='center', alignVert=method-wrapper(...), anchorHoriz='center', anchorVert='center', antialias=True, autoDraw=False, autoLog=True, bold=False, color=array([1., 1., 1.]), colorSpace='rgb', contrast=1.0, depth=0.0, draggable=False, flipHoriz=False, flipVert=False, font='Arial', fontFiles=[], height=0.05, italic=False, languageStyle='LTR', name='text', opacity=1, ori=0.0, pos=array([0., 0.]), rgb=UNKNOWN, text="Appuyer sur la barre d'espace pour débuter", units='height', win=Window(...), wrapWidth=1)
9.8856 	EXP 	Created text_2 = TextStim(__class__=<class 'psychopy.visual.text.TextStim'>, alignHoriz=method-wrapper(...), alignText='center', alignVert=method-wrapper(...), anchorHoriz='center', anchorVert='center', antialias=True, autoDraw=False, autoLog=True, bold=False, color=array([1., 1., 1.]), colorSpace='rgb', contrast=1.0, depth=0.0, draggable=False, flipHoriz=False, flipVert=False, font='Arial', fontFiles=[], height=0.15, italic=False, languageStyle='LTR', name='text_2', opacity=1, ori=0.0, pos=array([0., 0.]), rgb=UNKNOWN, text='+', units='height', win=Window(...), wrapWidth=1)
9.9039 	DEBUG 	Saving data for 0.0 train_func ExperimentHandler
9.9047 	INFO 	saved data to C:\Users\cbant\OneDrive\Bureau\git\replay_pain\replay_pilot\data/sub-003/train/sub-003_0.0 train_func_2025-06-19_11h01.51.546.psydat
9.9054 	INFO 	saved data to 'C:\\Users\\cbant\\OneDrive\\Bureau\\git\\replay_pain\\replay_pilot\\data/sub-003/train/sub-003_0.0 train_func_2025-06-19_11h01.51.546.csv'
