8.1178 	DEBUG 	Fullscreen settings ignored as running in pilot mode.
8.1185 	INFO 	Loaded monitor calibration from ['2024_05_09 12:12']
8.4651 	EXP 	Created window1 = Window(allowGUI=False, allowStencil=False, autoLog=True, backendConf=UNKNOWN, backgroundFit=<method-wrapper '__getattribute__' of attributeSetter object at 0x000001FA67B015E0>, backgroundImage=<method-wrapper '__getattribute__' of attributeSetter object at 0x000001FA67B01580>, bitsMode=UNKNOWN, blendMode='avg', bpc=(8, 8, 8), color=array([0, 0, 0]), colorSpace='rgb', depthBits=8, fullscr=False, gamma=None, gammaErrorPolicy='raise', infoMsg=UNKNOWN, lms=UNKNOWN, monitor=<psychopy.monitors.calibTools.Monitor object at 0x000001FA67B7DAC0>, multiSample=False, name='window1', numSamples=2, pos=[560.0, 240.0], screen=0, size=array([800, 600]), stencilBits=0, stereo=False, title='PsychoPy', units='height', useFBO=True, useRetina=False, viewOri=0.0, viewPos=None, viewScale=None, waitBlanking=True, winType='pyglet')
8.4652 	EXP 	window1: backgroundImage = ''
8.4652 	EXP 	window1: backgroundFit = 'none'
8.4730 	DEBUG 	TextBox2 loaded 1 chars with 0 blanks and 1 valid
8.4743 	DEBUG 	TextBox2 loaded 1 chars with 0 blanks and 1 valid
8.4757 	DEBUG 	TextBox2 loaded 1 chars with 0 blanks and 1 valid
8.4775 	DEBUG 	TextBox2 loaded 1 chars with 0 blanks and 1 valid
8.4790 	DEBUG 	TextBox2 loaded 1 chars with 0 blanks and 1 valid
8.4800 	DEBUG 	TextBox2 loaded 1 chars with 0 blanks and 1 valid
8.4813 	DEBUG 	TextBox2 loaded 1 chars with 0 blanks and 1 valid
8.4828 	DEBUG 	TextBox2 loaded 1 chars with 0 blanks and 1 valid
8.4836 	DEBUG 	TextBox2 loaded 1 chars with 0 blanks and 1 valid
8.4844 	DEBUG 	TextBox2 loaded 1 chars with 0 blanks and 1 valid
8.4857 	DEBUG 	TextBox2 loaded 1 chars with 0 blanks and 1 valid
8.4870 	DEBUG 	TextBox2 loaded 1 chars with 0 blanks and 1 valid
8.4882 	DEBUG 	TextBox2 loaded 1 chars with 0 blanks and 1 valid
8.4895 	DEBUG 	TextBox2 loaded 1 chars with 0 blanks and 1 valid
8.4906 	DEBUG 	TextBox2 loaded 1 chars with 0 blanks and 1 valid
8.4919 	DEBUG 	TextBox2 loaded 1 chars with 0 blanks and 1 valid
8.4932 	DEBUG 	TextBox2 loaded 1 chars with 0 blanks and 1 valid
8.4941 	DEBUG 	TextBox2 loaded 1 chars with 0 blanks and 1 valid
8.4951 	DEBUG 	TextBox2 loaded 1 chars with 0 blanks and 1 valid
8.4966 	DEBUG 	TextBox2 loaded 1 chars with 0 blanks and 1 valid
8.4976 	DEBUG 	TextBox2 loaded 1 chars with 0 blanks and 1 valid
8.4979 	DEBUG 	Uploading Texture Font fontname to graphics card
8.5003 	DEBUG 	Upload of Texture Font fontname complete
8.5076 	DEBUG 	TextBox2 loaded 1 chars with 0 blanks and 1 valid
8.5095 	DEBUG 	TextBox2 loaded 1 chars with 0 blanks and 1 valid
8.5114 	DEBUG 	TextBox2 loaded 1 chars with 0 blanks and 1 valid
8.5118 	DEBUG 	Uploading Texture Font fontname to graphics card
8.5132 	DEBUG 	Upload of Texture Font fontname complete
8.5159 	EXP 	window1: Attempting to measure frame rate of screen (0) ...
8.5159 	EXP 	window1: recordFrameIntervals = False
8.6765 	EXP 	window1: recordFrameIntervals = True
8.8599 	EXP 	Screen (0) actual frame rate measured at 59.90Hz
8.8599 	EXP 	window1: recordFrameIntervals = False
8.8658 	DEBUG 	TextBox2 loaded 1 chars with 0 blanks and 1 valid
8.8668 	DEBUG 	TextBox2 loaded 1 chars with 0 blanks and 1 valid
8.8682 	DEBUG 	TextBox2 loaded 1 chars with 0 blanks and 1 valid
8.8701 	DEBUG 	TextBox2 loaded 1 chars with 0 blanks and 1 valid
8.8718 	DEBUG 	TextBox2 loaded 1 chars with 0 blanks and 1 valid
8.8734 	DEBUG 	TextBox2 loaded 1 chars with 0 blanks and 1 valid
8.8745 	DEBUG 	TextBox2 loaded 1 chars with 0 blanks and 1 valid
8.8759 	DEBUG 	TextBox2 loaded 1 chars with 0 blanks and 1 valid
8.8775 	DEBUG 	TextBox2 loaded 1 chars with 0 blanks and 1 valid
8.8790 	DEBUG 	TextBox2 loaded 1 chars with 0 blanks and 1 valid
8.8793 	DEBUG 	Uploading Texture Font fontname to graphics card
8.8798 	DEBUG 	Upload of Texture Font fontname complete
8.9523 	WARNING 	launchHubServer: If using the iohub mouse or eyetracker devices, fullScr should be True.
11.4578 	INFO 	keyboard.Keyboard is using iohub backend.
11.4579 	INFO 	keyboard.Keyboard is using iohub backend.
11.4579 	INFO 	keyboard.Keyboard is using iohub backend.
11.4579 	INFO 	keyboard.Keyboard is using iohub backend.
11.4579 	EXP 	0.0 train_func: status = STARTED
11.5155 	EXP 	Created instr_text = TextStim(__class__=<class 'psychopy.visual.text.TextStim'>, alignHoriz=method-wrapper(...), alignText='center', alignVert=method-wrapper(...), anchorHoriz='center', anchorVert='center', antialias=True, autoDraw=False, autoLog=True, bold=False, color=array([1., 1., 1.]), colorSpace='rgb', contrast=1.0, depth=-1.0, draggable=False, flipHoriz=False, flipVert=False, font='Arial', fontFiles=[], height=0.05, italic=False, languageStyle='LTR', name='instr_text', opacity=1, ori=0.0, pos=array([0., 0.]), rgb=UNKNOWN, text=str(...), units='height', win=Window(...), wrapWidth=1)
11.5185 	EXP 	Created text = TextStim(__class__=<class 'psychopy.visual.text.TextStim'>, alignHoriz=method-wrapper(...), alignText='center', alignVert=method-wrapper(...), anchorHoriz='center', anchorVert='center', antialias=True, autoDraw=False, autoLog=True, bold=False, color=array([1., 1., 1.]), colorSpace='rgb', contrast=1.0, depth=0.0, draggable=False, flipHoriz=False, flipVert=False, font='Arial', fontFiles=[], height=0.05, italic=False, languageStyle='LTR', name='text', opacity=1, ori=0.0, pos=array([0., 0.]), rgb=UNKNOWN, text="Appuyer sur la barre d'espace pour débuter", units='height', win=Window(...), wrapWidth=1)
11.5226 	EXP 	Created text_2 = TextStim(__class__=<class 'psychopy.visual.text.TextStim'>, alignHoriz=method-wrapper(...), alignText='center', alignVert=method-wrapper(...), anchorHoriz='center', anchorVert='center', antialias=True, autoDraw=False, autoLog=True, bold=False, color=array([1., 1., 1.]), colorSpace='rgb', contrast=1.0, depth=0.0, draggable=False, flipHoriz=False, flipVert=False, font='Arial', fontFiles=[], height=0.15, italic=False, languageStyle='LTR', name='text_2', opacity=1, ori=0.0, pos=array([0., 0.]), rgb=UNKNOWN, text='+', units='height', win=Window(...), wrapWidth=1)
11.5281 	EXP 	Created image_train = ImageStim(__class__=<class 'psychopy.visual.image.ImageStim'>, anchor=('center', 'center'), autoLog=True, color=array([1., 1., 1.]), colorSpace='rgb', contrast=1.0, depth=0.0, draggable=False, flipHoriz=False, flipVert=False, image='default.png', interpolate=True, mask=None, maskParams=None, name='image_train', opacity=1, ori=0.0, pos=array([0., 0.]), size=array([0.5, 0.5]), texRes=128.0, units='height', win=Window(...))
11.5288 	EXP 	Created word_train = TextStim(__class__=<class 'psychopy.visual.text.TextStim'>, alignHoriz=method-wrapper(...), alignText='center', alignVert=method-wrapper(...), anchorHoriz='center', anchorVert='center', antialias=True, autoDraw=False, autoLog=True, bold=False, color=array([1., 1., 1.]), colorSpace='rgb', contrast=1.0, depth=0.0, draggable=False, flipHoriz=False, flipVert=False, font='Arial', fontFiles=[], height=0.05, italic=False, languageStyle='LTR', name='word_train', opacity=1, ori=0.0, pos=array([0., 0.]), rgb=UNKNOWN, text='', units='height', win=Window(...), wrapWidth=1)
11.5298 	EXP 	Created blank_interval = TextStim(__class__=<class 'psychopy.visual.text.TextStim'>, alignHoriz=method-wrapper(...), alignText='center', alignVert=method-wrapper(...), anchorHoriz='center', anchorVert='center', antialias=True, autoDraw=False, autoLog=True, bold=False, color=array([1., 1., 1.]), colorSpace='rgb', contrast=1.0, depth=-1.0, draggable=False, flipHoriz=False, flipVert=False, font='Arial', fontFiles=[], height=0.05, italic=False, languageStyle='LTR', name='blank_interval', opacity=1, ori=0.0, pos=array([0., 0.]), rgb=UNKNOWN, text='', units='height', win=Window(...), wrapWidth=1)
11.5304 	EXP 	Created text_3 = TextStim(__class__=<class 'psychopy.visual.text.TextStim'>, alignHoriz=method-wrapper(...), alignText='center', alignVert=method-wrapper(...), anchorHoriz='center', anchorVert='center', antialias=True, autoDraw=False, autoLog=True, bold=False, color=array([1., 1., 1.]), colorSpace='rgb', contrast=1.0, depth=-1.0, draggable=False, flipHoriz=False, flipVert=False, font='Arial', fontFiles=[], height=0.05, italic=False, languageStyle='LTR', name='text_3', opacity=1, ori=0.0, pos=array([0., 0.]), rgb=UNKNOWN, text='', units='height', win=Window(...), wrapWidth=1)
0.0306 	INFO 	Keyboard events cleared
0.0304 	EXP 	instr_text: autoDraw = True
0.6868 	DATA 	Keypress: space
0.6965 	INFO 	Keyboard events cleared
0.6963 	EXP 	instr_text: autoDraw = False
0.6963 	EXP 	text: autoDraw = True
1.3017 	DEBUG 	Read csv file with pandas: train_cond/train_cond.csv
1.3023 	DEBUG 	Clearing unnamed columns from train_cond/train_cond.csv
1.3028 	EXP 	Imported train_cond/train_cond.csv as conditions, 20 conditions, 3 params
1.3031 	EXP 	New trial (rep=0, index=0): <Trial 0 (0 in rep 0) data={'images': 'stimuli/training_2.png', 'words': 'valise', 'match': 'match', 'thisN': 0, 'thisTrialN': 0, 'thisRepN': 0}>
1.3045 	DATA 	Keypress: space
1.3130 	EXP 	text: autoDraw = False
1.3130 	EXP 	text_2: autoDraw = True
2.0458 	EXP 	text_2: autoDraw = False
2.0458 	EXP 	text_2: autoDraw = False
2.0458 	EXP 	image_train: image = 'stimuli/training_2.png'
2.0458 	EXP 	image_train: autoDraw = True
3.8131 	EXP 	image_train: autoDraw = False
3.8131 	EXP 	word_train: height = 0.05
3.8131 	EXP 	word_train: height = 0.05
3.8131 	EXP 	word_train: height = 0.05
3.8131 	EXP 	word_train: text = 'valise'
3.8131 	EXP 	word_train: autoDraw = True
5.8128 	EXP 	word_train: autoDraw = False
5.8128 	EXP 	word_train: autoDraw = False
5.8128 	EXP 	blank_interval: autoDraw = True
6.8127 	INFO 	Keyboard events cleared
6.8125 	EXP 	blank_interval: autoDraw = False
6.8125 	EXP 	blank_interval: autoDraw = False
6.8125 	EXP 	text_3: height = 0.05
6.8125 	EXP 	text_3: height = 0.05
6.8125 	EXP 	text_3: height = 0.05
6.8125 	EXP 	text_3: text = "Indiquer si le mot correspond à l'image précédente à l'aide de ['2', '1']"
6.8125 	EXP 	text_3: autoDraw = True
7.5825 	DATA 	Keypress: 2
7.5984 	EXP 	New trial (rep=0, index=1): <Trial 1 (1 in rep 0) data={'images': 'stimuli/training_2.png', 'words': 'amande', 'match': 'n_match', 'thisN': 1, 'thisTrialN': 1, 'thisRepN': 0}>
7.6127 	EXP 	text_3: autoDraw = False
7.6127 	EXP 	text_2: autoDraw = True
8.2307 	EXP 	text_2: autoDraw = False
8.2307 	EXP 	image_train: image = 'stimuli/training_2.png'
8.2307 	EXP 	image_train: autoDraw = True
10.1294 	EXP 	image_train: autoDraw = False
10.1294 	EXP 	word_train: height = 0.05
10.1294 	EXP 	word_train: height = 0.05
10.1294 	EXP 	word_train: height = 0.05
10.1294 	EXP 	word_train: text = 'amande'
10.1294 	EXP 	word_train: autoDraw = True
12.1295 	EXP 	word_train: autoDraw = False
12.1295 	EXP 	blank_interval: autoDraw = True
13.3297 	INFO 	Keyboard events cleared
13.3295 	EXP 	blank_interval: autoDraw = False
13.3295 	EXP 	blank_interval: autoDraw = False
13.3295 	EXP 	text_3: text = "Indiquer si le mot correspond à l'image précédente à l'aide de ['2', '1']"
13.3295 	EXP 	text_3: autoDraw = True
13.7501 	DATA 	Keypress: 2
14.0160 	DATA 	Keypress: 2
14.2322 	DATA 	Keypress: 2
14.7326 	DATA 	Keypress: 2
14.9326 	DATA 	Keypress: 2
15.1323 	DATA 	Keypress: 2
15.3327 	DATA 	Keypress: 2
15.5159 	DATA 	Keypress: 2
15.9160 	DATA 	Keypress: 1
15.9316 	EXP 	New trial (rep=0, index=2): <Trial 2 (2 in rep 0) data={'images': 'stimuli/training_1.png', 'words': 'valise', 'match': 'n_match', 'thisN': 2, 'thisTrialN': 2, 'thisRepN': 0}>
15.9457 	EXP 	text_3: autoDraw = False
15.9457 	EXP 	text_2: autoDraw = True
16.5631 	EXP 	text_2: autoDraw = False
16.5631 	EXP 	text_2: autoDraw = False
16.5631 	EXP 	image_train: image = 'stimuli/training_1.png'
16.5631 	EXP 	image_train: autoDraw = True
18.4623 	EXP 	image_train: autoDraw = False
18.4623 	EXP 	word_train: height = 0.05
18.4623 	EXP 	word_train: height = 0.05
18.4623 	EXP 	word_train: height = 0.05
18.4623 	EXP 	word_train: text = 'valise'
18.4623 	EXP 	word_train: autoDraw = True
20.4624 	EXP 	word_train: autoDraw = False
20.4624 	EXP 	blank_interval: autoDraw = True
22.1625 	INFO 	Keyboard events cleared
22.1622 	EXP 	blank_interval: autoDraw = False
22.1622 	EXP 	blank_interval: autoDraw = False
22.1622 	EXP 	text_3: text = "Indiquer si le mot correspond à l'image précédente à l'aide de ['2', '1']"
22.1622 	EXP 	text_3: autoDraw = True
23.3325 	DATA 	Keypress: 1
23.3480 	EXP 	New trial (rep=0, index=3): <Trial 3 (3 in rep 0) data={'images': 'stimuli/training_2.png', 'words': 'amande', 'match': 'n_match', 'thisN': 3, 'thisTrialN': 3, 'thisRepN': 0}>
23.3623 	EXP 	text_3: autoDraw = False
23.3623 	EXP 	text_2: autoDraw = True
23.9803 	EXP 	text_2: autoDraw = False
23.9803 	EXP 	text_2: autoDraw = False
23.9803 	EXP 	image_train: image = 'stimuli/training_2.png'
23.9803 	EXP 	image_train: autoDraw = True
24.3324 	DATA 	Keypress: escape
24.3817 	EXP 	0.0 train_func: status = STOPPED
24.3954 	EXP 	image_train: autoDraw = False
24.3976 	EXP 	0.0 train_func: status = STOPPED
24.4007 	INFO 	saved data to 'C:\\Users\\cbant\\OneDrive\\Bureau\\git\\replay_pain\\replay_pilot\\data/sub-003/train/sub-003_0.0 train_func_2025-06-19_11h06.18.967.csv'
24.4017 	INFO 	saved data to C:\Users\cbant\OneDrive\Bureau\git\replay_pain\replay_pilot\data/sub-003/train/sub-003_0.0 train_func_2025-06-19_11h06.18.967.psydat
24.9386 	DEBUG 	Saving data for 0.0 train_func ExperimentHandler
