10.9610 	DEBUG 	Fullscreen settings ignored as running in pilot mode.
10.9614 	INFO 	Loaded monitor calibration from ['2025_05_21 13:58']
11.2520 	EXP 	Created window1 = Window(allowGUI=False, allowStencil=False, autoLog=True, backendConf=UNKNOWN, backgroundFit=<method-wrapper '__getattribute__' of attributeSetter object at 0x000001E25E510AF0>, backgroundImage=<method-wrapper '__getattribute__' of attributeSetter object at 0x000001E25E510B50>, bitsMode=UNKNOWN, blendMode='avg', bpc=(8, 8, 8), color=array([0, 0, 0]), colorSpace='rgb', depthBits=8, fullscr=False, gamma=None, gammaErrorPolicy='raise', infoMsg=UNKNOWN, lms=UNKNOWN, monitor=<psychopy.monitors.calibTools.Monitor object at 0x000001E25F373520>, multiSample=False, name='window1', numSamples=2, pos=[560.0, 240.0], screen=0, size=array([800, 600]), stencilBits=0, stereo=False, title='PsychoPy', units='height', useFBO=True, useRetina=False, viewOri=0.0, viewPos=None, viewScale=None, waitBlanking=True, winType='pyglet')
11.2520 	EXP 	window1: backgroundImage = ''
11.2520 	EXP 	window1: backgroundFit = 'none'
11.2556 	DEBUG 	TextBox2 loaded 1 chars with 0 blanks and 1 valid
11.2560 	DEBUG 	TextBox2 loaded 1 chars with 0 blanks and 1 valid
11.2565 	DEBUG 	TextBox2 loaded 1 chars with 0 blanks and 1 valid
11.2570 	DEBUG 	TextBox2 loaded 1 chars with 0 blanks and 1 valid
11.2574 	DEBUG 	TextBox2 loaded 1 chars with 0 blanks and 1 valid
11.2577 	DEBUG 	TextBox2 loaded 1 chars with 0 blanks and 1 valid
11.2580 	DEBUG 	TextBox2 loaded 1 chars with 0 blanks and 1 valid
11.2585 	DEBUG 	TextBox2 loaded 1 chars with 0 blanks and 1 valid
11.2587 	DEBUG 	TextBox2 loaded 1 chars with 0 blanks and 1 valid
11.2588 	DEBUG 	TextBox2 loaded 1 chars with 0 blanks and 1 valid
11.2592 	DEBUG 	TextBox2 loaded 1 chars with 0 blanks and 1 valid
11.2595 	DEBUG 	TextBox2 loaded 1 chars with 0 blanks and 1 valid
11.2599 	DEBUG 	TextBox2 loaded 1 chars with 0 blanks and 1 valid
11.2602 	DEBUG 	TextBox2 loaded 1 chars with 0 blanks and 1 valid
11.2606 	DEBUG 	TextBox2 loaded 1 chars with 0 blanks and 1 valid
11.2610 	DEBUG 	TextBox2 loaded 1 chars with 0 blanks and 1 valid
11.2613 	DEBUG 	TextBox2 loaded 1 chars with 0 blanks and 1 valid
11.2616 	DEBUG 	TextBox2 loaded 1 chars with 0 blanks and 1 valid
11.2619 	DEBUG 	TextBox2 loaded 1 chars with 0 blanks and 1 valid
11.2625 	DEBUG 	TextBox2 loaded 1 chars with 0 blanks and 1 valid
11.2628 	DEBUG 	TextBox2 loaded 1 chars with 0 blanks and 1 valid
11.2631 	DEBUG 	Uploading Texture Font fontname to graphics card
11.2642 	DEBUG 	Upload of Texture Font fontname complete
11.2672 	DEBUG 	TextBox2 loaded 1 chars with 0 blanks and 1 valid
11.2677 	DEBUG 	TextBox2 loaded 1 chars with 0 blanks and 1 valid
11.2681 	DEBUG 	TextBox2 loaded 1 chars with 0 blanks and 1 valid
11.2683 	DEBUG 	Uploading Texture Font fontname to graphics card
11.2687 	DEBUG 	Upload of Texture Font fontname complete
11.2696 	EXP 	window1: Attempting to measure frame rate of screen (0) ...
11.2697 	EXP 	window1: recordFrameIntervals = False
11.3394 	EXP 	window1: recordFrameIntervals = True
11.4163 	EXP 	Screen (0) actual frame rate measured at 143.19Hz
11.4163 	EXP 	window1: recordFrameIntervals = False
11.4200 	DEBUG 	TextBox2 loaded 1 chars with 0 blanks and 1 valid
11.4204 	DEBUG 	TextBox2 loaded 1 chars with 0 blanks and 1 valid
11.4209 	DEBUG 	TextBox2 loaded 1 chars with 0 blanks and 1 valid
11.4214 	DEBUG 	TextBox2 loaded 1 chars with 0 blanks and 1 valid
11.4219 	DEBUG 	TextBox2 loaded 1 chars with 0 blanks and 1 valid
11.4224 	DEBUG 	TextBox2 loaded 1 chars with 0 blanks and 1 valid
11.4227 	DEBUG 	TextBox2 loaded 1 chars with 0 blanks and 1 valid
11.4232 	DEBUG 	TextBox2 loaded 1 chars with 0 blanks and 1 valid
11.4237 	DEBUG 	TextBox2 loaded 1 chars with 0 blanks and 1 valid
11.4241 	DEBUG 	TextBox2 loaded 1 chars with 0 blanks and 1 valid
11.4243 	DEBUG 	Uploading Texture Font fontname to graphics card
11.4246 	DEBUG 	Upload of Texture Font fontname complete
11.4311 	WARNING 	launchHubServer: If using the iohub mouse or eyetracker devices, fullScr should be True.
12.8889 	INFO 	keyboard.Keyboard is using iohub backend.
12.8889 	INFO 	keyboard.Keyboard is using iohub backend.
12.8890 	INFO 	keyboard.Keyboard is using iohub backend.
12.8890 	INFO 	keyboard.Keyboard is using iohub backend.
12.8890 	INFO 	keyboard.Keyboard is using iohub backend.
12.8890 	EXP 	learn_probe: status = STARTED
12.9311 	EXP 	Created instructions_main = TextStim(__class__=<class 'psychopy.visual.text.TextStim'>, alignHoriz=method-wrapper(...), alignText='center', alignVert=method-wrapper(...), anchorHoriz='center', anchorVert='center', antialias=True, autoDraw=False, autoLog=True, bold=False, color=array([1., 1., 1.]), colorSpace='rgb', contrast=1.0, depth=0.0, draggable=False, flipHoriz=False, flipVert=False, font='Arial', fontFiles=[], height=0.05, italic=False, languageStyle='LTR', name='instructions_main', opacity=1, ori=0.0, pos=array([0., 0.]), rgb=UNKNOWN, text='Add instructions here\n\nspace to end', units='height', win=Window(...), wrapWidth=1)
12.9344 	EXP 	Created text = TextStim(__class__=<class 'psychopy.visual.text.TextStim'>, alignHoriz=method-wrapper(...), alignText='center', alignVert=method-wrapper(...), anchorHoriz='center', anchorVert='center', antialias=True, autoDraw=False, autoLog=True, bold=False, color=array([1., 1., 1.]), colorSpace='rgb', contrast=1.0, depth=0.0, draggable=False, flipHoriz=False, flipVert=False, font='Arial', fontFiles=[], height=0.05, italic=False, languageStyle='LTR', name='text', opacity=1, ori=0.0, pos=array([0., 0.]), rgb=UNKNOWN, text=str(...), units='height', win=Window(...), wrapWidth=1)
12.9357 	EXP 	Created fix_learn_cross = TextStim(__class__=<class 'psychopy.visual.text.TextStim'>, alignHoriz=method-wrapper(...), alignText='center', alignVert=method-wrapper(...), anchorHoriz='center', anchorVert='center', antialias=True, autoDraw=False, autoLog=True, bold=False, color=array([1., 1., 1.]), colorSpace='rgb', contrast=1.0, depth=0.0, draggable=False, flipHoriz=False, flipVert=False, font='Arial', fontFiles=[], height=0.05, italic=False, languageStyle='LTR', name='fix_learn_cross', opacity=1, ori=0.0, pos=array([0., 0.]), rgb=UNKNOWN, text='+', units='height', win=Window(...), wrapWidth=1)
12.9387 	EXP 	Created first_of_pair = ImageStim(__class__=<class 'psychopy.visual.image.ImageStim'>, anchor=('center', 'center'), autoLog=True, color=array([1., 1., 1.]), colorSpace='rgb', contrast=1.0, depth=0.0, draggable=False, flipHoriz=False, flipVert=False, image='default.png', interpolate=True, mask=None, maskParams=None, name='first_of_pair', opacity=1, ori=0.0, pos=array([0., 0.]), size=array([0.5, 0.5]), texRes=128.0, units='height', win=Window(...))
12.9392 	EXP 	Created break_random = TextStim(__class__=<class 'psychopy.visual.text.TextStim'>, alignHoriz=method-wrapper(...), alignText='center', alignVert=method-wrapper(...), anchorHoriz='center', anchorVert='center', antialias=True, autoDraw=False, autoLog=True, bold=False, color=array([1., 1., 1.]), colorSpace='rgb', contrast=1.0, depth=-1.0, draggable=False, flipHoriz=False, flipVert=False, font='Arial', fontFiles=[], height=0.05, italic=False, languageStyle='LTR', name='break_random', opacity=1, ori=0.0, pos=array([0., 0.]), rgb=UNKNOWN, text='', units='height', win=Window(...), wrapWidth=1)
12.9414 	EXP 	Created second_of_pair = ImageStim(__class__=<class 'psychopy.visual.image.ImageStim'>, anchor=('center', 'center'), autoLog=True, color=array([1., 1., 1.]), colorSpace='rgb', contrast=1.0, depth=0.0, draggable=False, flipHoriz=False, flipVert=False, image='default.png', interpolate=True, mask=None, maskParams=None, name='second_of_pair', opacity=1, ori=0.0, pos=array([0., 0.]), size=array([0.5, 0.5]), texRes=128.0, units='height', win=Window(...))
12.9420 	EXP 	Created five_s_break = TextStim(__class__=<class 'psychopy.visual.text.TextStim'>, alignHoriz=method-wrapper(...), alignText='center', alignVert=method-wrapper(...), anchorHoriz='center', anchorVert='center', antialias=True, autoDraw=False, autoLog=True, bold=False, color=array([1., 1., 1.]), colorSpace='rgb', contrast=1.0, depth=0.0, draggable=False, flipHoriz=False, flipVert=False, font='Arial', fontFiles=[], height=0.05, italic=False, languageStyle='LTR', name='five_s_break', opacity=1, ori=0.0, pos=array([0., 0.]), rgb=UNKNOWN, text='', units='height', win=Window(...), wrapWidth=1)
12.9439 	EXP 	Created probe_instr_text = TextStim(__class__=<class 'psychopy.visual.text.TextStim'>, alignHoriz=method-wrapper(...), alignText='center', alignVert=method-wrapper(...), anchorHoriz='center', anchorVert='center', antialias=True, autoDraw=False, autoLog=True, bold=False, color=array([1., 1., 1.]), colorSpace='rgb', contrast=1.0, depth=0.0, draggable=False, flipHoriz=False, flipVert=False, font='Arial', fontFiles=[], height=0.05, italic=False, languageStyle='LTR', name='probe_instr_text', opacity=1, ori=0.0, pos=array([0., 0.]), rgb=UNKNOWN, text='Add probe instr\n\nSpace to qui', units='height', win=Window(...), wrapWidth=1)
12.9461 	EXP 	Created probe_cue_1 = ImageStim(__class__=<class 'psychopy.visual.image.ImageStim'>, anchor=('center', 'center'), autoLog=True, color=array([1., 1., 1.]), colorSpace='rgb', contrast=1.0, depth=0.0, draggable=False, flipHoriz=False, flipVert=False, image='default.png', interpolate=True, mask=None, maskParams=None, name='probe_cue_1', opacity=1, ori=0.0, pos=array([0., 0.]), size=array([0.5, 0.5]), texRes=128.0, units='height', win=Window(...))
12.9466 	EXP 	Created imagination_woot = TextStim(__class__=<class 'psychopy.visual.text.TextStim'>, alignHoriz=method-wrapper(...), alignText='center', alignVert=method-wrapper(...), anchorHoriz='center', anchorVert='center', antialias=True, autoDraw=False, autoLog=True, bold=False, color=array([1., 1., 1.]), colorSpace='rgb', contrast=1.0, depth=-1.0, draggable=False, flipHoriz=False, flipVert=False, font='Arial', fontFiles=[], height=0.05, italic=False, languageStyle='LTR', name='imagination_woot', opacity=1, ori=0.0, pos=array([0., 0.]), rgb=UNKNOWN, text='', units='height', win=Window(...), wrapWidth=1)
12.9488 	EXP 	Created prob_test_img = ImageStim(__class__=<class 'psychopy.visual.image.ImageStim'>, anchor=('center', 'center'), autoLog=True, color=array([1., 1., 1.]), colorSpace='rgb', contrast=1.0, depth=0.0, draggable=False, flipHoriz=False, flipVert=False, image='default.png', interpolate=True, mask=None, maskParams=None, name='prob_test_img', opacity=1, ori=0.0, pos=array([0., 0.]), size=array([0.5, 0.5]), texRes=128.0, units='height', win=Window(...))
0.0089 	INFO 	Keyboard events cleared
0.0087 	EXP 	instructions_main: autoDraw = True
0.8793 	EXP 	New trial (rep=0, index=0): <Trial 0 (0 in rep 0) data={'thisN': 0, 'thisTrialN': 0, 'thisRepN': 0}>
0.8806 	DATA 	Keypress: space
0.8821 	INFO 	Keyboard events cleared
0.8819 	EXP 	instructions_main: autoDraw = False
0.8819 	EXP 	text: autoDraw = True
1.6025 	DEBUG 	Read csv file with pandas: conditions_learning/learning_conditions_1.csv
1.6030 	DEBUG 	Clearing unnamed columns from conditions_learning/learning_conditions_1.csv
1.6032 	EXP 	Imported conditions_learning/learning_conditions_1.csv as conditions, 9 conditions, 3 params
1.6034 	EXP 	New trial (rep=0, index=0): <Trial 0 (0 in rep 0) data={'pair_name': 'C_D', 'stim1_img': 'stimuli/banana.png', 'stim2_img': 'stimuli/face.png', 'thisN': 0, 'thisTrialN': 0, 'thisRepN': 0}>
1.6042 	DATA 	Keypress: space
1.6066 	EXP 	text: autoDraw = False
1.6066 	EXP 	fix_learn_cross: autoDraw = True
2.1612 	EXP 	fix_learn_cross: autoDraw = False
2.1612 	EXP 	fix_learn_cross: autoDraw = False
2.1612 	EXP 	first_of_pair: image = 'stimuli/banana.png'
2.1612 	EXP 	first_of_pair: autoDraw = True
3.4123 	EXP 	first_of_pair: autoDraw = False
3.4123 	EXP 	break_random: text = ''
3.4123 	EXP 	break_random: autoDraw = True
4.8706 	EXP 	break_random: autoDraw = False
4.8706 	EXP 	break_random: autoDraw = False
4.8706 	EXP 	second_of_pair: image = 'stimuli/face.png'
4.8706 	EXP 	second_of_pair: autoDraw = True
5.8639 	EXP 	second_of_pair: autoDraw = False
5.8639 	EXP 	second_of_pair: autoDraw = False
5.8639 	EXP 	five_s_break: autoDraw = True
10.8523 	EXP 	New trial (rep=0, index=1): <Trial 1 (1 in rep 0) data={'pair_name': 'B_C', 'stim1_img': 'stimuli/zebra.png', 'stim2_img': 'stimuli/banana.png', 'thisN': 1, 'thisTrialN': 1, 'thisRepN': 0}>
10.8578 	EXP 	five_s_break: autoDraw = False
10.8578 	EXP 	five_s_break: autoDraw = False
10.8578 	EXP 	fix_learn_cross: autoDraw = True
11.1617 	EXP 	fix_learn_cross: autoDraw = False
11.1617 	EXP 	fix_learn_cross: autoDraw = False
11.1617 	EXP 	first_of_pair: image = 'stimuli/zebra.png'
11.1617 	EXP 	first_of_pair: autoDraw = True
12.6564 	EXP 	first_of_pair: autoDraw = False
12.6564 	EXP 	first_of_pair: autoDraw = False
12.6564 	EXP 	break_random: text = ''
12.6564 	EXP 	break_random: autoDraw = True
15.1637 	EXP 	break_random: autoDraw = False
15.1637 	EXP 	break_random: autoDraw = False
15.1637 	EXP 	second_of_pair: image = 'stimuli/banana.png'
15.1637 	EXP 	second_of_pair: autoDraw = True
15.8998 	EXP 	second_of_pair: autoDraw = False
15.8998 	EXP 	five_s_break: autoDraw = True
16.2420 	DATA 	Keypress: escape
16.3188 	EXP 	learn_probe: status = STOPPED
16.3240 	EXP 	five_s_break: autoDraw = False
16.3256 	EXP 	learn_probe: status = STOPPED
16.3288 	INFO 	saved data to 'C:\\Users\\labmp\\Desktop\\git\\replay_pain\\replay_pilot\\data/116683_learn_probe_2025-06-09_10h41.22.767.csv'
16.3295 	INFO 	saved data to C:\Users\labmp\Desktop\git\replay_pain\replay_pilot\data/116683_learn_probe_2025-06-09_10h41.22.767.psydat
16.4633 	DEBUG 	Saving data for learn_probe ExperimentHandler
