5.8757 	DEBUG 	Fullscreen settings ignored as running in pilot mode.
5.8761 	INFO 	Loaded monitor calibration from ['2025_05_21 13:58']
6.2034 	EXP 	Created window1 = Window(allowGUI=False, allowStencil=False, autoLog=True, backendConf=UNKNOWN, backgroundFit=<method-wrapper '__getattribute__' of attributeSetter object at 0x000001E0E3678AF0>, backgroundImage=<method-wrapper '__getattribute__' of attributeSetter object at 0x000001E0E3678B50>, bitsMode=UNKNOWN, blendMode='avg', bpc=(8, 8, 8), color=array([0, 0, 0]), colorSpace='rgb', depthBits=8, fullscr=False, gamma=None, gammaErrorPolicy='raise', infoMsg=UNKNOWN, lms=UNKNOWN, monitor=<psychopy.monitors.calibTools.Monitor object at 0x000001E0E44D3520>, multiSample=False, name='window1', numSamples=2, pos=[560.0, 240.0], screen=0, size=array([800, 600]), stencilBits=0, stereo=False, title='PsychoPy', units='height', useFBO=True, useRetina=False, viewOri=0.0, viewPos=None, viewScale=None, waitBlanking=True, winType='pyglet')
6.2034 	EXP 	window1: backgroundImage = ''
6.2035 	EXP 	window1: backgroundFit = 'none'
6.2071 	DEBUG 	TextBox2 loaded 1 chars with 0 blanks and 1 valid
6.2075 	DEBUG 	TextBox2 loaded 1 chars with 0 blanks and 1 valid
6.2078 	DEBUG 	TextBox2 loaded 1 chars with 0 blanks and 1 valid
6.2083 	DEBUG 	TextBox2 loaded 1 chars with 0 blanks and 1 valid
6.2087 	DEBUG 	TextBox2 loaded 1 chars with 0 blanks and 1 valid
6.2090 	DEBUG 	TextBox2 loaded 1 chars with 0 blanks and 1 valid
6.2093 	DEBUG 	TextBox2 loaded 1 chars with 0 blanks and 1 valid
6.2098 	DEBUG 	TextBox2 loaded 1 chars with 0 blanks and 1 valid
6.2099 	DEBUG 	TextBox2 loaded 1 chars with 0 blanks and 1 valid
6.2101 	DEBUG 	TextBox2 loaded 1 chars with 0 blanks and 1 valid
6.2105 	DEBUG 	TextBox2 loaded 1 chars with 0 blanks and 1 valid
6.2108 	DEBUG 	TextBox2 loaded 1 chars with 0 blanks and 1 valid
6.2112 	DEBUG 	TextBox2 loaded 1 chars with 0 blanks and 1 valid
6.2116 	DEBUG 	TextBox2 loaded 1 chars with 0 blanks and 1 valid
6.2118 	DEBUG 	TextBox2 loaded 1 chars with 0 blanks and 1 valid
6.2123 	DEBUG 	TextBox2 loaded 1 chars with 0 blanks and 1 valid
6.2127 	DEBUG 	TextBox2 loaded 1 chars with 0 blanks and 1 valid
6.2129 	DEBUG 	TextBox2 loaded 1 chars with 0 blanks and 1 valid
6.2131 	DEBUG 	TextBox2 loaded 1 chars with 0 blanks and 1 valid
6.2136 	DEBUG 	TextBox2 loaded 1 chars with 0 blanks and 1 valid
6.2138 	DEBUG 	TextBox2 loaded 1 chars with 0 blanks and 1 valid
6.2140 	DEBUG 	Uploading Texture Font fontname to graphics card
6.2151 	DEBUG 	Upload of Texture Font fontname complete
6.2179 	DEBUG 	TextBox2 loaded 1 chars with 0 blanks and 1 valid
6.2184 	DEBUG 	TextBox2 loaded 1 chars with 0 blanks and 1 valid
6.2188 	DEBUG 	TextBox2 loaded 1 chars with 0 blanks and 1 valid
6.2190 	DEBUG 	Uploading Texture Font fontname to graphics card
6.2194 	DEBUG 	Upload of Texture Font fontname complete
6.2204 	EXP 	window1: Attempting to measure frame rate of screen (0) ...
6.2204 	EXP 	window1: recordFrameIntervals = False
6.2921 	EXP 	window1: recordFrameIntervals = True
6.3689 	EXP 	Screen (0) actual frame rate measured at 143.30Hz
6.3690 	EXP 	window1: recordFrameIntervals = False
6.3731 	DEBUG 	TextBox2 loaded 1 chars with 0 blanks and 1 valid
6.3734 	DEBUG 	TextBox2 loaded 1 chars with 0 blanks and 1 valid
6.3740 	DEBUG 	TextBox2 loaded 1 chars with 0 blanks and 1 valid
6.3746 	DEBUG 	TextBox2 loaded 1 chars with 0 blanks and 1 valid
6.3752 	DEBUG 	TextBox2 loaded 1 chars with 0 blanks and 1 valid
6.3757 	DEBUG 	TextBox2 loaded 1 chars with 0 blanks and 1 valid
6.3760 	DEBUG 	TextBox2 loaded 1 chars with 0 blanks and 1 valid
6.3765 	DEBUG 	TextBox2 loaded 1 chars with 0 blanks and 1 valid
6.3770 	DEBUG 	TextBox2 loaded 1 chars with 0 blanks and 1 valid
6.3775 	DEBUG 	TextBox2 loaded 1 chars with 0 blanks and 1 valid
6.3776 	DEBUG 	Uploading Texture Font fontname to graphics card
6.3780 	DEBUG 	Upload of Texture Font fontname complete
6.3845 	WARNING 	launchHubServer: If using the iohub mouse or eyetracker devices, fullScr should be True.
7.8427 	INFO 	keyboard.Keyboard is using iohub backend.
7.8427 	INFO 	keyboard.Keyboard is using iohub backend.
7.8427 	INFO 	keyboard.Keyboard is using iohub backend.
7.8427 	INFO 	keyboard.Keyboard is using iohub backend.
7.8427 	INFO 	keyboard.Keyboard is using iohub backend.
7.8427 	EXP 	learn_probe: status = STARTED
7.9684 	EXP 	Created instructions_main = TextStim(__class__=<class 'psychopy.visual.text.TextStim'>, alignHoriz=method-wrapper(...), alignText='center', alignVert=method-wrapper(...), anchorHoriz='center', anchorVert='center', antialias=True, autoDraw=False, autoLog=True, bold=False, color=array([1., 1., 1.]), colorSpace='rgb', contrast=1.0, depth=0.0, draggable=False, flipHoriz=False, flipVert=False, font='Arial', fontFiles=[], height=0.05, italic=False, languageStyle='LTR', name='instructions_main', opacity=1, ori=0.0, pos=array([0., 0.]), rgb=UNKNOWN, text='Add instructions here\n\nspace to end', units='height', win=Window(...), wrapWidth=1)
7.9724 	EXP 	Created text = TextStim(__class__=<class 'psychopy.visual.text.TextStim'>, alignHoriz=method-wrapper(...), alignText='center', alignVert=method-wrapper(...), anchorHoriz='center', anchorVert='center', antialias=True, autoDraw=False, autoLog=True, bold=False, color=array([1., 1., 1.]), colorSpace='rgb', contrast=1.0, depth=0.0, draggable=False, flipHoriz=False, flipVert=False, font='Arial', fontFiles=[], height=0.05, italic=False, languageStyle='LTR', name='text', opacity=1, ori=0.0, pos=array([0., 0.]), rgb=UNKNOWN, text=str(...), units='height', win=Window(...), wrapWidth=1)
7.9736 	EXP 	Created fix_learn_cross = TextStim(__class__=<class 'psychopy.visual.text.TextStim'>, alignHoriz=method-wrapper(...), alignText='center', alignVert=method-wrapper(...), anchorHoriz='center', anchorVert='center', antialias=True, autoDraw=False, autoLog=True, bold=False, color=array([1., 1., 1.]), colorSpace='rgb', contrast=1.0, depth=0.0, draggable=False, flipHoriz=False, flipVert=False, font='Arial', fontFiles=[], height=0.05, italic=False, languageStyle='LTR', name='fix_learn_cross', opacity=1, ori=0.0, pos=array([0., 0.]), rgb=UNKNOWN, text='+', units='height', win=Window(...), wrapWidth=1)
7.9767 	EXP 	Created first_of_pair = ImageStim(__class__=<class 'psychopy.visual.image.ImageStim'>, anchor=('center', 'center'), autoLog=True, color=array([1., 1., 1.]), colorSpace='rgb', contrast=1.0, depth=0.0, draggable=False, flipHoriz=False, flipVert=False, image='default.png', interpolate=True, mask=None, maskParams=None, name='first_of_pair', opacity=1, ori=0.0, pos=array([0., 0.]), size=array([0.5, 0.5]), texRes=128.0, units='height', win=Window(...))
7.9772 	EXP 	Created break_random = TextStim(__class__=<class 'psychopy.visual.text.TextStim'>, alignHoriz=method-wrapper(...), alignText='center', alignVert=method-wrapper(...), anchorHoriz='center', anchorVert='center', antialias=True, autoDraw=False, autoLog=True, bold=False, color=array([1., 1., 1.]), colorSpace='rgb', contrast=1.0, depth=-1.0, draggable=False, flipHoriz=False, flipVert=False, font='Arial', fontFiles=[], height=0.05, italic=False, languageStyle='LTR', name='break_random', opacity=1, ori=0.0, pos=array([0., 0.]), rgb=UNKNOWN, text='', units='height', win=Window(...), wrapWidth=1)
7.9794 	EXP 	Created second_of_pair = ImageStim(__class__=<class 'psychopy.visual.image.ImageStim'>, anchor=('center', 'center'), autoLog=True, color=array([1., 1., 1.]), colorSpace='rgb', contrast=1.0, depth=0.0, draggable=False, flipHoriz=False, flipVert=False, image='default.png', interpolate=True, mask=None, maskParams=None, name='second_of_pair', opacity=1, ori=0.0, pos=array([0., 0.]), size=array([0.5, 0.5]), texRes=128.0, units='height', win=Window(...))
7.9798 	EXP 	Created five_s_break = TextStim(__class__=<class 'psychopy.visual.text.TextStim'>, alignHoriz=method-wrapper(...), alignText='center', alignVert=method-wrapper(...), anchorHoriz='center', anchorVert='center', antialias=True, autoDraw=False, autoLog=True, bold=False, color=array([1., 1., 1.]), colorSpace='rgb', contrast=1.0, depth=0.0, draggable=False, flipHoriz=False, flipVert=False, font='Arial', fontFiles=[], height=0.05, italic=False, languageStyle='LTR', name='five_s_break', opacity=1, ori=0.0, pos=array([0., 0.]), rgb=UNKNOWN, text='', units='height', win=Window(...), wrapWidth=1)
7.9819 	EXP 	Created probe_instr_text = TextStim(__class__=<class 'psychopy.visual.text.TextStim'>, alignHoriz=method-wrapper(...), alignText='center', alignVert=method-wrapper(...), anchorHoriz='center', anchorVert='center', antialias=True, autoDraw=False, autoLog=True, bold=False, color=array([1., 1., 1.]), colorSpace='rgb', contrast=1.0, depth=0.0, draggable=False, flipHoriz=False, flipVert=False, font='Arial', fontFiles=[], height=0.05, italic=False, languageStyle='LTR', name='probe_instr_text', opacity=1, ori=0.0, pos=array([0., 0.]), rgb=UNKNOWN, text='Add probe instr\n\nSpace to qui', units='height', win=Window(...), wrapWidth=1)
7.9841 	EXP 	Created probe_cue_1 = ImageStim(__class__=<class 'psychopy.visual.image.ImageStim'>, anchor=('center', 'center'), autoLog=True, color=array([1., 1., 1.]), colorSpace='rgb', contrast=1.0, depth=0.0, draggable=False, flipHoriz=False, flipVert=False, image='default.png', interpolate=True, mask=None, maskParams=None, name='probe_cue_1', opacity=1, ori=0.0, pos=array([0., 0.]), size=array([0.5, 0.5]), texRes=128.0, units='height', win=Window(...))
7.9846 	EXP 	Created imagination_woot = TextStim(__class__=<class 'psychopy.visual.text.TextStim'>, alignHoriz=method-wrapper(...), alignText='center', alignVert=method-wrapper(...), anchorHoriz='center', anchorVert='center', antialias=True, autoDraw=False, autoLog=True, bold=False, color=array([1., 1., 1.]), colorSpace='rgb', contrast=1.0, depth=-1.0, draggable=False, flipHoriz=False, flipVert=False, font='Arial', fontFiles=[], height=0.05, italic=False, languageStyle='LTR', name='imagination_woot', opacity=1, ori=0.0, pos=array([0., 0.]), rgb=UNKNOWN, text='', units='height', win=Window(...), wrapWidth=1)
7.9867 	EXP 	Created prob_test_img = ImageStim(__class__=<class 'psychopy.visual.image.ImageStim'>, anchor=('center', 'center'), autoLog=True, color=array([1., 1., 1.]), colorSpace='rgb', contrast=1.0, depth=0.0, draggable=False, flipHoriz=False, flipVert=False, image='default.png', interpolate=True, mask=None, maskParams=None, name='prob_test_img', opacity=1, ori=0.0, pos=array([0., 0.]), size=array([0.5, 0.5]), texRes=128.0, units='height', win=Window(...))
0.0070 	INFO 	Keyboard events cleared
0.0069 	EXP 	instructions_main: autoDraw = True
1.1426 	EXP 	New trial (rep=0, index=0): <Trial 0 (0 in rep 0) data={'thisN': 0, 'thisTrialN': 0, 'thisRepN': 0}>
1.1445 	DEBUG 	Read csv file with pandas: conditions_learning/learning_conditions_1.csv
1.1451 	DEBUG 	Clearing unnamed columns from conditions_learning/learning_conditions_1.csv
1.1455 	EXP 	Imported conditions_learning/learning_conditions_1.csv as conditions, 9 conditions, 3 params
1.1457 	EXP 	New trial (rep=0, index=0): <Trial 0 (0 in rep 0) data={'pair_name': 'C_D', 'stim1_img': 'stimuli/banana.png', 'stim2_img': 'stimuli/face.png', 'thisN': 0, 'thisTrialN': 0, 'thisRepN': 0}>
1.1467 	DATA 	Keypress: space
1.1526 	INFO 	Keyboard events cleared
1.1525 	EXP 	instructions_main: autoDraw = False
1.1525 	EXP 	text: autoDraw = True
2.3081 	DATA 	Keypress: space
2.3126 	EXP 	text: autoDraw = False
2.3126 	EXP 	fix_learn_cross: autoDraw = True
2.8712 	EXP 	fix_learn_cross: autoDraw = False
2.8712 	EXP 	fix_learn_cross: autoDraw = False
2.8712 	EXP 	first_of_pair: image = 'stimuli/banana.png'
2.8712 	EXP 	first_of_pair: autoDraw = True
4.1185 	EXP 	first_of_pair: autoDraw = False
4.1185 	EXP 	break_random: text = ''
4.1185 	EXP 	break_random: autoDraw = True
6.5977 	EXP 	break_random: autoDraw = False
6.5977 	EXP 	break_random: autoDraw = False
6.5977 	EXP 	second_of_pair: image = 'stimuli/face.png'
6.5977 	EXP 	second_of_pair: autoDraw = True
7.5915 	EXP 	second_of_pair: autoDraw = False
7.5915 	EXP 	five_s_break: autoDraw = True
12.5792 	EXP 	New trial (rep=0, index=1): <Trial 1 (1 in rep 0) data={'pair_name': 'B_C', 'stim1_img': 'stimuli/zebra.png', 'stim2_img': 'stimuli/banana.png', 'thisN': 1, 'thisTrialN': 1, 'thisRepN': 0}>
12.5849 	INFO 	Keyboard events cleared
12.5847 	EXP 	five_s_break: autoDraw = False
12.5847 	EXP 	five_s_break: autoDraw = False
12.5847 	EXP 	text: autoDraw = True
16.6154 	DATA 	Keypress: escape
16.7117 	EXP 	learn_probe: status = STOPPED
16.7172 	EXP 	text: autoDraw = False
16.7183 	EXP 	learn_probe: status = STOPPED
16.7205 	INFO 	saved data to 'C:\\Users\\labmp\\Desktop\\git\\replay_pain\\replay_pilot\\data/322_learn_probe_2025-06-09_10h40.27.364.csv'
16.7209 	INFO 	saved data to C:\Users\labmp\Desktop\git\replay_pain\replay_pilot\data/322_learn_probe_2025-06-09_10h40.27.364.psydat
16.8220 	DEBUG 	Saving data for learn_probe ExperimentHandler
