5.7835 	DEBUG 	Fullscreen settings ignored as running in pilot mode.
5.7842 	INFO 	Loaded monitor calibration from ['2024_05_09 12:12']
6.0521 	EXP 	Created window1 = Window(allowGUI=False, allowStencil=False, autoLog=True, backendConf=UNKNOWN, backgroundFit=<method-wrapper '__getattribute__' of attributeSetter object at 0x000001B455396610>, backgroundImage=<method-wrapper '__getattribute__' of attributeSetter object at 0x000001B4553965B0>, bitsMode=UNKNOWN, blendMode='avg', bpc=(8, 8, 8), color=array([0, 0, 0]), colorSpace='rgb', depthBits=8, fullscr=False, gamma=None, gammaErrorPolicy='raise', infoMsg=UNKNOWN, lms=UNKNOWN, monitor=<psychopy.monitors.calibTools.Monitor object at 0x000001B455413AF0>, multiSample=False, name='window1', numSamples=2, pos=[560.0, 240.0], screen=0, size=array([800, 600]), stencilBits=0, stereo=False, title='PsychoPy', units='height', useFBO=True, useRetina=False, viewOri=0.0, viewPos=None, viewScale=None, waitBlanking=True, winType='pyglet')
6.0521 	EXP 	window1: backgroundImage = ''
6.0522 	EXP 	window1: backgroundFit = 'none'
6.0602 	DEBUG 	TextBox2 loaded 1 chars with 0 blanks and 1 valid
6.0614 	DEBUG 	TextBox2 loaded 1 chars with 0 blanks and 1 valid
6.0627 	DEBUG 	TextBox2 loaded 1 chars with 0 blanks and 1 valid
6.0643 	DEBUG 	TextBox2 loaded 1 chars with 0 blanks and 1 valid
6.0659 	DEBUG 	TextBox2 loaded 1 chars with 0 blanks and 1 valid
6.0669 	DEBUG 	TextBox2 loaded 1 chars with 0 blanks and 1 valid
6.0682 	DEBUG 	TextBox2 loaded 1 chars with 0 blanks and 1 valid
6.0697 	DEBUG 	TextBox2 loaded 1 chars with 0 blanks and 1 valid
6.0707 	DEBUG 	TextBox2 loaded 1 chars with 0 blanks and 1 valid
6.0719 	DEBUG 	TextBox2 loaded 1 chars with 0 blanks and 1 valid
6.0732 	DEBUG 	TextBox2 loaded 1 chars with 0 blanks and 1 valid
6.0744 	DEBUG 	TextBox2 loaded 1 chars with 0 blanks and 1 valid
6.0756 	DEBUG 	TextBox2 loaded 1 chars with 0 blanks and 1 valid
6.0768 	DEBUG 	TextBox2 loaded 1 chars with 0 blanks and 1 valid
6.0779 	DEBUG 	TextBox2 loaded 1 chars with 0 blanks and 1 valid
6.0792 	DEBUG 	TextBox2 loaded 1 chars with 0 blanks and 1 valid
6.0805 	DEBUG 	TextBox2 loaded 1 chars with 0 blanks and 1 valid
6.0814 	DEBUG 	TextBox2 loaded 1 chars with 0 blanks and 1 valid
6.0824 	DEBUG 	TextBox2 loaded 1 chars with 0 blanks and 1 valid
6.0839 	DEBUG 	TextBox2 loaded 1 chars with 0 blanks and 1 valid
6.0848 	DEBUG 	TextBox2 loaded 1 chars with 0 blanks and 1 valid
6.0851 	DEBUG 	Uploading Texture Font fontname to graphics card
6.0878 	DEBUG 	Upload of Texture Font fontname complete
6.0942 	DEBUG 	TextBox2 loaded 1 chars with 0 blanks and 1 valid
6.0958 	DEBUG 	TextBox2 loaded 1 chars with 0 blanks and 1 valid
6.0973 	DEBUG 	TextBox2 loaded 1 chars with 0 blanks and 1 valid
6.0975 	DEBUG 	Uploading Texture Font fontname to graphics card
6.0985 	DEBUG 	Upload of Texture Font fontname complete
6.1003 	EXP 	window1: Attempting to measure frame rate of screen (0) ...
6.1003 	EXP 	window1: recordFrameIntervals = False
6.2723 	EXP 	window1: recordFrameIntervals = True
6.4560 	EXP 	Screen (0) actual frame rate measured at 59.84Hz
6.4560 	EXP 	window1: recordFrameIntervals = False
6.4616 	DEBUG 	TextBox2 loaded 1 chars with 0 blanks and 1 valid
6.4626 	DEBUG 	TextBox2 loaded 1 chars with 0 blanks and 1 valid
6.4640 	DEBUG 	TextBox2 loaded 1 chars with 0 blanks and 1 valid
6.4658 	DEBUG 	TextBox2 loaded 1 chars with 0 blanks and 1 valid
6.4675 	DEBUG 	TextBox2 loaded 1 chars with 0 blanks and 1 valid
6.4691 	DEBUG 	TextBox2 loaded 1 chars with 0 blanks and 1 valid
6.4701 	DEBUG 	TextBox2 loaded 1 chars with 0 blanks and 1 valid
6.4715 	DEBUG 	TextBox2 loaded 1 chars with 0 blanks and 1 valid
6.4731 	DEBUG 	TextBox2 loaded 1 chars with 0 blanks and 1 valid
6.4745 	DEBUG 	TextBox2 loaded 1 chars with 0 blanks and 1 valid
6.4748 	DEBUG 	Uploading Texture Font fontname to graphics card
6.4753 	DEBUG 	Upload of Texture Font fontname complete
6.5477 	WARNING 	launchHubServer: If using the iohub mouse or eyetracker devices, fullScr should be True.
9.0516 	INFO 	keyboard.Keyboard is using iohub backend.
9.0516 	INFO 	keyboard.Keyboard is using iohub backend.
9.0517 	INFO 	keyboard.Keyboard is using iohub backend.
9.0517 	INFO 	keyboard.Keyboard is using iohub backend.
9.0517 	INFO 	keyboard.Keyboard is using iohub backend.
9.0517 	INFO 	keyboard.Keyboard is using iohub backend.
9.0518 	INFO 	keyboard.Keyboard is using iohub backend.
9.0518 	EXP 	cued_mental_stim: status = STARTED
9.0667 	EXP 	Created task_instr_text = TextStim(__class__=<class 'psychopy.visual.text.TextStim'>, alignHoriz=method-wrapper(...), alignText='center', alignVert=method-wrapper(...), anchorHoriz='center', anchorVert='center', antialias=True, autoDraw=False, autoLog=True, bold=False, color=array([1., 1., 1.]), colorSpace='rgb', contrast=1.0, depth=-1.0, draggable=False, flipHoriz=False, flipVert=False, font='Arial', fontFiles=[], height=0.05, italic=False, languageStyle='LTR', name='task_instr_text', opacity=1, ori=0.0, pos=array([0., 0.]), rgb=UNKNOWN, text='', units='height', win=Window(...), wrapWidth=1)
9.1028 	EXP 	Created EEG_start_text = TextStim(__class__=<class 'psychopy.visual.text.TextStim'>, alignHoriz=method-wrapper(...), alignText='center', alignVert=method-wrapper(...), anchorHoriz='center', anchorVert='center', antialias=True, autoDraw=False, autoLog=True, bold=False, color=array([1., 1., 1.]), colorSpace='rgb', contrast=1.0, depth=0.0, draggable=False, flipHoriz=False, flipVert=False, font='Arial', fontFiles=[], height=0.05, italic=False, languageStyle='LTR', name='EEG_start_text', opacity=1, ori=0.0, pos=array([0., 0.]), rgb=UNKNOWN, text='Check EEG recording', units='height', win=Window(...), wrapWidth=1)
9.1070 	EXP 	Created image_load_text = TextStim(__class__=<class 'psychopy.visual.text.TextStim'>, alignHoriz=method-wrapper(...), alignText='center', alignVert=method-wrapper(...), anchorHoriz='center', anchorVert='center', antialias=True, autoDraw=False, autoLog=True, bold=False, color=array([1., 1., 1.]), colorSpace='rgb', contrast=1.0, depth=0.0, draggable=False, flipHoriz=False, flipVert=False, font='Arial', fontFiles=[], height=0.15, italic=False, languageStyle='LTR', name='image_load_text', opacity=1, ori=0.0, pos=array([0., 0.]), rgb=UNKNOWN, text='+', units='height', win=Window(...), wrapWidth=1)
9.1076 	EXP 	Created cue_stim = TextStim(__class__=<class 'psychopy.visual.text.TextStim'>, alignHoriz=method-wrapper(...), alignText='center', alignVert=method-wrapper(...), anchorHoriz='center', anchorVert='center', antialias=True, autoDraw=False, autoLog=True, bold=False, color=array([1., 1., 1.]), colorSpace='rgb', contrast=1.0, depth=-1.0, draggable=False, flipHoriz=False, flipVert=False, font='Arial', fontFiles=[], height=0.05, italic=False, languageStyle='LTR', name='cue_stim', opacity=1, ori=0.0, pos=array([0., 0.]), rgb=UNKNOWN, text='', units='height', win=Window(...), wrapWidth=1)
9.1091 	EXP 	Created fixation_stim = TextStim(__class__=<class 'psychopy.visual.text.TextStim'>, alignHoriz=method-wrapper(...), alignText='center', alignVert=method-wrapper(...), anchorHoriz='center', anchorVert='center', antialias=True, autoDraw=False, autoLog=True, bold=False, color=array([1., 1., 1.]), colorSpace='rgb', contrast=1.0, depth=-2.0, draggable=False, flipHoriz=False, flipVert=False, font='Arial', fontFiles=[], height=0.15, italic=False, languageStyle='LTR', name='fixation_stim', opacity=1, ori=0.0, pos=array([0., 0.]), rgb=UNKNOWN, text='+', units='height', win=Window(...), wrapWidth=1)
9.1142 	EXP 	Created probe_image = ImageStim(__class__=<class 'psychopy.visual.image.ImageStim'>, anchor=('center', 'center'), autoLog=True, color=array([1., 1., 1.]), colorSpace='rgb', contrast=1.0, depth=-3.0, draggable=False, flipHoriz=False, flipVert=False, image='default.png', interpolate=True, mask=None, maskParams=None, name='probe_image', opacity=1, ori=0.0, pos=array([0., 0.]), size=array([0.5, 0.5]), texRes=128.0, units='height', win=Window(...))
9.1324 	DEBUG 	TextBox2 loaded 1 chars with 0 blanks and 1 valid
9.1327 	DEBUG 	Uploading Texture Font fontname to graphics card
9.1331 	DEBUG 	Upload of Texture Font fontname complete
9.1478 	DEBUG 	TextBox2 loaded 1 chars with 0 blanks and 1 valid
9.1481 	DEBUG 	Uploading Texture Font fontname to graphics card
9.1494 	DEBUG 	Upload of Texture Font fontname complete
9.1591 	DEBUG 	TextBox2 loaded 1 chars with 0 blanks and 1 valid
9.1593 	DEBUG 	Uploading Texture Font fontname to graphics card
9.1603 	DEBUG 	Upload of Texture Font fontname complete
9.1865 	EXP 	Created rating_vividness = Slider(__class__=<class 'psychopy.visual.slider.Slider'>, autoDraw=False, autoLog=True, borderColor=None, color=None, colorSpace='rgb', depth=0, fillColor=None, flip=False, font='Open Sans', granularity=0.0, labelColor=None, labelHeight=0.05, labelWrapWidth=None, labels=['Not at all', 'Slightly', 'Moderately', 'Very'], lineColor=None, markerColor=None, name='rating_vividness', opacity=None, ori=0.0, pos=array([ 0. , -0.1]), readOnly=True, self=UNKNOWN, size=array([1. , 0.1]), startValue=None, style='rating', styleTweaks=[], ticks=array([1, 2, 3, 4]), units='height', win=Window(...))
9.1937 	EXP 	Created text_rating_question = TextStim(__class__=<class 'psychopy.visual.text.TextStim'>, alignHoriz=method-wrapper(...), alignText='center', alignVert=method-wrapper(...), anchorHoriz='center', anchorVert='center', antialias=True, autoDraw=False, autoLog=True, bold=False, color=array([1., 1., 1.]), colorSpace='rgb', contrast=1.0, depth=-1.0, draggable=False, flipHoriz=False, flipVert=False, font='Arial', fontFiles=[], height=0.05, italic=False, languageStyle='LTR', name='text_rating_question', opacity=1, ori=0.0, pos=array([0. , 0.2]), rgb=UNKNOWN, text=str(...), units='height', win=Window(...), wrapWidth=1)
9.1946 	EXP 	Created block_break_text = TextStim(__class__=<class 'psychopy.visual.text.TextStim'>, alignHoriz=method-wrapper(...), alignText='center', alignVert=method-wrapper(...), anchorHoriz='center', anchorVert='center', antialias=True, autoDraw=False, autoLog=True, bold=False, color=array([1., 1., 1.]), colorSpace='rgb', contrast=1.0, depth=0.0, draggable=False, flipHoriz=False, flipVert=False, font='Arial', fontFiles=[], height=0.05, italic=False, languageStyle='LTR', name='block_break_text', opacity=1, ori=0.0, pos=array([0., 0.]), rgb=UNKNOWN, text='', units='height', win=Window(...), wrapWidth=1)
9.1981 	EXP 	Created end_text = TextStim(__class__=<class 'psychopy.visual.text.TextStim'>, alignHoriz=method-wrapper(...), alignText='center', alignVert=method-wrapper(...), anchorHoriz='center', anchorVert='center', antialias=True, autoDraw=False, autoLog=True, bold=False, color=array([1., 1., 1.]), colorSpace='rgb', contrast=1.0, depth=0.0, draggable=False, flipHoriz=False, flipVert=False, font='Arial', fontFiles=[], height=0.05, italic=False, languageStyle='LTR', name='end_text', opacity=1, ori=0.0, pos=array([0., 0.]), rgb=UNKNOWN, text='Thank you text ', units='height', win=Window(...), wrapWidth=1)
0.0065 	EXP 	rating_vividness: autoLog = True
0.0065 	EXP 	rating_vividness: styleTweaks = []
0.0065 	EXP 	rating_vividness: styleTweaks = []
0.0065 	EXP 	rating_vividness: styleTweaks = []
0.0065 	EXP 	rating_vividness: styleTweaks = []
0.0065 	EXP 	rating_vividness: contrast = 1.0
0.0065 	EXP 	rating_vividness: markerPos = None
0.0065 	EXP 	rating_vividness: autoLog = True
0.0495 	DEBUG 	Saving data for cued_mental_stim ExperimentHandler
0.0502 	INFO 	saved data to C:\Users\cbant\OneDrive\Bureau\git\replay_pain\replay_pilot\data/sub-005/cued_mental_stim/sub-005_cued_mental_stim_2025-06-16_10h26.33.576.psydat
0.0510 	INFO 	saved data to 'C:\\Users\\cbant\\OneDrive\\Bureau\\git\\replay_pain\\replay_pilot\\data/sub-005/cued_mental_stim/sub-005_cued_mental_stim_2025-06-16_10h26.33.576.csv'
