6.2789 	DEBUG 	Fullscreen settings ignored as running in pilot mode.
6.2796 	INFO 	Loaded monitor calibration from ['2024_05_09 12:12']
6.5567 	EXP 	Created window1 = Window(allowGUI=False, allowStencil=False, autoLog=True, backendConf=UNKNOWN, backgroundFit=<method-wrapper '__getattribute__' of attributeSetter object at 0x000001D0EC6F7580>, backgroundImage=<method-wrapper '__getattribute__' of attributeSetter object at 0x000001D0EC6F7520>, bitsMode=UNKNOWN, blendMode='avg', bpc=(8, 8, 8), color=array([0, 0, 0]), colorSpace='rgb', depthBits=8, fullscr=False, gamma=None, gammaErrorPolicy='raise', infoMsg=UNKNOWN, lms=UNKNOWN, monitor=<psychopy.monitors.calibTools.Monitor object at 0x000001D0EC8EEA60>, multiSample=False, name='window1', numSamples=2, pos=[560.0, 240.0], screen=0, size=array([800, 600]), stencilBits=0, stereo=False, title='PsychoPy', units='height', useFBO=True, useRetina=False, viewOri=0.0, viewPos=None, viewScale=None, waitBlanking=True, winType='pyglet')
6.5568 	EXP 	window1: backgroundImage = ''
6.5568 	EXP 	window1: backgroundFit = 'none'
6.5648 	DEBUG 	TextBox2 loaded 1 chars with 0 blanks and 1 valid
6.5661 	DEBUG 	TextBox2 loaded 1 chars with 0 blanks and 1 valid
6.5674 	DEBUG 	TextBox2 loaded 1 chars with 0 blanks and 1 valid
6.5690 	DEBUG 	TextBox2 loaded 1 chars with 0 blanks and 1 valid
6.5708 	DEBUG 	TextBox2 loaded 1 chars with 0 blanks and 1 valid
6.5718 	DEBUG 	TextBox2 loaded 1 chars with 0 blanks and 1 valid
6.5730 	DEBUG 	TextBox2 loaded 1 chars with 0 blanks and 1 valid
6.5745 	DEBUG 	TextBox2 loaded 1 chars with 0 blanks and 1 valid
6.5753 	DEBUG 	TextBox2 loaded 1 chars with 0 blanks and 1 valid
6.5761 	DEBUG 	TextBox2 loaded 1 chars with 0 blanks and 1 valid
6.5774 	DEBUG 	TextBox2 loaded 1 chars with 0 blanks and 1 valid
6.5786 	DEBUG 	TextBox2 loaded 1 chars with 0 blanks and 1 valid
6.5798 	DEBUG 	TextBox2 loaded 1 chars with 0 blanks and 1 valid
6.5810 	DEBUG 	TextBox2 loaded 1 chars with 0 blanks and 1 valid
6.5822 	DEBUG 	TextBox2 loaded 1 chars with 0 blanks and 1 valid
6.5835 	DEBUG 	TextBox2 loaded 1 chars with 0 blanks and 1 valid
6.5847 	DEBUG 	TextBox2 loaded 1 chars with 0 blanks and 1 valid
6.5858 	DEBUG 	TextBox2 loaded 1 chars with 0 blanks and 1 valid
6.5876 	DEBUG 	TextBox2 loaded 1 chars with 0 blanks and 1 valid
6.5891 	DEBUG 	TextBox2 loaded 1 chars with 0 blanks and 1 valid
6.5900 	DEBUG 	TextBox2 loaded 1 chars with 0 blanks and 1 valid
6.5903 	DEBUG 	Uploading Texture Font fontname to graphics card
6.5924 	DEBUG 	Upload of Texture Font fontname complete
6.5988 	DEBUG 	TextBox2 loaded 1 chars with 0 blanks and 1 valid
6.6003 	DEBUG 	TextBox2 loaded 1 chars with 0 blanks and 1 valid
6.6018 	DEBUG 	TextBox2 loaded 1 chars with 0 blanks and 1 valid
6.6020 	DEBUG 	Uploading Texture Font fontname to graphics card
6.6030 	DEBUG 	Upload of Texture Font fontname complete
6.6048 	EXP 	window1: Attempting to measure frame rate of screen (0) ...
6.6048 	EXP 	window1: recordFrameIntervals = False
6.7713 	EXP 	window1: recordFrameIntervals = True
6.9545 	EXP 	Screen (0) actual frame rate measured at 59.98Hz
6.9545 	EXP 	window1: recordFrameIntervals = False
6.9605 	DEBUG 	TextBox2 loaded 1 chars with 0 blanks and 1 valid
6.9614 	DEBUG 	TextBox2 loaded 1 chars with 0 blanks and 1 valid
6.9628 	DEBUG 	TextBox2 loaded 1 chars with 0 blanks and 1 valid
6.9645 	DEBUG 	TextBox2 loaded 1 chars with 0 blanks and 1 valid
6.9662 	DEBUG 	TextBox2 loaded 1 chars with 0 blanks and 1 valid
6.9677 	DEBUG 	TextBox2 loaded 1 chars with 0 blanks and 1 valid
6.9687 	DEBUG 	TextBox2 loaded 1 chars with 0 blanks and 1 valid
6.9701 	DEBUG 	TextBox2 loaded 1 chars with 0 blanks and 1 valid
6.9717 	DEBUG 	TextBox2 loaded 1 chars with 0 blanks and 1 valid
6.9731 	DEBUG 	TextBox2 loaded 1 chars with 0 blanks and 1 valid
6.9734 	DEBUG 	Uploading Texture Font fontname to graphics card
6.9739 	DEBUG 	Upload of Texture Font fontname complete
7.0467 	WARNING 	launchHubServer: If using the iohub mouse or eyetracker devices, fullScr should be True.
9.5515 	INFO 	keyboard.Keyboard is using iohub backend.
9.5516 	INFO 	keyboard.Keyboard is using iohub backend.
9.5516 	INFO 	keyboard.Keyboard is using iohub backend.
9.5516 	INFO 	keyboard.Keyboard is using iohub backend.
9.5517 	INFO 	keyboard.Keyboard is using iohub backend.
9.5517 	INFO 	keyboard.Keyboard is using iohub backend.
9.5517 	INFO 	keyboard.Keyboard is using iohub backend.
9.5517 	EXP 	cued_mental_stim: status = STARTED
9.5668 	EXP 	Created task_instr_text = TextStim(__class__=<class 'psychopy.visual.text.TextStim'>, alignHoriz=method-wrapper(...), alignText='center', alignVert=method-wrapper(...), anchorHoriz='center', anchorVert='center', antialias=True, autoDraw=False, autoLog=True, bold=False, color=array([1., 1., 1.]), colorSpace='rgb', contrast=1.0, depth=-1.0, draggable=False, flipHoriz=False, flipVert=False, font='Arial', fontFiles=[], height=0.05, italic=False, languageStyle='LTR', name='task_instr_text', opacity=1, ori=0.0, pos=array([0., 0.]), rgb=UNKNOWN, text='', units='height', win=Window(...), wrapWidth=1)
9.6028 	EXP 	Created EEG_start_text = TextStim(__class__=<class 'psychopy.visual.text.TextStim'>, alignHoriz=method-wrapper(...), alignText='center', alignVert=method-wrapper(...), anchorHoriz='center', anchorVert='center', antialias=True, autoDraw=False, autoLog=True, bold=False, color=array([1., 1., 1.]), colorSpace='rgb', contrast=1.0, depth=0.0, draggable=False, flipHoriz=False, flipVert=False, font='Arial', fontFiles=[], height=0.05, italic=False, languageStyle='LTR', name='EEG_start_text', opacity=1, ori=0.0, pos=array([0., 0.]), rgb=UNKNOWN, text='Check EEG recording', units='height', win=Window(...), wrapWidth=1)
9.6070 	EXP 	Created image_load_text = TextStim(__class__=<class 'psychopy.visual.text.TextStim'>, alignHoriz=method-wrapper(...), alignText='center', alignVert=method-wrapper(...), anchorHoriz='center', anchorVert='center', antialias=True, autoDraw=False, autoLog=True, bold=False, color=array([1., 1., 1.]), colorSpace='rgb', contrast=1.0, depth=0.0, draggable=False, flipHoriz=False, flipVert=False, font='Arial', fontFiles=[], height=0.15, italic=False, languageStyle='LTR', name='image_load_text', opacity=1, ori=0.0, pos=array([0., 0.]), rgb=UNKNOWN, text='+', units='height', win=Window(...), wrapWidth=1)
9.6077 	EXP 	Created cue_stim = TextStim(__class__=<class 'psychopy.visual.text.TextStim'>, alignHoriz=method-wrapper(...), alignText='center', alignVert=method-wrapper(...), anchorHoriz='center', anchorVert='center', antialias=True, autoDraw=False, autoLog=True, bold=False, color=array([1., 1., 1.]), colorSpace='rgb', contrast=1.0, depth=-1.0, draggable=False, flipHoriz=False, flipVert=False, font='Arial', fontFiles=[], height=0.05, italic=False, languageStyle='LTR', name='cue_stim', opacity=1, ori=0.0, pos=array([0., 0.]), rgb=UNKNOWN, text='', units='height', win=Window(...), wrapWidth=1)
9.6091 	EXP 	Created fixation_stim = TextStim(__class__=<class 'psychopy.visual.text.TextStim'>, alignHoriz=method-wrapper(...), alignText='center', alignVert=method-wrapper(...), anchorHoriz='center', anchorVert='center', antialias=True, autoDraw=False, autoLog=True, bold=False, color=array([1., 1., 1.]), colorSpace='rgb', contrast=1.0, depth=-2.0, draggable=False, flipHoriz=False, flipVert=False, font='Arial', fontFiles=[], height=0.15, italic=False, languageStyle='LTR', name='fixation_stim', opacity=1, ori=0.0, pos=array([0., 0.]), rgb=UNKNOWN, text='+', units='height', win=Window(...), wrapWidth=1)
9.6149 	EXP 	Created probe_image = ImageStim(__class__=<class 'psychopy.visual.image.ImageStim'>, anchor=('center', 'center'), autoLog=True, color=array([1., 1., 1.]), colorSpace='rgb', contrast=1.0, depth=-3.0, draggable=False, flipHoriz=False, flipVert=False, image='default.png', interpolate=True, mask=None, maskParams=None, name='probe_image', opacity=1, ori=0.0, pos=array([0., 0.]), size=array([0.5, 0.5]), texRes=128.0, units='height', win=Window(...))
9.6324 	DEBUG 	TextBox2 loaded 1 chars with 0 blanks and 1 valid
9.6326 	DEBUG 	Uploading Texture Font fontname to graphics card
9.6331 	DEBUG 	Upload of Texture Font fontname complete
9.6473 	DEBUG 	TextBox2 loaded 1 chars with 0 blanks and 1 valid
9.6476 	DEBUG 	Uploading Texture Font fontname to graphics card
9.6490 	DEBUG 	Upload of Texture Font fontname complete
9.6590 	DEBUG 	TextBox2 loaded 1 chars with 0 blanks and 1 valid
9.6592 	DEBUG 	Uploading Texture Font fontname to graphics card
9.6602 	DEBUG 	Upload of Texture Font fontname complete
9.6864 	EXP 	Created rating_vividness = Slider(__class__=<class 'psychopy.visual.slider.Slider'>, autoDraw=False, autoLog=True, borderColor=None, color=None, colorSpace='rgb', depth=0, fillColor=None, flip=False, font='Open Sans', granularity=0.0, labelColor=None, labelHeight=0.05, labelWrapWidth=None, labels=['Not at all', 'Slightly', 'Moderately', 'Very'], lineColor=None, markerColor=None, name='rating_vividness', opacity=None, ori=0.0, pos=array([ 0. , -0.1]), readOnly=True, self=UNKNOWN, size=array([1. , 0.1]), startValue=None, style='rating', styleTweaks=[], ticks=array([1, 2, 3, 4]), units='height', win=Window(...))
9.6935 	EXP 	Created text_rating_question = TextStim(__class__=<class 'psychopy.visual.text.TextStim'>, alignHoriz=method-wrapper(...), alignText='center', alignVert=method-wrapper(...), anchorHoriz='center', anchorVert='center', antialias=True, autoDraw=False, autoLog=True, bold=False, color=array([1., 1., 1.]), colorSpace='rgb', contrast=1.0, depth=-1.0, draggable=False, flipHoriz=False, flipVert=False, font='Arial', fontFiles=[], height=0.05, italic=False, languageStyle='LTR', name='text_rating_question', opacity=1, ori=0.0, pos=array([0. , 0.2]), rgb=UNKNOWN, text=str(...), units='height', win=Window(...), wrapWidth=1)
9.6943 	EXP 	Created block_break_text = TextStim(__class__=<class 'psychopy.visual.text.TextStim'>, alignHoriz=method-wrapper(...), alignText='center', alignVert=method-wrapper(...), anchorHoriz='center', anchorVert='center', antialias=True, autoDraw=False, autoLog=True, bold=False, color=array([1., 1., 1.]), colorSpace='rgb', contrast=1.0, depth=0.0, draggable=False, flipHoriz=False, flipVert=False, font='Arial', fontFiles=[], height=0.05, italic=False, languageStyle='LTR', name='block_break_text', opacity=1, ori=0.0, pos=array([0., 0.]), rgb=UNKNOWN, text='', units='height', win=Window(...), wrapWidth=1)
9.6977 	EXP 	Created end_text = TextStim(__class__=<class 'psychopy.visual.text.TextStim'>, alignHoriz=method-wrapper(...), alignText='center', alignVert=method-wrapper(...), anchorHoriz='center', anchorVert='center', antialias=True, autoDraw=False, autoLog=True, bold=False, color=array([1., 1., 1.]), colorSpace='rgb', contrast=1.0, depth=0.0, draggable=False, flipHoriz=False, flipVert=False, font='Arial', fontFiles=[], height=0.05, italic=False, languageStyle='LTR', name='end_text', opacity=1, ori=0.0, pos=array([0., 0.]), rgb=UNKNOWN, text='Thank you text ', units='height', win=Window(...), wrapWidth=1)
0.0057 	EXP 	rating_vividness: autoLog = True
0.0057 	EXP 	rating_vividness: styleTweaks = []
0.0057 	EXP 	rating_vividness: styleTweaks = []
0.0057 	EXP 	rating_vividness: styleTweaks = []
0.0057 	EXP 	rating_vividness: styleTweaks = []
0.0057 	EXP 	rating_vividness: contrast = 1.0
0.0057 	EXP 	rating_vividness: markerPos = None
0.0057 	EXP 	rating_vividness: autoLog = True
0.0397 	INFO 	Keyboard events cleared
0.0394 	EXP 	task_instr_text: height = 0.05
0.0394 	EXP 	task_instr_text: height = 0.05
0.0394 	EXP 	task_instr_text: height = 0.05
0.0394 	EXP 	task_instr_text: text = 'Un indice apparaîtra pour vous guider dans la mentalisation de la séquence: si vous voyez "1 - 4", imaginez les images dans cet ordre de 1 à 4 ; si "4 - 1", imaginez-les de 4 à 1. Ensuite, une image sera présenté et vous devrez décider si elle fait partie de la séquence que vous venez de visualiser mentalement : appuyez sur 2 si elle en fait partie, et sur 1 sinon. Après votre réponse, évaluez la vivacité de votre mentalisation sur une échelle de 1 à 5, où 1 signifie "Très peu vive" et 5 "Très vive". Appuyez sur la barre espace pour commencer.'
0.0394 	EXP 	task_instr_text: autoDraw = True
0.5311 	DATA 	Keypress: space
0.5408 	INFO 	Keyboard events cleared
0.5406 	EXP 	task_instr_text: autoDraw = False
0.5406 	EXP 	EEG_start_text: autoDraw = True
0.7966 	DEBUG 	Read csv file with pandas: conditions/p5_mental_sim_conditions.csv
0.7973 	DEBUG 	Clearing unnamed columns from conditions/p5_mental_sim_conditions.csv
0.7996 	EXP 	Imported conditions/p5_mental_sim_conditions.csv as conditions, 96 conditions, 5 params
0.8004 	EXP 	New trial (rep=0, index=0): <Trial 0 (0 in rep 0) data={'block': 3, 'cue_direction': 'backward', 'cue_text': '<- 4', 'probe_image_file': 'stimuli/banana_lure.png', 'correct_response': 1, 'thisN': 0, 'thisTrialN': 0, 'thisRepN': 0}>
0.8006 	EXP 	window1: recordFrameIntervals = False
0.8020 	DATA 	Keypress: space
0.8073 	EXP 	EEG_start_text: autoDraw = False
0.8073 	EXP 	image_load_text: autoDraw = True
0.8246 	EXP 	window1: recordFrameIntervals = False
1.0897 	EXP 	cue_stim: height = 0.05
1.0897 	EXP 	cue_stim: height = 0.05
1.0897 	EXP 	cue_stim: height = 0.05
1.0897 	EXP 	cue_stim: text = '<- 4'
1.0897 	EXP 	probe_image: image = 'stimuli/banana_lure.png'
1.1072 	EXP 	image_load_text: autoDraw = False
1.1072 	EXP 	image_load_text: autoDraw = False
1.1072 	EXP 	cue_stim: autoDraw = True
3.1073 	EXP 	cue_stim: autoDraw = False
3.1073 	EXP 	fixation_stim: autoDraw = True
13.1069 	EXP 	fixation_stim: autoDraw = False
13.1069 	EXP 	probe_image: autoDraw = True
14.7903 	INFO 	Keyboard events cleared
15.1066 	EXP 	probe_image: autoDraw = False
22.1596 	DATA 	Keypress: space
22.6261 	DATA 	Keypress: space
22.9102 	DATA 	Keypress: space
23.1097 	DATA 	Keypress: space
23.4370 	DATA 	Keypress: 1
23.4559 	INFO 	Keyboard events cleared
23.4557 	EXP 	cue_stim: autoDraw = False
23.4557 	EXP 	fixation_stim: autoDraw = False
23.4557 	EXP 	probe_image: autoDraw = False
23.4557 	EXP 	rating_vividness: markerPos = None
23.4557 	EXP 	rating_vividness: markerPos = None
23.4557 	EXP 	rating_vividness: autoDraw = True
23.4557 	EXP 	text_rating_question: autoDraw = True
24.0830 	DATA 	Keypress: escape
24.1423 	EXP 	cued_mental_stim: status = STOPPED
24.1565 	EXP 	rating_vividness: autoDraw = False
24.1565 	EXP 	text_rating_question: autoDraw = False
24.1588 	EXP 	cued_mental_stim: status = STOPPED
24.1617 	INFO 	saved data to 'C:\\Users\\cbant\\OneDrive\\Bureau\\git\\replay_pain\\replay_pilot\\data/sub-005/cued_mental_stim/sub-005_cued_mental_stim_2025-06-16_10h28.00.068.csv'
24.1628 	INFO 	saved data to C:\Users\cbant\OneDrive\Bureau\git\replay_pain\replay_pilot\data/sub-005/cued_mental_stim/sub-005_cued_mental_stim_2025-06-16_10h28.00.068.psydat
24.8310 	DEBUG 	Saving data for cued_mental_stim ExperimentHandler
