6.0696 	DEBUG 	Fullscreen settings ignored as running in pilot mode.
6.0703 	INFO 	Loaded monitor calibration from ['2024_05_09 12:12']
6.3373 	EXP 	Created window1 = Window(allowGUI=False, allowStencil=False, autoLog=True, backendConf=UNKNOWN, backgroundFit=<method-wrapper '__getattribute__' of attributeSetter object at 0x000001F0B8F27640>, backgroundImage=<method-wrapper '__getattribute__' of attributeSetter object at 0x000001F0B8F275E0>, bitsMode=UNKNOWN, blendMode='avg', bpc=(8, 8, 8), color=array([0, 0, 0]), colorSpace='rgb', depthBits=8, fullscr=False, gamma=None, gammaErrorPolicy='raise', infoMsg=UNKNOWN, lms=UNKNOWN, monitor=<psychopy.monitors.calibTools.Monitor object at 0x000001F0B8FA3B20>, multiSample=False, name='window1', numSamples=2, pos=[560.0, 240.0], screen=0, size=array([800, 600]), stencilBits=0, stereo=False, title='PsychoPy', units='height', useFBO=True, useRetina=False, viewOri=0.0, viewPos=None, viewScale=None, waitBlanking=True, winType='pyglet')
6.3374 	EXP 	window1: backgroundImage = ''
6.3374 	EXP 	window1: backgroundFit = 'none'
6.3451 	DEBUG 	TextBox2 loaded 1 chars with 0 blanks and 1 valid
6.3464 	DEBUG 	TextBox2 loaded 1 chars with 0 blanks and 1 valid
6.3476 	DEBUG 	TextBox2 loaded 1 chars with 0 blanks and 1 valid
6.3494 	DEBUG 	TextBox2 loaded 1 chars with 0 blanks and 1 valid
6.3510 	DEBUG 	TextBox2 loaded 1 chars with 0 blanks and 1 valid
6.3520 	DEBUG 	TextBox2 loaded 1 chars with 0 blanks and 1 valid
6.3532 	DEBUG 	TextBox2 loaded 1 chars with 0 blanks and 1 valid
6.3548 	DEBUG 	TextBox2 loaded 1 chars with 0 blanks and 1 valid
6.3556 	DEBUG 	TextBox2 loaded 1 chars with 0 blanks and 1 valid
6.3564 	DEBUG 	TextBox2 loaded 1 chars with 0 blanks and 1 valid
6.3577 	DEBUG 	TextBox2 loaded 1 chars with 0 blanks and 1 valid
6.3589 	DEBUG 	TextBox2 loaded 1 chars with 0 blanks and 1 valid
6.3601 	DEBUG 	TextBox2 loaded 1 chars with 0 blanks and 1 valid
6.3613 	DEBUG 	TextBox2 loaded 1 chars with 0 blanks and 1 valid
6.3624 	DEBUG 	TextBox2 loaded 1 chars with 0 blanks and 1 valid
6.3637 	DEBUG 	TextBox2 loaded 1 chars with 0 blanks and 1 valid
6.3649 	DEBUG 	TextBox2 loaded 1 chars with 0 blanks and 1 valid
6.3659 	DEBUG 	TextBox2 loaded 1 chars with 0 blanks and 1 valid
6.3668 	DEBUG 	TextBox2 loaded 1 chars with 0 blanks and 1 valid
6.3683 	DEBUG 	TextBox2 loaded 1 chars with 0 blanks and 1 valid
6.3692 	DEBUG 	TextBox2 loaded 1 chars with 0 blanks and 1 valid
6.3696 	DEBUG 	Uploading Texture Font fontname to graphics card
6.3718 	DEBUG 	Upload of Texture Font fontname complete
6.3784 	DEBUG 	TextBox2 loaded 1 chars with 0 blanks and 1 valid
6.3799 	DEBUG 	TextBox2 loaded 1 chars with 0 blanks and 1 valid
6.3814 	DEBUG 	TextBox2 loaded 1 chars with 0 blanks and 1 valid
6.3817 	DEBUG 	Uploading Texture Font fontname to graphics card
6.3824 	DEBUG 	Upload of Texture Font fontname complete
6.3843 	EXP 	window1: Attempting to measure frame rate of screen (0) ...
6.3843 	EXP 	window1: recordFrameIntervals = False
6.5460 	EXP 	window1: recordFrameIntervals = True
6.7298 	EXP 	Screen (0) actual frame rate measured at 59.90Hz
6.7299 	EXP 	window1: recordFrameIntervals = False
6.7361 	DEBUG 	TextBox2 loaded 1 chars with 0 blanks and 1 valid
6.7372 	DEBUG 	TextBox2 loaded 1 chars with 0 blanks and 1 valid
6.7386 	DEBUG 	TextBox2 loaded 1 chars with 0 blanks and 1 valid
6.7403 	DEBUG 	TextBox2 loaded 1 chars with 0 blanks and 1 valid
6.7420 	DEBUG 	TextBox2 loaded 1 chars with 0 blanks and 1 valid
6.7436 	DEBUG 	TextBox2 loaded 1 chars with 0 blanks and 1 valid
6.7447 	DEBUG 	TextBox2 loaded 1 chars with 0 blanks and 1 valid
6.7462 	DEBUG 	TextBox2 loaded 1 chars with 0 blanks and 1 valid
6.7478 	DEBUG 	TextBox2 loaded 1 chars with 0 blanks and 1 valid
6.7492 	DEBUG 	TextBox2 loaded 1 chars with 0 blanks and 1 valid
6.7496 	DEBUG 	Uploading Texture Font fontname to graphics card
6.7501 	DEBUG 	Upload of Texture Font fontname complete
6.8226 	WARNING 	launchHubServer: If using the iohub mouse or eyetracker devices, fullScr should be True.
9.3267 	INFO 	keyboard.Keyboard is using iohub backend.
9.3268 	INFO 	keyboard.Keyboard is using iohub backend.
9.3268 	INFO 	keyboard.Keyboard is using iohub backend.
9.3268 	INFO 	keyboard.Keyboard is using iohub backend.
9.3269 	INFO 	keyboard.Keyboard is using iohub backend.
9.3269 	INFO 	keyboard.Keyboard is using iohub backend.
9.3269 	INFO 	keyboard.Keyboard is using iohub backend.
9.3269 	EXP 	cued_mental_stim: status = STARTED
9.3420 	EXP 	Created task_instr_text = TextStim(__class__=<class 'psychopy.visual.text.TextStim'>, alignHoriz=method-wrapper(...), alignText='center', alignVert=method-wrapper(...), anchorHoriz='center', anchorVert='center', antialias=True, autoDraw=False, autoLog=True, bold=False, color=array([1., 1., 1.]), colorSpace='rgb', contrast=1.0, depth=-1.0, draggable=False, flipHoriz=False, flipVert=False, font='Arial', fontFiles=[], height=0.05, italic=False, languageStyle='LTR', name='task_instr_text', opacity=1, ori=0.0, pos=array([0., 0.]), rgb=UNKNOWN, text='', units='height', win=Window(...), wrapWidth=1)
9.3775 	EXP 	Created EEG_start_text = TextStim(__class__=<class 'psychopy.visual.text.TextStim'>, alignHoriz=method-wrapper(...), alignText='center', alignVert=method-wrapper(...), anchorHoriz='center', anchorVert='center', antialias=True, autoDraw=False, autoLog=True, bold=False, color=array([1., 1., 1.]), colorSpace='rgb', contrast=1.0, depth=0.0, draggable=False, flipHoriz=False, flipVert=False, font='Arial', fontFiles=[], height=0.05, italic=False, languageStyle='LTR', name='EEG_start_text', opacity=1, ori=0.0, pos=array([0., 0.]), rgb=UNKNOWN, text='Check EEG recording', units='height', win=Window(...), wrapWidth=1)
9.3814 	EXP 	Created image_load_text = TextStim(__class__=<class 'psychopy.visual.text.TextStim'>, alignHoriz=method-wrapper(...), alignText='center', alignVert=method-wrapper(...), anchorHoriz='center', anchorVert='center', antialias=True, autoDraw=False, autoLog=True, bold=False, color=array([1., 1., 1.]), colorSpace='rgb', contrast=1.0, depth=0.0, draggable=False, flipHoriz=False, flipVert=False, font='Arial', fontFiles=[], height=0.15, italic=False, languageStyle='LTR', name='image_load_text', opacity=1, ori=0.0, pos=array([0., 0.]), rgb=UNKNOWN, text='+', units='height', win=Window(...), wrapWidth=1)
9.3821 	EXP 	Created cue_stim = TextStim(__class__=<class 'psychopy.visual.text.TextStim'>, alignHoriz=method-wrapper(...), alignText='center', alignVert=method-wrapper(...), anchorHoriz='center', anchorVert='center', antialias=True, autoDraw=False, autoLog=True, bold=False, color=array([1., 1., 1.]), colorSpace='rgb', contrast=1.0, depth=-1.0, draggable=False, flipHoriz=False, flipVert=False, font='Arial', fontFiles=[], height=0.05, italic=False, languageStyle='LTR', name='cue_stim', opacity=1, ori=0.0, pos=array([0., 0.]), rgb=UNKNOWN, text='', units='height', win=Window(...), wrapWidth=1)
9.3835 	EXP 	Created fixation_stim = TextStim(__class__=<class 'psychopy.visual.text.TextStim'>, alignHoriz=method-wrapper(...), alignText='center', alignVert=method-wrapper(...), anchorHoriz='center', anchorVert='center', antialias=True, autoDraw=False, autoLog=True, bold=False, color=array([1., 1., 1.]), colorSpace='rgb', contrast=1.0, depth=-2.0, draggable=False, flipHoriz=False, flipVert=False, font='Arial', fontFiles=[], height=0.15, italic=False, languageStyle='LTR', name='fixation_stim', opacity=1, ori=0.0, pos=array([0., 0.]), rgb=UNKNOWN, text='+', units='height', win=Window(...), wrapWidth=1)
9.3892 	EXP 	Created probe_image = ImageStim(__class__=<class 'psychopy.visual.image.ImageStim'>, anchor=('center', 'center'), autoLog=True, color=array([1., 1., 1.]), colorSpace='rgb', contrast=1.0, depth=-3.0, draggable=False, flipHoriz=False, flipVert=False, image='default.png', interpolate=True, mask=None, maskParams=None, name='probe_image', opacity=1, ori=0.0, pos=array([0., 0.]), size=array([0.5, 0.5]), texRes=128.0, units='height', win=Window(...))
9.4062 	DEBUG 	TextBox2 loaded 1 chars with 0 blanks and 1 valid
9.4064 	DEBUG 	Uploading Texture Font fontname to graphics card
9.4069 	DEBUG 	Upload of Texture Font fontname complete
9.4208 	DEBUG 	TextBox2 loaded 1 chars with 0 blanks and 1 valid
9.4211 	DEBUG 	Uploading Texture Font fontname to graphics card
9.4226 	DEBUG 	Upload of Texture Font fontname complete
9.4322 	DEBUG 	TextBox2 loaded 1 chars with 0 blanks and 1 valid
9.4324 	DEBUG 	Uploading Texture Font fontname to graphics card
9.4335 	DEBUG 	Upload of Texture Font fontname complete
9.4604 	EXP 	Created rating_vividness = Slider(__class__=<class 'psychopy.visual.slider.Slider'>, autoDraw=False, autoLog=True, borderColor=None, color=None, colorSpace='rgb', depth=0, fillColor=None, flip=False, font='Open Sans', granularity=0.0, labelColor=None, labelHeight=0.05, labelWrapWidth=None, labels=['Not at all', 'Slightly', 'Moderately', 'Very'], lineColor=None, markerColor=None, name='rating_vividness', opacity=None, ori=0.0, pos=array([ 0. , -0.1]), readOnly=True, self=UNKNOWN, size=array([1. , 0.1]), startValue=None, style='rating', styleTweaks=[], ticks=array([1, 2, 3, 4]), units='height', win=Window(...))
9.4686 	EXP 	Created text_rating_question = TextStim(__class__=<class 'psychopy.visual.text.TextStim'>, alignHoriz=method-wrapper(...), alignText='center', alignVert=method-wrapper(...), anchorHoriz='center', anchorVert='center', antialias=True, autoDraw=False, autoLog=True, bold=False, color=array([1., 1., 1.]), colorSpace='rgb', contrast=1.0, depth=-1.0, draggable=False, flipHoriz=False, flipVert=False, font='Arial', fontFiles=[], height=0.05, italic=False, languageStyle='LTR', name='text_rating_question', opacity=1, ori=0.0, pos=array([0. , 0.2]), rgb=UNKNOWN, text=str(...), units='height', win=Window(...), wrapWidth=1)
9.4696 	EXP 	Created block_break_text = TextStim(__class__=<class 'psychopy.visual.text.TextStim'>, alignHoriz=method-wrapper(...), alignText='center', alignVert=method-wrapper(...), anchorHoriz='center', anchorVert='center', antialias=True, autoDraw=False, autoLog=True, bold=False, color=array([1., 1., 1.]), colorSpace='rgb', contrast=1.0, depth=0.0, draggable=False, flipHoriz=False, flipVert=False, font='Arial', fontFiles=[], height=0.05, italic=False, languageStyle='LTR', name='block_break_text', opacity=1, ori=0.0, pos=array([0., 0.]), rgb=UNKNOWN, text='', units='height', win=Window(...), wrapWidth=1)
9.4733 	EXP 	Created end_text = TextStim(__class__=<class 'psychopy.visual.text.TextStim'>, alignHoriz=method-wrapper(...), alignText='center', alignVert=method-wrapper(...), anchorHoriz='center', anchorVert='center', antialias=True, autoDraw=False, autoLog=True, bold=False, color=array([1., 1., 1.]), colorSpace='rgb', contrast=1.0, depth=0.0, draggable=False, flipHoriz=False, flipVert=False, font='Arial', fontFiles=[], height=0.05, italic=False, languageStyle='LTR', name='end_text', opacity=1, ori=0.0, pos=array([0., 0.]), rgb=UNKNOWN, text='Thank you text ', units='height', win=Window(...), wrapWidth=1)
0.0052 	EXP 	rating_vividness: autoLog = True
0.0052 	EXP 	rating_vividness: styleTweaks = []
0.0052 	EXP 	rating_vividness: styleTweaks = []
0.0052 	EXP 	rating_vividness: styleTweaks = []
0.0052 	EXP 	rating_vividness: styleTweaks = []
0.0052 	EXP 	rating_vividness: contrast = 1.0
0.0052 	EXP 	rating_vividness: markerPos = None
0.0052 	EXP 	rating_vividness: autoLog = True
0.0391 	INFO 	Keyboard events cleared
0.0389 	EXP 	task_instr_text: height = 0.05
0.0389 	EXP 	task_instr_text: height = 0.05
0.0389 	EXP 	task_instr_text: height = 0.05
0.0389 	EXP 	task_instr_text: text = 'Un indice apparaîtra pour vous guider dans la mentalisation de la séquence: si vous voyez "1 - 4", imaginez les images dans cet ordre de 1 à 4 ; si "4 - 1", imaginez-les de 4 à 1. Ensuite, une image sera présenté et vous devrez décider si elle fait partie de la séquence que vous venez de visualiser mentalement : appuyez sur 2 si elle en fait partie, et sur 1 sinon. Après votre réponse, évaluez la vivacité de votre mentalisation sur une échelle de 1 à 5, où 1 signifie "Très peu vive" et 5 "Très vive". Appuyez sur la barre espace pour commencer.'
0.0389 	EXP 	task_instr_text: autoDraw = True
4.5474 	DATA 	Keypress: space
4.5569 	INFO 	Keyboard events cleared
4.5566 	EXP 	task_instr_text: autoDraw = False
4.5566 	EXP 	EEG_start_text: autoDraw = True
5.0624 	DEBUG 	Read csv file with pandas: conditions/p5_mental_sim_conditions.csv
5.0631 	DEBUG 	Clearing unnamed columns from conditions/p5_mental_sim_conditions.csv
5.0653 	EXP 	Imported conditions/p5_mental_sim_conditions.csv as conditions, 96 conditions, 5 params
5.0660 	EXP 	New trial (rep=0, index=0): <Trial 0 (0 in rep 0) data={'block': 1, 'cue_direction': 'backward', 'cue_text': '<- 4', 'probe_image_file': 'stimuli/banana_lure.png', 'correct_response': 1, 'thisN': 0, 'thisTrialN': 0, 'thisRepN': 0}>
5.0662 	EXP 	window1: recordFrameIntervals = False
5.0675 	DATA 	Keypress: space
5.0733 	EXP 	EEG_start_text: autoDraw = False
5.0733 	EXP 	image_load_text: autoDraw = True
5.0909 	EXP 	window1: recordFrameIntervals = False
5.3558 	EXP 	cue_stim: height = 0.05
5.3558 	EXP 	cue_stim: height = 0.05
5.3558 	EXP 	cue_stim: height = 0.05
5.3558 	EXP 	cue_stim: text = '<- 4'
5.3558 	EXP 	probe_image: image = 'stimuli/banana_lure.png'
5.3732 	EXP 	image_load_text: autoDraw = False
5.3732 	EXP 	image_load_text: autoDraw = False
5.3732 	EXP 	cue_stim: autoDraw = True
7.3730 	EXP 	cue_stim: autoDraw = False
7.3730 	EXP 	fixation_stim: autoDraw = True
17.3731 	EXP 	fixation_stim: autoDraw = False
19.4894 	INFO 	Keyboard events cleared
19.4891 	EXP 	probe_image: autoDraw = True
21.4893 	EXP 	probe_image: autoDraw = False
35.2531 	DATA 	Keypress: 1
35.2715 	INFO 	Keyboard events cleared
35.2712 	EXP 	cue_stim: autoDraw = False
35.2712 	EXP 	fixation_stim: autoDraw = False
35.2712 	EXP 	probe_image: autoDraw = False
35.2712 	EXP 	rating_vividness: markerPos = None
35.2712 	EXP 	rating_vividness: markerPos = None
35.2712 	EXP 	rating_vividness: autoDraw = True
35.2712 	EXP 	text_rating_question: autoDraw = True
36.0158 	DATA 	Keypress: escape
36.0746 	EXP 	cued_mental_stim: status = STOPPED
36.0890 	EXP 	rating_vividness: autoDraw = False
36.0890 	EXP 	text_rating_question: autoDraw = False
36.0912 	EXP 	cued_mental_stim: status = STOPPED
36.0941 	INFO 	saved data to 'C:\\Users\\cbant\\OneDrive\\Bureau\\git\\replay_pain\\replay_pilot\\data/sub-005/cued_mental_stim/sub-005_cued_mental_stim_2025-06-16_10h23.25.959.csv'
36.0955 	INFO 	saved data to C:\Users\cbant\OneDrive\Bureau\git\replay_pain\replay_pilot\data/sub-005/cued_mental_stim/sub-005_cued_mental_stim_2025-06-16_10h23.25.959.psydat
36.3063 	DEBUG 	Saving data for cued_mental_stim ExperimentHandler
