5.4936 	DEBUG 	Fullscreen settings ignored as running in pilot mode.
5.4943 	INFO 	Loaded monitor calibration from ['2024_05_09 12:12']
5.7759 	EXP 	Created window1 = Window(allowGUI=False, allowStencil=False, autoLog=True, backendConf=UNKNOWN, backgroundFit=<method-wrapper '__getattribute__' of attributeSetter object at 0x0000021279B47640>, backgroundImage=<method-wrapper '__getattribute__' of attributeSetter object at 0x0000021279B475E0>, bitsMode=UNKNOWN, blendMode='avg', bpc=(8, 8, 8), color=array([0, 0, 0]), colorSpace='rgb', depthBits=8, fullscr=False, gamma=None, gammaErrorPolicy='raise', infoMsg=UNKNOWN, lms=UNKNOWN, monitor=<psychopy.monitors.calibTools.Monitor object at 0x0000021279D3EB20>, multiSample=False, name='window1', numSamples=2, pos=[560.0, 240.0], screen=0, size=array([800, 600]), stencilBits=0, stereo=False, title='PsychoPy', units='height', useFBO=True, useRetina=False, viewOri=0.0, viewPos=None, viewScale=None, waitBlanking=True, winType='pyglet')
5.7760 	EXP 	window1: backgroundImage = ''
5.7760 	EXP 	window1: backgroundFit = 'none'
5.7840 	DEBUG 	TextBox2 loaded 1 chars with 0 blanks and 1 valid
5.7853 	DEBUG 	TextBox2 loaded 1 chars with 0 blanks and 1 valid
5.7865 	DEBUG 	TextBox2 loaded 1 chars with 0 blanks and 1 valid
5.7882 	DEBUG 	TextBox2 loaded 1 chars with 0 blanks and 1 valid
5.7898 	DEBUG 	TextBox2 loaded 1 chars with 0 blanks and 1 valid
5.7907 	DEBUG 	TextBox2 loaded 1 chars with 0 blanks and 1 valid
5.7920 	DEBUG 	TextBox2 loaded 1 chars with 0 blanks and 1 valid
5.7935 	DEBUG 	TextBox2 loaded 1 chars with 0 blanks and 1 valid
5.7943 	DEBUG 	TextBox2 loaded 1 chars with 0 blanks and 1 valid
5.7951 	DEBUG 	TextBox2 loaded 1 chars with 0 blanks and 1 valid
5.7964 	DEBUG 	TextBox2 loaded 1 chars with 0 blanks and 1 valid
5.7976 	DEBUG 	TextBox2 loaded 1 chars with 0 blanks and 1 valid
5.7988 	DEBUG 	TextBox2 loaded 1 chars with 0 blanks and 1 valid
5.8000 	DEBUG 	TextBox2 loaded 1 chars with 0 blanks and 1 valid
5.8011 	DEBUG 	TextBox2 loaded 1 chars with 0 blanks and 1 valid
5.8024 	DEBUG 	TextBox2 loaded 1 chars with 0 blanks and 1 valid
5.8036 	DEBUG 	TextBox2 loaded 1 chars with 0 blanks and 1 valid
5.8046 	DEBUG 	TextBox2 loaded 1 chars with 0 blanks and 1 valid
5.8055 	DEBUG 	TextBox2 loaded 1 chars with 0 blanks and 1 valid
5.8070 	DEBUG 	TextBox2 loaded 1 chars with 0 blanks and 1 valid
5.8079 	DEBUG 	TextBox2 loaded 1 chars with 0 blanks and 1 valid
5.8083 	DEBUG 	Uploading Texture Font fontname to graphics card
5.8110 	DEBUG 	Upload of Texture Font fontname complete
5.8174 	DEBUG 	TextBox2 loaded 1 chars with 0 blanks and 1 valid
5.8189 	DEBUG 	TextBox2 loaded 1 chars with 0 blanks and 1 valid
5.8203 	DEBUG 	TextBox2 loaded 1 chars with 0 blanks and 1 valid
5.8205 	DEBUG 	Uploading Texture Font fontname to graphics card
5.8213 	DEBUG 	Upload of Texture Font fontname complete
5.8231 	EXP 	window1: Attempting to measure frame rate of screen (0) ...
5.8231 	EXP 	window1: recordFrameIntervals = False
5.9845 	EXP 	window1: recordFrameIntervals = True
6.1682 	EXP 	Screen (0) actual frame rate measured at 59.94Hz
6.1682 	EXP 	window1: recordFrameIntervals = False
6.1739 	DEBUG 	TextBox2 loaded 1 chars with 0 blanks and 1 valid
6.1749 	DEBUG 	TextBox2 loaded 1 chars with 0 blanks and 1 valid
6.1763 	DEBUG 	TextBox2 loaded 1 chars with 0 blanks and 1 valid
6.1782 	DEBUG 	TextBox2 loaded 1 chars with 0 blanks and 1 valid
6.1799 	DEBUG 	TextBox2 loaded 1 chars with 0 blanks and 1 valid
6.1814 	DEBUG 	TextBox2 loaded 1 chars with 0 blanks and 1 valid
6.1824 	DEBUG 	TextBox2 loaded 1 chars with 0 blanks and 1 valid
6.1838 	DEBUG 	TextBox2 loaded 1 chars with 0 blanks and 1 valid
6.1854 	DEBUG 	TextBox2 loaded 1 chars with 0 blanks and 1 valid
6.1868 	DEBUG 	TextBox2 loaded 1 chars with 0 blanks and 1 valid
6.1871 	DEBUG 	Uploading Texture Font fontname to graphics card
6.1877 	DEBUG 	Upload of Texture Font fontname complete
6.2608 	WARNING 	launchHubServer: If using the iohub mouse or eyetracker devices, fullScr should be True.
8.7653 	INFO 	keyboard.Keyboard is using iohub backend.
8.7654 	INFO 	keyboard.Keyboard is using iohub backend.
8.7654 	INFO 	keyboard.Keyboard is using iohub backend.
8.7654 	INFO 	keyboard.Keyboard is using iohub backend.
8.7655 	INFO 	keyboard.Keyboard is using iohub backend.
8.7655 	INFO 	keyboard.Keyboard is using iohub backend.
8.7655 	INFO 	keyboard.Keyboard is using iohub backend.
8.7655 	EXP 	cued_mental_stim: status = STARTED
8.7810 	EXP 	Created task_instr_text = TextStim(__class__=<class 'psychopy.visual.text.TextStim'>, alignHoriz=method-wrapper(...), alignText='center', alignVert=method-wrapper(...), anchorHoriz='center', anchorVert='center', antialias=True, autoDraw=False, autoLog=True, bold=False, color=array([1., 1., 1.]), colorSpace='rgb', contrast=1.0, depth=-1.0, draggable=False, flipHoriz=False, flipVert=False, font='Arial', fontFiles=[], height=0.05, italic=False, languageStyle='LTR', name='task_instr_text', opacity=1, ori=0.0, pos=array([0., 0.]), rgb=UNKNOWN, text='', units='height', win=Window(...), wrapWidth=1)
8.8169 	EXP 	Created EEG_start_text = TextStim(__class__=<class 'psychopy.visual.text.TextStim'>, alignHoriz=method-wrapper(...), alignText='center', alignVert=method-wrapper(...), anchorHoriz='center', anchorVert='center', antialias=True, autoDraw=False, autoLog=True, bold=False, color=array([1., 1., 1.]), colorSpace='rgb', contrast=1.0, depth=0.0, draggable=False, flipHoriz=False, flipVert=False, font='Arial', fontFiles=[], height=0.05, italic=False, languageStyle='LTR', name='EEG_start_text', opacity=1, ori=0.0, pos=array([0., 0.]), rgb=UNKNOWN, text='Check EEG recording', units='height', win=Window(...), wrapWidth=1)
8.8208 	EXP 	Created image_load_text = TextStim(__class__=<class 'psychopy.visual.text.TextStim'>, alignHoriz=method-wrapper(...), alignText='center', alignVert=method-wrapper(...), anchorHoriz='center', anchorVert='center', antialias=True, autoDraw=False, autoLog=True, bold=False, color=array([1., 1., 1.]), colorSpace='rgb', contrast=1.0, depth=0.0, draggable=False, flipHoriz=False, flipVert=False, font='Arial', fontFiles=[], height=0.15, italic=False, languageStyle='LTR', name='image_load_text', opacity=1, ori=0.0, pos=array([0., 0.]), rgb=UNKNOWN, text='+', units='height', win=Window(...), wrapWidth=1)
8.8215 	EXP 	Created cue_stim = TextStim(__class__=<class 'psychopy.visual.text.TextStim'>, alignHoriz=method-wrapper(...), alignText='center', alignVert=method-wrapper(...), anchorHoriz='center', anchorVert='center', antialias=True, autoDraw=False, autoLog=True, bold=False, color=array([1., 1., 1.]), colorSpace='rgb', contrast=1.0, depth=-1.0, draggable=False, flipHoriz=False, flipVert=False, font='Arial', fontFiles=[], height=0.05, italic=False, languageStyle='LTR', name='cue_stim', opacity=1, ori=0.0, pos=array([0., 0.]), rgb=UNKNOWN, text='', units='height', win=Window(...), wrapWidth=1)
8.8230 	EXP 	Created fixation_stim = TextStim(__class__=<class 'psychopy.visual.text.TextStim'>, alignHoriz=method-wrapper(...), alignText='center', alignVert=method-wrapper(...), anchorHoriz='center', anchorVert='center', antialias=True, autoDraw=False, autoLog=True, bold=False, color=array([1., 1., 1.]), colorSpace='rgb', contrast=1.0, depth=-2.0, draggable=False, flipHoriz=False, flipVert=False, font='Arial', fontFiles=[], height=0.15, italic=False, languageStyle='LTR', name='fixation_stim', opacity=1, ori=0.0, pos=array([0., 0.]), rgb=UNKNOWN, text='+', units='height', win=Window(...), wrapWidth=1)
8.8285 	EXP 	Created probe_image = ImageStim(__class__=<class 'psychopy.visual.image.ImageStim'>, anchor=('center', 'center'), autoLog=True, color=array([1., 1., 1.]), colorSpace='rgb', contrast=1.0, depth=-3.0, draggable=False, flipHoriz=False, flipVert=False, image='default.png', interpolate=True, mask=None, maskParams=None, name='probe_image', opacity=1, ori=0.0, pos=array([0., 0.]), size=array([0.5, 0.5]), texRes=128.0, units='height', win=Window(...))
8.8294 	EXP 	Created resp_instr = TextStim(__class__=<class 'psychopy.visual.text.TextStim'>, alignHoriz=method-wrapper(...), alignText='center', alignVert=method-wrapper(...), anchorHoriz='center', anchorVert='center', antialias=True, autoDraw=False, autoLog=True, bold=False, color=array([1., 1., 1.]), colorSpace='rgb', contrast=1.0, depth=-5.0, draggable=False, flipHoriz=False, flipVert=False, font='Arial', fontFiles=[], height=0.05, italic=False, languageStyle='LTR', name='resp_instr', opacity=1, ori=0.0, pos=array([0., 0.]), rgb=UNKNOWN, text='', units='height', win=Window(...), wrapWidth=1)
8.8475 	DEBUG 	TextBox2 loaded 1 chars with 0 blanks and 1 valid
8.8478 	DEBUG 	Uploading Texture Font fontname to graphics card
8.8482 	DEBUG 	Upload of Texture Font fontname complete
8.8626 	DEBUG 	TextBox2 loaded 1 chars with 0 blanks and 1 valid
8.8629 	DEBUG 	Uploading Texture Font fontname to graphics card
8.8643 	DEBUG 	Upload of Texture Font fontname complete
8.8741 	DEBUG 	TextBox2 loaded 1 chars with 0 blanks and 1 valid
8.8743 	DEBUG 	Uploading Texture Font fontname to graphics card
8.8754 	DEBUG 	Upload of Texture Font fontname complete
8.9019 	EXP 	Created rating_vividness = Slider(__class__=<class 'psychopy.visual.slider.Slider'>, autoDraw=False, autoLog=True, borderColor=None, color=None, colorSpace='rgb', depth=0, fillColor=None, flip=False, font='Open Sans', granularity=0.0, labelColor=None, labelHeight=0.05, labelWrapWidth=None, labels=['Not at all', 'Slightly', 'Moderately', 'Very'], lineColor=None, markerColor=None, name='rating_vividness', opacity=None, ori=0.0, pos=array([ 0. , -0.1]), readOnly=True, self=UNKNOWN, size=array([1. , 0.1]), startValue=None, style='rating', styleTweaks=[], ticks=array([1, 2, 3, 4]), units='height', win=Window(...))
8.9091 	EXP 	Created text_rating_question = TextStim(__class__=<class 'psychopy.visual.text.TextStim'>, alignHoriz=method-wrapper(...), alignText='center', alignVert=method-wrapper(...), anchorHoriz='center', anchorVert='center', antialias=True, autoDraw=False, autoLog=True, bold=False, color=array([1., 1., 1.]), colorSpace='rgb', contrast=1.0, depth=-1.0, draggable=False, flipHoriz=False, flipVert=False, font='Arial', fontFiles=[], height=0.05, italic=False, languageStyle='LTR', name='text_rating_question', opacity=1, ori=0.0, pos=array([0. , 0.2]), rgb=UNKNOWN, text=str(...), units='height', win=Window(...), wrapWidth=1)
8.9100 	EXP 	Created block_break_text = TextStim(__class__=<class 'psychopy.visual.text.TextStim'>, alignHoriz=method-wrapper(...), alignText='center', alignVert=method-wrapper(...), anchorHoriz='center', anchorVert='center', antialias=True, autoDraw=False, autoLog=True, bold=False, color=array([1., 1., 1.]), colorSpace='rgb', contrast=1.0, depth=0.0, draggable=False, flipHoriz=False, flipVert=False, font='Arial', fontFiles=[], height=0.05, italic=False, languageStyle='LTR', name='block_break_text', opacity=1, ori=0.0, pos=array([0., 0.]), rgb=UNKNOWN, text='', units='height', win=Window(...), wrapWidth=1)
8.9135 	EXP 	Created end_text = TextStim(__class__=<class 'psychopy.visual.text.TextStim'>, alignHoriz=method-wrapper(...), alignText='center', alignVert=method-wrapper(...), anchorHoriz='center', anchorVert='center', antialias=True, autoDraw=False, autoLog=True, bold=False, color=array([1., 1., 1.]), colorSpace='rgb', contrast=1.0, depth=0.0, draggable=False, flipHoriz=False, flipVert=False, font='Arial', fontFiles=[], height=0.05, italic=False, languageStyle='LTR', name='end_text', opacity=1, ori=0.0, pos=array([0., 0.]), rgb=UNKNOWN, text='Thank you text ', units='height', win=Window(...), wrapWidth=1)
0.0041 	EXP 	rating_vividness: autoLog = True
0.0041 	EXP 	rating_vividness: styleTweaks = []
0.0041 	EXP 	rating_vividness: styleTweaks = []
0.0041 	EXP 	rating_vividness: styleTweaks = []
0.0041 	EXP 	rating_vividness: styleTweaks = []
0.0041 	EXP 	rating_vividness: contrast = 1.0
0.0041 	EXP 	rating_vividness: markerPos = None
0.0041 	EXP 	rating_vividness: autoLog = True
0.0381 	INFO 	Keyboard events cleared
0.0379 	EXP 	task_instr_text: height = 0.05
0.0379 	EXP 	task_instr_text: height = 0.05
0.0379 	EXP 	task_instr_text: height = 0.05
0.0379 	EXP 	task_instr_text: text = 'Un indice apparaîtra pour vous guider dans la mentalisation de la séquence: si vous voyez "1 - 4", imaginez les images dans cet ordre de 1 à 4 ; si "4 - 1", imaginez-les de 4 à 1. Ensuite, une image sera présenté et vous devrez décider si elle fait partie de la séquence que vous venez de visualiser mentalement : appuyez sur 2 si elle en fait partie, et sur 1 sinon. Après votre réponse, évaluez la vivacité de votre mentalisation sur une échelle de 1 à 5, où 1 signifie "Très peu vive" et 5 "Très vive". Appuyez sur la barre espace pour commencer.'
0.0379 	EXP 	task_instr_text: autoDraw = True
2.7968 	DATA 	Keypress: space
2.8062 	INFO 	Keyboard events cleared
2.8059 	EXP 	task_instr_text: autoDraw = False
2.8059 	EXP 	EEG_start_text: autoDraw = True
3.4447 	DEBUG 	Read csv file with pandas: conditions/p5_mental_sim_conditions.csv
3.4454 	DEBUG 	Clearing unnamed columns from conditions/p5_mental_sim_conditions.csv
3.4477 	EXP 	Imported conditions/p5_mental_sim_conditions.csv as conditions, 96 conditions, 5 params
3.4484 	EXP 	New trial (rep=0, index=0): <Trial 0 (0 in rep 0) data={'block': 1, 'cue_direction': 'forward', 'cue_text': '1 ->', 'probe_image_file': 'stimuli/zèbre.png', 'correct_response': 2, 'thisN': 0, 'thisTrialN': 0, 'thisRepN': 0}>
3.4485 	EXP 	window1: recordFrameIntervals = False
3.4500 	DATA 	Keypress: space
3.4556 	EXP 	EEG_start_text: autoDraw = False
3.4556 	EXP 	image_load_text: autoDraw = True
3.4734 	EXP 	window1: recordFrameIntervals = False
3.7382 	EXP 	cue_stim: height = 0.05
3.7382 	EXP 	cue_stim: height = 0.05
3.7382 	EXP 	cue_stim: height = 0.05
3.7382 	EXP 	cue_stim: text = '1 ->'
3.7382 	EXP 	probe_image: image = 'stimuli/zèbre.png'
3.7556 	EXP 	image_load_text: autoDraw = False
3.7556 	EXP 	image_load_text: autoDraw = False
3.7556 	EXP 	resp_instr: height = 0.05
3.7556 	EXP 	resp_instr: height = 0.05
3.7556 	EXP 	resp_instr: height = 0.05
3.7556 	EXP 	resp_instr: text = 'add instr'
3.7556 	EXP 	cue_stim: autoDraw = True
5.7556 	EXP 	cue_stim: autoDraw = False
5.7556 	EXP 	fixation_stim: autoDraw = True
15.7550 	EXP 	fixation_stim: autoDraw = False
18.4221 	INFO 	Keyboard events cleared
18.4218 	EXP 	probe_image: autoDraw = True
20.4216 	EXP 	probe_image: autoDraw = False
20.4216 	EXP 	resp_instr: autoDraw = True
21.4916 	DATA 	Keypress: escape
21.5410 	EXP 	cued_mental_stim: status = STOPPED
21.5549 	EXP 	resp_instr: autoDraw = False
21.5571 	EXP 	cued_mental_stim: status = STOPPED
21.5600 	INFO 	saved data to 'C:\\Users\\cbant\\OneDrive\\Bureau\\git\\replay_pain\\replay_pilot\\data/sub-005/cued_mental_stim/sub-005_cued_mental_stim_2025-06-16_10h30.34.679.csv'
21.5613 	INFO 	saved data to C:\Users\cbant\OneDrive\Bureau\git\replay_pain\replay_pilot\data/sub-005/cued_mental_stim/sub-005_cued_mental_stim_2025-06-16_10h30.34.679.psydat
21.8060 	DEBUG 	Saving data for cued_mental_stim ExperimentHandler
