2.2952 	WARNING 	Failed to set VLC plugins path. This is only important for MovieStim2 movies (the OpenCV backend)
4.0201 	DEBUG 	Fullscreen settings ignored as running in pilot mode.
4.0212 	INFO 	Loaded monitor calibration from ['2023_05_19 22:50']
4.1330 	EXP 	Created window1 = Window(allowGUI=False, allowStencil=False, autoLog=True, backendConf=UNKNOWN, backgroundFit=<method-wrapper '__getattribute__' of attributeSetter object at 0x0000010B8E8DFDF0>, backgroundImage=<method-wrapper '__getattribute__' of attributeSetter object at 0x0000010B8E8DFD90>, bitsMode=UNKNOWN, blendMode='avg', bpc=(8, 8, 8), color=array([0, 0, 0]), colorSpace='rgb', depthBits=8, fullscr=False, gamma=None, gammaErrorPolicy='raise', infoMsg=UNKNOWN, lms=UNKNOWN, monitor=<psychopy.monitors.calibTools.Monitor object at 0x0000010B91EF29D0>, multiSample=False, name='window1', numSamples=2, pos=[560.0, 240.0], screen=0, size=array([800, 600]), stencilBits=0, stereo=False, title='PsychoPy', units='height', useFBO=True, useRetina=False, viewOri=0.0, viewPos=None, viewScale=None, waitBlanking=True, winType='pyglet')
4.1330 	EXP 	window1: backgroundImage = ''
4.1331 	EXP 	window1: backgroundFit = 'none'
4.1375 	DEBUG 	TextBox2 loaded 1 chars with 0 blanks and 1 valid
4.1382 	DEBUG 	TextBox2 loaded 1 chars with 0 blanks and 1 valid
4.1388 	DEBUG 	TextBox2 loaded 1 chars with 0 blanks and 1 valid
4.1396 	DEBUG 	TextBox2 loaded 1 chars with 0 blanks and 1 valid
4.1404 	DEBUG 	TextBox2 loaded 1 chars with 0 blanks and 1 valid
4.1409 	DEBUG 	TextBox2 loaded 1 chars with 0 blanks and 1 valid
4.1415 	DEBUG 	TextBox2 loaded 1 chars with 0 blanks and 1 valid
4.1423 	DEBUG 	TextBox2 loaded 1 chars with 0 blanks and 1 valid
4.1427 	DEBUG 	TextBox2 loaded 1 chars with 0 blanks and 1 valid
4.1432 	DEBUG 	TextBox2 loaded 1 chars with 0 blanks and 1 valid
4.1439 	DEBUG 	TextBox2 loaded 1 chars with 0 blanks and 1 valid
4.1449 	DEBUG 	TextBox2 loaded 1 chars with 0 blanks and 1 valid
4.1457 	DEBUG 	TextBox2 loaded 1 chars with 0 blanks and 1 valid
4.1463 	DEBUG 	TextBox2 loaded 1 chars with 0 blanks and 1 valid
4.1469 	DEBUG 	TextBox2 loaded 1 chars with 0 blanks and 1 valid
4.1477 	DEBUG 	TextBox2 loaded 1 chars with 0 blanks and 1 valid
4.1484 	DEBUG 	TextBox2 loaded 1 chars with 0 blanks and 1 valid
4.1490 	DEBUG 	TextBox2 loaded 1 chars with 0 blanks and 1 valid
4.1496 	DEBUG 	TextBox2 loaded 1 chars with 0 blanks and 1 valid
4.1504 	DEBUG 	TextBox2 loaded 1 chars with 0 blanks and 1 valid
4.1509 	DEBUG 	TextBox2 loaded 1 chars with 0 blanks and 1 valid
4.1512 	DEBUG 	Uploading Texture Font fontname to graphics card
4.1539 	DEBUG 	Upload of Texture Font fontname complete
4.1582 	DEBUG 	TextBox2 loaded 1 chars with 0 blanks and 1 valid
4.1591 	DEBUG 	TextBox2 loaded 1 chars with 0 blanks and 1 valid
4.1599 	DEBUG 	TextBox2 loaded 1 chars with 0 blanks and 1 valid
4.1601 	DEBUG 	Uploading Texture Font fontname to graphics card
4.1609 	DEBUG 	Upload of Texture Font fontname complete
4.1621 	EXP 	window1: Attempting to measure frame rate of screen (0) ...
4.1621 	EXP 	window1: recordFrameIntervals = False
4.3292 	EXP 	window1: recordFrameIntervals = True
4.5133 	EXP 	Screen (0) actual frame rate measured at 59.78Hz
4.5134 	EXP 	window1: recordFrameIntervals = False
4.5204 	DEBUG 	TextBox2 loaded 1 chars with 0 blanks and 1 valid
4.5210 	DEBUG 	TextBox2 loaded 1 chars with 0 blanks and 1 valid
4.5217 	DEBUG 	TextBox2 loaded 1 chars with 0 blanks and 1 valid
4.5226 	DEBUG 	TextBox2 loaded 1 chars with 0 blanks and 1 valid
4.5234 	DEBUG 	TextBox2 loaded 1 chars with 0 blanks and 1 valid
4.5242 	DEBUG 	TextBox2 loaded 1 chars with 0 blanks and 1 valid
4.5247 	DEBUG 	TextBox2 loaded 1 chars with 0 blanks and 1 valid
4.5254 	DEBUG 	TextBox2 loaded 1 chars with 0 blanks and 1 valid
4.5263 	DEBUG 	TextBox2 loaded 1 chars with 0 blanks and 1 valid
4.5270 	DEBUG 	TextBox2 loaded 1 chars with 0 blanks and 1 valid
4.5272 	DEBUG 	Uploading Texture Font fontname to graphics card
4.5277 	DEBUG 	Upload of Texture Font fontname complete
4.5410 	WARNING 	launchHubServer: If using the iohub mouse or eyetracker devices, fullScr should be True.
6.0960 	INFO 	keyboard.Keyboard is using iohub backend.
6.0960 	INFO 	keyboard.Keyboard is using iohub backend.
6.0960 	INFO 	keyboard.Keyboard is using iohub backend.
6.0961 	INFO 	keyboard.Keyboard is using iohub backend.
6.0961 	INFO 	keyboard.Keyboard is using iohub backend.
6.0961 	INFO 	keyboard.Keyboard is using iohub backend.
6.0961 	EXP 	cued_mental_stim: status = STARTED
6.1084 	EXP 	Created task_instr_text = TextStim(__class__=<class 'psychopy.visual.text.TextStim'>, alignHoriz=method-wrapper(...), alignText='center', alignVert=method-wrapper(...), anchorHoriz='center', anchorVert='center', antialias=True, autoDraw=False, autoLog=True, bold=False, color=array([1., 1., 1.]), colorSpace='rgb', contrast=1.0, depth=-1.0, draggable=False, flipHoriz=False, flipVert=False, font='Arial', fontFiles=[], height=0.05, italic=False, languageStyle='LTR', name='task_instr_text', opacity=1, ori=0.0, pos=array([0., 0.]), rgb=UNKNOWN, text='', units='height', win=Window(...), wrapWidth=1)
6.1093 	EXP 	Created cue_stim = TextStim(__class__=<class 'psychopy.visual.text.TextStim'>, alignHoriz=method-wrapper(...), alignText='center', alignVert=method-wrapper(...), anchorHoriz='center', anchorVert='center', antialias=True, autoDraw=False, autoLog=True, bold=False, color=array([1., 1., 1.]), colorSpace='rgb', contrast=1.0, depth=0.0, draggable=False, flipHoriz=False, flipVert=False, font='Arial', fontFiles=[], height=0.05, italic=False, languageStyle='LTR', name='cue_stim', opacity=1, ori=0.0, pos=array([0., 0.]), rgb=UNKNOWN, text='', units='height', win=Window(...), wrapWidth=1)
6.1292 	EXP 	Created fixation_stim = TextStim(__class__=<class 'psychopy.visual.text.TextStim'>, alignHoriz=method-wrapper(...), alignText='center', alignVert=method-wrapper(...), anchorHoriz='center', anchorVert='center', antialias=True, autoDraw=False, autoLog=True, bold=False, color=array([1., 1., 1.]), colorSpace='rgb', contrast=1.0, depth=-1.0, draggable=False, flipHoriz=False, flipVert=False, font='Arial', fontFiles=[], height=0.05, italic=False, languageStyle='LTR', name='fixation_stim', opacity=1, ori=0.0, pos=array([0., 0.]), rgb=UNKNOWN, text='+', units='height', win=Window(...), wrapWidth=1)
6.1349 	EXP 	Created probe_image = ImageStim(__class__=<class 'psychopy.visual.image.ImageStim'>, anchor=('center', 'center'), autoLog=True, color=array([1., 1., 1.]), colorSpace='rgb', contrast=1.0, depth=-2.0, draggable=False, flipHoriz=False, flipVert=False, image='default.png', interpolate=True, mask=None, maskParams=None, name='probe_image', opacity=1, ori=0.0, pos=array([0., 0.]), size=array([0.5, 0.5]), texRes=128.0, units='height', win=Window(...))
6.1455 	DEBUG 	TextBox2 loaded 1 chars with 0 blanks and 1 valid
6.1457 	DEBUG 	Uploading Texture Font fontname to graphics card
6.1461 	DEBUG 	Upload of Texture Font fontname complete
6.1541 	DEBUG 	TextBox2 loaded 1 chars with 0 blanks and 1 valid
6.1543 	DEBUG 	Uploading Texture Font fontname to graphics card
6.1554 	DEBUG 	Upload of Texture Font fontname complete
6.1608 	DEBUG 	TextBox2 loaded 1 chars with 0 blanks and 1 valid
6.1609 	DEBUG 	Uploading Texture Font fontname to graphics card
6.1623 	DEBUG 	Upload of Texture Font fontname complete
6.1773 	EXP 	Created rating_vividness = Slider(__class__=<class 'psychopy.visual.slider.Slider'>, autoDraw=False, autoLog=True, borderColor=None, color=None, colorSpace='rgb', depth=0, fillColor=None, flip=False, font='Open Sans', granularity=0.0, labelColor=None, labelHeight=0.05, labelWrapWidth=None, labels=['Not at all', 'Slightly', 'Moderately', 'Very'], lineColor=None, markerColor=None, name='rating_vividness', opacity=None, ori=0.0, pos=array([ 0. , -0.1]), readOnly=True, self=UNKNOWN, size=array([1. , 0.1]), startValue=None, style='rating', styleTweaks=[], ticks=array([1, 2, 3, 4]), units='height', win=Window(...))
6.1845 	EXP 	Created text_rating_question = TextStim(__class__=<class 'psychopy.visual.text.TextStim'>, alignHoriz=method-wrapper(...), alignText='center', alignVert=method-wrapper(...), anchorHoriz='center', anchorVert='center', antialias=True, autoDraw=False, autoLog=True, bold=False, color=array([1., 1., 1.]), colorSpace='rgb', contrast=1.0, depth=-1.0, draggable=False, flipHoriz=False, flipVert=False, font='Arial', fontFiles=[], height=0.05, italic=False, languageStyle='LTR', name='text_rating_question', opacity=1, ori=0.0, pos=array([0. , 0.2]), rgb=UNKNOWN, text='How vivid was your mental simulation?', units='height', win=Window(...), wrapWidth=1)
6.1851 	EXP 	Created block_break_text = TextStim(__class__=<class 'psychopy.visual.text.TextStim'>, alignHoriz=method-wrapper(...), alignText='center', alignVert=method-wrapper(...), anchorHoriz='center', anchorVert='center', antialias=True, autoDraw=False, autoLog=True, bold=False, color=array([1., 1., 1.]), colorSpace='rgb', contrast=1.0, depth=0.0, draggable=False, flipHoriz=False, flipVert=False, font='Arial', fontFiles=[], height=0.05, italic=False, languageStyle='LTR', name='block_break_text', opacity=1, ori=0.0, pos=array([0., 0.]), rgb=UNKNOWN, text='', units='height', win=Window(...), wrapWidth=1)
6.1876 	EXP 	Created end_text = TextStim(__class__=<class 'psychopy.visual.text.TextStim'>, alignHoriz=method-wrapper(...), alignText='center', alignVert=method-wrapper(...), anchorHoriz='center', anchorVert='center', antialias=True, autoDraw=False, autoLog=True, bold=False, color=array([1., 1., 1.]), colorSpace='rgb', contrast=1.0, depth=0.0, draggable=False, flipHoriz=False, flipVert=False, font='Arial', fontFiles=[], height=0.05, italic=False, languageStyle='LTR', name='end_text', opacity=1, ori=0.0, pos=array([0., 0.]), rgb=UNKNOWN, text='Thank you text ', units='height', win=Window(...), wrapWidth=1)
0.0082 	EXP 	rating_vividness: autoLog = True
0.0082 	EXP 	rating_vividness: styleTweaks = []
0.0082 	EXP 	rating_vividness: styleTweaks = []
0.0082 	EXP 	rating_vividness: styleTweaks = []
0.0082 	EXP 	rating_vividness: styleTweaks = []
0.0082 	EXP 	rating_vividness: contrast = 1.0
0.0082 	EXP 	rating_vividness: markerPos = None
0.0082 	EXP 	rating_vividness: autoLog = True
0.0413 	INFO 	Keyboard events cleared
0.0411 	EXP 	task_instr_text: height = 0.05
0.0411 	EXP 	task_instr_text: height = 0.05
0.0411 	EXP 	task_instr_text: height = 0.05
0.0411 	EXP 	task_instr_text: text = 'Un indice apparaîtra pour vous guider dans la mentalisation de la séquence: si vous voyez "1 - 4", imaginez les images dans cet ordre de 1 à 4 ; si "4 - 1", imaginez-les de 4 à 1. Ensuite, une image sera présenté et vous devrez décider si elle fait partie de la séquence que vous venez de visualiser mentalement : appuyez sur 2 si elle en fait partie, et sur 1 sinon. Après votre réponse, évaluez la vivacité de votre mentalisation sur une échelle de 1 à 5, où 1 signifie "Très peu vive" et 5 "Très vive". Appuyez sur la barre espace pour commencer.'
0.0411 	EXP 	task_instr_text: autoDraw = True
1.4297 	DEBUG 	Read csv file with pandas: conditions/p3_mental_sim_conditions.csv
1.4305 	DEBUG 	Clearing unnamed columns from conditions/p3_mental_sim_conditions.csv
1.4320 	EXP 	Imported conditions/p3_mental_sim_conditions.csv as conditions, 96 conditions, 5 params
1.4326 	EXP 	New trial (rep=0, index=0): <Trial 0 (0 in rep 0) data={'block': 3, 'cue_direction': 'forward', 'cue_text': '1 ->', 'probe_image': 'stimuli/scissor.png', 'correct_response': 2, 'thisN': 0, 'thisTrialN': 0, 'thisRepN': 0}>
1.4350 	DEPRECATION 	Couldn't make sense of requested image.
1.4761 	DEBUG 	Saving data for cued_mental_stim ExperimentHandler
1.4952 	INFO 	saved data to E:\replay_pilot_eeg\replay_pilot\data/sub-003/cued_mental_stim/sub-003_cued_mental_stim_2025-06-10_11h20.54.788.psydat
1.5133 	INFO 	saved data to 'E:\\replay_pilot_eeg\\replay_pilot\\data/sub-003/cued_mental_stim/sub-003_cued_mental_stim_2025-06-10_11h20.54.788.csv'
